[2024-12-04T10:45:50.056+0000] {local_task_job_runner.py:123} INFO - ::group::Pre task execution logs
[2024-12-04T10:45:50.072+0000] {taskinstance.py:2613} INFO - Dependencies all met for dep_context=non-requeueable deps ti=<TaskInstance: kafka_read.consume_from_topic manual__2024-12-04T10:45:49.035700+00:00 [queued]>
[2024-12-04T10:45:50.080+0000] {taskinstance.py:2613} INFO - Dependencies all met for dep_context=requeueable deps ti=<TaskInstance: kafka_read.consume_from_topic manual__2024-12-04T10:45:49.035700+00:00 [queued]>
[2024-12-04T10:45:50.081+0000] {taskinstance.py:2866} INFO - Starting attempt 1 of 2
[2024-12-04T10:45:50.096+0000] {taskinstance.py:2889} INFO - Executing <Task(ConsumeFromTopicOperator): consume_from_topic> on 2024-12-04 10:45:49.035700+00:00
[2024-12-04T10:45:50.100+0000] {warnings.py:112} WARNING - /home/***/.local/lib/python3.12/site-packages/***/task/task_runner/standard_task_runner.py:70: DeprecationWarning: This process (pid=475) is multi-threaded, use of fork() may lead to deadlocks in the child.
  pid = os.fork()

[2024-12-04T10:45:50.102+0000] {standard_task_runner.py:72} INFO - Started process 476 to run task
[2024-12-04T10:45:50.102+0000] {standard_task_runner.py:104} INFO - Running: ['***', 'tasks', 'run', 'kafka_read', 'consume_from_topic', 'manual__2024-12-04T10:45:49.035700+00:00', '--job-id', '220', '--raw', '--subdir', 'DAGS_FOLDER/dag2_Kafkas3.py', '--cfg-path', '/tmp/tmph57iey97']
[2024-12-04T10:45:50.105+0000] {standard_task_runner.py:105} INFO - Job 220: Subtask consume_from_topic
[2024-12-04T10:45:50.147+0000] {task_command.py:467} INFO - Running <TaskInstance: kafka_read.consume_from_topic manual__2024-12-04T10:45:49.035700+00:00 [running]> on host 31ac0cc6adcb
[2024-12-04T10:45:50.244+0000] {taskinstance.py:3132} INFO - Exporting env vars: AIRFLOW_CTX_DAG_OWNER='***' AIRFLOW_CTX_DAG_ID='kafka_read' AIRFLOW_CTX_TASK_ID='consume_from_topic' AIRFLOW_CTX_EXECUTION_DATE='2024-12-04T10:45:49.035700+00:00' AIRFLOW_CTX_TRY_NUMBER='1' AIRFLOW_CTX_DAG_RUN_ID='manual__2024-12-04T10:45:49.035700+00:00'
[2024-12-04T10:45:50.246+0000] {taskinstance.py:731} INFO - ::endgroup::
[2024-12-04T10:45:50.271+0000] {base.py:84} INFO - Retrieving connection 'consume_kafka'
[2024-12-04T10:46:05.280+0000] {local_task_job_runner.py:346} WARNING - State of this instance has been externally set to failed. Terminating instance.
[2024-12-04T10:46:05.282+0000] {local_task_job_runner.py:245} INFO - ::endgroup::
[2024-12-04T10:46:05.284+0000] {process_utils.py:132} INFO - Sending 15 to group 476. PIDs of all processes in the group: [476]
[2024-12-04T10:46:05.284+0000] {process_utils.py:87} INFO - Sending the signal 15 to group 476
[2024-12-04T10:46:50.277+0000] {taskinstance.py:3093} ERROR - Received SIGTERM. Terminating subprocesses.
[2024-12-04T10:46:50.323+0000] {taskinstance.py:340} INFO - ::group::Post task execution logs
[2024-12-04T10:46:50.335+0000] {process_utils.py:80} INFO - Process psutil.Process(pid=476, status='terminated', exitcode=0, started='10:45:49') (476) terminated with exit code 0
