[2024-12-08T08:56:05.942+0000] {local_task_job_runner.py:123} INFO - ::group::Pre task execution logs
[2024-12-08T08:56:06.046+0000] {taskinstance.py:2613} INFO - Dependencies all met for dep_context=non-requeueable deps ti=<TaskInstance: dag1_producer_mongo.send_to_kafka scheduled__2024-12-07T00:00:00+00:00 [queued]>
[2024-12-08T08:56:06.088+0000] {taskinstance.py:2613} INFO - Dependencies all met for dep_context=requeueable deps ti=<TaskInstance: dag1_producer_mongo.send_to_kafka scheduled__2024-12-07T00:00:00+00:00 [queued]>
[2024-12-08T08:56:06.092+0000] {taskinstance.py:2866} INFO - Starting attempt 1 of 2
[2024-12-08T08:56:06.175+0000] {taskinstance.py:2889} INFO - Executing <Task(PythonOperator): send_to_kafka> on 2024-12-07 00:00:00+00:00
[2024-12-08T08:56:06.188+0000] {warnings.py:112} WARNING - /home/***/.local/lib/python3.12/site-packages/***/task/task_runner/standard_task_runner.py:70: DeprecationWarning: This process (pid=98) is multi-threaded, use of fork() may lead to deadlocks in the child.
  pid = os.fork()

[2024-12-08T08:56:06.192+0000] {standard_task_runner.py:72} INFO - Started process 99 to run task
[2024-12-08T08:56:06.197+0000] {standard_task_runner.py:104} INFO - Running: ['***', 'tasks', 'run', 'dag1_producer_mongo', 'send_to_kafka', 'scheduled__2024-12-07T00:00:00+00:00', '--job-id', '632', '--raw', '--subdir', 'DAGS_FOLDER/dag1_producer_mongo.py', '--cfg-path', '/tmp/tmpp5a9gq0a']
[2024-12-08T08:56:06.206+0000] {standard_task_runner.py:105} INFO - Job 632: Subtask send_to_kafka
[2024-12-08T08:56:06.334+0000] {task_command.py:467} INFO - Running <TaskInstance: dag1_producer_mongo.send_to_kafka scheduled__2024-12-07T00:00:00+00:00 [running]> on host d7d86e3077c3
[2024-12-08T08:56:06.562+0000] {taskinstance.py:3132} INFO - Exporting env vars: AIRFLOW_CTX_DAG_OWNER='***' AIRFLOW_CTX_DAG_ID='dag1_producer_mongo' AIRFLOW_CTX_TASK_ID='send_to_kafka' AIRFLOW_CTX_EXECUTION_DATE='2024-12-07T00:00:00+00:00' AIRFLOW_CTX_TRY_NUMBER='1' AIRFLOW_CTX_DAG_RUN_ID='scheduled__2024-12-07T00:00:00+00:00'
[2024-12-08T08:56:06.565+0000] {taskinstance.py:731} INFO - ::endgroup::
[2024-12-08T08:56:10.188+0000] {dag1_producer_mongo.py:107} INFO - create data.travelagency.avro.receipt1
[2024-12-08T08:57:01.443+0000] {python.py:240} INFO - Done. Returned value was: None
[2024-12-08T08:57:01.902+0000] {taskinstance.py:340} INFO - ::group::Post task execution logs
[2024-12-08T08:57:01.910+0000] {taskinstance.py:352} INFO - Marking task as SUCCESS. dag_id=dag1_producer_mongo, task_id=send_to_kafka, run_id=scheduled__2024-12-07T00:00:00+00:00, execution_date=20241207T000000, start_date=20241208T085606, end_date=20241208T085701
[2024-12-08T08:57:02.069+0000] {local_task_job_runner.py:266} INFO - Task exited with return code 0
[2024-12-08T08:57:02.118+0000] {taskinstance.py:3895} INFO - 0 downstream tasks scheduled from follow-on schedule check
[2024-12-08T08:57:02.121+0000] {local_task_job_runner.py:245} INFO - ::endgroup::
