[2024-12-06T06:25:51.497+0000] {local_task_job_runner.py:123} INFO - ::group::Pre task execution logs
[2024-12-06T06:25:51.519+0000] {taskinstance.py:2613} INFO - Dependencies all met for dep_context=non-requeueable deps ti=<TaskInstance: dag2.consume_from_kafka scheduled__2024-12-05T00:00:00+00:00 [queued]>
[2024-12-06T06:25:51.531+0000] {taskinstance.py:2613} INFO - Dependencies all met for dep_context=requeueable deps ti=<TaskInstance: dag2.consume_from_kafka scheduled__2024-12-05T00:00:00+00:00 [queued]>
[2024-12-06T06:25:51.532+0000] {taskinstance.py:2866} INFO - Starting attempt 1 of 2
[2024-12-06T06:25:51.549+0000] {taskinstance.py:2889} INFO - Executing <Task(PythonOperator): consume_from_kafka> on 2024-12-05 00:00:00+00:00
[2024-12-06T06:25:51.555+0000] {warnings.py:112} WARNING - /home/***/.local/lib/python3.12/site-packages/***/task/task_runner/standard_task_runner.py:70: DeprecationWarning: This process (pid=79) is multi-threaded, use of fork() may lead to deadlocks in the child.
  pid = os.fork()

[2024-12-06T06:25:51.557+0000] {standard_task_runner.py:72} INFO - Started process 80 to run task
[2024-12-06T06:25:51.557+0000] {standard_task_runner.py:104} INFO - Running: ['***', 'tasks', 'run', 'dag2', 'consume_from_kafka', 'scheduled__2024-12-05T00:00:00+00:00', '--job-id', '413', '--raw', '--subdir', 'DAGS_FOLDER/dag2_Kafkas3.py', '--cfg-path', '/tmp/tmpb9j0r2p0']
[2024-12-06T06:25:51.560+0000] {standard_task_runner.py:105} INFO - Job 413: Subtask consume_from_kafka
[2024-12-06T06:25:51.611+0000] {task_command.py:467} INFO - Running <TaskInstance: dag2.consume_from_kafka scheduled__2024-12-05T00:00:00+00:00 [running]> on host bc436253e42c
[2024-12-06T06:25:51.704+0000] {taskinstance.py:3132} INFO - Exporting env vars: AIRFLOW_CTX_DAG_OWNER='***' AIRFLOW_CTX_DAG_ID='dag2' AIRFLOW_CTX_TASK_ID='consume_from_kafka' AIRFLOW_CTX_EXECUTION_DATE='2024-12-05T00:00:00+00:00' AIRFLOW_CTX_TRY_NUMBER='1' AIRFLOW_CTX_DAG_RUN_ID='scheduled__2024-12-05T00:00:00+00:00'
[2024-12-06T06:25:51.706+0000] {taskinstance.py:731} INFO - ::endgroup::
[2024-12-06T06:25:56.758+0000] {logging_mixin.py:190} INFO - No message received
[2024-12-06T06:25:56.762+0000] {python.py:240} INFO - Done. Returned value was: None
[2024-12-06T06:25:56.783+0000] {taskinstance.py:340} INFO - ::group::Post task execution logs
[2024-12-06T06:25:56.784+0000] {taskinstance.py:352} INFO - Marking task as SUCCESS. dag_id=dag2, task_id=consume_from_kafka, run_id=scheduled__2024-12-05T00:00:00+00:00, execution_date=20241205T000000, start_date=20241206T062551, end_date=20241206T062556
[2024-12-06T06:25:56.809+0000] {local_task_job_runner.py:266} INFO - Task exited with return code 0
[2024-12-06T06:25:56.825+0000] {taskinstance.py:3895} INFO - 0 downstream tasks scheduled from follow-on schedule check
[2024-12-06T06:25:56.826+0000] {local_task_job_runner.py:245} INFO - ::endgroup::
