[2024-12-07T21:47:18.241+0000] {local_task_job_runner.py:123} INFO - ::group::Pre task execution logs
[2024-12-07T21:47:18.261+0000] {taskinstance.py:2613} INFO - Dependencies all met for dep_context=non-requeueable deps ti=<TaskInstance: dag2_kafka_s3.consume_from_kafka manual__2024-12-07T21:47:12.708482+00:00 [queued]>
[2024-12-07T21:47:18.273+0000] {taskinstance.py:2613} INFO - Dependencies all met for dep_context=requeueable deps ti=<TaskInstance: dag2_kafka_s3.consume_from_kafka manual__2024-12-07T21:47:12.708482+00:00 [queued]>
[2024-12-07T21:47:18.274+0000] {taskinstance.py:2866} INFO - Starting attempt 1 of 2
[2024-12-07T21:47:18.292+0000] {taskinstance.py:2889} INFO - Executing <Task(PythonOperator): consume_from_kafka> on 2024-12-07 21:47:12.708482+00:00
[2024-12-07T21:47:18.299+0000] {warnings.py:112} WARNING - /home/***/.local/lib/python3.12/site-packages/***/task/task_runner/standard_task_runner.py:70: DeprecationWarning: This process (pid=1140) is multi-threaded, use of fork() may lead to deadlocks in the child.
  pid = os.fork()

[2024-12-07T21:47:18.301+0000] {standard_task_runner.py:72} INFO - Started process 1142 to run task
[2024-12-07T21:47:18.302+0000] {standard_task_runner.py:104} INFO - Running: ['***', 'tasks', 'run', 'dag2_kafka_s3', 'consume_from_kafka', 'manual__2024-12-07T21:47:12.708482+00:00', '--job-id', '611', '--raw', '--subdir', 'DAGS_FOLDER/dag2_kafka_s3.py', '--cfg-path', '/tmp/tmpkla1zl0n']
[2024-12-07T21:47:18.304+0000] {standard_task_runner.py:105} INFO - Job 611: Subtask consume_from_kafka
[2024-12-07T21:47:18.355+0000] {task_command.py:467} INFO - Running <TaskInstance: dag2_kafka_s3.consume_from_kafka manual__2024-12-07T21:47:12.708482+00:00 [running]> on host d7d86e3077c3
[2024-12-07T21:47:18.442+0000] {taskinstance.py:3132} INFO - Exporting env vars: AIRFLOW_CTX_DAG_OWNER='***' AIRFLOW_CTX_DAG_ID='dag2_kafka_s3' AIRFLOW_CTX_TASK_ID='consume_from_kafka' AIRFLOW_CTX_EXECUTION_DATE='2024-12-07T21:47:12.708482+00:00' AIRFLOW_CTX_TRY_NUMBER='1' AIRFLOW_CTX_DAG_RUN_ID='manual__2024-12-07T21:47:12.708482+00:00'
[2024-12-07T21:47:18.444+0000] {taskinstance.py:731} INFO - ::endgroup::
[2024-12-07T21:47:24.463+0000] {logging_mixin.py:190} INFO - <class 'NoneType'>
[2024-12-07T21:47:24.465+0000] {logging_mixin.py:190} INFO - No message received
[2024-12-07T21:47:30.467+0000] {logging_mixin.py:190} INFO - <class 'NoneType'>
[2024-12-07T21:47:30.469+0000] {logging_mixin.py:190} INFO - No message received
[2024-12-07T21:47:36.471+0000] {logging_mixin.py:190} INFO - <class 'NoneType'>
[2024-12-07T21:47:36.471+0000] {logging_mixin.py:190} INFO - No message received
[2024-12-07T21:47:42.473+0000] {logging_mixin.py:190} INFO - <class 'NoneType'>
[2024-12-07T21:47:42.475+0000] {logging_mixin.py:190} INFO - No message received
[2024-12-07T21:47:48.477+0000] {logging_mixin.py:190} INFO - <class 'NoneType'>
[2024-12-07T21:47:48.480+0000] {logging_mixin.py:190} INFO - No message received
[2024-12-07T21:47:54.483+0000] {logging_mixin.py:190} INFO - <class 'NoneType'>
[2024-12-07T21:47:54.484+0000] {logging_mixin.py:190} INFO - No message received
[2024-12-07T21:48:00.486+0000] {logging_mixin.py:190} INFO - <class 'NoneType'>
[2024-12-07T21:48:00.487+0000] {logging_mixin.py:190} INFO - No message received
[2024-12-07T21:48:06.488+0000] {logging_mixin.py:190} INFO - <class 'NoneType'>
[2024-12-07T21:48:06.490+0000] {logging_mixin.py:190} INFO - No message received
[2024-12-07T21:48:12.492+0000] {logging_mixin.py:190} INFO - <class 'NoneType'>
[2024-12-07T21:48:12.493+0000] {logging_mixin.py:190} INFO - No message received
[2024-12-07T21:48:18.494+0000] {logging_mixin.py:190} INFO - <class 'NoneType'>
[2024-12-07T21:48:18.497+0000] {logging_mixin.py:190} INFO - No message received
[2024-12-07T21:48:24.499+0000] {logging_mixin.py:190} INFO - <class 'NoneType'>
[2024-12-07T21:48:24.502+0000] {logging_mixin.py:190} INFO - No message received
[2024-12-07T21:48:30.504+0000] {logging_mixin.py:190} INFO - <class 'NoneType'>
[2024-12-07T21:48:30.505+0000] {logging_mixin.py:190} INFO - No message received
[2024-12-07T21:48:36.505+0000] {logging_mixin.py:190} INFO - <class 'NoneType'>
[2024-12-07T21:48:36.506+0000] {logging_mixin.py:190} INFO - No message received
[2024-12-07T21:48:42.507+0000] {logging_mixin.py:190} INFO - <class 'NoneType'>
[2024-12-07T21:48:42.509+0000] {logging_mixin.py:190} INFO - No message received
[2024-12-07T21:48:48.510+0000] {logging_mixin.py:190} INFO - <class 'NoneType'>
[2024-12-07T21:48:48.511+0000] {logging_mixin.py:190} INFO - No message received
[2024-12-07T21:48:54.513+0000] {logging_mixin.py:190} INFO - <class 'NoneType'>
[2024-12-07T21:48:54.516+0000] {logging_mixin.py:190} INFO - No message received
[2024-12-07T21:49:00.519+0000] {logging_mixin.py:190} INFO - <class 'NoneType'>
[2024-12-07T21:49:00.521+0000] {logging_mixin.py:190} INFO - No message received
[2024-12-07T21:49:06.524+0000] {logging_mixin.py:190} INFO - <class 'NoneType'>
[2024-12-07T21:49:06.524+0000] {logging_mixin.py:190} INFO - No message received
[2024-12-07T21:49:12.525+0000] {logging_mixin.py:190} INFO - <class 'NoneType'>
[2024-12-07T21:49:12.526+0000] {logging_mixin.py:190} INFO - No message received
[2024-12-07T21:49:18.527+0000] {logging_mixin.py:190} INFO - <class 'NoneType'>
[2024-12-07T21:49:18.528+0000] {logging_mixin.py:190} INFO - No message received
[2024-12-07T21:49:24.529+0000] {logging_mixin.py:190} INFO - <class 'NoneType'>
[2024-12-07T21:49:24.530+0000] {logging_mixin.py:190} INFO - No message received
[2024-12-07T21:49:30.531+0000] {logging_mixin.py:190} INFO - <class 'NoneType'>
[2024-12-07T21:49:30.532+0000] {logging_mixin.py:190} INFO - No message received
[2024-12-07T21:49:36.533+0000] {logging_mixin.py:190} INFO - <class 'NoneType'>
[2024-12-07T21:49:36.535+0000] {logging_mixin.py:190} INFO - No message received
[2024-12-07T21:49:39.386+0000] {local_task_job_runner.py:346} WARNING - State of this instance has been externally set to failed. Terminating instance.
[2024-12-07T21:49:39.387+0000] {local_task_job_runner.py:245} INFO - ::endgroup::
[2024-12-07T21:49:39.389+0000] {process_utils.py:132} INFO - Sending 15 to group 1142. PIDs of all processes in the group: [1142]
[2024-12-07T21:49:39.390+0000] {process_utils.py:87} INFO - Sending the signal 15 to group 1142
[2024-12-07T21:49:42.537+0000] {taskinstance.py:3093} ERROR - Received SIGTERM. Terminating subprocesses.
[2024-12-07T21:49:42.563+0000] {taskinstance.py:340} INFO - ::group::Post task execution logs
[2024-12-07T21:49:42.590+0000] {process_utils.py:80} INFO - Process psutil.Process(pid=1142, status='terminated', exitcode=0, started='21:47:17') (1142) terminated with exit code 0
