[2024-12-03T14:19:40.821+0000] {local_task_job_runner.py:123} INFO - ::group::Pre task execution logs
[2024-12-03T14:19:40.841+0000] {taskinstance.py:2613} INFO - Dependencies all met for dep_context=non-requeueable deps ti=<TaskInstance: mongo_to_kafka.send_to_kafka manual__2024-12-03T14:19:36.230668+00:00 [queued]>
[2024-12-03T14:19:40.854+0000] {taskinstance.py:2613} INFO - Dependencies all met for dep_context=requeueable deps ti=<TaskInstance: mongo_to_kafka.send_to_kafka manual__2024-12-03T14:19:36.230668+00:00 [queued]>
[2024-12-03T14:19:40.855+0000] {taskinstance.py:2866} INFO - Starting attempt 1 of 2
[2024-12-03T14:19:40.872+0000] {taskinstance.py:2889} INFO - Executing <Task(PythonOperator): send_to_kafka> on 2024-12-03 14:19:36.230668+00:00
[2024-12-03T14:19:40.878+0000] {warnings.py:112} WARNING - /home/***/.local/lib/python3.12/site-packages/***/task/task_runner/standard_task_runner.py:70: DeprecationWarning: This process (pid=2448) is multi-threaded, use of fork() may lead to deadlocks in the child.
  pid = os.fork()

[2024-12-03T14:19:40.881+0000] {standard_task_runner.py:72} INFO - Started process 2449 to run task
[2024-12-03T14:19:40.881+0000] {standard_task_runner.py:104} INFO - Running: ['***', 'tasks', 'run', 'mongo_to_kafka', 'send_to_kafka', 'manual__2024-12-03T14:19:36.230668+00:00', '--job-id', '39', '--raw', '--subdir', 'DAGS_FOLDER/dag1_MongoKafka.py', '--cfg-path', '/tmp/tmp6_0fvwk2']
[2024-12-03T14:19:40.884+0000] {standard_task_runner.py:105} INFO - Job 39: Subtask send_to_kafka
[2024-12-03T14:19:40.935+0000] {task_command.py:467} INFO - Running <TaskInstance: mongo_to_kafka.send_to_kafka manual__2024-12-03T14:19:36.230668+00:00 [running]> on host 31ac0cc6adcb
[2024-12-03T14:19:40.398+0000] {taskinstance.py:3132} INFO - Exporting env vars: AIRFLOW_CTX_DAG_OWNER='***' AIRFLOW_CTX_DAG_ID='mongo_to_kafka' AIRFLOW_CTX_TASK_ID='send_to_kafka' AIRFLOW_CTX_EXECUTION_DATE='2024-12-03T14:19:36.230668+00:00' AIRFLOW_CTX_TRY_NUMBER='1' AIRFLOW_CTX_DAG_RUN_ID='manual__2024-12-03T14:19:36.230668+00:00'
[2024-12-03T14:19:40.400+0000] {taskinstance.py:731} INFO - ::endgroup::
[2024-12-03T14:19:40.895+0000] {logging_mixin.py:190} INFO - Извлечено 1 документов из MongoDB
[2024-12-03T14:19:40.897+0000] {logging_mixin.py:190} INFO - {'_id': '6707fa42840c437097f7b593', 'travel': 3, 'payer': 1, 'amount': 26092, 'code_departure': 'SIN', 'code_arrival': 'ICN', 'number_of_passengers': 4, 'passengers': [{'passenger': 'Zoe Barnaby', 'birth_date': '1993-09-24'}, {'name': 'Ružica Ivančević', 'birth_date': '1995-09-02'}, {'name': 'Timm Raabe', 'birth_date': '1976-11-19'}, {'name': 'Greta Oorschot', 'birth_date': '1993-08-19'}], 'created': '2024-10-10T16:01:06.102000'}
[2024-12-03T14:19:40.985+0000] {logging_mixin.py:190} INFO - {'_id': '6707fa42840c437097f7b593', 'travel': 3, 'payer': 1, 'amount': 26092, 'code_departure': 'SIN', 'code_arrival': 'ICN', 'number_of_passengers': 4, 'passengers': [{'passenger': 'Zoe Barnaby', 'birth_date': '1993-09-24'}, {'name': 'Ružica Ivančević', 'birth_date': '1995-09-02'}, {'name': 'Timm Raabe', 'birth_date': '1976-11-19'}, {'name': 'Greta Oorschot', 'birth_date': '1993-08-19'}], 'created': '2024-10-10T16:01:06.102000'}
[2024-12-03T14:19:40.989+0000] {logging_mixin.py:190} INFO - {"_id": "6707fa42840c437097f7b593", "travel": 3, "payer": 1, "amount": 26092, "code_departure": "SIN", "code_arrival": "ICN", "number_of_passengers": 4, "passengers": [{"passenger": "Zoe Barnaby", "birth_date": "1993-09-24"}, {"name": "Ružica Ivančević", "birth_date": "1995-09-02"}, {"name": "Timm Raabe", "birth_date": "1976-11-19"}, {"name": "Greta Oorschot", "birth_date": "1993-08-19"}], "created": "2024-10-10T16:01:06.102000"}
[2024-12-03T14:19:41.022+0000] {logging_mixin.py:190} INFO - {'_id': '6707fa42840c437097f7b593', 'travel': 3, 'payer': 1, 'amount': 26092, 'code_departure': 'SIN', 'code_arrival': 'ICN', 'number_of_passengers': 4, 'passengers': [{'passenger': 'Zoe Barnaby', 'birth_date': '1993-09-24'}, {'name': 'Ružica Ivančević', 'birth_date': '1995-09-02'}, {'name': 'Timm Raabe', 'birth_date': '1976-11-19'}, {'name': 'Greta Oorschot', 'birth_date': '1993-08-19'}], 'created': '2024-10-10T16:01:06.102000'}
[2024-12-03T14:19:41.024+0000] {logging_mixin.py:190} INFO - Отправлено сообщение в Kafka: {"_id": "6707fa42840c437097f7b593", "travel": 3, "payer": 1, "amount": 26092, "code_departure": "SIN", "code_arrival": "ICN", "number_of_passengers": 4, "passengers": [{"passenger": "Zoe Barnaby", "birth_date": "1993-09-24"}, {"name": "Ružica Ivančević", "birth_date": "1995-09-02"}, {"name": "Timm Raabe", "birth_date": "1976-11-19"}, {"name": "Greta Oorschot", "birth_date": "1993-08-19"}], "created": "2024-10-10T16:01:06.102000"}
[2024-12-03T14:19:41.025+0000] {python.py:240} INFO - Done. Returned value was: None
[2024-12-03T14:19:41.035+0000] {taskinstance.py:340} INFO - ::group::Post task execution logs
[2024-12-03T14:19:41.036+0000] {taskinstance.py:352} INFO - Marking task as SUCCESS. dag_id=mongo_to_kafka, task_id=send_to_kafka, run_id=manual__2024-12-03T14:19:36.230668+00:00, execution_date=20241203T141936, start_date=20241203T141940, end_date=20241203T141941
[2024-12-03T14:19:41.082+0000] {local_task_job_runner.py:266} INFO - Task exited with return code 0
[2024-12-03T14:19:41.092+0000] {local_task_job_runner.py:245} INFO - ::endgroup::
