[2024-12-04T10:05:04.097+0000] {local_task_job_runner.py:123} INFO - ::group::Pre task execution logs
[2024-12-04T10:05:04.117+0000] {taskinstance.py:2613} INFO - Dependencies all met for dep_context=non-requeueable deps ti=<TaskInstance: kafka_read.consume_from_topic manual__2024-12-04T10:05:02.624558+00:00 [queued]>
[2024-12-04T10:05:04.129+0000] {taskinstance.py:2613} INFO - Dependencies all met for dep_context=requeueable deps ti=<TaskInstance: kafka_read.consume_from_topic manual__2024-12-04T10:05:02.624558+00:00 [queued]>
[2024-12-04T10:05:04.131+0000] {taskinstance.py:2866} INFO - Starting attempt 1 of 2
[2024-12-04T10:05:04.147+0000] {taskinstance.py:2889} INFO - Executing <Task(ConsumeFromTopicOperator): consume_from_topic> on 2024-12-04 10:05:02.624558+00:00
[2024-12-04T10:05:04.152+0000] {warnings.py:112} WARNING - /home/***/.local/lib/python3.12/site-packages/***/task/task_runner/standard_task_runner.py:70: DeprecationWarning: This process (pid=1171) is multi-threaded, use of fork() may lead to deadlocks in the child.
  pid = os.fork()

[2024-12-04T10:05:04.154+0000] {standard_task_runner.py:72} INFO - Started process 1172 to run task
[2024-12-04T10:05:04.154+0000] {standard_task_runner.py:104} INFO - Running: ['***', 'tasks', 'run', 'kafka_read', 'consume_from_topic', 'manual__2024-12-04T10:05:02.624558+00:00', '--job-id', '210', '--raw', '--subdir', 'DAGS_FOLDER/dag2_Kafkas3.py', '--cfg-path', '/tmp/tmp0_jc2qij']
[2024-12-04T10:05:04.157+0000] {standard_task_runner.py:105} INFO - Job 210: Subtask consume_from_topic
[2024-12-04T10:05:04.206+0000] {task_command.py:467} INFO - Running <TaskInstance: kafka_read.consume_from_topic manual__2024-12-04T10:05:02.624558+00:00 [running]> on host 31ac0cc6adcb
[2024-12-04T10:05:04.306+0000] {taskinstance.py:3132} INFO - Exporting env vars: AIRFLOW_CTX_DAG_OWNER='***' AIRFLOW_CTX_DAG_ID='kafka_read' AIRFLOW_CTX_TASK_ID='consume_from_topic' AIRFLOW_CTX_EXECUTION_DATE='2024-12-04T10:05:02.624558+00:00' AIRFLOW_CTX_TRY_NUMBER='1' AIRFLOW_CTX_DAG_RUN_ID='manual__2024-12-04T10:05:02.624558+00:00'
[2024-12-04T10:05:04.308+0000] {taskinstance.py:731} INFO - ::endgroup::
[2024-12-04T10:05:04.334+0000] {base.py:84} INFO - Retrieving connection 'consume_kafka'
[2024-12-04T10:06:04.339+0000] {consume.py:167} INFO - Reached end of log. Exiting.
[2024-12-04T10:06:04.342+0000] {consume.py:182} INFO - committing offset at end_of_operator
[2024-12-04T10:06:04.374+0000] {taskinstance.py:340} INFO - ::group::Post task execution logs
[2024-12-04T10:06:04.375+0000] {taskinstance.py:352} INFO - Marking task as SUCCESS. dag_id=kafka_read, task_id=consume_from_topic, run_id=manual__2024-12-04T10:05:02.624558+00:00, execution_date=20241204T100502, start_date=20241204T100504, end_date=20241204T100604
[2024-12-04T10:06:04.404+0000] {local_task_job_runner.py:266} INFO - Task exited with return code 0
[2024-12-04T10:06:04.422+0000] {taskinstance.py:3895} INFO - 0 downstream tasks scheduled from follow-on schedule check
[2024-12-04T10:06:04.424+0000] {local_task_job_runner.py:245} INFO - ::endgroup::
