[2024-12-07T20:55:14.293+0000] {local_task_job_runner.py:123} INFO - ::group::Pre task execution logs
[2024-12-07T20:55:14.330+0000] {taskinstance.py:2613} INFO - Dependencies all met for dep_context=non-requeueable deps ti=<TaskInstance: dag2_kafka_s3.load_to_s3 manual__2024-12-07T20:52:01.407437+00:00 [queued]>
[2024-12-07T20:55:14.347+0000] {taskinstance.py:2613} INFO - Dependencies all met for dep_context=requeueable deps ti=<TaskInstance: dag2_kafka_s3.load_to_s3 manual__2024-12-07T20:52:01.407437+00:00 [queued]>
[2024-12-07T20:55:14.349+0000] {taskinstance.py:2866} INFO - Starting attempt 1 of 2
[2024-12-07T20:55:14.373+0000] {taskinstance.py:2889} INFO - Executing <Task(PythonOperator): load_to_s3> on 2024-12-07 20:52:01.407437+00:00
[2024-12-07T20:55:14.381+0000] {warnings.py:112} WARNING - /home/***/.local/lib/python3.12/site-packages/***/task/task_runner/standard_task_runner.py:70: DeprecationWarning: This process (pid=231) is multi-threaded, use of fork() may lead to deadlocks in the child.
  pid = os.fork()

[2024-12-07T20:55:14.384+0000] {standard_task_runner.py:72} INFO - Started process 233 to run task
[2024-12-07T20:55:14.386+0000] {standard_task_runner.py:104} INFO - Running: ['***', 'tasks', 'run', 'dag2_kafka_s3', 'load_to_s3', 'manual__2024-12-07T20:52:01.407437+00:00', '--job-id', '593', '--raw', '--subdir', 'DAGS_FOLDER/dag2_kafka_s3.py', '--cfg-path', '/tmp/tmpyxzqx0al']
[2024-12-07T20:55:14.392+0000] {standard_task_runner.py:105} INFO - Job 593: Subtask load_to_s3
[2024-12-07T20:55:14.488+0000] {task_command.py:467} INFO - Running <TaskInstance: dag2_kafka_s3.load_to_s3 manual__2024-12-07T20:52:01.407437+00:00 [running]> on host d7d86e3077c3
[2024-12-07T20:55:14.670+0000] {taskinstance.py:3132} INFO - Exporting env vars: AIRFLOW_CTX_DAG_OWNER='***' AIRFLOW_CTX_DAG_ID='dag2_kafka_s3' AIRFLOW_CTX_TASK_ID='load_to_s3' AIRFLOW_CTX_EXECUTION_DATE='2024-12-07T20:52:01.407437+00:00' AIRFLOW_CTX_TRY_NUMBER='1' AIRFLOW_CTX_DAG_RUN_ID='manual__2024-12-07T20:52:01.407437+00:00'
[2024-12-07T20:55:14.672+0000] {taskinstance.py:731} INFO - ::endgroup::
[2024-12-07T20:55:14.721+0000] {logging_mixin.py:190} INFO - No messages to process
[2024-12-07T20:55:14.722+0000] {python.py:240} INFO - Done. Returned value was: None
[2024-12-07T20:55:14.739+0000] {taskinstance.py:340} INFO - ::group::Post task execution logs
[2024-12-07T20:55:14.740+0000] {taskinstance.py:352} INFO - Marking task as SUCCESS. dag_id=dag2_kafka_s3, task_id=load_to_s3, run_id=manual__2024-12-07T20:52:01.407437+00:00, execution_date=20241207T205201, start_date=20241207T205514, end_date=20241207T205514
[2024-12-07T20:55:14.803+0000] {local_task_job_runner.py:266} INFO - Task exited with return code 0
[2024-12-07T20:55:14.833+0000] {taskinstance.py:3895} INFO - 0 downstream tasks scheduled from follow-on schedule check
[2024-12-07T20:55:14.837+0000] {local_task_job_runner.py:245} INFO - ::endgroup::
