[2024-12-03T19:29:00.110+0000] {local_task_job_runner.py:123} INFO - ::group::Pre task execution logs
[2024-12-03T19:29:00.132+0000] {taskinstance.py:2613} INFO - Dependencies all met for dep_context=non-requeueable deps ti=<TaskInstance: mongo_to_kafka.send_to_kafka manual__2024-12-03T19:23:53.144188+00:00 [queued]>
[2024-12-03T19:29:00.142+0000] {taskinstance.py:2613} INFO - Dependencies all met for dep_context=requeueable deps ti=<TaskInstance: mongo_to_kafka.send_to_kafka manual__2024-12-03T19:23:53.144188+00:00 [queued]>
[2024-12-03T19:29:00.145+0000] {taskinstance.py:2866} INFO - Starting attempt 2 of 2
[2024-12-03T19:29:00.162+0000] {taskinstance.py:2889} INFO - Executing <Task(PythonOperator): send_to_kafka> on 2024-12-03 19:23:53.144188+00:00
[2024-12-03T19:29:00.168+0000] {warnings.py:112} WARNING - /home/***/.local/lib/python3.12/site-packages/***/task/task_runner/standard_task_runner.py:70: DeprecationWarning: This process (pid=369) is multi-threaded, use of fork() may lead to deadlocks in the child.
  pid = os.fork()

[2024-12-03T19:29:00.170+0000] {standard_task_runner.py:72} INFO - Started process 370 to run task
[2024-12-03T19:29:00.170+0000] {standard_task_runner.py:104} INFO - Running: ['***', 'tasks', 'run', 'mongo_to_kafka', 'send_to_kafka', 'manual__2024-12-03T19:23:53.144188+00:00', '--job-id', '105', '--raw', '--subdir', 'DAGS_FOLDER/dag1_MongoKafka.py', '--cfg-path', '/tmp/tmp4pwq3_cb']
[2024-12-03T19:29:00.172+0000] {standard_task_runner.py:105} INFO - Job 105: Subtask send_to_kafka
[2024-12-03T19:29:00.220+0000] {task_command.py:467} INFO - Running <TaskInstance: mongo_to_kafka.send_to_kafka manual__2024-12-03T19:23:53.144188+00:00 [running]> on host 31ac0cc6adcb
[2024-12-03T19:29:00.321+0000] {taskinstance.py:3132} INFO - Exporting env vars: AIRFLOW_CTX_DAG_OWNER='***' AIRFLOW_CTX_DAG_ID='mongo_to_kafka' AIRFLOW_CTX_TASK_ID='send_to_kafka' AIRFLOW_CTX_EXECUTION_DATE='2024-12-03T19:23:53.144188+00:00' AIRFLOW_CTX_TRY_NUMBER='2' AIRFLOW_CTX_DAG_RUN_ID='manual__2024-12-03T19:23:53.144188+00:00'
[2024-12-03T19:29:00.322+0000] {taskinstance.py:731} INFO - ::endgroup::
[2024-12-03T19:29:00.678+0000] {logging_mixin.py:190} INFO - {"_id": "6707fa42840c437097f7b593", "travel": 3, "payer": 1, "amount": 26092, "code_departure": "SIN", "code_arrival": "ICN", "number_of_passengers": 4, "passengers": [{"passenger": "Zoe Barnaby", "birth_date": "1993-09-24"}, {"name": "Ružica Ivančević", "birth_date": "1995-09-02"}, {"name": "Timm Raabe", "birth_date": "1976-11-19"}, {"name": "Greta Oorschot", "birth_date": "1993-08-19"}], "created": "2024-10-10T16:01:06.102000"}
[2024-12-03T19:29:00.679+0000] {logging_mixin.py:190} INFO - {'_id': '6707fa42840c437097f7b593', 'travel': 3, 'payer': 1, 'amount': 26092, 'code_departure': 'SIN', 'code_arrival': 'ICN', 'number_of_passengers': 4, 'passengers': [{'passenger': 'Zoe Barnaby', 'birth_date': '1993-09-24'}, {'name': 'Ružica Ivančević', 'birth_date': '1995-09-02'}, {'name': 'Timm Raabe', 'birth_date': '1976-11-19'}, {'name': 'Greta Oorschot', 'birth_date': '1993-08-19'}], 'created': '2024-10-10T16:01:06.102000'}
[2024-12-03T19:29:00.682+0000] {python.py:240} INFO - Done. Returned value was: None
[2024-12-03T19:29:00.694+0000] {taskinstance.py:340} INFO - ::group::Post task execution logs
[2024-12-03T19:29:00.695+0000] {taskinstance.py:352} INFO - Marking task as SUCCESS. dag_id=mongo_to_kafka, task_id=send_to_kafka, run_id=manual__2024-12-03T19:23:53.144188+00:00, execution_date=20241203T192353, start_date=20241203T192900, end_date=20241203T192900
[2024-12-03T19:29:00.748+0000] {local_task_job_runner.py:266} INFO - Task exited with return code 0
[2024-12-03T19:29:00.765+0000] {taskinstance.py:3895} INFO - 0 downstream tasks scheduled from follow-on schedule check
[2024-12-03T19:29:00.767+0000] {local_task_job_runner.py:245} INFO - ::endgroup::
