[2024-12-03T14:30:24.741+0000] {local_task_job_runner.py:123} INFO - ::group::Pre task execution logs
[2024-12-03T14:30:24.762+0000] {taskinstance.py:2613} INFO - Dependencies all met for dep_context=non-requeueable deps ti=<TaskInstance: kafka_to_minio.consume_kafka_to_minio manual__2024-12-03T14:30:20.600474+00:00 [queued]>
[2024-12-03T14:30:24.775+0000] {taskinstance.py:2613} INFO - Dependencies all met for dep_context=requeueable deps ti=<TaskInstance: kafka_to_minio.consume_kafka_to_minio manual__2024-12-03T14:30:20.600474+00:00 [queued]>
[2024-12-03T14:30:24.776+0000] {taskinstance.py:2866} INFO - Starting attempt 1 of 2
[2024-12-03T14:30:24.793+0000] {taskinstance.py:2889} INFO - Executing <Task(PythonOperator): consume_kafka_to_minio> on 2024-12-03 14:30:20.600474+00:00
[2024-12-03T14:30:24.799+0000] {warnings.py:112} WARNING - /home/***/.local/lib/python3.12/site-packages/***/task/task_runner/standard_task_runner.py:70: DeprecationWarning: This process (pid=2691) is multi-threaded, use of fork() may lead to deadlocks in the child.
  pid = os.fork()

[2024-12-03T14:30:24.801+0000] {standard_task_runner.py:72} INFO - Started process 2692 to run task
[2024-12-03T14:30:24.802+0000] {standard_task_runner.py:104} INFO - Running: ['***', 'tasks', 'run', 'kafka_to_minio', 'consume_kafka_to_minio', 'manual__2024-12-03T14:30:20.600474+00:00', '--job-id', '49', '--raw', '--subdir', 'DAGS_FOLDER/dag2_Kafkas3.py', '--cfg-path', '/tmp/tmps1fngr57']
[2024-12-03T14:30:24.804+0000] {standard_task_runner.py:105} INFO - Job 49: Subtask consume_kafka_to_minio
[2024-12-03T14:30:24.857+0000] {task_command.py:467} INFO - Running <TaskInstance: kafka_to_minio.consume_kafka_to_minio manual__2024-12-03T14:30:20.600474+00:00 [running]> on host 31ac0cc6adcb
[2024-12-03T14:30:24.970+0000] {taskinstance.py:3132} INFO - Exporting env vars: AIRFLOW_CTX_DAG_OWNER='***' AIRFLOW_CTX_DAG_ID='kafka_to_minio' AIRFLOW_CTX_TASK_ID='consume_kafka_to_minio' AIRFLOW_CTX_EXECUTION_DATE='2024-12-03T14:30:20.600474+00:00' AIRFLOW_CTX_TRY_NUMBER='1' AIRFLOW_CTX_DAG_RUN_ID='manual__2024-12-03T14:30:20.600474+00:00'
[2024-12-03T14:30:24.972+0000] {taskinstance.py:731} INFO - ::endgroup::
[2024-12-03T14:30:27.998+0000] {logging_mixin.py:190} INFO - нет сообщений
[2024-12-03T14:30:31.001+0000] {logging_mixin.py:190} INFO - нет сообщений
[2024-12-03T14:30:34.002+0000] {logging_mixin.py:190} INFO - нет сообщений
[2024-12-03T14:30:37.004+0000] {logging_mixin.py:190} INFO - нет сообщений
[2024-12-03T14:30:40.007+0000] {logging_mixin.py:190} INFO - нет сообщений
[2024-12-03T14:30:43.008+0000] {logging_mixin.py:190} INFO - нет сообщений
[2024-12-03T14:30:46.010+0000] {logging_mixin.py:190} INFO - нет сообщений
[2024-12-03T14:30:49.013+0000] {logging_mixin.py:190} INFO - нет сообщений
[2024-12-03T14:30:52.014+0000] {logging_mixin.py:190} INFO - нет сообщений
[2024-12-03T14:30:55.016+0000] {logging_mixin.py:190} INFO - нет сообщений
[2024-12-03T14:30:58.018+0000] {logging_mixin.py:190} INFO - нет сообщений
[2024-12-03T14:31:01.021+0000] {logging_mixin.py:190} INFO - нет сообщений
[2024-12-03T14:31:04.030+0000] {logging_mixin.py:190} INFO - нет сообщений
[2024-12-03T14:31:07.031+0000] {logging_mixin.py:190} INFO - нет сообщений
[2024-12-03T14:31:10.033+0000] {logging_mixin.py:190} INFO - нет сообщений
[2024-12-03T14:31:13.036+0000] {logging_mixin.py:190} INFO - нет сообщений
[2024-12-03T14:31:16.038+0000] {logging_mixin.py:190} INFO - нет сообщений
[2024-12-03T14:31:19.039+0000] {logging_mixin.py:190} INFO - нет сообщений
[2024-12-03T14:31:22.043+0000] {logging_mixin.py:190} INFO - нет сообщений
[2024-12-03T14:31:25.045+0000] {logging_mixin.py:190} INFO - нет сообщений
[2024-12-03T14:31:28.047+0000] {logging_mixin.py:190} INFO - нет сообщений
[2024-12-03T14:31:31.049+0000] {logging_mixin.py:190} INFO - нет сообщений
[2024-12-03T14:31:34.055+0000] {logging_mixin.py:190} INFO - нет сообщений
[2024-12-03T14:31:37.058+0000] {logging_mixin.py:190} INFO - нет сообщений
[2024-12-03T14:31:40.060+0000] {logging_mixin.py:190} INFO - нет сообщений
[2024-12-03T14:31:43.065+0000] {logging_mixin.py:190} INFO - нет сообщений
[2024-12-03T14:31:46.067+0000] {logging_mixin.py:190} INFO - нет сообщений
[2024-12-03T14:31:49.069+0000] {logging_mixin.py:190} INFO - нет сообщений
[2024-12-03T14:31:52.071+0000] {logging_mixin.py:190} INFO - нет сообщений
[2024-12-03T14:31:55.079+0000] {logging_mixin.py:190} INFO - нет сообщений
[2024-12-03T14:31:58.082+0000] {logging_mixin.py:190} INFO - нет сообщений
[2024-12-03T14:32:01.083+0000] {logging_mixin.py:190} INFO - нет сообщений
[2024-12-03T14:32:04.085+0000] {logging_mixin.py:190} INFO - нет сообщений
[2024-12-03T14:32:07.089+0000] {logging_mixin.py:190} INFO - нет сообщений
[2024-12-03T14:32:10.092+0000] {logging_mixin.py:190} INFO - нет сообщений
[2024-12-03T14:32:13.094+0000] {logging_mixin.py:190} INFO - нет сообщений
[2024-12-03T14:32:16.096+0000] {logging_mixin.py:190} INFO - нет сообщений
[2024-12-03T14:32:19.098+0000] {logging_mixin.py:190} INFO - нет сообщений
[2024-12-03T14:32:22.102+0000] {logging_mixin.py:190} INFO - нет сообщений
[2024-12-03T14:32:25.105+0000] {logging_mixin.py:190} INFO - нет сообщений
[2024-12-03T14:32:28.106+0000] {logging_mixin.py:190} INFO - нет сообщений
[2024-12-03T14:32:31.108+0000] {logging_mixin.py:190} INFO - нет сообщений
[2024-12-03T14:32:34.111+0000] {logging_mixin.py:190} INFO - нет сообщений
[2024-12-03T14:32:37.116+0000] {logging_mixin.py:190} INFO - нет сообщений
[2024-12-03T14:32:40.118+0000] {logging_mixin.py:190} INFO - нет сообщений
[2024-12-03T14:32:43.120+0000] {logging_mixin.py:190} INFO - нет сообщений
[2024-12-03T14:32:46.121+0000] {logging_mixin.py:190} INFO - нет сообщений
[2024-12-03T14:32:49.123+0000] {logging_mixin.py:190} INFO - нет сообщений
[2024-12-03T14:32:52.126+0000] {logging_mixin.py:190} INFO - нет сообщений
[2024-12-03T14:32:55.128+0000] {logging_mixin.py:190} INFO - нет сообщений
[2024-12-03T14:32:58.131+0000] {logging_mixin.py:190} INFO - нет сообщений
[2024-12-03T14:33:01.132+0000] {logging_mixin.py:190} INFO - нет сообщений
[2024-12-03T14:33:04.135+0000] {logging_mixin.py:190} INFO - нет сообщений
[2024-12-03T14:33:07.136+0000] {logging_mixin.py:190} INFO - нет сообщений
[2024-12-03T14:33:10.138+0000] {logging_mixin.py:190} INFO - нет сообщений
[2024-12-03T14:33:13.140+0000] {logging_mixin.py:190} INFO - нет сообщений
[2024-12-03T14:33:16.143+0000] {logging_mixin.py:190} INFO - нет сообщений
[2024-12-03T14:33:19.145+0000] {logging_mixin.py:190} INFO - нет сообщений
[2024-12-03T14:33:22.147+0000] {logging_mixin.py:190} INFO - нет сообщений
[2024-12-03T14:33:25.150+0000] {logging_mixin.py:190} INFO - нет сообщений
[2024-12-03T14:33:28.151+0000] {logging_mixin.py:190} INFO - нет сообщений
[2024-12-03T14:33:31.153+0000] {logging_mixin.py:190} INFO - нет сообщений
[2024-12-03T14:33:34.157+0000] {logging_mixin.py:190} INFO - нет сообщений
[2024-12-03T14:33:37.159+0000] {logging_mixin.py:190} INFO - нет сообщений
[2024-12-03T14:33:40.162+0000] {logging_mixin.py:190} INFO - нет сообщений
[2024-12-03T14:33:43.165+0000] {logging_mixin.py:190} INFO - нет сообщений
[2024-12-03T14:33:46.168+0000] {logging_mixin.py:190} INFO - нет сообщений
[2024-12-03T14:33:49.171+0000] {logging_mixin.py:190} INFO - нет сообщений
[2024-12-03T14:33:52.174+0000] {logging_mixin.py:190} INFO - нет сообщений
[2024-12-03T14:33:55.175+0000] {logging_mixin.py:190} INFO - нет сообщений
[2024-12-03T14:33:58.177+0000] {logging_mixin.py:190} INFO - нет сообщений
[2024-12-03T14:34:01.179+0000] {logging_mixin.py:190} INFO - нет сообщений
[2024-12-03T14:34:04.189+0000] {logging_mixin.py:190} INFO - нет сообщений
[2024-12-03T14:34:07.191+0000] {logging_mixin.py:190} INFO - нет сообщений
[2024-12-03T14:34:10.193+0000] {logging_mixin.py:190} INFO - нет сообщений
[2024-12-03T14:34:13.194+0000] {logging_mixin.py:190} INFO - нет сообщений
[2024-12-03T14:34:16.195+0000] {logging_mixin.py:190} INFO - нет сообщений
[2024-12-03T14:34:19.213+0000] {logging_mixin.py:190} INFO - нет сообщений
[2024-12-03T14:34:22.216+0000] {logging_mixin.py:190} INFO - нет сообщений
[2024-12-03T14:34:25.218+0000] {logging_mixin.py:190} INFO - нет сообщений
[2024-12-03T14:34:28.219+0000] {logging_mixin.py:190} INFO - нет сообщений
[2024-12-03T14:34:31.221+0000] {logging_mixin.py:190} INFO - нет сообщений
[2024-12-03T14:34:34.222+0000] {logging_mixin.py:190} INFO - нет сообщений
[2024-12-03T14:34:37.224+0000] {logging_mixin.py:190} INFO - нет сообщений
[2024-12-03T14:34:40.226+0000] {logging_mixin.py:190} INFO - нет сообщений
[2024-12-03T14:34:43.228+0000] {logging_mixin.py:190} INFO - нет сообщений
[2024-12-03T14:34:46.232+0000] {logging_mixin.py:190} INFO - нет сообщений
[2024-12-03T14:34:49.234+0000] {logging_mixin.py:190} INFO - нет сообщений
[2024-12-03T14:34:52.236+0000] {logging_mixin.py:190} INFO - нет сообщений
[2024-12-03T14:34:55.262+0000] {logging_mixin.py:190} INFO - нет сообщений
[2024-12-03T14:34:58.264+0000] {logging_mixin.py:190} INFO - нет сообщений
[2024-12-03T14:35:01.266+0000] {logging_mixin.py:190} INFO - нет сообщений
[2024-12-03T14:35:04.267+0000] {logging_mixin.py:190} INFO - нет сообщений
[2024-12-03T14:35:07.269+0000] {logging_mixin.py:190} INFO - нет сообщений
[2024-12-03T14:35:10.272+0000] {logging_mixin.py:190} INFO - нет сообщений
[2024-12-03T14:35:13.273+0000] {logging_mixin.py:190} INFO - нет сообщений
[2024-12-03T14:35:16.274+0000] {logging_mixin.py:190} INFO - нет сообщений
[2024-12-03T14:35:19.276+0000] {logging_mixin.py:190} INFO - нет сообщений
[2024-12-03T14:35:22.278+0000] {logging_mixin.py:190} INFO - нет сообщений
[2024-12-03T14:35:25.279+0000] {logging_mixin.py:190} INFO - нет сообщений
[2024-12-03T14:35:28.288+0000] {logging_mixin.py:190} INFO - нет сообщений
[2024-12-03T14:35:31.291+0000] {logging_mixin.py:190} INFO - нет сообщений
[2024-12-03T14:35:34.292+0000] {logging_mixin.py:190} INFO - нет сообщений
[2024-12-03T14:35:37.302+0000] {logging_mixin.py:190} INFO - нет сообщений
[2024-12-03T14:35:40.308+0000] {logging_mixin.py:190} INFO - нет сообщений
[2024-12-03T14:35:43.309+0000] {logging_mixin.py:190} INFO - нет сообщений
[2024-12-03T14:35:46.311+0000] {logging_mixin.py:190} INFO - нет сообщений
[2024-12-03T14:35:49.318+0000] {logging_mixin.py:190} INFO - нет сообщений
[2024-12-03T14:35:52.324+0000] {logging_mixin.py:190} INFO - нет сообщений
[2024-12-03T14:35:55.327+0000] {logging_mixin.py:190} INFO - нет сообщений
[2024-12-03T14:35:58.330+0000] {logging_mixin.py:190} INFO - нет сообщений
[2024-12-03T14:36:01.334+0000] {logging_mixin.py:190} INFO - нет сообщений
[2024-12-03T14:36:04.335+0000] {logging_mixin.py:190} INFO - нет сообщений
[2024-12-03T14:36:07.338+0000] {logging_mixin.py:190} INFO - нет сообщений
[2024-12-03T14:36:10.341+0000] {logging_mixin.py:190} INFO - нет сообщений
[2024-12-03T14:36:13.345+0000] {logging_mixin.py:190} INFO - нет сообщений
[2024-12-03T14:36:16.350+0000] {logging_mixin.py:190} INFO - нет сообщений
[2024-12-03T14:36:19.354+0000] {logging_mixin.py:190} INFO - нет сообщений
[2024-12-03T14:36:22.356+0000] {logging_mixin.py:190} INFO - нет сообщений
[2024-12-03T14:36:25.358+0000] {logging_mixin.py:190} INFO - нет сообщений
[2024-12-03T14:36:28.360+0000] {logging_mixin.py:190} INFO - нет сообщений
[2024-12-03T14:36:31.363+0000] {logging_mixin.py:190} INFO - нет сообщений
[2024-12-03T14:36:34.366+0000] {logging_mixin.py:190} INFO - нет сообщений
[2024-12-03T14:36:37.367+0000] {logging_mixin.py:190} INFO - нет сообщений
[2024-12-03T14:36:40.369+0000] {logging_mixin.py:190} INFO - нет сообщений
[2024-12-03T14:36:43.370+0000] {logging_mixin.py:190} INFO - нет сообщений
[2024-12-03T14:36:46.372+0000] {logging_mixin.py:190} INFO - нет сообщений
[2024-12-03T14:36:49.376+0000] {logging_mixin.py:190} INFO - нет сообщений
[2024-12-03T14:36:52.383+0000] {logging_mixin.py:190} INFO - нет сообщений
[2024-12-03T14:36:55.385+0000] {logging_mixin.py:190} INFO - нет сообщений
[2024-12-03T14:36:58.391+0000] {logging_mixin.py:190} INFO - нет сообщений
[2024-12-03T14:37:01.393+0000] {logging_mixin.py:190} INFO - нет сообщений
[2024-12-03T14:37:04.396+0000] {logging_mixin.py:190} INFO - нет сообщений
[2024-12-03T14:37:07.397+0000] {logging_mixin.py:190} INFO - нет сообщений
[2024-12-03T14:37:10.400+0000] {logging_mixin.py:190} INFO - нет сообщений
[2024-12-03T14:37:13.401+0000] {logging_mixin.py:190} INFO - нет сообщений
[2024-12-03T14:37:16.403+0000] {logging_mixin.py:190} INFO - нет сообщений
[2024-12-03T14:37:19.407+0000] {logging_mixin.py:190} INFO - нет сообщений
[2024-12-03T14:37:22.411+0000] {logging_mixin.py:190} INFO - нет сообщений
[2024-12-03T14:37:25.413+0000] {logging_mixin.py:190} INFO - нет сообщений
[2024-12-03T14:37:28.416+0000] {logging_mixin.py:190} INFO - нет сообщений
[2024-12-03T14:37:31.418+0000] {logging_mixin.py:190} INFO - нет сообщений
[2024-12-03T14:37:34.434+0000] {logging_mixin.py:190} INFO - нет сообщений
[2024-12-03T14:37:37.441+0000] {logging_mixin.py:190} INFO - нет сообщений
[2024-12-03T14:37:40.444+0000] {logging_mixin.py:190} INFO - нет сообщений
[2024-12-03T14:37:43.447+0000] {logging_mixin.py:190} INFO - нет сообщений
[2024-12-03T14:37:46.449+0000] {logging_mixin.py:190} INFO - нет сообщений
[2024-12-03T14:37:49.451+0000] {logging_mixin.py:190} INFO - нет сообщений
[2024-12-03T14:37:52.491+0000] {logging_mixin.py:190} INFO - нет сообщений
[2024-12-03T14:37:55.497+0000] {logging_mixin.py:190} INFO - нет сообщений
[2024-12-03T14:37:58.501+0000] {logging_mixin.py:190} INFO - нет сообщений
[2024-12-03T14:38:01.504+0000] {logging_mixin.py:190} INFO - нет сообщений
[2024-12-03T14:38:04.505+0000] {logging_mixin.py:190} INFO - нет сообщений
[2024-12-03T14:38:07.508+0000] {logging_mixin.py:190} INFO - нет сообщений
[2024-12-03T14:38:10.509+0000] {logging_mixin.py:190} INFO - нет сообщений
[2024-12-03T14:38:13.534+0000] {logging_mixin.py:190} INFO - нет сообщений
[2024-12-03T14:38:16.536+0000] {logging_mixin.py:190} INFO - нет сообщений
[2024-12-03T14:38:19.537+0000] {logging_mixin.py:190} INFO - нет сообщений
[2024-12-03T14:38:22.540+0000] {logging_mixin.py:190} INFO - нет сообщений
[2024-12-03T14:38:25.542+0000] {logging_mixin.py:190} INFO - нет сообщений
[2024-12-03T14:38:28.547+0000] {logging_mixin.py:190} INFO - нет сообщений
[2024-12-03T14:38:31.549+0000] {logging_mixin.py:190} INFO - нет сообщений
[2024-12-03T14:38:34.558+0000] {logging_mixin.py:190} INFO - нет сообщений
[2024-12-03T14:38:37.563+0000] {logging_mixin.py:190} INFO - нет сообщений
[2024-12-03T14:38:40.565+0000] {logging_mixin.py:190} INFO - нет сообщений
[2024-12-03T14:38:43.567+0000] {logging_mixin.py:190} INFO - нет сообщений
[2024-12-03T14:38:46.570+0000] {logging_mixin.py:190} INFO - нет сообщений
[2024-12-03T14:38:49.572+0000] {logging_mixin.py:190} INFO - нет сообщений
[2024-12-03T14:38:52.573+0000] {logging_mixin.py:190} INFO - нет сообщений
[2024-12-03T14:38:55.591+0000] {logging_mixin.py:190} INFO - нет сообщений
[2024-12-03T14:38:58.594+0000] {logging_mixin.py:190} INFO - нет сообщений
[2024-12-03T14:39:01.598+0000] {logging_mixin.py:190} INFO - нет сообщений
[2024-12-03T14:39:04.603+0000] {logging_mixin.py:190} INFO - нет сообщений
[2024-12-03T14:39:07.605+0000] {logging_mixin.py:190} INFO - нет сообщений
[2024-12-03T14:39:10.607+0000] {logging_mixin.py:190} INFO - нет сообщений
[2024-12-03T14:39:13.608+0000] {logging_mixin.py:190} INFO - нет сообщений
[2024-12-03T14:39:16.611+0000] {logging_mixin.py:190} INFO - нет сообщений
[2024-12-03T14:39:19.614+0000] {logging_mixin.py:190} INFO - нет сообщений
[2024-12-03T14:39:22.618+0000] {logging_mixin.py:190} INFO - нет сообщений
[2024-12-03T14:39:25.631+0000] {logging_mixin.py:190} INFO - нет сообщений
[2024-12-03T14:39:28.633+0000] {logging_mixin.py:190} INFO - нет сообщений
[2024-12-03T14:39:31.639+0000] {logging_mixin.py:190} INFO - нет сообщений
[2024-12-03T14:39:34.642+0000] {logging_mixin.py:190} INFO - нет сообщений
[2024-12-03T14:39:37.645+0000] {logging_mixin.py:190} INFO - нет сообщений
[2024-12-03T14:39:40.650+0000] {logging_mixin.py:190} INFO - нет сообщений
[2024-12-03T14:39:43.651+0000] {logging_mixin.py:190} INFO - нет сообщений
[2024-12-03T14:39:46.653+0000] {logging_mixin.py:190} INFO - нет сообщений
[2024-12-03T14:39:49.659+0000] {logging_mixin.py:190} INFO - нет сообщений
[2024-12-03T14:39:52.662+0000] {logging_mixin.py:190} INFO - нет сообщений
[2024-12-03T14:39:55.664+0000] {logging_mixin.py:190} INFO - нет сообщений
[2024-12-03T14:39:58.667+0000] {logging_mixin.py:190} INFO - нет сообщений
[2024-12-03T14:40:01.669+0000] {logging_mixin.py:190} INFO - нет сообщений
[2024-12-03T14:40:04.673+0000] {logging_mixin.py:190} INFO - нет сообщений
[2024-12-03T14:40:07.676+0000] {logging_mixin.py:190} INFO - нет сообщений
[2024-12-03T14:40:10.679+0000] {logging_mixin.py:190} INFO - нет сообщений
[2024-12-03T14:40:13.682+0000] {logging_mixin.py:190} INFO - нет сообщений
[2024-12-03T14:40:16.684+0000] {logging_mixin.py:190} INFO - нет сообщений
[2024-12-03T14:40:19.685+0000] {logging_mixin.py:190} INFO - нет сообщений
[2024-12-03T14:40:22.688+0000] {logging_mixin.py:190} INFO - нет сообщений
[2024-12-03T14:40:25.692+0000] {logging_mixin.py:190} INFO - нет сообщений
[2024-12-03T14:40:28.694+0000] {logging_mixin.py:190} INFO - нет сообщений
[2024-12-03T14:40:31.698+0000] {logging_mixin.py:190} INFO - нет сообщений
[2024-12-03T14:40:34.698+0000] {logging_mixin.py:190} INFO - нет сообщений
[2024-12-03T14:40:37.700+0000] {logging_mixin.py:190} INFO - нет сообщений
[2024-12-03T14:40:40.714+0000] {logging_mixin.py:190} INFO - нет сообщений
[2024-12-03T14:40:43.717+0000] {logging_mixin.py:190} INFO - нет сообщений
[2024-12-03T14:40:46.721+0000] {logging_mixin.py:190} INFO - нет сообщений
[2024-12-03T14:40:49.723+0000] {logging_mixin.py:190} INFO - нет сообщений
[2024-12-03T14:40:52.725+0000] {logging_mixin.py:190} INFO - нет сообщений
[2024-12-03T14:40:55.726+0000] {logging_mixin.py:190} INFO - нет сообщений
[2024-12-03T14:40:58.728+0000] {logging_mixin.py:190} INFO - нет сообщений
[2024-12-03T14:41:01.730+0000] {logging_mixin.py:190} INFO - нет сообщений
[2024-12-03T14:41:04.731+0000] {logging_mixin.py:190} INFO - нет сообщений
[2024-12-03T14:41:07.734+0000] {logging_mixin.py:190} INFO - нет сообщений
[2024-12-03T14:41:10.735+0000] {logging_mixin.py:190} INFO - нет сообщений
[2024-12-03T14:41:13.761+0000] {logging_mixin.py:190} INFO - нет сообщений
[2024-12-03T14:41:16.763+0000] {logging_mixin.py:190} INFO - нет сообщений
[2024-12-03T14:41:19.766+0000] {logging_mixin.py:190} INFO - нет сообщений
[2024-12-03T14:41:22.768+0000] {logging_mixin.py:190} INFO - нет сообщений
[2024-12-03T14:41:25.771+0000] {logging_mixin.py:190} INFO - нет сообщений
[2024-12-03T14:41:28.773+0000] {logging_mixin.py:190} INFO - нет сообщений
[2024-12-03T14:41:31.774+0000] {logging_mixin.py:190} INFO - нет сообщений
[2024-12-03T14:41:34.777+0000] {logging_mixin.py:190} INFO - нет сообщений
[2024-12-03T14:41:37.780+0000] {logging_mixin.py:190} INFO - нет сообщений
[2024-12-03T14:41:40.781+0000] {logging_mixin.py:190} INFO - нет сообщений
[2024-12-03T14:41:43.784+0000] {logging_mixin.py:190} INFO - нет сообщений
[2024-12-03T14:41:46.793+0000] {logging_mixin.py:190} INFO - нет сообщений
[2024-12-03T14:41:49.805+0000] {logging_mixin.py:190} INFO - нет сообщений
[2024-12-03T14:41:52.809+0000] {logging_mixin.py:190} INFO - нет сообщений
[2024-12-03T14:41:55.811+0000] {logging_mixin.py:190} INFO - нет сообщений
[2024-12-03T14:41:58.813+0000] {logging_mixin.py:190} INFO - нет сообщений
[2024-12-03T14:42:01.816+0000] {logging_mixin.py:190} INFO - нет сообщений
[2024-12-03T14:42:04.905+0000] {logging_mixin.py:190} INFO - нет сообщений
[2024-12-03T14:42:07.906+0000] {logging_mixin.py:190} INFO - нет сообщений
[2024-12-03T14:42:10.909+0000] {logging_mixin.py:190} INFO - нет сообщений
[2024-12-03T14:42:13.911+0000] {logging_mixin.py:190} INFO - нет сообщений
[2024-12-03T14:42:16.914+0000] {logging_mixin.py:190} INFO - нет сообщений
[2024-12-03T14:42:19.917+0000] {logging_mixin.py:190} INFO - нет сообщений
[2024-12-03T14:42:22.919+0000] {logging_mixin.py:190} INFO - нет сообщений
[2024-12-03T14:42:25.940+0000] {logging_mixin.py:190} INFO - нет сообщений
[2024-12-03T14:42:28.941+0000] {logging_mixin.py:190} INFO - нет сообщений
[2024-12-03T14:42:31.944+0000] {logging_mixin.py:190} INFO - нет сообщений
[2024-12-03T14:42:34.946+0000] {logging_mixin.py:190} INFO - нет сообщений
[2024-12-03T14:42:37.953+0000] {logging_mixin.py:190} INFO - нет сообщений
[2024-12-03T14:42:40.954+0000] {logging_mixin.py:190} INFO - нет сообщений
[2024-12-03T14:42:43.955+0000] {logging_mixin.py:190} INFO - нет сообщений
[2024-12-03T14:42:46.957+0000] {logging_mixin.py:190} INFO - нет сообщений
[2024-12-03T14:42:49.964+0000] {logging_mixin.py:190} INFO - нет сообщений
[2024-12-03T14:42:52.967+0000] {logging_mixin.py:190} INFO - нет сообщений
[2024-12-03T14:42:55.969+0000] {logging_mixin.py:190} INFO - нет сообщений
[2024-12-03T14:42:58.977+0000] {logging_mixin.py:190} INFO - нет сообщений
[2024-12-03T14:43:01.980+0000] {logging_mixin.py:190} INFO - нет сообщений
[2024-12-03T14:43:04.982+0000] {logging_mixin.py:190} INFO - нет сообщений
[2024-12-03T14:43:07.985+0000] {logging_mixin.py:190} INFO - нет сообщений
[2024-12-03T14:43:10.988+0000] {logging_mixin.py:190} INFO - нет сообщений
[2024-12-03T14:43:13.990+0000] {logging_mixin.py:190} INFO - нет сообщений
[2024-12-03T14:43:16.991+0000] {logging_mixin.py:190} INFO - нет сообщений
[2024-12-03T14:43:19.999+0000] {logging_mixin.py:190} INFO - нет сообщений
[2024-12-03T14:43:23.001+0000] {logging_mixin.py:190} INFO - нет сообщений
[2024-12-03T14:43:26.007+0000] {logging_mixin.py:190} INFO - нет сообщений
[2024-12-03T14:43:29.008+0000] {logging_mixin.py:190} INFO - нет сообщений
[2024-12-03T14:43:32.010+0000] {logging_mixin.py:190} INFO - нет сообщений
[2024-12-03T14:43:35.012+0000] {logging_mixin.py:190} INFO - нет сообщений
[2024-12-03T14:43:38.014+0000] {logging_mixin.py:190} INFO - нет сообщений
[2024-12-03T14:43:41.016+0000] {logging_mixin.py:190} INFO - нет сообщений
[2024-12-03T14:43:44.017+0000] {logging_mixin.py:190} INFO - нет сообщений
[2024-12-03T14:43:47.019+0000] {logging_mixin.py:190} INFO - нет сообщений
[2024-12-03T14:43:50.021+0000] {logging_mixin.py:190} INFO - нет сообщений
[2024-12-03T14:43:53.022+0000] {logging_mixin.py:190} INFO - нет сообщений
[2024-12-03T14:43:56.024+0000] {logging_mixin.py:190} INFO - нет сообщений
[2024-12-03T14:43:59.027+0000] {logging_mixin.py:190} INFO - нет сообщений
[2024-12-03T14:44:02.029+0000] {logging_mixin.py:190} INFO - нет сообщений
[2024-12-03T14:44:05.032+0000] {logging_mixin.py:190} INFO - нет сообщений
[2024-12-03T14:44:08.035+0000] {logging_mixin.py:190} INFO - нет сообщений
[2024-12-03T14:44:11.038+0000] {logging_mixin.py:190} INFO - нет сообщений
[2024-12-03T14:44:14.041+0000] {logging_mixin.py:190} INFO - нет сообщений
[2024-12-03T14:44:17.046+0000] {logging_mixin.py:190} INFO - нет сообщений
[2024-12-03T14:44:20.048+0000] {logging_mixin.py:190} INFO - нет сообщений
[2024-12-03T14:44:23.049+0000] {logging_mixin.py:190} INFO - нет сообщений
[2024-12-03T14:44:26.051+0000] {logging_mixin.py:190} INFO - нет сообщений
[2024-12-03T14:44:29.054+0000] {logging_mixin.py:190} INFO - нет сообщений
[2024-12-03T14:44:32.055+0000] {logging_mixin.py:190} INFO - нет сообщений
[2024-12-03T14:44:35.057+0000] {logging_mixin.py:190} INFO - нет сообщений
[2024-12-03T14:44:38.059+0000] {logging_mixin.py:190} INFO - нет сообщений
[2024-12-03T14:44:41.062+0000] {logging_mixin.py:190} INFO - нет сообщений
[2024-12-03T14:44:44.063+0000] {logging_mixin.py:190} INFO - нет сообщений
[2024-12-03T14:44:47.065+0000] {logging_mixin.py:190} INFO - нет сообщений
[2024-12-03T14:44:50.084+0000] {logging_mixin.py:190} INFO - нет сообщений
[2024-12-03T14:44:53.085+0000] {logging_mixin.py:190} INFO - нет сообщений
[2024-12-03T14:44:56.088+0000] {logging_mixin.py:190} INFO - нет сообщений
[2024-12-03T14:44:59.089+0000] {logging_mixin.py:190} INFO - нет сообщений
[2024-12-03T14:45:02.091+0000] {logging_mixin.py:190} INFO - нет сообщений
[2024-12-03T14:45:05.096+0000] {logging_mixin.py:190} INFO - нет сообщений
[2024-12-03T14:45:08.098+0000] {logging_mixin.py:190} INFO - нет сообщений
[2024-12-03T14:45:11.100+0000] {logging_mixin.py:190} INFO - нет сообщений
[2024-12-03T14:45:14.103+0000] {logging_mixin.py:190} INFO - нет сообщений
[2024-12-03T14:45:17.106+0000] {logging_mixin.py:190} INFO - нет сообщений
[2024-12-03T14:45:20.145+0000] {logging_mixin.py:190} INFO - нет сообщений
[2024-12-03T14:45:23.148+0000] {logging_mixin.py:190} INFO - нет сообщений
[2024-12-03T14:45:26.154+0000] {logging_mixin.py:190} INFO - нет сообщений
[2024-12-03T14:45:29.155+0000] {logging_mixin.py:190} INFO - нет сообщений
[2024-12-03T14:45:32.157+0000] {logging_mixin.py:190} INFO - нет сообщений
[2024-12-03T14:45:35.175+0000] {logging_mixin.py:190} INFO - нет сообщений
[2024-12-03T14:45:38.177+0000] {logging_mixin.py:190} INFO - нет сообщений
[2024-12-03T14:45:41.179+0000] {logging_mixin.py:190} INFO - нет сообщений
[2024-12-03T14:45:44.181+0000] {logging_mixin.py:190} INFO - нет сообщений
[2024-12-03T14:45:47.182+0000] {logging_mixin.py:190} INFO - нет сообщений
[2024-12-03T14:45:50.242+0000] {logging_mixin.py:190} INFO - нет сообщений
[2024-12-03T14:45:53.244+0000] {logging_mixin.py:190} INFO - нет сообщений
[2024-12-03T14:45:56.246+0000] {logging_mixin.py:190} INFO - нет сообщений
[2024-12-03T14:45:59.249+0000] {logging_mixin.py:190} INFO - нет сообщений
[2024-12-03T14:46:02.252+0000] {logging_mixin.py:190} INFO - нет сообщений
[2024-12-03T14:46:05.255+0000] {logging_mixin.py:190} INFO - нет сообщений
[2024-12-03T14:46:08.256+0000] {logging_mixin.py:190} INFO - нет сообщений
[2024-12-03T14:46:11.257+0000] {logging_mixin.py:190} INFO - нет сообщений
[2024-12-03T14:46:14.259+0000] {logging_mixin.py:190} INFO - нет сообщений
[2024-12-03T14:46:17.260+0000] {logging_mixin.py:190} INFO - нет сообщений
[2024-12-03T14:46:20.262+0000] {logging_mixin.py:190} INFO - нет сообщений
[2024-12-03T14:46:23.266+0000] {logging_mixin.py:190} INFO - нет сообщений
[2024-12-03T14:46:26.269+0000] {logging_mixin.py:190} INFO - нет сообщений
[2024-12-03T14:46:29.273+0000] {logging_mixin.py:190} INFO - нет сообщений
[2024-12-03T14:46:32.275+0000] {logging_mixin.py:190} INFO - нет сообщений
[2024-12-03T14:46:35.276+0000] {logging_mixin.py:190} INFO - нет сообщений
[2024-12-03T14:46:38.282+0000] {logging_mixin.py:190} INFO - нет сообщений
[2024-12-03T14:46:41.285+0000] {logging_mixin.py:190} INFO - нет сообщений
[2024-12-03T14:46:44.287+0000] {logging_mixin.py:190} INFO - нет сообщений
[2024-12-03T14:46:47.288+0000] {logging_mixin.py:190} INFO - нет сообщений
[2024-12-03T14:46:50.290+0000] {logging_mixin.py:190} INFO - нет сообщений
[2024-12-03T14:46:53.291+0000] {logging_mixin.py:190} INFO - нет сообщений
[2024-12-03T14:46:56.293+0000] {logging_mixin.py:190} INFO - нет сообщений
[2024-12-03T14:46:59.295+0000] {logging_mixin.py:190} INFO - нет сообщений
[2024-12-03T14:47:02.297+0000] {logging_mixin.py:190} INFO - нет сообщений
[2024-12-03T14:47:05.299+0000] {logging_mixin.py:190} INFO - нет сообщений
[2024-12-03T14:47:08.303+0000] {logging_mixin.py:190} INFO - нет сообщений
[2024-12-03T14:47:11.306+0000] {logging_mixin.py:190} INFO - нет сообщений
[2024-12-03T14:47:14.307+0000] {logging_mixin.py:190} INFO - нет сообщений
[2024-12-03T14:47:17.313+0000] {logging_mixin.py:190} INFO - нет сообщений
[2024-12-03T14:47:20.316+0000] {logging_mixin.py:190} INFO - нет сообщений
[2024-12-03T14:47:23.318+0000] {logging_mixin.py:190} INFO - нет сообщений
[2024-12-03T14:47:26.319+0000] {logging_mixin.py:190} INFO - нет сообщений
[2024-12-03T14:47:29.321+0000] {logging_mixin.py:190} INFO - нет сообщений
[2024-12-03T14:47:32.323+0000] {logging_mixin.py:190} INFO - нет сообщений
[2024-12-03T14:47:35.326+0000] {logging_mixin.py:190} INFO - нет сообщений
[2024-12-03T14:47:38.330+0000] {logging_mixin.py:190} INFO - нет сообщений
[2024-12-03T14:47:41.333+0000] {logging_mixin.py:190} INFO - нет сообщений
[2024-12-03T14:47:44.335+0000] {logging_mixin.py:190} INFO - нет сообщений
[2024-12-03T14:47:47.336+0000] {logging_mixin.py:190} INFO - нет сообщений
[2024-12-03T14:47:50.337+0000] {logging_mixin.py:190} INFO - нет сообщений
[2024-12-03T14:47:53.339+0000] {logging_mixin.py:190} INFO - нет сообщений
[2024-12-03T14:47:56.341+0000] {logging_mixin.py:190} INFO - нет сообщений
[2024-12-03T14:47:59.342+0000] {logging_mixin.py:190} INFO - нет сообщений
[2024-12-03T14:48:02.344+0000] {logging_mixin.py:190} INFO - нет сообщений
[2024-12-03T14:48:05.347+0000] {logging_mixin.py:190} INFO - нет сообщений
[2024-12-03T14:48:08.353+0000] {logging_mixin.py:190} INFO - нет сообщений
[2024-12-03T14:48:11.355+0000] {logging_mixin.py:190} INFO - нет сообщений
[2024-12-03T14:48:14.357+0000] {logging_mixin.py:190} INFO - нет сообщений
[2024-12-03T14:48:17.362+0000] {logging_mixin.py:190} INFO - нет сообщений
[2024-12-03T14:48:20.366+0000] {logging_mixin.py:190} INFO - нет сообщений
[2024-12-03T14:48:23.368+0000] {logging_mixin.py:190} INFO - нет сообщений
[2024-12-03T14:48:26.369+0000] {logging_mixin.py:190} INFO - нет сообщений
[2024-12-03T14:48:29.371+0000] {logging_mixin.py:190} INFO - нет сообщений
[2024-12-03T14:48:32.372+0000] {logging_mixin.py:190} INFO - нет сообщений
[2024-12-03T14:48:35.374+0000] {logging_mixin.py:190} INFO - нет сообщений
[2024-12-03T14:48:38.378+0000] {logging_mixin.py:190} INFO - нет сообщений
[2024-12-03T14:48:41.406+0000] {logging_mixin.py:190} INFO - нет сообщений
[2024-12-03T14:48:44.408+0000] {logging_mixin.py:190} INFO - нет сообщений
[2024-12-03T14:48:47.411+0000] {logging_mixin.py:190} INFO - нет сообщений
[2024-12-03T14:48:50.412+0000] {logging_mixin.py:190} INFO - нет сообщений
[2024-12-03T14:48:53.416+0000] {logging_mixin.py:190} INFO - нет сообщений
[2024-12-03T14:48:56.420+0000] {logging_mixin.py:190} INFO - нет сообщений
[2024-12-03T14:48:59.422+0000] {logging_mixin.py:190} INFO - нет сообщений
[2024-12-03T14:49:02.427+0000] {logging_mixin.py:190} INFO - нет сообщений
[2024-12-03T14:49:05.429+0000] {logging_mixin.py:190} INFO - нет сообщений
[2024-12-03T14:49:08.431+0000] {logging_mixin.py:190} INFO - нет сообщений
[2024-12-03T14:49:11.435+0000] {logging_mixin.py:190} INFO - нет сообщений
[2024-12-03T14:49:14.437+0000] {logging_mixin.py:190} INFO - нет сообщений
[2024-12-03T14:49:17.440+0000] {logging_mixin.py:190} INFO - нет сообщений
[2024-12-03T14:49:20.441+0000] {logging_mixin.py:190} INFO - нет сообщений
[2024-12-03T14:49:23.442+0000] {logging_mixin.py:190} INFO - нет сообщений
[2024-12-03T14:49:26.444+0000] {logging_mixin.py:190} INFO - нет сообщений
[2024-12-03T14:49:29.445+0000] {logging_mixin.py:190} INFO - нет сообщений
[2024-12-03T14:49:32.446+0000] {logging_mixin.py:190} INFO - нет сообщений
[2024-12-03T14:49:35.447+0000] {logging_mixin.py:190} INFO - нет сообщений
[2024-12-03T14:49:38.449+0000] {logging_mixin.py:190} INFO - нет сообщений
[2024-12-03T14:49:41.451+0000] {logging_mixin.py:190} INFO - нет сообщений
[2024-12-03T14:49:44.455+0000] {logging_mixin.py:190} INFO - нет сообщений
[2024-12-03T14:49:47.460+0000] {logging_mixin.py:190} INFO - нет сообщений
[2024-12-03T14:49:50.481+0000] {logging_mixin.py:190} INFO - нет сообщений
[2024-12-03T14:49:53.483+0000] {logging_mixin.py:190} INFO - нет сообщений
[2024-12-03T14:49:56.485+0000] {logging_mixin.py:190} INFO - нет сообщений
[2024-12-03T14:49:59.489+0000] {logging_mixin.py:190} INFO - нет сообщений
[2024-12-03T14:50:02.491+0000] {logging_mixin.py:190} INFO - нет сообщений
[2024-12-03T14:50:05.492+0000] {logging_mixin.py:190} INFO - нет сообщений
[2024-12-03T14:50:08.494+0000] {logging_mixin.py:190} INFO - нет сообщений
[2024-12-03T14:50:11.495+0000] {logging_mixin.py:190} INFO - нет сообщений
[2024-12-03T14:50:14.498+0000] {logging_mixin.py:190} INFO - нет сообщений
[2024-12-03T14:50:17.499+0000] {logging_mixin.py:190} INFO - нет сообщений
[2024-12-03T14:50:20.503+0000] {logging_mixin.py:190} INFO - нет сообщений
[2024-12-03T14:50:23.504+0000] {logging_mixin.py:190} INFO - нет сообщений
[2024-12-03T14:50:26.506+0000] {logging_mixin.py:190} INFO - нет сообщений
[2024-12-03T14:50:29.507+0000] {logging_mixin.py:190} INFO - нет сообщений
[2024-12-03T14:50:32.508+0000] {logging_mixin.py:190} INFO - нет сообщений
[2024-12-03T14:50:35.510+0000] {logging_mixin.py:190} INFO - нет сообщений
[2024-12-03T14:50:38.514+0000] {logging_mixin.py:190} INFO - нет сообщений
[2024-12-03T14:50:41.515+0000] {logging_mixin.py:190} INFO - нет сообщений
[2024-12-03T14:50:44.631+0000] {logging_mixin.py:190} INFO - нет сообщений
[2024-12-03T14:50:47.633+0000] {logging_mixin.py:190} INFO - нет сообщений
[2024-12-03T14:50:50.635+0000] {logging_mixin.py:190} INFO - нет сообщений
[2024-12-03T14:50:53.637+0000] {logging_mixin.py:190} INFO - нет сообщений
[2024-12-03T14:50:56.639+0000] {logging_mixin.py:190} INFO - нет сообщений
[2024-12-03T14:50:59.641+0000] {logging_mixin.py:190} INFO - нет сообщений
[2024-12-03T14:51:02.642+0000] {logging_mixin.py:190} INFO - нет сообщений
[2024-12-03T14:51:05.644+0000] {logging_mixin.py:190} INFO - нет сообщений
[2024-12-03T14:51:08.648+0000] {logging_mixin.py:190} INFO - нет сообщений
[2024-12-03T14:51:11.650+0000] {logging_mixin.py:190} INFO - нет сообщений
[2024-12-03T14:51:14.692+0000] {logging_mixin.py:190} INFO - нет сообщений
[2024-12-03T14:51:17.694+0000] {logging_mixin.py:190} INFO - нет сообщений
[2024-12-03T14:51:20.696+0000] {logging_mixin.py:190} INFO - нет сообщений
[2024-12-03T14:51:23.699+0000] {logging_mixin.py:190} INFO - нет сообщений
[2024-12-03T14:51:26.703+0000] {logging_mixin.py:190} INFO - нет сообщений
[2024-12-03T14:51:29.704+0000] {logging_mixin.py:190} INFO - нет сообщений
[2024-12-03T14:51:32.705+0000] {logging_mixin.py:190} INFO - нет сообщений
[2024-12-03T14:51:35.708+0000] {logging_mixin.py:190} INFO - нет сообщений
[2024-12-03T14:51:38.711+0000] {logging_mixin.py:190} INFO - нет сообщений
[2024-12-03T14:51:41.712+0000] {logging_mixin.py:190} INFO - нет сообщений
[2024-12-03T14:51:44.713+0000] {logging_mixin.py:190} INFO - нет сообщений
[2024-12-03T14:51:47.721+0000] {logging_mixin.py:190} INFO - нет сообщений
[2024-12-03T14:51:50.723+0000] {logging_mixin.py:190} INFO - нет сообщений
[2024-12-03T14:51:53.725+0000] {logging_mixin.py:190} INFO - нет сообщений
[2024-12-03T14:51:56.727+0000] {logging_mixin.py:190} INFO - нет сообщений
[2024-12-03T14:51:59.729+0000] {logging_mixin.py:190} INFO - нет сообщений
[2024-12-03T14:52:02.731+0000] {logging_mixin.py:190} INFO - нет сообщений
[2024-12-03T14:52:05.737+0000] {logging_mixin.py:190} INFO - нет сообщений
[2024-12-03T14:52:08.739+0000] {logging_mixin.py:190} INFO - нет сообщений
[2024-12-03T14:52:11.740+0000] {logging_mixin.py:190} INFO - нет сообщений
[2024-12-03T14:52:14.744+0000] {logging_mixin.py:190} INFO - нет сообщений
[2024-12-03T14:52:17.751+0000] {logging_mixin.py:190} INFO - нет сообщений
[2024-12-03T14:52:20.753+0000] {logging_mixin.py:190} INFO - нет сообщений
[2024-12-03T14:52:23.755+0000] {logging_mixin.py:190} INFO - нет сообщений
[2024-12-03T14:52:26.758+0000] {logging_mixin.py:190} INFO - нет сообщений
[2024-12-03T14:52:29.759+0000] {logging_mixin.py:190} INFO - нет сообщений
[2024-12-03T14:52:32.762+0000] {logging_mixin.py:190} INFO - нет сообщений
[2024-12-03T14:52:35.764+0000] {logging_mixin.py:190} INFO - нет сообщений
[2024-12-03T14:52:38.767+0000] {logging_mixin.py:190} INFO - нет сообщений
[2024-12-03T14:52:41.768+0000] {logging_mixin.py:190} INFO - нет сообщений
[2024-12-03T14:52:44.772+0000] {logging_mixin.py:190} INFO - нет сообщений
[2024-12-03T14:52:47.775+0000] {logging_mixin.py:190} INFO - нет сообщений
[2024-12-03T14:52:50.776+0000] {logging_mixin.py:190} INFO - нет сообщений
[2024-12-03T14:52:53.778+0000] {logging_mixin.py:190} INFO - нет сообщений
[2024-12-03T14:52:56.779+0000] {logging_mixin.py:190} INFO - нет сообщений
[2024-12-03T14:52:59.784+0000] {logging_mixin.py:190} INFO - нет сообщений
[2024-12-03T14:53:02.786+0000] {logging_mixin.py:190} INFO - нет сообщений
[2024-12-03T14:53:05.788+0000] {logging_mixin.py:190} INFO - нет сообщений
[2024-12-03T14:53:08.792+0000] {logging_mixin.py:190} INFO - нет сообщений
[2024-12-03T14:53:11.794+0000] {logging_mixin.py:190} INFO - нет сообщений
[2024-12-03T14:53:14.796+0000] {logging_mixin.py:190} INFO - нет сообщений
[2024-12-03T14:53:17.800+0000] {logging_mixin.py:190} INFO - нет сообщений
[2024-12-03T14:53:20.803+0000] {logging_mixin.py:190} INFO - нет сообщений
[2024-12-03T14:53:23.806+0000] {logging_mixin.py:190} INFO - нет сообщений
[2024-12-03T14:53:26.809+0000] {logging_mixin.py:190} INFO - нет сообщений
[2024-12-03T14:53:29.810+0000] {logging_mixin.py:190} INFO - нет сообщений
[2024-12-03T14:53:32.812+0000] {logging_mixin.py:190} INFO - нет сообщений
[2024-12-03T14:53:35.813+0000] {logging_mixin.py:190} INFO - нет сообщений
[2024-12-03T14:53:38.815+0000] {logging_mixin.py:190} INFO - нет сообщений
[2024-12-03T14:53:41.817+0000] {logging_mixin.py:190} INFO - нет сообщений
[2024-12-03T14:53:44.818+0000] {logging_mixin.py:190} INFO - нет сообщений
[2024-12-03T14:53:47.819+0000] {logging_mixin.py:190} INFO - нет сообщений
[2024-12-03T14:53:50.824+0000] {logging_mixin.py:190} INFO - нет сообщений
[2024-12-03T14:53:53.828+0000] {logging_mixin.py:190} INFO - нет сообщений
[2024-12-03T14:53:56.833+0000] {logging_mixin.py:190} INFO - нет сообщений
[2024-12-03T14:53:59.835+0000] {logging_mixin.py:190} INFO - нет сообщений
[2024-12-03T14:54:02.837+0000] {logging_mixin.py:190} INFO - нет сообщений
[2024-12-03T14:54:05.839+0000] {logging_mixin.py:190} INFO - нет сообщений
[2024-12-03T14:54:08.843+0000] {logging_mixin.py:190} INFO - нет сообщений
[2024-12-03T14:54:11.845+0000] {logging_mixin.py:190} INFO - нет сообщений
[2024-12-03T14:54:14.846+0000] {logging_mixin.py:190} INFO - нет сообщений
[2024-12-03T14:54:17.850+0000] {logging_mixin.py:190} INFO - нет сообщений
[2024-12-03T14:54:20.854+0000] {logging_mixin.py:190} INFO - нет сообщений
[2024-12-03T14:54:23.857+0000] {logging_mixin.py:190} INFO - нет сообщений
[2024-12-03T14:54:26.858+0000] {logging_mixin.py:190} INFO - нет сообщений
[2024-12-03T14:54:29.859+0000] {logging_mixin.py:190} INFO - нет сообщений
[2024-12-03T14:54:32.861+0000] {logging_mixin.py:190} INFO - нет сообщений
[2024-12-03T14:54:35.864+0000] {logging_mixin.py:190} INFO - нет сообщений
[2024-12-03T14:54:38.868+0000] {logging_mixin.py:190} INFO - нет сообщений
[2024-12-03T14:54:41.869+0000] {logging_mixin.py:190} INFO - нет сообщений
[2024-12-03T14:54:44.871+0000] {logging_mixin.py:190} INFO - нет сообщений
[2024-12-03T14:54:47.875+0000] {logging_mixin.py:190} INFO - нет сообщений
[2024-12-03T14:54:50.876+0000] {logging_mixin.py:190} INFO - нет сообщений
