[2024-12-03T19:13:52.846+0000] {local_task_job_runner.py:123} INFO - ::group::Pre task execution logs
[2024-12-03T19:13:52.862+0000] {taskinstance.py:2613} INFO - Dependencies all met for dep_context=non-requeueable deps ti=<TaskInstance: kafka_to_minio.consume_kafka_to_minio manual__2024-12-03T14:30:20.600474+00:00 [queued]>
[2024-12-03T19:13:52.871+0000] {taskinstance.py:2613} INFO - Dependencies all met for dep_context=requeueable deps ti=<TaskInstance: kafka_to_minio.consume_kafka_to_minio manual__2024-12-03T14:30:20.600474+00:00 [queued]>
[2024-12-03T19:13:52.872+0000] {taskinstance.py:2866} INFO - Starting attempt 2 of 2
[2024-12-03T19:13:52.886+0000] {taskinstance.py:2889} INFO - Executing <Task(PythonOperator): consume_kafka_to_minio> on 2024-12-03 14:30:20.600474+00:00
[2024-12-03T19:13:52.891+0000] {warnings.py:112} WARNING - /home/***/.local/lib/python3.12/site-packages/***/task/task_runner/standard_task_runner.py:70: DeprecationWarning: This process (pid=146) is multi-threaded, use of fork() may lead to deadlocks in the child.
  pid = os.fork()

[2024-12-03T19:13:52.892+0000] {standard_task_runner.py:72} INFO - Started process 147 to run task
[2024-12-03T19:13:52.893+0000] {standard_task_runner.py:104} INFO - Running: ['***', 'tasks', 'run', 'kafka_to_minio', 'consume_kafka_to_minio', 'manual__2024-12-03T14:30:20.600474+00:00', '--job-id', '100', '--raw', '--subdir', 'DAGS_FOLDER/dag2_Kafkas3.py', '--cfg-path', '/tmp/tmppubtya7c']
[2024-12-03T19:13:52.895+0000] {standard_task_runner.py:105} INFO - Job 100: Subtask consume_kafka_to_minio
[2024-12-03T19:13:52.937+0000] {task_command.py:467} INFO - Running <TaskInstance: kafka_to_minio.consume_kafka_to_minio manual__2024-12-03T14:30:20.600474+00:00 [running]> on host 31ac0cc6adcb
[2024-12-03T19:13:53.021+0000] {taskinstance.py:3132} INFO - Exporting env vars: AIRFLOW_CTX_DAG_OWNER='***' AIRFLOW_CTX_DAG_ID='kafka_to_minio' AIRFLOW_CTX_TASK_ID='consume_kafka_to_minio' AIRFLOW_CTX_EXECUTION_DATE='2024-12-03T14:30:20.600474+00:00' AIRFLOW_CTX_TRY_NUMBER='2' AIRFLOW_CTX_DAG_RUN_ID='manual__2024-12-03T14:30:20.600474+00:00'
[2024-12-03T19:13:53.022+0000] {taskinstance.py:731} INFO - ::endgroup::
[2024-12-03T19:13:54.865+0000] {logging_mixin.py:190} INFO - msg= b'JoinGroup failed: Broker: Inconsistent group protocol'
[2024-12-03T19:13:54.866+0000] {logging_mixin.py:190} INFO - key= None
[2024-12-03T19:13:54.867+0000] {taskinstance.py:3311} ERROR - Task failed with exception
Traceback (most recent call last):
  File "/home/airflow/.local/lib/python3.12/site-packages/airflow/models/taskinstance.py", line 767, in _execute_task
    result = _execute_callable(context=context, **execute_callable_kwargs)
             ^^^^^^^^^^^^^^^^^^^^^^^^^^^^^^^^^^^^^^^^^^^^^^^^^^^^^^^^^^^^^
  File "/home/airflow/.local/lib/python3.12/site-packages/airflow/models/taskinstance.py", line 733, in _execute_callable
    return ExecutionCallableRunner(
           ^^^^^^^^^^^^^^^^^^^^^^^^
  File "/home/airflow/.local/lib/python3.12/site-packages/airflow/utils/operator_helpers.py", line 252, in run
    return self.func(*args, **kwargs)
           ^^^^^^^^^^^^^^^^^^^^^^^^^^
  File "/home/airflow/.local/lib/python3.12/site-packages/airflow/models/baseoperator.py", line 417, in wrapper
    return func(self, *args, **kwargs)
           ^^^^^^^^^^^^^^^^^^^^^^^^^^^
  File "/home/airflow/.local/lib/python3.12/site-packages/airflow/operators/python.py", line 238, in execute
    return_value = self.execute_callable()
                   ^^^^^^^^^^^^^^^^^^^^^^^
  File "/home/airflow/.local/lib/python3.12/site-packages/airflow/operators/python.py", line 256, in execute_callable
    return runner.run(*self.op_args, **self.op_kwargs)
           ^^^^^^^^^^^^^^^^^^^^^^^^^^^^^^^^^^^^^^^^^^^
  File "/home/airflow/.local/lib/python3.12/site-packages/airflow/utils/operator_helpers.py", line 252, in run
    return self.func(*args, **kwargs)
           ^^^^^^^^^^^^^^^^^^^^^^^^^^
  File "/opt/airflow/dags/dag2_Kafkas3.py", line 94, in consume_kafka
    deserialized_value = avro_deserializer(msg.value(), SerializationContext(msg.topic(), MessageField.VALUE))
                         ^^^^^^^^^^^^^^^^^^^^^^^^^^^^^^^^^^^^^^^^^^^^^^^^^^^^^^^^^^^^^^^^^^^^^^^^^^^^^^^^^^^^^
  File "/home/airflow/.local/lib/python3.12/site-packages/confluent_kafka/schema_registry/avro.py", line 415, in __call__
    raise SerializationError("Unexpected magic byte {}. This message "
confluent_kafka.serialization.SerializationError: Unexpected magic byte 74. This message was not produced with a Confluent Schema Registry serializer
[2024-12-03T19:13:54.881+0000] {taskinstance.py:1225} INFO - Marking task as FAILED. dag_id=kafka_to_minio, task_id=consume_kafka_to_minio, run_id=manual__2024-12-03T14:30:20.600474+00:00, execution_date=20241203T143020, start_date=20241203T191352, end_date=20241203T191354
[2024-12-03T19:13:54.897+0000] {taskinstance.py:340} INFO - ::group::Post task execution logs
[2024-12-03T19:13:54.898+0000] {standard_task_runner.py:124} ERROR - Failed to execute job 100 for task consume_kafka_to_minio (Unexpected magic byte 74. This message was not produced with a Confluent Schema Registry serializer; 147)
Traceback (most recent call last):
  File "/home/airflow/.local/lib/python3.12/site-packages/airflow/task/task_runner/standard_task_runner.py", line 117, in _start_by_fork
    ret = args.func(args, dag=self.dag)
          ^^^^^^^^^^^^^^^^^^^^^^^^^^^^^
  File "/home/airflow/.local/lib/python3.12/site-packages/airflow/cli/cli_config.py", line 49, in command
    return func(*args, **kwargs)
           ^^^^^^^^^^^^^^^^^^^^^
  File "/home/airflow/.local/lib/python3.12/site-packages/airflow/utils/cli.py", line 116, in wrapper
    return f(*args, **kwargs)
           ^^^^^^^^^^^^^^^^^^
  File "/home/airflow/.local/lib/python3.12/site-packages/airflow/cli/commands/task_command.py", line 483, in task_run
    task_return_code = _run_task_by_selected_method(args, _dag, ti)
                       ^^^^^^^^^^^^^^^^^^^^^^^^^^^^^^^^^^^^^^^^^^^^
  File "/home/airflow/.local/lib/python3.12/site-packages/airflow/cli/commands/task_command.py", line 256, in _run_task_by_selected_method
    return _run_raw_task(args, ti)
           ^^^^^^^^^^^^^^^^^^^^^^^
  File "/home/airflow/.local/lib/python3.12/site-packages/airflow/cli/commands/task_command.py", line 341, in _run_raw_task
    return ti._run_raw_task(
           ^^^^^^^^^^^^^^^^^
  File "/home/airflow/.local/lib/python3.12/site-packages/airflow/utils/session.py", line 97, in wrapper
    return func(*args, session=session, **kwargs)
           ^^^^^^^^^^^^^^^^^^^^^^^^^^^^^^^^^^^^^^
  File "/home/airflow/.local/lib/python3.12/site-packages/airflow/models/taskinstance.py", line 3005, in _run_raw_task
    return _run_raw_task(
           ^^^^^^^^^^^^^^
  File "/home/airflow/.local/lib/python3.12/site-packages/airflow/models/taskinstance.py", line 273, in _run_raw_task
    TaskInstance._execute_task_with_callbacks(
  File "/home/airflow/.local/lib/python3.12/site-packages/airflow/models/taskinstance.py", line 3159, in _execute_task_with_callbacks
    result = self._execute_task(context, task_orig)
             ^^^^^^^^^^^^^^^^^^^^^^^^^^^^^^^^^^^^^^
  File "/home/airflow/.local/lib/python3.12/site-packages/airflow/models/taskinstance.py", line 3183, in _execute_task
    return _execute_task(self, context, task_orig)
           ^^^^^^^^^^^^^^^^^^^^^^^^^^^^^^^^^^^^^^^
  File "/home/airflow/.local/lib/python3.12/site-packages/airflow/models/taskinstance.py", line 767, in _execute_task
    result = _execute_callable(context=context, **execute_callable_kwargs)
             ^^^^^^^^^^^^^^^^^^^^^^^^^^^^^^^^^^^^^^^^^^^^^^^^^^^^^^^^^^^^^
  File "/home/airflow/.local/lib/python3.12/site-packages/airflow/models/taskinstance.py", line 733, in _execute_callable
    return ExecutionCallableRunner(
           ^^^^^^^^^^^^^^^^^^^^^^^^
  File "/home/airflow/.local/lib/python3.12/site-packages/airflow/utils/operator_helpers.py", line 252, in run
    return self.func(*args, **kwargs)
           ^^^^^^^^^^^^^^^^^^^^^^^^^^
  File "/home/airflow/.local/lib/python3.12/site-packages/airflow/models/baseoperator.py", line 417, in wrapper
    return func(self, *args, **kwargs)
           ^^^^^^^^^^^^^^^^^^^^^^^^^^^
  File "/home/airflow/.local/lib/python3.12/site-packages/airflow/operators/python.py", line 238, in execute
    return_value = self.execute_callable()
                   ^^^^^^^^^^^^^^^^^^^^^^^
  File "/home/airflow/.local/lib/python3.12/site-packages/airflow/operators/python.py", line 256, in execute_callable
    return runner.run(*self.op_args, **self.op_kwargs)
           ^^^^^^^^^^^^^^^^^^^^^^^^^^^^^^^^^^^^^^^^^^^
  File "/home/airflow/.local/lib/python3.12/site-packages/airflow/utils/operator_helpers.py", line 252, in run
    return self.func(*args, **kwargs)
           ^^^^^^^^^^^^^^^^^^^^^^^^^^
  File "/opt/airflow/dags/dag2_Kafkas3.py", line 94, in consume_kafka
    deserialized_value = avro_deserializer(msg.value(), SerializationContext(msg.topic(), MessageField.VALUE))
                         ^^^^^^^^^^^^^^^^^^^^^^^^^^^^^^^^^^^^^^^^^^^^^^^^^^^^^^^^^^^^^^^^^^^^^^^^^^^^^^^^^^^^^
  File "/home/airflow/.local/lib/python3.12/site-packages/confluent_kafka/schema_registry/avro.py", line 415, in __call__
    raise SerializationError("Unexpected magic byte {}. This message "
confluent_kafka.serialization.SerializationError: Unexpected magic byte 74. This message was not produced with a Confluent Schema Registry serializer
[2024-12-03T19:13:54.922+0000] {local_task_job_runner.py:266} INFO - Task exited with return code 1
[2024-12-03T19:13:54.937+0000] {taskinstance.py:3895} INFO - 0 downstream tasks scheduled from follow-on schedule check
[2024-12-03T19:13:54.939+0000] {local_task_job_runner.py:245} INFO - ::endgroup::
