[2024-12-03T14:34:43.963+0000] {local_task_job_runner.py:123} INFO - ::group::Pre task execution logs
[2024-12-03T14:34:43.993+0000] {taskinstance.py:2613} INFO - Dependencies all met for dep_context=non-requeueable deps ti=<TaskInstance: mongo_to_kafka.fetch_mongo_data manual__2024-12-03T14:34:41.699065+00:00 [queued]>
[2024-12-03T14:34:44.016+0000] {taskinstance.py:2613} INFO - Dependencies all met for dep_context=requeueable deps ti=<TaskInstance: mongo_to_kafka.fetch_mongo_data manual__2024-12-03T14:34:41.699065+00:00 [queued]>
[2024-12-03T14:34:44.017+0000] {taskinstance.py:2866} INFO - Starting attempt 1 of 2
[2024-12-03T14:34:44.048+0000] {taskinstance.py:2889} INFO - Executing <Task(PythonOperator): fetch_mongo_data> on 2024-12-03 14:34:41.699065+00:00
[2024-12-03T14:34:44.058+0000] {warnings.py:112} WARNING - /home/***/.local/lib/python3.12/site-packages/***/task/task_runner/standard_task_runner.py:70: DeprecationWarning: This process (pid=2755) is multi-threaded, use of fork() may lead to deadlocks in the child.
  pid = os.fork()

[2024-12-03T14:34:44.061+0000] {standard_task_runner.py:72} INFO - Started process 2756 to run task
[2024-12-03T14:34:44.062+0000] {standard_task_runner.py:104} INFO - Running: ['***', 'tasks', 'run', 'mongo_to_kafka', 'fetch_mongo_data', 'manual__2024-12-03T14:34:41.699065+00:00', '--job-id', '50', '--raw', '--subdir', 'DAGS_FOLDER/dag1_MongoKafka.py', '--cfg-path', '/tmp/tmpk6emo9xk']
[2024-12-03T14:34:44.068+0000] {standard_task_runner.py:105} INFO - Job 50: Subtask fetch_mongo_data
[2024-12-03T14:34:44.155+0000] {task_command.py:467} INFO - Running <TaskInstance: mongo_to_kafka.fetch_mongo_data manual__2024-12-03T14:34:41.699065+00:00 [running]> on host 31ac0cc6adcb
[2024-12-03T14:34:44.346+0000] {taskinstance.py:3132} INFO - Exporting env vars: AIRFLOW_CTX_DAG_OWNER='***' AIRFLOW_CTX_DAG_ID='mongo_to_kafka' AIRFLOW_CTX_TASK_ID='fetch_mongo_data' AIRFLOW_CTX_EXECUTION_DATE='2024-12-03T14:34:41.699065+00:00' AIRFLOW_CTX_TRY_NUMBER='1' AIRFLOW_CTX_DAG_RUN_ID='manual__2024-12-03T14:34:41.699065+00:00'
[2024-12-03T14:34:44.350+0000] {taskinstance.py:731} INFO - ::endgroup::
[2024-12-03T14:34:45.996+0000] {logging_mixin.py:190} INFO - Извлечено 1 документов из MongoDB
[2024-12-03T14:34:45.997+0000] {logging_mixin.py:190} INFO - {'_id': '6707fa42840c437097f7b593', 'travel': 3, 'payer': 1, 'amount': 26092, 'code_departure': 'SIN', 'code_arrival': 'ICN', 'number_of_passengers': 4, 'passengers': [{'passenger': 'Zoe Barnaby', 'birth_date': '1993-09-24'}, {'name': 'Ružica Ivančević', 'birth_date': '1995-09-02'}, {'name': 'Timm Raabe', 'birth_date': '1976-11-19'}, {'name': 'Greta Oorschot', 'birth_date': '1993-08-19'}], 'created': '2024-10-10T16:01:06.102000'}
[2024-12-03T14:34:46.070+0000] {python.py:240} INFO - Done. Returned value was: [{'_id': '6707fa42840c437097f7b593', 'travel': 3, 'payer': 1, 'amount': 26092, 'code_departure': 'SIN', 'code_arrival': 'ICN', 'number_of_passengers': 4, 'passengers': [{'passenger': 'Zoe Barnaby', 'birth_date': '1993-09-24'}, {'name': 'Ružica Ivančević', 'birth_date': '1995-09-02'}, {'name': 'Timm Raabe', 'birth_date': '1976-11-19'}, {'name': 'Greta Oorschot', 'birth_date': '1993-08-19'}], 'created': '2024-10-10T16:01:06.102000'}]
[2024-12-03T14:34:46.312+0000] {taskinstance.py:340} INFO - ::group::Post task execution logs
[2024-12-03T14:34:46.313+0000] {taskinstance.py:352} INFO - Marking task as SUCCESS. dag_id=mongo_to_kafka, task_id=fetch_mongo_data, run_id=manual__2024-12-03T14:34:41.699065+00:00, execution_date=20241203T143441, start_date=20241203T143443, end_date=20241203T143446
[2024-12-03T14:34:46.355+0000] {local_task_job_runner.py:266} INFO - Task exited with return code 0
[2024-12-03T14:34:46.380+0000] {taskinstance.py:3895} INFO - 1 downstream tasks scheduled from follow-on schedule check
[2024-12-03T14:34:46.383+0000] {local_task_job_runner.py:245} INFO - ::endgroup::
