[2024-12-05T06:35:52.793+0000] {local_task_job_runner.py:123} INFO - ::group::Pre task execution logs
[2024-12-05T06:35:52.824+0000] {taskinstance.py:2613} INFO - Dependencies all met for dep_context=non-requeueable deps ti=<TaskInstance: consume.consume scheduled__2024-12-04T00:00:00+00:00 [queued]>
[2024-12-05T06:35:52.840+0000] {taskinstance.py:2613} INFO - Dependencies all met for dep_context=requeueable deps ti=<TaskInstance: consume.consume scheduled__2024-12-04T00:00:00+00:00 [queued]>
[2024-12-05T06:35:52.842+0000] {taskinstance.py:2866} INFO - Starting attempt 1 of 2
[2024-12-05T06:35:52.866+0000] {taskinstance.py:2889} INFO - Executing <Task(ConsumeFromTopicOperator): consume> on 2024-12-04 00:00:00+00:00
[2024-12-05T06:35:52.876+0000] {warnings.py:112} WARNING - /home/***/.local/lib/python3.12/site-packages/***/task/task_runner/standard_task_runner.py:70: DeprecationWarning: This process (pid=77) is multi-threaded, use of fork() may lead to deadlocks in the child.
  pid = os.fork()

[2024-12-05T06:35:52.879+0000] {standard_task_runner.py:72} INFO - Started process 79 to run task
[2024-12-05T06:35:52.878+0000] {standard_task_runner.py:104} INFO - Running: ['***', 'tasks', 'run', 'consume', 'consume', 'scheduled__2024-12-04T00:00:00+00:00', '--job-id', '322', '--raw', '--subdir', 'DAGS_FOLDER/test_dags3.py', '--cfg-path', '/tmp/tmpytx0krgz']
[2024-12-05T06:35:52.880+0000] {standard_task_runner.py:105} INFO - Job 322: Subtask consume
[2024-12-05T06:35:52.973+0000] {task_command.py:467} INFO - Running <TaskInstance: consume.consume scheduled__2024-12-04T00:00:00+00:00 [running]> on host bc436253e42c
[2024-12-05T06:35:53.123+0000] {taskinstance.py:3132} INFO - Exporting env vars: AIRFLOW_CTX_DAG_OWNER='***' AIRFLOW_CTX_DAG_ID='consume' AIRFLOW_CTX_TASK_ID='consume' AIRFLOW_CTX_EXECUTION_DATE='2024-12-04T00:00:00+00:00' AIRFLOW_CTX_TRY_NUMBER='1' AIRFLOW_CTX_DAG_RUN_ID='scheduled__2024-12-04T00:00:00+00:00'
[2024-12-05T06:35:53.124+0000] {taskinstance.py:731} INFO - ::endgroup::
[2024-12-05T06:35:53.176+0000] {base.py:84} INFO - Retrieving connection 'kafka_connection'
[2024-12-05T06:36:53.205+0000] {logging_mixin.py:190} INFO - Получено сообщение: <cimpl.Message object at 0x7f7a597789c0>
[2024-12-05T06:36:53.206+0000] {logging_mixin.py:190} INFO - Получено сообщение: <cimpl.Message object at 0x7f7a59778240>
[2024-12-05T06:36:53.207+0000] {logging_mixin.py:190} INFO - Получено сообщение: <cimpl.Message object at 0x7f7a5977aec0>
[2024-12-05T06:36:53.207+0000] {logging_mixin.py:190} INFO - Получено сообщение: <cimpl.Message object at 0x7f7a5977acc0>
[2024-12-05T06:36:53.208+0000] {logging_mixin.py:190} INFO - Получено сообщение: <cimpl.Message object at 0x7f7a5977b0c0>
[2024-12-05T06:36:53.209+0000] {logging_mixin.py:190} INFO - Получено сообщение: <cimpl.Message object at 0x7f7a5977b140>
[2024-12-05T06:36:53.209+0000] {logging_mixin.py:190} INFO - Получено сообщение: <cimpl.Message object at 0x7f7a5977b1c0>
[2024-12-05T06:36:53.210+0000] {logging_mixin.py:190} INFO - Получено сообщение: <cimpl.Message object at 0x7f7a5977b240>
[2024-12-05T06:37:34.243+0000] {logging_mixin.py:190} INFO - Получено сообщение: <cimpl.Message object at 0x7f7a5977b340>
[2024-12-05T06:37:34.252+0000] {logging_mixin.py:190} INFO - Получено сообщение: <cimpl.Message object at 0x7f7a5977b3c0>
[2024-12-05T06:37:34.256+0000] {logging_mixin.py:190} INFO - Получено сообщение: <cimpl.Message object at 0x7f7a5977b440>
[2024-12-05T06:37:34.257+0000] {consume.py:182} INFO - committing offset at end_of_operator
[2024-12-05T06:37:34.780+0000] {taskinstance.py:340} INFO - ::group::Post task execution logs
[2024-12-05T06:37:34.781+0000] {taskinstance.py:352} INFO - Marking task as SUCCESS. dag_id=consume, task_id=consume, run_id=scheduled__2024-12-04T00:00:00+00:00, execution_date=20241204T000000, start_date=20241205T063552, end_date=20241205T063734
[2024-12-05T06:37:34.825+0000] {local_task_job_runner.py:266} INFO - Task exited with return code 0
[2024-12-05T06:37:34.855+0000] {taskinstance.py:3895} INFO - 0 downstream tasks scheduled from follow-on schedule check
[2024-12-05T06:37:34.861+0000] {local_task_job_runner.py:245} INFO - ::endgroup::
