[2024-12-07T20:52:12.784+0000] {local_task_job_runner.py:123} INFO - ::group::Pre task execution logs
[2024-12-07T20:52:12.873+0000] {taskinstance.py:2613} INFO - Dependencies all met for dep_context=non-requeueable deps ti=<TaskInstance: dag2_kafka_s3.consume_from_kafka manual__2024-12-07T20:52:01.407437+00:00 [queued]>
[2024-12-07T20:52:12.910+0000] {taskinstance.py:2613} INFO - Dependencies all met for dep_context=requeueable deps ti=<TaskInstance: dag2_kafka_s3.consume_from_kafka manual__2024-12-07T20:52:01.407437+00:00 [queued]>
[2024-12-07T20:52:12.913+0000] {taskinstance.py:2866} INFO - Starting attempt 1 of 2
[2024-12-07T20:52:12.969+0000] {taskinstance.py:2889} INFO - Executing <Task(PythonOperator): consume_from_kafka> on 2024-12-07 20:52:01.407437+00:00
[2024-12-07T20:52:12.986+0000] {warnings.py:112} WARNING - /home/***/.local/lib/python3.12/site-packages/***/task/task_runner/standard_task_runner.py:70: DeprecationWarning: This process (pid=187) is multi-threaded, use of fork() may lead to deadlocks in the child.
  pid = os.fork()

[2024-12-07T20:52:12.992+0000] {standard_task_runner.py:72} INFO - Started process 189 to run task
[2024-12-07T20:52:12.994+0000] {standard_task_runner.py:104} INFO - Running: ['***', 'tasks', 'run', 'dag2_kafka_s3', 'consume_from_kafka', 'manual__2024-12-07T20:52:01.407437+00:00', '--job-id', '592', '--raw', '--subdir', 'DAGS_FOLDER/dag2_kafka_s3.py', '--cfg-path', '/tmp/tmp7uc51bq6']
[2024-12-07T20:52:13.003+0000] {standard_task_runner.py:105} INFO - Job 592: Subtask consume_from_kafka
[2024-12-07T20:52:13.181+0000] {task_command.py:467} INFO - Running <TaskInstance: dag2_kafka_s3.consume_from_kafka manual__2024-12-07T20:52:01.407437+00:00 [running]> on host d7d86e3077c3
[2024-12-07T20:52:13.457+0000] {taskinstance.py:3132} INFO - Exporting env vars: AIRFLOW_CTX_DAG_OWNER='***' AIRFLOW_CTX_DAG_ID='dag2_kafka_s3' AIRFLOW_CTX_TASK_ID='consume_from_kafka' AIRFLOW_CTX_EXECUTION_DATE='2024-12-07T20:52:01.407437+00:00' AIRFLOW_CTX_TRY_NUMBER='1' AIRFLOW_CTX_DAG_RUN_ID='manual__2024-12-07T20:52:01.407437+00:00'
[2024-12-07T20:52:13.461+0000] {taskinstance.py:731} INFO - ::endgroup::
[2024-12-07T20:52:18.582+0000] {logging_mixin.py:190} INFO - No message received
[2024-12-07T20:52:20.667+0000] {logging_mixin.py:190} INFO - Received Avro message: b'\x00\x00\x00\x00\x0b0674ba76b7998660b679ae1bd\x04\x06\x82\x83\x06\x06BOM\x06LAX\n\n\x18Jayden Slawa\x141962-09-16 Gabriele Rogstad\x141971-07-01\x14Lars Owren\x141970-06-10\x14Mason Rose\x141996-07-08\x14Veer Patil\x141972-11-19\x0002024-12-01T00:01:46.804Z'
[2024-12-07T20:52:20.669+0000] {logging_mixin.py:190} INFO - Received Avro message: b'\x00\x00\x00\x00\x0b0674ba76b7998660b679ae1be\x08\x08\xa0\xe3\x01\x06SYD\x06LIS\x04\x04\x1cCarla Jim\xc3\xa9nez\x141982-03-11\x1eMiguel Iglesias\x141978-05-20\x0002024-12-01T00:01:47.621Z'
[2024-12-07T20:52:20.670+0000] {logging_mixin.py:190} INFO - Received Avro message: b'\x00\x00\x00\x00\x0b0674e4a1bc0e97b55fe9b6523L\x02\xec\xed\x04\x06DXB\x06FRA\x04\x04\x16Zoe Barnaby\x141993-09-24\x18Alyssa Owens\x141950-03-27\x0002024-12-03T00:00:19.602Z'
[2024-12-07T20:52:20.671+0000] {logging_mixin.py:190} INFO - Received Avro message: b'\x00\x00\x00\x00\x0b0674e4a1bc0e97b55fe9b6526\x08\x08\xc0\xc6\x03\x06SYD\x06LIS\x08\x08\x1cCarla Jim\xc3\xa9nez\x141982-03-11 Esperanza Mar\xc3\xadn\x141945-01-30\x1cRamiro Mireles\x142000-09-03\x1aLeonel Rol\xc3\xb3n\x141972-01-13\x0002024-12-03T00:00:27.862Z'
[2024-12-07T20:52:20.672+0000] {logging_mixin.py:190} INFO - Received Avro message: b'\x00\x00\x00\x00\x0b0674f9ba0d7721aa60ab76f71L\x02\xd8\xdb\t\x06DXB\x06FRA\x08\x08\x16Zoe Barnaby\x141993-09-24\x14Ruth Denis\x141965-08-19\x1aBecky Hawkins\x141953-09-27\x1aMarcus Leroux\x141950-04-30\x0002024-12-04T00:00:26.642Z'
[2024-12-07T20:52:20.674+0000] {logging_mixin.py:190} INFO - Received Avro message: b'\x00\x00\x00\x00\x0b06750ed28508703540960fc62L\x02\xf6\xb6\x02\x06DXB\x06FRA\x02\x02\x16Zoe Barnaby\x141993-09-24\x0002024-12-05T00:00:13.551Z'
[2024-12-07T20:52:20.675+0000] {logging_mixin.py:190} INFO - Received Avro message: b'\x00\x00\x00\x00\x0b06750ed28508703540960fc63\x06\x04\xec\xcb\x01\x06SIN\x06ICN\x04\x04 Vitomir Moskalci\x141998-09-29\x16Ayla Walker\x141947-06-26\x0002024-12-05T00:00:14.076Z'
[2024-12-07T20:52:20.676+0000] {logging_mixin.py:190} INFO - Received Avro message: b'\x00\x00\x00\x00\x0b067523f0c579d83f10892c49dL\x02\xce\x92\x0c\x06DXB\x06FRA\n\n\x16Zoe Barnaby\x141993-09-24\x1e\xd8\xb1\xd9\x87\xd8\xa7 \xda\xa9\xd9\x88\xd8\xaa\xdb\x8c\x141953-05-29\x1eKristin Steward\x141974-01-29\x18Summer Patel\x141961-11-07\x18Ryan Stenvik\x141959-07-04\x0002024-12-06T00:02:20.255Z'
[2024-12-07T20:52:20.677+0000] {logging_mixin.py:190} INFO - Received Avro message: b'\x00\x00\x00\x00\x0b0675390d4882d22e1546ea170\x06\x04\xd8\x97\x03\x06SIN\x06ICN\x08\x08 Vitomir Moskalci\x141998-09-29\x1eDiedrich Faller\x141956-02-01\x1cSara Mortensen\x141988-03-22 Federico Collazo\x141985-03-25\x0002024-12-07T00:03:25.837Z'
[2024-12-07T20:52:20.678+0000] {logging_mixin.py:190} INFO - Received Avro message: b'\x00\x00\x00\x00\x0b0674ba76b7998660b679ae1bc\x06\x04\xd8\x97\x03\x06SIN\x06ICN\x08\x08 Vitomir Moskalci\x141998-09-29\x1e\xc3\x81ngel Jim\xc3\xa9nez\x141964-04-06\x14Ann Martin\x141959-12-16\x1cSanni Koivisto\x141988-01-27\x0002024-12-01T00:00:24.319Z'
[2024-12-07T20:52:20.679+0000] {logging_mixin.py:190} INFO - Received Avro message: b'\x00\x00\x00\x00\x0b0674cf8cf084132647fe0c8fcL\x02\xce\x92\x0c\x06DXB\x06FRA\n\n\x16Zoe Barnaby\x141993-09-24(Horoshko Chizhevskiy\x141947-06-22\x1aHazel Roberts\x141973-11-11\x1eGraciela V\xc3\xa9liz\x141976-02-09\x1cVist Ponomarov\x141950-06-13\x0002024-12-02T00:01:15.729Z'
[2024-12-07T20:52:20.680+0000] {logging_mixin.py:190} INFO - Received Avro message: b'\x00\x00\x00\x00\x0b0674cf8cf084132647fe0c8fd\x06\x04\xf6e\x06SIN\x06ICN\x02\x02 Vitomir Moskalci\x141998-09-29\x0002024-12-02T00:01:15.729Z'
[2024-12-07T20:52:20.681+0000] {logging_mixin.py:190} INFO - Received Avro message: b'\x00\x00\x00\x00\x0b0674e4a1bc0e97b55fe9b6525\x04\x06\xb4\xb4\x02\x06BOM\x06LAX\x04\x04\x18Jayden Slawa\x141962-09-16\x1eAnnerie G\xc3\xbcne\xc5\x9f\x141959-05-31\x0002024-12-03T00:00:24.212Z'
[2024-12-07T20:52:20.682+0000] {logging_mixin.py:190} INFO - Received Avro message: b'\x00\x00\x00\x00\x0b067523f0c579d83f10892c49e\x06\x04\xf6e\x06SIN\x06ICN\x02\x02 Vitomir Moskalci\x141998-09-29\x0002024-12-06T00:02:20.255Z'
[2024-12-07T20:52:20.683+0000] {logging_mixin.py:190} INFO - Received Avro message: b'\x00\x00\x00\x00\x0b0675390d4882d22e1546ea172\x08\x08\x90\xb8\x04\x06SYD\x06LIS\n\n\x1cCarla Jim\xc3\xa9nez\x141982-03-11$Chaitanya Tipparti\x141945-04-07&Ratimir Mihajlovi\xc4\x87\x141986-08-02\x12Barb Neal\x141978-11-27&Hermelinda Saldivar\x141968-04-03\x0002024-12-07T00:03:32.363Z'
[2024-12-07T20:52:20.684+0000] {logging_mixin.py:190} INFO - Received Avro message: b'\x00\x00\x00\x00\x0b0674ba76b7998660b679ae1bbL\x02\xd8\xdb\t\x06DXB\x06FRA\x08\x08\x16Zoe Barnaby\x141993-09-24\x1eAngelika Brecht\x141971-06-19\x1eRodrigo Fuentes\x141976-02-06\x1eOf\xc3\xa9lia Pereira\x141966-04-17\x0002024-12-01T00:00:20.187Z'
[2024-12-07T20:52:20.685+0000] {logging_mixin.py:190} INFO - Received Avro message: b'\x00\x00\x00\x00\x0b0674cf8cf084132647fe0c8fe\x04\x06\xb4\xb4\x02\x06BOM\x06LAX\x04\x04\x18Jayden Slawa\x141962-09-16\x12Sam White\x141950-07-18\x0002024-12-02T00:01:16.572Z'
[2024-12-07T20:52:20.686+0000] {logging_mixin.py:190} INFO - Received Avro message: b'\x00\x00\x00\x00\x0b0674cf8cf084132647fe0c8ff\x08\x08\x90\xb8\x04\x06SYD\x06LIS\n\n\x1cCarla Jim\xc3\xa9nez\x141982-03-11\x16Edita Mamay\x141995-07-20\x16Ruby Turner\x141964-10-08\x1aRida Volwater\x141967-02-21\x16Gautam Shah\x141974-08-29\x0002024-12-02T00:01:19.906Z'
[2024-12-07T20:52:20.686+0000] {logging_mixin.py:190} INFO - Received Avro message: b'\x00\x00\x00\x00\x0b0674e4a1bc0e97b55fe9b6524\x06\x04\xe2\xb1\x02\x06SIN\x06ICN\x06\x06 Vitomir Moskalci\x141998-09-29\x16Por Godunok\x141954-01-23\x1eAlma Kristensen\x141951-11-04\x0002024-12-03T00:00:21.921Z'
[2024-12-07T20:52:20.687+0000] {logging_mixin.py:190} INFO - Received Avro message: b'\x00\x00\x00\x00\x0b0674f9ba0d7721aa60ab76f72\x06\x04\xce\xfd\x03\x06SIN\x06ICN\n\n Vitomir Moskalci\x141998-09-29\x1cEevi Koistinen\x141973-02-22\x1cTeodora Tasi\xc4\x87\x141953-06-14\x1cRolando Vieira\x141966-11-17\x14Laurie Roy\x141987-01-24\x0002024-12-04T00:00:30.330Z'
[2024-12-07T20:52:20.688+0000] {logging_mixin.py:190} INFO - Received Avro message: b'\x00\x00\x00\x00\x0b0674f9ba0d7721aa60ab76f73\x04\x06\xce\xce\x03\x06BOM\x06LAX\x06\x06\x18Jayden Slawa\x141962-09-16(Dulcin\xc3\xa9ia Rodrigues\x141997-08-24\x1eMargarita Petit\x141972-10-07\x0002024-12-04T00:00:32.120Z'
[2024-12-07T20:52:20.689+0000] {logging_mixin.py:190} INFO - Received Avro message: b'\x00\x00\x00\x00\x0b06750ed28508703540960fc64\x04\x06\x82\x83\x06\x06BOM\x06LAX\n\n\x18Jayden Slawa\x141962-09-16\x1cL\xc3\xa1szl\xc3\xb3 Walta\x141981-08-14\x12Vega Kinn\x142000-12-19\x1cGunter Pfennig\x141977-12-22\x1cSophia Laurent\x141984-06-10\x0002024-12-05T00:00:40.309Z'
[2024-12-07T20:52:20.690+0000] {logging_mixin.py:190} INFO - Received Avro message: b'\x00\x00\x00\x00\x0b06752e5b2a92f47e38e6bcfb9L\x02\xd8\xdb\t\x06DXB\x06FRA\x08\x08\x16Zoe Barnaby\x141993-09-24\x16Noelle Aden\x141990-02-03\x1aBojan Gautier\x141991-04-25\x1eRamon Fernandez\x141995-10-02\x0002024-12-06T11:53:22.709Z'
[2024-12-07T20:52:20.691+0000] {logging_mixin.py:190} INFO - Received Avro message: b'\x00\x00\x00\x00\x0b0675390d4882d22e1546ea16fL\x02\xf6\xb6\x02\x06DXB\x06FRA\x02\x02\x16Zoe Barnaby\x141993-09-24\x0002024-12-07T00:03:22.763Z'
[2024-12-07T20:52:20.692+0000] {logging_mixin.py:190} INFO - Received Avro message: b'\x00\x00\x00\x00\x0b0675390d4882d22e1546ea171\x04\x06\x82\x83\x06\x06BOM\x06LAX\n\n\x18Jayden Slawa\x141962-09-16&Orimira Vilchinskiy\x141977-02-05&Kuzey D\xc3\xbc\xc5\x9fenkalkar\x141956-01-05 No\xc3\xablle Fournier\x141993-01-23\x1ePeer Schiffmann\x141989-04-18\x0002024-12-07T00:03:29.095Z'
[2024-12-07T20:52:25.694+0000] {logging_mixin.py:190} INFO - No message received
[2024-12-07T20:52:30.695+0000] {logging_mixin.py:190} INFO - No message received
[2024-12-07T20:52:35.697+0000] {logging_mixin.py:190} INFO - No message received
[2024-12-07T20:52:40.700+0000] {logging_mixin.py:190} INFO - No message received
[2024-12-07T20:52:45.736+0000] {logging_mixin.py:190} INFO - No message received
[2024-12-07T20:52:50.739+0000] {logging_mixin.py:190} INFO - No message received
[2024-12-07T20:52:55.744+0000] {logging_mixin.py:190} INFO - No message received
[2024-12-07T20:53:00.746+0000] {logging_mixin.py:190} INFO - No message received
[2024-12-07T20:53:05.747+0000] {logging_mixin.py:190} INFO - No message received
[2024-12-07T20:53:10.749+0000] {logging_mixin.py:190} INFO - No message received
[2024-12-07T20:53:15.752+0000] {logging_mixin.py:190} INFO - No message received
[2024-12-07T20:53:20.755+0000] {logging_mixin.py:190} INFO - No message received
[2024-12-07T20:53:25.757+0000] {logging_mixin.py:190} INFO - No message received
[2024-12-07T20:53:30.759+0000] {logging_mixin.py:190} INFO - No message received
[2024-12-07T20:53:35.761+0000] {logging_mixin.py:190} INFO - No message received
[2024-12-07T20:53:40.764+0000] {logging_mixin.py:190} INFO - No message received
[2024-12-07T20:53:45.765+0000] {logging_mixin.py:190} INFO - No message received
[2024-12-07T20:53:50.768+0000] {logging_mixin.py:190} INFO - No message received
[2024-12-07T20:53:55.771+0000] {logging_mixin.py:190} INFO - No message received
[2024-12-07T20:54:00.773+0000] {logging_mixin.py:190} INFO - No message received
[2024-12-07T20:54:05.775+0000] {logging_mixin.py:190} INFO - No message received
[2024-12-07T20:54:10.778+0000] {logging_mixin.py:190} INFO - No message received
[2024-12-07T20:54:15.779+0000] {logging_mixin.py:190} INFO - No message received
[2024-12-07T20:54:20.780+0000] {logging_mixin.py:190} INFO - No message received
[2024-12-07T20:54:25.782+0000] {logging_mixin.py:190} INFO - No message received
[2024-12-07T20:54:30.785+0000] {logging_mixin.py:190} INFO - No message received
[2024-12-07T20:54:35.787+0000] {logging_mixin.py:190} INFO - No message received
[2024-12-07T20:54:40.789+0000] {logging_mixin.py:190} INFO - No message received
[2024-12-07T20:54:45.791+0000] {logging_mixin.py:190} INFO - No message received
[2024-12-07T20:54:50.794+0000] {logging_mixin.py:190} INFO - No message received
[2024-12-07T20:54:55.796+0000] {logging_mixin.py:190} INFO - No message received
[2024-12-07T20:55:00.798+0000] {logging_mixin.py:190} INFO - No message received
[2024-12-07T20:55:05.799+0000] {logging_mixin.py:190} INFO - No message received
[2024-12-07T20:55:10.801+0000] {logging_mixin.py:190} INFO - No message received
[2024-12-07T20:55:15.802+0000] {logging_mixin.py:190} INFO - No message received
[2024-12-07T20:55:20.805+0000] {logging_mixin.py:190} INFO - No message received
[2024-12-07T20:55:25.808+0000] {logging_mixin.py:190} INFO - No message received
[2024-12-07T20:55:30.811+0000] {logging_mixin.py:190} INFO - No message received
[2024-12-07T20:55:35.813+0000] {logging_mixin.py:190} INFO - No message received
[2024-12-07T20:55:40.820+0000] {logging_mixin.py:190} INFO - No message received
[2024-12-07T20:55:41.727+0000] {local_task_job_runner.py:346} WARNING - State of this instance has been externally set to success. Terminating instance.
[2024-12-07T20:55:41.729+0000] {local_task_job_runner.py:245} INFO - ::endgroup::
[2024-12-07T20:55:41.732+0000] {process_utils.py:132} INFO - Sending 15 to group 189. PIDs of all processes in the group: [189]
[2024-12-07T20:55:41.734+0000] {process_utils.py:87} INFO - Sending the signal 15 to group 189
[2024-12-07T20:55:45.823+0000] {taskinstance.py:3093} ERROR - Received SIGTERM. Terminating subprocesses.
[2024-12-07T20:55:46.547+0000] {taskinstance.py:340} INFO - ::group::Post task execution logs
[2024-12-07T20:55:46.606+0000] {process_utils.py:80} INFO - Process psutil.Process(pid=189, status='terminated', exitcode=0, started='20:52:12') (189) terminated with exit code 0
