[2024-12-05T23:25:54.744+0000] {local_task_job_runner.py:123} INFO - ::group::Pre task execution logs
[2024-12-05T23:25:54.767+0000] {taskinstance.py:2613} INFO - Dependencies all met for dep_context=non-requeueable deps ti=<TaskInstance: dag2.consume_from_topic manual__2024-12-05T23:25:53.403201+00:00 [queued]>
[2024-12-05T23:25:54.778+0000] {taskinstance.py:2613} INFO - Dependencies all met for dep_context=requeueable deps ti=<TaskInstance: dag2.consume_from_topic manual__2024-12-05T23:25:53.403201+00:00 [queued]>
[2024-12-05T23:25:54.780+0000] {taskinstance.py:2866} INFO - Starting attempt 1 of 2
[2024-12-05T23:25:54.796+0000] {taskinstance.py:2889} INFO - Executing <Task(ConsumeFromTopicOperator): consume_from_topic> on 2024-12-05 23:25:53.403201+00:00
[2024-12-05T23:25:54.800+0000] {warnings.py:112} WARNING - /home/***/.local/lib/python3.12/site-packages/***/task/task_runner/standard_task_runner.py:70: DeprecationWarning: This process (pid=11092) is multi-threaded, use of fork() may lead to deadlocks in the child.
  pid = os.fork()

[2024-12-05T23:25:54.802+0000] {standard_task_runner.py:72} INFO - Started process 11093 to run task
[2024-12-05T23:25:54.803+0000] {standard_task_runner.py:104} INFO - Running: ['***', 'tasks', 'run', 'dag2', 'consume_from_topic', 'manual__2024-12-05T23:25:53.403201+00:00', '--job-id', '373', '--raw', '--subdir', 'DAGS_FOLDER/dag2_Kafkas3.py', '--cfg-path', '/tmp/tmp2rcwftk3']
[2024-12-05T23:25:54.805+0000] {standard_task_runner.py:105} INFO - Job 373: Subtask consume_from_topic
[2024-12-05T23:25:54.848+0000] {task_command.py:467} INFO - Running <TaskInstance: dag2.consume_from_topic manual__2024-12-05T23:25:53.403201+00:00 [running]> on host bc436253e42c
[2024-12-05T23:25:54.940+0000] {taskinstance.py:3132} INFO - Exporting env vars: AIRFLOW_CTX_DAG_OWNER='***' AIRFLOW_CTX_DAG_ID='dag2' AIRFLOW_CTX_TASK_ID='consume_from_topic' AIRFLOW_CTX_EXECUTION_DATE='2024-12-05T23:25:53.403201+00:00' AIRFLOW_CTX_TRY_NUMBER='1' AIRFLOW_CTX_DAG_RUN_ID='manual__2024-12-05T23:25:53.403201+00:00'
[2024-12-05T23:25:54.941+0000] {taskinstance.py:731} INFO - ::endgroup::
[2024-12-05T23:25:54.966+0000] {base.py:84} INFO - Retrieving connection 'kafka_connection'
[2024-12-05T23:26:54.969+0000] {consume.py:167} INFO - Reached end of log. Exiting.
[2024-12-05T23:26:54.970+0000] {consume.py:182} INFO - committing offset at end_of_operator
[2024-12-05T23:26:55.245+0000] {taskinstance.py:340} INFO - ::group::Post task execution logs
[2024-12-05T23:26:55.246+0000] {taskinstance.py:352} INFO - Marking task as SUCCESS. dag_id=dag2, task_id=consume_from_topic, run_id=manual__2024-12-05T23:25:53.403201+00:00, execution_date=20241205T232553, start_date=20241205T232554, end_date=20241205T232655
[2024-12-05T23:26:55.267+0000] {local_task_job_runner.py:266} INFO - Task exited with return code 0
[2024-12-05T23:26:55.284+0000] {taskinstance.py:3895} INFO - 0 downstream tasks scheduled from follow-on schedule check
[2024-12-05T23:26:55.286+0000] {local_task_job_runner.py:245} INFO - ::endgroup::
