[2024-12-05T08:43:41.215+0000] {local_task_job_runner.py:123} INFO - ::group::Pre task execution logs
[2024-12-05T08:43:41.232+0000] {taskinstance.py:2613} INFO - Dependencies all met for dep_context=non-requeueable deps ti=<TaskInstance: new.fetch_mongo_data manual__2024-12-05T08:43:39.785523+00:00 [queued]>
[2024-12-05T08:43:41.241+0000] {taskinstance.py:2613} INFO - Dependencies all met for dep_context=requeueable deps ti=<TaskInstance: new.fetch_mongo_data manual__2024-12-05T08:43:39.785523+00:00 [queued]>
[2024-12-05T08:43:41.242+0000] {taskinstance.py:2866} INFO - Starting attempt 1 of 2
[2024-12-05T08:43:41.256+0000] {taskinstance.py:2889} INFO - Executing <Task(PythonOperator): fetch_mongo_data> on 2024-12-05 08:43:39.785523+00:00
[2024-12-05T08:43:41.261+0000] {warnings.py:112} WARNING - /home/***/.local/lib/python3.12/site-packages/***/task/task_runner/standard_task_runner.py:70: DeprecationWarning: This process (pid=1619) is multi-threaded, use of fork() may lead to deadlocks in the child.
  pid = os.fork()

[2024-12-05T08:43:41.262+0000] {standard_task_runner.py:72} INFO - Started process 1620 to run task
[2024-12-05T08:43:41.263+0000] {standard_task_runner.py:104} INFO - Running: ['***', 'tasks', 'run', 'new', 'fetch_mongo_data', 'manual__2024-12-05T08:43:39.785523+00:00', '--job-id', '348', '--raw', '--subdir', 'DAGS_FOLDER/new2.py', '--cfg-path', '/tmp/tmp7nij3u4d']
[2024-12-05T08:43:41.265+0000] {standard_task_runner.py:105} INFO - Job 348: Subtask fetch_mongo_data
[2024-12-05T08:43:41.305+0000] {task_command.py:467} INFO - Running <TaskInstance: new.fetch_mongo_data manual__2024-12-05T08:43:39.785523+00:00 [running]> on host bc436253e42c
[2024-12-05T08:43:41.393+0000] {taskinstance.py:3132} INFO - Exporting env vars: AIRFLOW_CTX_DAG_OWNER='***' AIRFLOW_CTX_DAG_ID='new' AIRFLOW_CTX_TASK_ID='fetch_mongo_data' AIRFLOW_CTX_EXECUTION_DATE='2024-12-05T08:43:39.785523+00:00' AIRFLOW_CTX_TRY_NUMBER='1' AIRFLOW_CTX_DAG_RUN_ID='manual__2024-12-05T08:43:39.785523+00:00'
[2024-12-05T08:43:41.394+0000] {taskinstance.py:731} INFO - ::endgroup::
[2024-12-05T08:43:42.901+0000] {logging_mixin.py:190} INFO - Извлечено 2 документов из MongoDB
[2024-12-05T08:43:42.903+0000] {logging_mixin.py:190} INFO - Обработанные документы: [{'_id': '6707fa42840c437097f7b593', 'travel': 3, 'payer': 1, 'amount': 26092, 'code_departure': 'SIN', 'code_arrival': 'ICN', 'number_of_passengers': 4, 'passengers': [{'passenger': 'Zoe Barnaby', 'birth_date': '1993-09-24'}, {'name': 'Ružica Ivančević', 'birth_date': '1995-09-02'}, {'name': 'Timm Raabe', 'birth_date': '1976-11-19'}, {'name': 'Greta Oorschot', 'birth_date': '1993-08-19'}], 'created': '2024-10-10T16:01:06.102000'}, {'_id': '6707fa469a6e091126308054', 'travel': 1, 'payer': 4, 'amount': 9835, 'code_departure': 'DUB', 'code_arrival': 'BKK', 'number_of_passengers': 1, 'passengers': [{'passenger': 'Carla Jiménez', 'birth_date': '1982-03-11'}], 'created': '2024-10-10T16:01:10.152000'}]
[2024-12-05T08:43:42.990+0000] {python.py:240} INFO - Done. Returned value was: [{'_id': '6707fa42840c437097f7b593', 'travel': 3, 'payer': 1, 'amount': 26092, 'code_departure': 'SIN', 'code_arrival': 'ICN', 'number_of_passengers': 4, 'passengers': [{'passenger': 'Zoe Barnaby', 'birth_date': '1993-09-24'}, {'name': 'Ružica Ivančević', 'birth_date': '1995-09-02'}, {'name': 'Timm Raabe', 'birth_date': '1976-11-19'}, {'name': 'Greta Oorschot', 'birth_date': '1993-08-19'}], 'created': '2024-10-10T16:01:06.102000'}, {'_id': '6707fa469a6e091126308054', 'travel': 1, 'payer': 4, 'amount': 9835, 'code_departure': 'DUB', 'code_arrival': 'BKK', 'number_of_passengers': 1, 'passengers': [{'passenger': 'Carla Jiménez', 'birth_date': '1982-03-11'}], 'created': '2024-10-10T16:01:10.152000'}]
[2024-12-05T08:43:43.168+0000] {taskinstance.py:340} INFO - ::group::Post task execution logs
[2024-12-05T08:43:43.169+0000] {taskinstance.py:352} INFO - Marking task as SUCCESS. dag_id=new, task_id=fetch_mongo_data, run_id=manual__2024-12-05T08:43:39.785523+00:00, execution_date=20241205T084339, start_date=20241205T084341, end_date=20241205T084343
[2024-12-05T08:43:43.206+0000] {local_task_job_runner.py:266} INFO - Task exited with return code 0
[2024-12-05T08:43:43.244+0000] {taskinstance.py:3895} INFO - 1 downstream tasks scheduled from follow-on schedule check
[2024-12-05T08:43:43.247+0000] {local_task_job_runner.py:245} INFO - ::endgroup::
