[2024-12-07T21:26:59.856+0000] {local_task_job_runner.py:123} INFO - ::group::Pre task execution logs
[2024-12-07T21:26:59.877+0000] {taskinstance.py:2613} INFO - Dependencies all met for dep_context=non-requeueable deps ti=<TaskInstance: dag2_kafka_s3.consume_from_kafka manual__2024-12-07T21:26:55.185863+00:00 [queued]>
[2024-12-07T21:26:59.890+0000] {taskinstance.py:2613} INFO - Dependencies all met for dep_context=requeueable deps ti=<TaskInstance: dag2_kafka_s3.consume_from_kafka manual__2024-12-07T21:26:55.185863+00:00 [queued]>
[2024-12-07T21:26:59.891+0000] {taskinstance.py:2866} INFO - Starting attempt 1 of 2
[2024-12-07T21:26:59.909+0000] {taskinstance.py:2889} INFO - Executing <Task(PythonOperator): consume_from_kafka> on 2024-12-07 21:26:55.185863+00:00
[2024-12-07T21:26:59.915+0000] {warnings.py:112} WARNING - /home/***/.local/lib/python3.12/site-packages/***/task/task_runner/standard_task_runner.py:70: DeprecationWarning: This process (pid=870) is multi-threaded, use of fork() may lead to deadlocks in the child.
  pid = os.fork()

[2024-12-07T21:26:59.917+0000] {standard_task_runner.py:72} INFO - Started process 872 to run task
[2024-12-07T21:26:59.917+0000] {standard_task_runner.py:104} INFO - Running: ['***', 'tasks', 'run', 'dag2_kafka_s3', 'consume_from_kafka', 'manual__2024-12-07T21:26:55.185863+00:00', '--job-id', '608', '--raw', '--subdir', 'DAGS_FOLDER/dag2_kafka_s3.py', '--cfg-path', '/tmp/tmpav473gb4']
[2024-12-07T21:26:59.920+0000] {standard_task_runner.py:105} INFO - Job 608: Subtask consume_from_kafka
[2024-12-07T21:26:59.968+0000] {task_command.py:467} INFO - Running <TaskInstance: dag2_kafka_s3.consume_from_kafka manual__2024-12-07T21:26:55.185863+00:00 [running]> on host d7d86e3077c3
[2024-12-07T21:27:00.087+0000] {taskinstance.py:3132} INFO - Exporting env vars: AIRFLOW_CTX_DAG_OWNER='***' AIRFLOW_CTX_DAG_ID='dag2_kafka_s3' AIRFLOW_CTX_TASK_ID='consume_from_kafka' AIRFLOW_CTX_EXECUTION_DATE='2024-12-07T21:26:55.185863+00:00' AIRFLOW_CTX_TRY_NUMBER='1' AIRFLOW_CTX_DAG_RUN_ID='manual__2024-12-07T21:26:55.185863+00:00'
[2024-12-07T21:27:00.089+0000] {taskinstance.py:731} INFO - ::endgroup::
[2024-12-07T21:27:06.074+0000] {logging_mixin.py:190} INFO - <class 'cimpl.Message'>
[2024-12-07T21:27:06.075+0000] {logging_mixin.py:190} INFO - Avro message: b'\x00\x00\x00\x00\x0b0674ba76b7998660b679ae1be\x08\x08\xa0\xe3\x01\x06SYD\x06LIS\x04\x04\x1cCarla Jim\xc3\xa9nez\x141982-03-11\x1eMiguel Iglesias\x141978-05-20\x0002024-12-01T00:01:47.621Z'
[2024-12-07T21:27:06.076+0000] {logging_mixin.py:190} INFO - <class 'cimpl.Message'>
[2024-12-07T21:27:06.076+0000] {logging_mixin.py:190} INFO - Avro message: b'\x00\x00\x00\x00\x0b0674cf8cf084132647fe0c8ff\x08\x08\x90\xb8\x04\x06SYD\x06LIS\n\n\x1cCarla Jim\xc3\xa9nez\x141982-03-11\x16Edita Mamay\x141995-07-20\x16Ruby Turner\x141964-10-08\x1aRida Volwater\x141967-02-21\x16Gautam Shah\x141974-08-29\x0002024-12-02T00:01:19.906Z'
[2024-12-07T21:27:06.077+0000] {logging_mixin.py:190} INFO - <class 'cimpl.Message'>
[2024-12-07T21:27:06.077+0000] {logging_mixin.py:190} INFO - Avro message: b'\x00\x00\x00\x00\x0b0674e4a1bc0e97b55fe9b6523L\x02\xec\xed\x04\x06DXB\x06FRA\x04\x04\x16Zoe Barnaby\x141993-09-24\x18Alyssa Owens\x141950-03-27\x0002024-12-03T00:00:19.602Z'
[2024-12-07T21:27:06.078+0000] {logging_mixin.py:190} INFO - <class 'cimpl.Message'>
[2024-12-07T21:27:06.078+0000] {logging_mixin.py:190} INFO - Avro message: b'\x00\x00\x00\x00\x0b0674e4a1bc0e97b55fe9b6524\x06\x04\xe2\xb1\x02\x06SIN\x06ICN\x06\x06 Vitomir Moskalci\x141998-09-29\x16Por Godunok\x141954-01-23\x1eAlma Kristensen\x141951-11-04\x0002024-12-03T00:00:21.921Z'
[2024-12-07T21:27:06.079+0000] {logging_mixin.py:190} INFO - <class 'cimpl.Message'>
[2024-12-07T21:27:06.079+0000] {logging_mixin.py:190} INFO - Avro message: b'\x00\x00\x00\x00\x0b0675390d4882d22e1546ea16fL\x02\xf6\xb6\x02\x06DXB\x06FRA\x02\x02\x16Zoe Barnaby\x141993-09-24\x0002024-12-07T00:03:22.763Z'
[2024-12-07T21:27:06.079+0000] {logging_mixin.py:190} INFO - <class 'cimpl.Message'>
[2024-12-07T21:27:06.080+0000] {logging_mixin.py:190} INFO - Avro message: b'\x00\x00\x00\x00\x0b0674ba76b7998660b679ae1bc\x06\x04\xd8\x97\x03\x06SIN\x06ICN\x08\x08 Vitomir Moskalci\x141998-09-29\x1e\xc3\x81ngel Jim\xc3\xa9nez\x141964-04-06\x14Ann Martin\x141959-12-16\x1cSanni Koivisto\x141988-01-27\x0002024-12-01T00:00:24.319Z'
[2024-12-07T21:27:06.080+0000] {logging_mixin.py:190} INFO - <class 'cimpl.Message'>
[2024-12-07T21:27:06.080+0000] {logging_mixin.py:190} INFO - Avro message: b'\x00\x00\x00\x00\x0b0674e4a1bc0e97b55fe9b6525\x04\x06\xb4\xb4\x02\x06BOM\x06LAX\x04\x04\x18Jayden Slawa\x141962-09-16\x1eAnnerie G\xc3\xbcne\xc5\x9f\x141959-05-31\x0002024-12-03T00:00:24.212Z'
[2024-12-07T21:27:06.081+0000] {logging_mixin.py:190} INFO - <class 'cimpl.Message'>
[2024-12-07T21:27:06.081+0000] {logging_mixin.py:190} INFO - Avro message: b'\x00\x00\x00\x00\x0b0674f9ba0d7721aa60ab76f71L\x02\xd8\xdb\t\x06DXB\x06FRA\x08\x08\x16Zoe Barnaby\x141993-09-24\x14Ruth Denis\x141965-08-19\x1aBecky Hawkins\x141953-09-27\x1aMarcus Leroux\x141950-04-30\x0002024-12-04T00:00:26.642Z'
[2024-12-07T21:27:06.081+0000] {logging_mixin.py:190} INFO - <class 'cimpl.Message'>
[2024-12-07T21:27:06.082+0000] {logging_mixin.py:190} INFO - Avro message: b'\x00\x00\x00\x00\x0b0674f9ba0d7721aa60ab76f72\x06\x04\xce\xfd\x03\x06SIN\x06ICN\n\n Vitomir Moskalci\x141998-09-29\x1cEevi Koistinen\x141973-02-22\x1cTeodora Tasi\xc4\x87\x141953-06-14\x1cRolando Vieira\x141966-11-17\x14Laurie Roy\x141987-01-24\x0002024-12-04T00:00:30.330Z'
[2024-12-07T21:27:06.082+0000] {logging_mixin.py:190} INFO - <class 'cimpl.Message'>
[2024-12-07T21:27:06.083+0000] {logging_mixin.py:190} INFO - Avro message: b'\x00\x00\x00\x00\x0b0674f9ba0d7721aa60ab76f73\x04\x06\xce\xce\x03\x06BOM\x06LAX\x06\x06\x18Jayden Slawa\x141962-09-16(Dulcin\xc3\xa9ia Rodrigues\x141997-08-24\x1eMargarita Petit\x141972-10-07\x0002024-12-04T00:00:32.120Z'
[2024-12-07T21:27:06.083+0000] {logging_mixin.py:190} INFO - <class 'cimpl.Message'>
[2024-12-07T21:27:06.083+0000] {logging_mixin.py:190} INFO - Avro message: b'\x00\x00\x00\x00\x0b067523f0c579d83f10892c49e\x06\x04\xf6e\x06SIN\x06ICN\x02\x02 Vitomir Moskalci\x141998-09-29\x0002024-12-06T00:02:20.255Z'
[2024-12-07T21:27:06.084+0000] {logging_mixin.py:190} INFO - <class 'cimpl.Message'>
[2024-12-07T21:27:06.084+0000] {logging_mixin.py:190} INFO - Avro message: b'\x00\x00\x00\x00\x0b0675390d4882d22e1546ea170\x06\x04\xd8\x97\x03\x06SIN\x06ICN\x08\x08 Vitomir Moskalci\x141998-09-29\x1eDiedrich Faller\x141956-02-01\x1cSara Mortensen\x141988-03-22 Federico Collazo\x141985-03-25\x0002024-12-07T00:03:25.837Z'
[2024-12-07T21:27:06.085+0000] {logging_mixin.py:190} INFO - <class 'cimpl.Message'>
[2024-12-07T21:27:06.085+0000] {logging_mixin.py:190} INFO - Avro message: b'\x00\x00\x00\x00\x0b0674ba76b7998660b679ae1bbL\x02\xd8\xdb\t\x06DXB\x06FRA\x08\x08\x16Zoe Barnaby\x141993-09-24\x1eAngelika Brecht\x141971-06-19\x1eRodrigo Fuentes\x141976-02-06\x1eOf\xc3\xa9lia Pereira\x141966-04-17\x0002024-12-01T00:00:20.187Z'
[2024-12-07T21:27:06.086+0000] {logging_mixin.py:190} INFO - <class 'cimpl.Message'>
[2024-12-07T21:27:06.086+0000] {logging_mixin.py:190} INFO - Avro message: b'\x00\x00\x00\x00\x0b0674ba76b7998660b679ae1bd\x04\x06\x82\x83\x06\x06BOM\x06LAX\n\n\x18Jayden Slawa\x141962-09-16 Gabriele Rogstad\x141971-07-01\x14Lars Owren\x141970-06-10\x14Mason Rose\x141996-07-08\x14Veer Patil\x141972-11-19\x0002024-12-01T00:01:46.804Z'
[2024-12-07T21:27:06.086+0000] {logging_mixin.py:190} INFO - <class 'cimpl.Message'>
[2024-12-07T21:27:06.087+0000] {logging_mixin.py:190} INFO - Avro message: b'\x00\x00\x00\x00\x0b0674cf8cf084132647fe0c8fcL\x02\xce\x92\x0c\x06DXB\x06FRA\n\n\x16Zoe Barnaby\x141993-09-24(Horoshko Chizhevskiy\x141947-06-22\x1aHazel Roberts\x141973-11-11\x1eGraciela V\xc3\xa9liz\x141976-02-09\x1cVist Ponomarov\x141950-06-13\x0002024-12-02T00:01:15.729Z'
[2024-12-07T21:27:06.087+0000] {logging_mixin.py:190} INFO - <class 'cimpl.Message'>
[2024-12-07T21:27:06.088+0000] {logging_mixin.py:190} INFO - Avro message: b'\x00\x00\x00\x00\x0b0674cf8cf084132647fe0c8fd\x06\x04\xf6e\x06SIN\x06ICN\x02\x02 Vitomir Moskalci\x141998-09-29\x0002024-12-02T00:01:15.729Z'
[2024-12-07T21:27:06.088+0000] {logging_mixin.py:190} INFO - <class 'cimpl.Message'>
[2024-12-07T21:27:06.088+0000] {logging_mixin.py:190} INFO - Avro message: b'\x00\x00\x00\x00\x0b0674cf8cf084132647fe0c8fe\x04\x06\xb4\xb4\x02\x06BOM\x06LAX\x04\x04\x18Jayden Slawa\x141962-09-16\x12Sam White\x141950-07-18\x0002024-12-02T00:01:16.572Z'
[2024-12-07T21:27:06.089+0000] {logging_mixin.py:190} INFO - <class 'cimpl.Message'>
[2024-12-07T21:27:06.089+0000] {logging_mixin.py:190} INFO - Avro message: b'\x00\x00\x00\x00\x0b0674e4a1bc0e97b55fe9b6526\x08\x08\xc0\xc6\x03\x06SYD\x06LIS\x08\x08\x1cCarla Jim\xc3\xa9nez\x141982-03-11 Esperanza Mar\xc3\xadn\x141945-01-30\x1cRamiro Mireles\x142000-09-03\x1aLeonel Rol\xc3\xb3n\x141972-01-13\x0002024-12-03T00:00:27.862Z'
[2024-12-07T21:27:06.090+0000] {logging_mixin.py:190} INFO - <class 'cimpl.Message'>
[2024-12-07T21:27:06.090+0000] {logging_mixin.py:190} INFO - Avro message: b'\x00\x00\x00\x00\x0b06750ed28508703540960fc62L\x02\xf6\xb6\x02\x06DXB\x06FRA\x02\x02\x16Zoe Barnaby\x141993-09-24\x0002024-12-05T00:00:13.551Z'
[2024-12-07T21:27:06.090+0000] {logging_mixin.py:190} INFO - <class 'cimpl.Message'>
[2024-12-07T21:27:06.091+0000] {logging_mixin.py:190} INFO - Avro message: b'\x00\x00\x00\x00\x0b06750ed28508703540960fc63\x06\x04\xec\xcb\x01\x06SIN\x06ICN\x04\x04 Vitomir Moskalci\x141998-09-29\x16Ayla Walker\x141947-06-26\x0002024-12-05T00:00:14.076Z'
[2024-12-07T21:27:06.091+0000] {logging_mixin.py:190} INFO - <class 'cimpl.Message'>
[2024-12-07T21:27:06.091+0000] {logging_mixin.py:190} INFO - Avro message: b'\x00\x00\x00\x00\x0b06750ed28508703540960fc64\x04\x06\x82\x83\x06\x06BOM\x06LAX\n\n\x18Jayden Slawa\x141962-09-16\x1cL\xc3\xa1szl\xc3\xb3 Walta\x141981-08-14\x12Vega Kinn\x142000-12-19\x1cGunter Pfennig\x141977-12-22\x1cSophia Laurent\x141984-06-10\x0002024-12-05T00:00:40.309Z'
[2024-12-07T21:27:06.092+0000] {logging_mixin.py:190} INFO - <class 'cimpl.Message'>
[2024-12-07T21:27:06.092+0000] {logging_mixin.py:190} INFO - Avro message: b'\x00\x00\x00\x00\x0b067523f0c579d83f10892c49dL\x02\xce\x92\x0c\x06DXB\x06FRA\n\n\x16Zoe Barnaby\x141993-09-24\x1e\xd8\xb1\xd9\x87\xd8\xa7 \xda\xa9\xd9\x88\xd8\xaa\xdb\x8c\x141953-05-29\x1eKristin Steward\x141974-01-29\x18Summer Patel\x141961-11-07\x18Ryan Stenvik\x141959-07-04\x0002024-12-06T00:02:20.255Z'
[2024-12-07T21:27:06.092+0000] {logging_mixin.py:190} INFO - <class 'cimpl.Message'>
[2024-12-07T21:27:06.093+0000] {logging_mixin.py:190} INFO - Avro message: b'\x00\x00\x00\x00\x0b06752e5b2a92f47e38e6bcfb9L\x02\xd8\xdb\t\x06DXB\x06FRA\x08\x08\x16Zoe Barnaby\x141993-09-24\x16Noelle Aden\x141990-02-03\x1aBojan Gautier\x141991-04-25\x1eRamon Fernandez\x141995-10-02\x0002024-12-06T11:53:22.709Z'
[2024-12-07T21:27:06.093+0000] {logging_mixin.py:190} INFO - <class 'cimpl.Message'>
[2024-12-07T21:27:06.093+0000] {logging_mixin.py:190} INFO - Avro message: b'\x00\x00\x00\x00\x0b0675390d4882d22e1546ea171\x04\x06\x82\x83\x06\x06BOM\x06LAX\n\n\x18Jayden Slawa\x141962-09-16&Orimira Vilchinskiy\x141977-02-05&Kuzey D\xc3\xbc\xc5\x9fenkalkar\x141956-01-05 No\xc3\xablle Fournier\x141993-01-23\x1ePeer Schiffmann\x141989-04-18\x0002024-12-07T00:03:29.095Z'
[2024-12-07T21:27:06.094+0000] {logging_mixin.py:190} INFO - <class 'cimpl.Message'>
[2024-12-07T21:27:06.094+0000] {logging_mixin.py:190} INFO - Avro message: b'\x00\x00\x00\x00\x0b0675390d4882d22e1546ea172\x08\x08\x90\xb8\x04\x06SYD\x06LIS\n\n\x1cCarla Jim\xc3\xa9nez\x141982-03-11$Chaitanya Tipparti\x141945-04-07&Ratimir Mihajlovi\xc4\x87\x141986-08-02\x12Barb Neal\x141978-11-27&Hermelinda Saldivar\x141968-04-03\x0002024-12-07T00:03:32.363Z'
[2024-12-07T21:27:12.095+0000] {logging_mixin.py:190} INFO - <class 'NoneType'>
[2024-12-07T21:27:12.133+0000] {logging_mixin.py:190} INFO - No message received
[2024-12-07T21:27:18.142+0000] {logging_mixin.py:190} INFO - <class 'NoneType'>
[2024-12-07T21:27:18.145+0000] {logging_mixin.py:190} INFO - No message received
[2024-12-07T21:27:24.147+0000] {logging_mixin.py:190} INFO - <class 'NoneType'>
[2024-12-07T21:27:24.148+0000] {logging_mixin.py:190} INFO - No message received
[2024-12-07T21:27:30.149+0000] {logging_mixin.py:190} INFO - <class 'NoneType'>
[2024-12-07T21:27:30.150+0000] {logging_mixin.py:190} INFO - No message received
[2024-12-07T21:27:36.151+0000] {logging_mixin.py:190} INFO - <class 'NoneType'>
[2024-12-07T21:27:36.152+0000] {logging_mixin.py:190} INFO - No message received
[2024-12-07T21:27:42.153+0000] {logging_mixin.py:190} INFO - <class 'NoneType'>
[2024-12-07T21:27:42.154+0000] {logging_mixin.py:190} INFO - No message received
[2024-12-07T21:27:48.155+0000] {logging_mixin.py:190} INFO - <class 'NoneType'>
[2024-12-07T21:27:48.155+0000] {logging_mixin.py:190} INFO - No message received
[2024-12-07T21:27:54.156+0000] {logging_mixin.py:190} INFO - <class 'NoneType'>
[2024-12-07T21:27:54.158+0000] {logging_mixin.py:190} INFO - No message received
[2024-12-07T21:28:00.159+0000] {logging_mixin.py:190} INFO - <class 'NoneType'>
[2024-12-07T21:28:00.160+0000] {logging_mixin.py:190} INFO - No message received
[2024-12-07T21:28:06.162+0000] {logging_mixin.py:190} INFO - <class 'NoneType'>
[2024-12-07T21:28:06.164+0000] {logging_mixin.py:190} INFO - No message received
[2024-12-07T21:28:12.166+0000] {logging_mixin.py:190} INFO - <class 'NoneType'>
[2024-12-07T21:28:12.167+0000] {logging_mixin.py:190} INFO - No message received
[2024-12-07T21:28:18.169+0000] {logging_mixin.py:190} INFO - <class 'NoneType'>
[2024-12-07T21:28:18.170+0000] {logging_mixin.py:190} INFO - No message received
[2024-12-07T21:28:24.171+0000] {logging_mixin.py:190} INFO - <class 'NoneType'>
[2024-12-07T21:28:24.173+0000] {logging_mixin.py:190} INFO - No message received
[2024-12-07T21:28:30.175+0000] {logging_mixin.py:190} INFO - <class 'NoneType'>
[2024-12-07T21:28:30.177+0000] {logging_mixin.py:190} INFO - No message received
[2024-12-07T21:28:36.180+0000] {logging_mixin.py:190} INFO - <class 'NoneType'>
[2024-12-07T21:28:36.181+0000] {logging_mixin.py:190} INFO - No message received
[2024-12-07T21:28:42.182+0000] {logging_mixin.py:190} INFO - <class 'NoneType'>
[2024-12-07T21:28:42.183+0000] {logging_mixin.py:190} INFO - No message received
[2024-12-07T21:28:48.187+0000] {logging_mixin.py:190} INFO - <class 'NoneType'>
[2024-12-07T21:28:48.189+0000] {logging_mixin.py:190} INFO - No message received
[2024-12-07T21:28:54.191+0000] {logging_mixin.py:190} INFO - <class 'NoneType'>
[2024-12-07T21:28:54.192+0000] {logging_mixin.py:190} INFO - No message received
[2024-12-07T21:29:00.194+0000] {logging_mixin.py:190} INFO - <class 'NoneType'>
[2024-12-07T21:29:00.195+0000] {logging_mixin.py:190} INFO - No message received
[2024-12-07T21:29:06.196+0000] {logging_mixin.py:190} INFO - <class 'NoneType'>
[2024-12-07T21:29:06.198+0000] {logging_mixin.py:190} INFO - No message received
[2024-12-07T21:29:12.199+0000] {logging_mixin.py:190} INFO - <class 'NoneType'>
[2024-12-07T21:29:12.199+0000] {logging_mixin.py:190} INFO - No message received
[2024-12-07T21:29:18.201+0000] {logging_mixin.py:190} INFO - <class 'NoneType'>
[2024-12-07T21:29:18.202+0000] {logging_mixin.py:190} INFO - No message received
[2024-12-07T21:29:24.203+0000] {logging_mixin.py:190} INFO - <class 'NoneType'>
[2024-12-07T21:29:24.204+0000] {logging_mixin.py:190} INFO - No message received
[2024-12-07T21:29:30.205+0000] {logging_mixin.py:190} INFO - <class 'NoneType'>
[2024-12-07T21:29:30.207+0000] {logging_mixin.py:190} INFO - No message received
[2024-12-07T21:29:36.209+0000] {logging_mixin.py:190} INFO - <class 'NoneType'>
[2024-12-07T21:29:36.210+0000] {logging_mixin.py:190} INFO - No message received
[2024-12-07T21:29:42.211+0000] {logging_mixin.py:190} INFO - <class 'NoneType'>
[2024-12-07T21:29:42.213+0000] {logging_mixin.py:190} INFO - No message received
[2024-12-07T21:29:48.214+0000] {logging_mixin.py:190} INFO - <class 'NoneType'>
[2024-12-07T21:29:48.216+0000] {logging_mixin.py:190} INFO - No message received
[2024-12-07T21:29:54.218+0000] {logging_mixin.py:190} INFO - <class 'NoneType'>
[2024-12-07T21:29:54.219+0000] {logging_mixin.py:190} INFO - No message received
[2024-12-07T21:30:00.220+0000] {logging_mixin.py:190} INFO - <class 'NoneType'>
[2024-12-07T21:30:00.221+0000] {logging_mixin.py:190} INFO - No message received
[2024-12-07T21:30:06.222+0000] {logging_mixin.py:190} INFO - <class 'NoneType'>
[2024-12-07T21:30:06.224+0000] {logging_mixin.py:190} INFO - No message received
[2024-12-07T21:30:12.225+0000] {logging_mixin.py:190} INFO - <class 'NoneType'>
[2024-12-07T21:30:12.226+0000] {logging_mixin.py:190} INFO - No message received
[2024-12-07T21:30:18.228+0000] {logging_mixin.py:190} INFO - <class 'NoneType'>
[2024-12-07T21:30:18.230+0000] {logging_mixin.py:190} INFO - No message received
[2024-12-07T21:30:22.069+0000] {local_task_job_runner.py:346} WARNING - State of this instance has been externally set to success. Terminating instance.
[2024-12-07T21:30:22.071+0000] {local_task_job_runner.py:245} INFO - ::endgroup::
[2024-12-07T21:30:22.073+0000] {process_utils.py:132} INFO - Sending 15 to group 872. PIDs of all processes in the group: [872]
[2024-12-07T21:30:22.073+0000] {process_utils.py:87} INFO - Sending the signal 15 to group 872
[2024-12-07T21:30:24.232+0000] {taskinstance.py:3093} ERROR - Received SIGTERM. Terminating subprocesses.
[2024-12-07T21:30:24.258+0000] {taskinstance.py:340} INFO - ::group::Post task execution logs
[2024-12-07T21:30:24.286+0000] {process_utils.py:80} INFO - Process psutil.Process(pid=872, status='terminated', exitcode=0, started='21:26:59') (872) terminated with exit code 0
