[2024-12-04T08:09:38.295+0000] {local_task_job_runner.py:123} INFO - ::group::Pre task execution logs
[2024-12-04T08:09:38.311+0000] {taskinstance.py:2613} INFO - Dependencies all met for dep_context=non-requeueable deps ti=<TaskInstance: kafka_to_minio.consume_kafka_to_minio manual__2024-12-04T08:09:35.458224+00:00 [queued]>
[2024-12-04T08:09:38.321+0000] {taskinstance.py:2613} INFO - Dependencies all met for dep_context=requeueable deps ti=<TaskInstance: kafka_to_minio.consume_kafka_to_minio manual__2024-12-04T08:09:35.458224+00:00 [queued]>
[2024-12-04T08:09:38.322+0000] {taskinstance.py:2866} INFO - Starting attempt 1 of 2
[2024-12-04T08:09:38.336+0000] {taskinstance.py:2889} INFO - Executing <Task(PythonOperator): consume_kafka_to_minio> on 2024-12-04 08:09:35.458224+00:00
[2024-12-04T08:09:38.341+0000] {warnings.py:112} WARNING - /home/***/.local/lib/python3.12/site-packages/***/task/task_runner/standard_task_runner.py:70: DeprecationWarning: This process (pid=1685) is multi-threaded, use of fork() may lead to deadlocks in the child.
  pid = os.fork()

[2024-12-04T08:09:38.343+0000] {standard_task_runner.py:72} INFO - Started process 1686 to run task
[2024-12-04T08:09:38.343+0000] {standard_task_runner.py:104} INFO - Running: ['***', 'tasks', 'run', 'kafka_to_minio', 'consume_kafka_to_minio', 'manual__2024-12-04T08:09:35.458224+00:00', '--job-id', '196', '--raw', '--subdir', 'DAGS_FOLDER/dag2_Kafkas3.py', '--cfg-path', '/tmp/tmp5eeri9et']
[2024-12-04T08:09:38.346+0000] {standard_task_runner.py:105} INFO - Job 196: Subtask consume_kafka_to_minio
[2024-12-04T08:09:38.390+0000] {task_command.py:467} INFO - Running <TaskInstance: kafka_to_minio.consume_kafka_to_minio manual__2024-12-04T08:09:35.458224+00:00 [running]> on host 31ac0cc6adcb
[2024-12-04T08:09:38.478+0000] {taskinstance.py:3132} INFO - Exporting env vars: AIRFLOW_CTX_DAG_OWNER='***' AIRFLOW_CTX_DAG_ID='kafka_to_minio' AIRFLOW_CTX_TASK_ID='consume_kafka_to_minio' AIRFLOW_CTX_EXECUTION_DATE='2024-12-04T08:09:35.458224+00:00' AIRFLOW_CTX_TRY_NUMBER='1' AIRFLOW_CTX_DAG_RUN_ID='manual__2024-12-04T08:09:35.458224+00:00'
[2024-12-04T08:09:38.480+0000] {taskinstance.py:731} INFO - ::endgroup::
[2024-12-04T08:09:41.498+0000] {logging_mixin.py:190} INFO - нет сообщений
[2024-12-04T08:09:42.563+0000] {logging_mixin.py:190} INFO - msg= b'\x00\x00\x00\x00\x0706707fa42840c437097f7b593\x06\x02\xd8\x97\x03\x06SIN\x06ICN\x08\x08\x16Zoe Barnaby\x141993-09-24&Ru\xc5\xbeica Ivan\xc4\x8devi\xc4\x87\x141995-09-02\x14Timm Raabe\x141976-11-19\x1cGreta Oorschot\x141993-08-19\x0042024-10-10T16:01:06.102000'
[2024-12-04T08:09:42.565+0000] {logging_mixin.py:190} INFO - key= b'730390414000'
[2024-12-04T08:09:42.623+0000] {logging_mixin.py:190} INFO - {'_id': '6707fa42840c437097f7b593', 'travel': 3, 'payer': 1, 'amount': 26092, 'code_departure': 'SIN', 'code_arrival': 'ICN', 'number_of_passengers': 4, 'passengers': [{'name': 'Zoe Barnaby', 'birth_date': '1993-09-24'}, {'name': 'Ružica Ivančević', 'birth_date': '1995-09-02'}, {'name': 'Timm Raabe', 'birth_date': '1976-11-19'}, {'name': 'Greta Oorschot', 'birth_date': '1993-08-19'}], 'created': '2024-10-10T16:01:06.102000'}
[2024-12-04T08:09:42.625+0000] {logging_mixin.py:190} INFO - msg= b'\x00\x00\x00\x00\x0706707fa42840c437097f7b593\x06\x02\xd8\x97\x03\x06SIN\x06ICN\x08\x08\x16Zoe Barnaby\x141993-09-24&Ru\xc5\xbeica Ivan\xc4\x8devi\xc4\x87\x141995-09-02\x14Timm Raabe\x141976-11-19\x1cGreta Oorschot\x141993-08-19\x0042024-10-10T16:01:06.102000'
[2024-12-04T08:09:42.626+0000] {logging_mixin.py:190} INFO - key= b'730390414000'
[2024-12-04T08:09:42.627+0000] {logging_mixin.py:190} INFO - {'_id': '6707fa42840c437097f7b593', 'travel': 3, 'payer': 1, 'amount': 26092, 'code_departure': 'SIN', 'code_arrival': 'ICN', 'number_of_passengers': 4, 'passengers': [{'name': 'Zoe Barnaby', 'birth_date': '1993-09-24'}, {'name': 'Ružica Ivančević', 'birth_date': '1995-09-02'}, {'name': 'Timm Raabe', 'birth_date': '1976-11-19'}, {'name': 'Greta Oorschot', 'birth_date': '1993-08-19'}], 'created': '2024-10-10T16:01:06.102000'}
[2024-12-04T08:09:42.628+0000] {logging_mixin.py:190} INFO - msg= b'\x00\x00\x00\x00\x0706707fa42840c437097f7b593\x06\x02\xd8\x97\x03\x06SIN\x06ICN\x08\x08\x16Zoe Barnaby\x141993-09-24&Ru\xc5\xbeica Ivan\xc4\x8devi\xc4\x87\x141995-09-02\x14Timm Raabe\x141976-11-19\x1cGreta Oorschot\x141993-08-19\x0042024-10-10T16:01:06.102000'
[2024-12-04T08:09:42.629+0000] {logging_mixin.py:190} INFO - key= b'730390414000'
[2024-12-04T08:09:42.630+0000] {logging_mixin.py:190} INFO - {'_id': '6707fa42840c437097f7b593', 'travel': 3, 'payer': 1, 'amount': 26092, 'code_departure': 'SIN', 'code_arrival': 'ICN', 'number_of_passengers': 4, 'passengers': [{'name': 'Zoe Barnaby', 'birth_date': '1993-09-24'}, {'name': 'Ružica Ivančević', 'birth_date': '1995-09-02'}, {'name': 'Timm Raabe', 'birth_date': '1976-11-19'}, {'name': 'Greta Oorschot', 'birth_date': '1993-08-19'}], 'created': '2024-10-10T16:01:06.102000'}
[2024-12-04T08:09:42.632+0000] {logging_mixin.py:190} INFO - msg= b'\x00\x00\x00\x00\x0706707fa42840c437097f7b593\x06\x02\xd8\x97\x03\x06SIN\x06ICN\x08\x08\x16Zoe Barnaby\x141993-09-24&Ru\xc5\xbeica Ivan\xc4\x8devi\xc4\x87\x141995-09-02\x14Timm Raabe\x141976-11-19\x1cGreta Oorschot\x141993-08-19\x0042024-10-10T16:01:06.102000'
[2024-12-04T08:09:42.633+0000] {logging_mixin.py:190} INFO - key= b'730390414000'
[2024-12-04T08:09:42.635+0000] {logging_mixin.py:190} INFO - {'_id': '6707fa42840c437097f7b593', 'travel': 3, 'payer': 1, 'amount': 26092, 'code_departure': 'SIN', 'code_arrival': 'ICN', 'number_of_passengers': 4, 'passengers': [{'name': 'Zoe Barnaby', 'birth_date': '1993-09-24'}, {'name': 'Ružica Ivančević', 'birth_date': '1995-09-02'}, {'name': 'Timm Raabe', 'birth_date': '1976-11-19'}, {'name': 'Greta Oorschot', 'birth_date': '1993-08-19'}], 'created': '2024-10-10T16:01:06.102000'}
[2024-12-04T08:09:45.635+0000] {logging_mixin.py:190} INFO - нет сообщений
[2024-12-04T08:09:48.636+0000] {logging_mixin.py:190} INFO - нет сообщений
[2024-12-04T08:09:51.639+0000] {logging_mixin.py:190} INFO - нет сообщений
[2024-12-04T08:09:54.641+0000] {logging_mixin.py:190} INFO - нет сообщений
[2024-12-04T08:09:57.642+0000] {logging_mixin.py:190} INFO - нет сообщений
[2024-12-04T08:10:00.643+0000] {logging_mixin.py:190} INFO - нет сообщений
[2024-12-04T08:10:03.644+0000] {logging_mixin.py:190} INFO - нет сообщений
[2024-12-04T08:10:06.645+0000] {logging_mixin.py:190} INFO - нет сообщений
[2024-12-04T08:10:09.647+0000] {logging_mixin.py:190} INFO - нет сообщений
[2024-12-04T08:10:12.648+0000] {logging_mixin.py:190} INFO - нет сообщений
[2024-12-04T08:10:15.655+0000] {logging_mixin.py:190} INFO - нет сообщений
[2024-12-04T08:10:18.657+0000] {logging_mixin.py:190} INFO - нет сообщений
[2024-12-04T08:10:21.658+0000] {logging_mixin.py:190} INFO - нет сообщений
[2024-12-04T08:10:24.659+0000] {logging_mixin.py:190} INFO - нет сообщений
[2024-12-04T08:10:27.660+0000] {logging_mixin.py:190} INFO - нет сообщений
[2024-12-04T08:10:30.661+0000] {logging_mixin.py:190} INFO - нет сообщений
[2024-12-04T08:10:33.662+0000] {logging_mixin.py:190} INFO - нет сообщений
[2024-12-04T08:10:34.104+0000] {local_task_job_runner.py:346} WARNING - State of this instance has been externally set to failed. Terminating instance.
[2024-12-04T08:10:34.105+0000] {local_task_job_runner.py:245} INFO - ::endgroup::
[2024-12-04T08:10:34.107+0000] {process_utils.py:132} INFO - Sending 15 to group 1686. PIDs of all processes in the group: [1686]
[2024-12-04T08:10:34.108+0000] {process_utils.py:87} INFO - Sending the signal 15 to group 1686
[2024-12-04T08:10:36.664+0000] {taskinstance.py:3093} ERROR - Received SIGTERM. Terminating subprocesses.
[2024-12-04T08:10:36.703+0000] {taskinstance.py:340} INFO - ::group::Post task execution logs
[2024-12-04T08:10:36.734+0000] {process_utils.py:80} INFO - Process psutil.Process(pid=1686, status='terminated', exitcode=0, started='08:09:38') (1686) terminated with exit code 0
