[2024-12-08T09:01:06.329+0000] {local_task_job_runner.py:123} INFO - ::group::Pre task execution logs
[2024-12-08T09:01:06.358+0000] {taskinstance.py:2613} INFO - Dependencies all met for dep_context=non-requeueable deps ti=<TaskInstance: dag2_kafka_s3.consume_from_kafka manual__2024-12-07T22:25:03.875491+00:00 [queued]>
[2024-12-08T09:01:06.378+0000] {taskinstance.py:2613} INFO - Dependencies all met for dep_context=requeueable deps ti=<TaskInstance: dag2_kafka_s3.consume_from_kafka manual__2024-12-07T22:25:03.875491+00:00 [queued]>
[2024-12-08T09:01:06.379+0000] {taskinstance.py:2866} INFO - Starting attempt 2 of 2
[2024-12-08T09:01:06.404+0000] {taskinstance.py:2889} INFO - Executing <Task(PythonOperator): consume_from_kafka> on 2024-12-07 22:25:03.875491+00:00
[2024-12-08T09:01:06.414+0000] {warnings.py:112} WARNING - /home/***/.local/lib/python3.12/site-packages/***/task/task_runner/standard_task_runner.py:70: DeprecationWarning: This process (pid=257) is multi-threaded, use of fork() may lead to deadlocks in the child.
  pid = os.fork()

[2024-12-08T09:01:06.418+0000] {standard_task_runner.py:72} INFO - Started process 259 to run task
[2024-12-08T09:01:06.417+0000] {standard_task_runner.py:104} INFO - Running: ['***', 'tasks', 'run', 'dag2_kafka_s3', 'consume_from_kafka', 'manual__2024-12-07T22:25:03.875491+00:00', '--job-id', '633', '--raw', '--subdir', 'DAGS_FOLDER/dag2_kafka_s3.py', '--cfg-path', '/tmp/tmpln3z7co8']
[2024-12-08T09:01:06.423+0000] {standard_task_runner.py:105} INFO - Job 633: Subtask consume_from_kafka
[2024-12-08T09:01:06.508+0000] {task_command.py:467} INFO - Running <TaskInstance: dag2_kafka_s3.consume_from_kafka manual__2024-12-07T22:25:03.875491+00:00 [running]> on host d7d86e3077c3
[2024-12-08T09:01:06.670+0000] {taskinstance.py:3132} INFO - Exporting env vars: AIRFLOW_CTX_DAG_OWNER='***' AIRFLOW_CTX_DAG_ID='dag2_kafka_s3' AIRFLOW_CTX_TASK_ID='consume_from_kafka' AIRFLOW_CTX_EXECUTION_DATE='2024-12-07T22:25:03.875491+00:00' AIRFLOW_CTX_TRY_NUMBER='2' AIRFLOW_CTX_DAG_RUN_ID='manual__2024-12-07T22:25:03.875491+00:00'
[2024-12-08T09:01:06.672+0000] {taskinstance.py:731} INFO - ::endgroup::
[2024-12-08T09:01:12.078+0000] {logging_mixin.py:190} INFO - <class 'cimpl.Message'>
[2024-12-08T09:01:12.081+0000] {logging_mixin.py:190} INFO - Avro message: b'\x00\x00\x00\x00\x0b0674ba76b7998660b679ae1bc\x06\x04\xd8\x97\x03\x06SIN\x06ICN\x08\x08 Vitomir Moskalci\x141998-09-29\x1e\xc3\x81ngel Jim\xc3\xa9nez\x141964-04-06\x14Ann Martin\x141959-12-16\x1cSanni Koivisto\x141988-01-27\x0002024-12-01T00:00:24.319Z'
[2024-12-08T09:01:12.084+0000] {logging_mixin.py:190} INFO - <class 'bytes'>
[2024-12-08T09:01:12.086+0000] {logging_mixin.py:190} INFO - b'\x00\x00\x00\x00\x0b0674ba76b7998660b679ae1bc\x06\x04\xd8\x97\x03\x06SIN\x06ICN\x08\x08 Vitomir Moskalci\x141998-09-29\x1e\xc3\x81ngel Jim\xc3\xa9nez\x141964-04-06\x14Ann Martin\x141959-12-16\x1cSanni Koivisto\x141988-01-27\x0002024-12-01T00:00:24.319Z'
[2024-12-08T09:01:14.857+0000] {logging_mixin.py:190} INFO - Uploaded file: 0_20241208090113.avro
[2024-12-08T09:01:14.859+0000] {logging_mixin.py:190} INFO - <class 'cimpl.Message'>
[2024-12-08T09:01:14.860+0000] {logging_mixin.py:190} INFO - Avro message: b'\x00\x00\x00\x00\x0b0674ba76b7998660b679ae1bd\x04\x06\x82\x83\x06\x06BOM\x06LAX\n\n\x18Jayden Slawa\x141962-09-16 Gabriele Rogstad\x141971-07-01\x14Lars Owren\x141970-06-10\x14Mason Rose\x141996-07-08\x14Veer Patil\x141972-11-19\x0002024-12-01T00:01:46.804Z'
[2024-12-08T09:01:14.861+0000] {logging_mixin.py:190} INFO - <class 'bytes'>
[2024-12-08T09:01:14.862+0000] {logging_mixin.py:190} INFO - b'\x00\x00\x00\x00\x0b0674ba76b7998660b679ae1bd\x04\x06\x82\x83\x06\x06BOM\x06LAX\n\n\x18Jayden Slawa\x141962-09-16 Gabriele Rogstad\x141971-07-01\x14Lars Owren\x141970-06-10\x14Mason Rose\x141996-07-08\x14Veer Patil\x141972-11-19\x0002024-12-01T00:01:46.804Z'
[2024-12-08T09:01:15.815+0000] {logging_mixin.py:190} INFO - Uploaded file: 0_20241208090114.avro
[2024-12-08T09:01:15.819+0000] {logging_mixin.py:190} INFO - <class 'cimpl.Message'>
[2024-12-08T09:01:15.822+0000] {logging_mixin.py:190} INFO - Avro message: b'\x00\x00\x00\x00\x0b0674cf8cf084132647fe0c8ff\x08\x08\x90\xb8\x04\x06SYD\x06LIS\n\n\x1cCarla Jim\xc3\xa9nez\x141982-03-11\x16Edita Mamay\x141995-07-20\x16Ruby Turner\x141964-10-08\x1aRida Volwater\x141967-02-21\x16Gautam Shah\x141974-08-29\x0002024-12-02T00:01:19.906Z'
[2024-12-08T09:01:15.826+0000] {logging_mixin.py:190} INFO - <class 'bytes'>
[2024-12-08T09:01:15.828+0000] {logging_mixin.py:190} INFO - b'\x00\x00\x00\x00\x0b0674cf8cf084132647fe0c8ff\x08\x08\x90\xb8\x04\x06SYD\x06LIS\n\n\x1cCarla Jim\xc3\xa9nez\x141982-03-11\x16Edita Mamay\x141995-07-20\x16Ruby Turner\x141964-10-08\x1aRida Volwater\x141967-02-21\x16Gautam Shah\x141974-08-29\x0002024-12-02T00:01:19.906Z'
[2024-12-08T09:01:17.191+0000] {logging_mixin.py:190} INFO - Uploaded file: 0_20241208090115.avro
[2024-12-08T09:01:17.194+0000] {logging_mixin.py:190} INFO - <class 'cimpl.Message'>
[2024-12-08T09:01:17.197+0000] {logging_mixin.py:190} INFO - Avro message: b'\x00\x00\x00\x00\x0b0674e4a1bc0e97b55fe9b6525\x04\x06\xb4\xb4\x02\x06BOM\x06LAX\x04\x04\x18Jayden Slawa\x141962-09-16\x1eAnnerie G\xc3\xbcne\xc5\x9f\x141959-05-31\x0002024-12-03T00:00:24.212Z'
[2024-12-08T09:01:17.200+0000] {logging_mixin.py:190} INFO - <class 'bytes'>
[2024-12-08T09:01:17.202+0000] {logging_mixin.py:190} INFO - b'\x00\x00\x00\x00\x0b0674e4a1bc0e97b55fe9b6525\x04\x06\xb4\xb4\x02\x06BOM\x06LAX\x04\x04\x18Jayden Slawa\x141962-09-16\x1eAnnerie G\xc3\xbcne\xc5\x9f\x141959-05-31\x0002024-12-03T00:00:24.212Z'
[2024-12-08T09:01:18.178+0000] {logging_mixin.py:190} INFO - Uploaded file: 0_20241208090117.avro
[2024-12-08T09:01:18.182+0000] {logging_mixin.py:190} INFO - <class 'cimpl.Message'>
[2024-12-08T09:01:18.186+0000] {logging_mixin.py:190} INFO - Avro message: b'\x00\x00\x00\x00\x0b06750ed28508703540960fc62L\x02\xf6\xb6\x02\x06DXB\x06FRA\x02\x02\x16Zoe Barnaby\x141993-09-24\x0002024-12-05T00:00:13.551Z'
[2024-12-08T09:01:18.189+0000] {logging_mixin.py:190} INFO - <class 'bytes'>
[2024-12-08T09:01:18.193+0000] {logging_mixin.py:190} INFO - b'\x00\x00\x00\x00\x0b06750ed28508703540960fc62L\x02\xf6\xb6\x02\x06DXB\x06FRA\x02\x02\x16Zoe Barnaby\x141993-09-24\x0002024-12-05T00:00:13.551Z'
[2024-12-08T09:01:19.152+0000] {logging_mixin.py:190} INFO - Uploaded file: 0_20241208090118.avro
[2024-12-08T09:01:19.156+0000] {logging_mixin.py:190} INFO - <class 'cimpl.Message'>
[2024-12-08T09:01:19.160+0000] {logging_mixin.py:190} INFO - Avro message: b'\x00\x00\x00\x00\x0b06750ed28508703540960fc63\x06\x04\xec\xcb\x01\x06SIN\x06ICN\x04\x04 Vitomir Moskalci\x141998-09-29\x16Ayla Walker\x141947-06-26\x0002024-12-05T00:00:14.076Z'
[2024-12-08T09:01:19.164+0000] {logging_mixin.py:190} INFO - <class 'bytes'>
[2024-12-08T09:01:19.167+0000] {logging_mixin.py:190} INFO - b'\x00\x00\x00\x00\x0b06750ed28508703540960fc63\x06\x04\xec\xcb\x01\x06SIN\x06ICN\x04\x04 Vitomir Moskalci\x141998-09-29\x16Ayla Walker\x141947-06-26\x0002024-12-05T00:00:14.076Z'
[2024-12-08T09:01:21.178+0000] {logging_mixin.py:190} INFO - Uploaded file: 0_20241208090119.avro
[2024-12-08T09:01:21.181+0000] {logging_mixin.py:190} INFO - <class 'cimpl.Message'>
[2024-12-08T09:01:21.182+0000] {logging_mixin.py:190} INFO - Avro message: b'\x00\x00\x00\x00\x0b06750ed28508703540960fc64\x04\x06\x82\x83\x06\x06BOM\x06LAX\n\n\x18Jayden Slawa\x141962-09-16\x1cL\xc3\xa1szl\xc3\xb3 Walta\x141981-08-14\x12Vega Kinn\x142000-12-19\x1cGunter Pfennig\x141977-12-22\x1cSophia Laurent\x141984-06-10\x0002024-12-05T00:00:40.309Z'
[2024-12-08T09:01:21.183+0000] {logging_mixin.py:190} INFO - <class 'bytes'>
[2024-12-08T09:01:21.184+0000] {logging_mixin.py:190} INFO - b'\x00\x00\x00\x00\x0b06750ed28508703540960fc64\x04\x06\x82\x83\x06\x06BOM\x06LAX\n\n\x18Jayden Slawa\x141962-09-16\x1cL\xc3\xa1szl\xc3\xb3 Walta\x141981-08-14\x12Vega Kinn\x142000-12-19\x1cGunter Pfennig\x141977-12-22\x1cSophia Laurent\x141984-06-10\x0002024-12-05T00:00:40.309Z'
[2024-12-08T09:01:22.091+0000] {logging_mixin.py:190} INFO - Uploaded file: 0_20241208090121.avro
[2024-12-08T09:01:22.094+0000] {logging_mixin.py:190} INFO - <class 'cimpl.Message'>
[2024-12-08T09:01:22.097+0000] {logging_mixin.py:190} INFO - Avro message: b'\x00\x00\x00\x00\x0b0675390d4882d22e1546ea16fL\x02\xf6\xb6\x02\x06DXB\x06FRA\x02\x02\x16Zoe Barnaby\x141993-09-24\x0002024-12-07T00:03:22.763Z'
[2024-12-08T09:01:22.098+0000] {logging_mixin.py:190} INFO - <class 'bytes'>
[2024-12-08T09:01:22.100+0000] {logging_mixin.py:190} INFO - b'\x00\x00\x00\x00\x0b0675390d4882d22e1546ea16fL\x02\xf6\xb6\x02\x06DXB\x06FRA\x02\x02\x16Zoe Barnaby\x141993-09-24\x0002024-12-07T00:03:22.763Z'
[2024-12-08T09:01:23.067+0000] {logging_mixin.py:190} INFO - Uploaded file: 0_20241208090122.avro
[2024-12-08T09:01:23.073+0000] {logging_mixin.py:190} INFO - <class 'cimpl.Message'>
[2024-12-08T09:01:23.076+0000] {logging_mixin.py:190} INFO - Avro message: b'\x00\x00\x00\x00\x0b06754e1f4d01bf1edff1b98e2\x06\x04\xce\xfd\x03\x06SIN\x06ICN\n\n Vitomir Moskalci\x141998-09-29 Clairta Teixeira\x141949-02-01\x1cFletcher Singh\x141979-02-19(Biljana \xc5\xa0erbed\xc5\xbeija\x141972-10-30\x1eSakarias Sheikh\x141945-06-11\x0002024-12-08T00:01:54.228Z'
[2024-12-08T09:01:23.080+0000] {logging_mixin.py:190} INFO - <class 'bytes'>
[2024-12-08T09:01:23.084+0000] {logging_mixin.py:190} INFO - b'\x00\x00\x00\x00\x0b06754e1f4d01bf1edff1b98e2\x06\x04\xce\xfd\x03\x06SIN\x06ICN\n\n Vitomir Moskalci\x141998-09-29 Clairta Teixeira\x141949-02-01\x1cFletcher Singh\x141979-02-19(Biljana \xc5\xa0erbed\xc5\xbeija\x141972-10-30\x1eSakarias Sheikh\x141945-06-11\x0002024-12-08T00:01:54.228Z'
[2024-12-08T09:01:24.051+0000] {logging_mixin.py:190} INFO - Uploaded file: 0_20241208090123.avro
[2024-12-08T09:01:24.055+0000] {logging_mixin.py:190} INFO - <class 'cimpl.Message'>
[2024-12-08T09:01:24.058+0000] {logging_mixin.py:190} INFO - Avro message: b'\x00\x00\x00\x00\x0b0674cf8cf084132647fe0c8fcL\x02\xce\x92\x0c\x06DXB\x06FRA\n\n\x16Zoe Barnaby\x141993-09-24(Horoshko Chizhevskiy\x141947-06-22\x1aHazel Roberts\x141973-11-11\x1eGraciela V\xc3\xa9liz\x141976-02-09\x1cVist Ponomarov\x141950-06-13\x0002024-12-02T00:01:15.729Z'
[2024-12-08T09:01:24.060+0000] {logging_mixin.py:190} INFO - <class 'bytes'>
[2024-12-08T09:01:24.062+0000] {logging_mixin.py:190} INFO - b'\x00\x00\x00\x00\x0b0674cf8cf084132647fe0c8fcL\x02\xce\x92\x0c\x06DXB\x06FRA\n\n\x16Zoe Barnaby\x141993-09-24(Horoshko Chizhevskiy\x141947-06-22\x1aHazel Roberts\x141973-11-11\x1eGraciela V\xc3\xa9liz\x141976-02-09\x1cVist Ponomarov\x141950-06-13\x0002024-12-02T00:01:15.729Z'
[2024-12-08T09:01:24.973+0000] {logging_mixin.py:190} INFO - Uploaded file: 0_20241208090124.avro
[2024-12-08T09:01:24.976+0000] {logging_mixin.py:190} INFO - <class 'cimpl.Message'>
[2024-12-08T09:01:24.979+0000] {logging_mixin.py:190} INFO - Avro message: b'\x00\x00\x00\x00\x0b0674cf8cf084132647fe0c8fe\x04\x06\xb4\xb4\x02\x06BOM\x06LAX\x04\x04\x18Jayden Slawa\x141962-09-16\x12Sam White\x141950-07-18\x0002024-12-02T00:01:16.572Z'
[2024-12-08T09:01:24.981+0000] {logging_mixin.py:190} INFO - <class 'bytes'>
[2024-12-08T09:01:24.983+0000] {logging_mixin.py:190} INFO - b'\x00\x00\x00\x00\x0b0674cf8cf084132647fe0c8fe\x04\x06\xb4\xb4\x02\x06BOM\x06LAX\x04\x04\x18Jayden Slawa\x141962-09-16\x12Sam White\x141950-07-18\x0002024-12-02T00:01:16.572Z'
[2024-12-08T09:01:25.931+0000] {logging_mixin.py:190} INFO - Uploaded file: 0_20241208090125.avro
[2024-12-08T09:01:25.935+0000] {logging_mixin.py:190} INFO - <class 'cimpl.Message'>
[2024-12-08T09:01:25.938+0000] {logging_mixin.py:190} INFO - Avro message: b'\x00\x00\x00\x00\x0b0674e4a1bc0e97b55fe9b6524\x06\x04\xe2\xb1\x02\x06SIN\x06ICN\x06\x06 Vitomir Moskalci\x141998-09-29\x16Por Godunok\x141954-01-23\x1eAlma Kristensen\x141951-11-04\x0002024-12-03T00:00:21.921Z'
[2024-12-08T09:01:25.940+0000] {logging_mixin.py:190} INFO - <class 'bytes'>
[2024-12-08T09:01:25.943+0000] {logging_mixin.py:190} INFO - b'\x00\x00\x00\x00\x0b0674e4a1bc0e97b55fe9b6524\x06\x04\xe2\xb1\x02\x06SIN\x06ICN\x06\x06 Vitomir Moskalci\x141998-09-29\x16Por Godunok\x141954-01-23\x1eAlma Kristensen\x141951-11-04\x0002024-12-03T00:00:21.921Z'
[2024-12-08T09:01:26.893+0000] {logging_mixin.py:190} INFO - Uploaded file: 0_20241208090125.avro
[2024-12-08T09:01:26.895+0000] {logging_mixin.py:190} INFO - <class 'cimpl.Message'>
[2024-12-08T09:01:26.896+0000] {logging_mixin.py:190} INFO - Avro message: b'\x00\x00\x00\x00\x0b0674f9ba0d7721aa60ab76f73\x04\x06\xce\xce\x03\x06BOM\x06LAX\x06\x06\x18Jayden Slawa\x141962-09-16(Dulcin\xc3\xa9ia Rodrigues\x141997-08-24\x1eMargarita Petit\x141972-10-07\x0002024-12-04T00:00:32.120Z'
[2024-12-08T09:01:26.897+0000] {logging_mixin.py:190} INFO - <class 'bytes'>
[2024-12-08T09:01:26.899+0000] {logging_mixin.py:190} INFO - b'\x00\x00\x00\x00\x0b0674f9ba0d7721aa60ab76f73\x04\x06\xce\xce\x03\x06BOM\x06LAX\x06\x06\x18Jayden Slawa\x141962-09-16(Dulcin\xc3\xa9ia Rodrigues\x141997-08-24\x1eMargarita Petit\x141972-10-07\x0002024-12-04T00:00:32.120Z'
[2024-12-08T09:01:27.826+0000] {logging_mixin.py:190} INFO - Uploaded file: 0_20241208090126.avro
[2024-12-08T09:01:27.831+0000] {logging_mixin.py:190} INFO - <class 'cimpl.Message'>
[2024-12-08T09:01:27.835+0000] {logging_mixin.py:190} INFO - Avro message: b'\x00\x00\x00\x00\x0b067523f0c579d83f10892c49e\x06\x04\xf6e\x06SIN\x06ICN\x02\x02 Vitomir Moskalci\x141998-09-29\x0002024-12-06T00:02:20.255Z'
[2024-12-08T09:01:27.839+0000] {logging_mixin.py:190} INFO - <class 'bytes'>
[2024-12-08T09:01:27.842+0000] {logging_mixin.py:190} INFO - b'\x00\x00\x00\x00\x0b067523f0c579d83f10892c49e\x06\x04\xf6e\x06SIN\x06ICN\x02\x02 Vitomir Moskalci\x141998-09-29\x0002024-12-06T00:02:20.255Z'
[2024-12-08T09:01:28.825+0000] {logging_mixin.py:190} INFO - Uploaded file: 0_20241208090127.avro
[2024-12-08T09:01:28.829+0000] {logging_mixin.py:190} INFO - <class 'cimpl.Message'>
[2024-12-08T09:01:28.832+0000] {logging_mixin.py:190} INFO - Avro message: b'\x00\x00\x00\x00\x0b0675390d4882d22e1546ea171\x04\x06\x82\x83\x06\x06BOM\x06LAX\n\n\x18Jayden Slawa\x141962-09-16&Orimira Vilchinskiy\x141977-02-05&Kuzey D\xc3\xbc\xc5\x9fenkalkar\x141956-01-05 No\xc3\xablle Fournier\x141993-01-23\x1ePeer Schiffmann\x141989-04-18\x0002024-12-07T00:03:29.095Z'
[2024-12-08T09:01:28.836+0000] {logging_mixin.py:190} INFO - <class 'bytes'>
[2024-12-08T09:01:28.839+0000] {logging_mixin.py:190} INFO - b'\x00\x00\x00\x00\x0b0675390d4882d22e1546ea171\x04\x06\x82\x83\x06\x06BOM\x06LAX\n\n\x18Jayden Slawa\x141962-09-16&Orimira Vilchinskiy\x141977-02-05&Kuzey D\xc3\xbc\xc5\x9fenkalkar\x141956-01-05 No\xc3\xablle Fournier\x141993-01-23\x1ePeer Schiffmann\x141989-04-18\x0002024-12-07T00:03:29.095Z'
[2024-12-08T09:01:29.811+0000] {logging_mixin.py:190} INFO - Uploaded file: 0_20241208090128.avro
[2024-12-08T09:01:29.815+0000] {logging_mixin.py:190} INFO - <class 'cimpl.Message'>
[2024-12-08T09:01:29.819+0000] {logging_mixin.py:190} INFO - Avro message: b'\x00\x00\x00\x00\x0b06754e1f4d01bf1edff1b98e1L\x02\xf6\xb6\x02\x06DXB\x06FRA\x02\x02\x16Zoe Barnaby\x141993-09-24\x0002024-12-08T00:01:52.275Z'
[2024-12-08T09:01:29.823+0000] {logging_mixin.py:190} INFO - <class 'bytes'>
[2024-12-08T09:01:29.826+0000] {logging_mixin.py:190} INFO - b'\x00\x00\x00\x00\x0b06754e1f4d01bf1edff1b98e1L\x02\xf6\xb6\x02\x06DXB\x06FRA\x02\x02\x16Zoe Barnaby\x141993-09-24\x0002024-12-08T00:01:52.275Z'
[2024-12-08T09:01:30.805+0000] {logging_mixin.py:190} INFO - Uploaded file: 0_20241208090129.avro
[2024-12-08T09:01:30.809+0000] {logging_mixin.py:190} INFO - <class 'cimpl.Message'>
[2024-12-08T09:01:30.813+0000] {logging_mixin.py:190} INFO - Avro message: b'\x00\x00\x00\x00\x0b0674ba76b7998660b679ae1bbL\x02\xd8\xdb\t\x06DXB\x06FRA\x08\x08\x16Zoe Barnaby\x141993-09-24\x1eAngelika Brecht\x141971-06-19\x1eRodrigo Fuentes\x141976-02-06\x1eOf\xc3\xa9lia Pereira\x141966-04-17\x0002024-12-01T00:00:20.187Z'
[2024-12-08T09:01:30.816+0000] {logging_mixin.py:190} INFO - <class 'bytes'>
[2024-12-08T09:01:30.819+0000] {logging_mixin.py:190} INFO - b'\x00\x00\x00\x00\x0b0674ba76b7998660b679ae1bbL\x02\xd8\xdb\t\x06DXB\x06FRA\x08\x08\x16Zoe Barnaby\x141993-09-24\x1eAngelika Brecht\x141971-06-19\x1eRodrigo Fuentes\x141976-02-06\x1eOf\xc3\xa9lia Pereira\x141966-04-17\x0002024-12-01T00:00:20.187Z'
[2024-12-08T09:01:31.849+0000] {logging_mixin.py:190} INFO - Uploaded file: 0_20241208090130.avro
[2024-12-08T09:01:31.854+0000] {logging_mixin.py:190} INFO - <class 'cimpl.Message'>
[2024-12-08T09:01:31.857+0000] {logging_mixin.py:190} INFO - Avro message: b'\x00\x00\x00\x00\x0b0674ba76b7998660b679ae1be\x08\x08\xa0\xe3\x01\x06SYD\x06LIS\x04\x04\x1cCarla Jim\xc3\xa9nez\x141982-03-11\x1eMiguel Iglesias\x141978-05-20\x0002024-12-01T00:01:47.621Z'
[2024-12-08T09:01:31.860+0000] {logging_mixin.py:190} INFO - <class 'bytes'>
[2024-12-08T09:01:31.862+0000] {logging_mixin.py:190} INFO - b'\x00\x00\x00\x00\x0b0674ba76b7998660b679ae1be\x08\x08\xa0\xe3\x01\x06SYD\x06LIS\x04\x04\x1cCarla Jim\xc3\xa9nez\x141982-03-11\x1eMiguel Iglesias\x141978-05-20\x0002024-12-01T00:01:47.621Z'
[2024-12-08T09:01:32.806+0000] {logging_mixin.py:190} INFO - Uploaded file: 0_20241208090131.avro
[2024-12-08T09:01:32.811+0000] {logging_mixin.py:190} INFO - <class 'cimpl.Message'>
[2024-12-08T09:01:32.817+0000] {logging_mixin.py:190} INFO - Avro message: b'\x00\x00\x00\x00\x0b0674cf8cf084132647fe0c8fd\x06\x04\xf6e\x06SIN\x06ICN\x02\x02 Vitomir Moskalci\x141998-09-29\x0002024-12-02T00:01:15.729Z'
[2024-12-08T09:01:32.821+0000] {logging_mixin.py:190} INFO - <class 'bytes'>
[2024-12-08T09:01:32.824+0000] {logging_mixin.py:190} INFO - b'\x00\x00\x00\x00\x0b0674cf8cf084132647fe0c8fd\x06\x04\xf6e\x06SIN\x06ICN\x02\x02 Vitomir Moskalci\x141998-09-29\x0002024-12-02T00:01:15.729Z'
[2024-12-08T09:01:33.811+0000] {logging_mixin.py:190} INFO - Uploaded file: 0_20241208090132.avro
[2024-12-08T09:01:33.815+0000] {logging_mixin.py:190} INFO - <class 'cimpl.Message'>
[2024-12-08T09:01:33.819+0000] {logging_mixin.py:190} INFO - Avro message: b'\x00\x00\x00\x00\x0b0674e4a1bc0e97b55fe9b6523L\x02\xec\xed\x04\x06DXB\x06FRA\x04\x04\x16Zoe Barnaby\x141993-09-24\x18Alyssa Owens\x141950-03-27\x0002024-12-03T00:00:19.602Z'
[2024-12-08T09:01:33.821+0000] {logging_mixin.py:190} INFO - <class 'bytes'>
[2024-12-08T09:01:33.824+0000] {logging_mixin.py:190} INFO - b'\x00\x00\x00\x00\x0b0674e4a1bc0e97b55fe9b6523L\x02\xec\xed\x04\x06DXB\x06FRA\x04\x04\x16Zoe Barnaby\x141993-09-24\x18Alyssa Owens\x141950-03-27\x0002024-12-03T00:00:19.602Z'
[2024-12-08T09:01:34.789+0000] {logging_mixin.py:190} INFO - Uploaded file: 0_20241208090133.avro
[2024-12-08T09:01:34.792+0000] {logging_mixin.py:190} INFO - <class 'cimpl.Message'>
[2024-12-08T09:01:34.793+0000] {logging_mixin.py:190} INFO - Avro message: b'\x00\x00\x00\x00\x0b0674e4a1bc0e97b55fe9b6526\x08\x08\xc0\xc6\x03\x06SYD\x06LIS\x08\x08\x1cCarla Jim\xc3\xa9nez\x141982-03-11 Esperanza Mar\xc3\xadn\x141945-01-30\x1cRamiro Mireles\x142000-09-03\x1aLeonel Rol\xc3\xb3n\x141972-01-13\x0002024-12-03T00:00:27.862Z'
[2024-12-08T09:01:34.795+0000] {logging_mixin.py:190} INFO - <class 'bytes'>
[2024-12-08T09:01:34.796+0000] {logging_mixin.py:190} INFO - b'\x00\x00\x00\x00\x0b0674e4a1bc0e97b55fe9b6526\x08\x08\xc0\xc6\x03\x06SYD\x06LIS\x08\x08\x1cCarla Jim\xc3\xa9nez\x141982-03-11 Esperanza Mar\xc3\xadn\x141945-01-30\x1cRamiro Mireles\x142000-09-03\x1aLeonel Rol\xc3\xb3n\x141972-01-13\x0002024-12-03T00:00:27.862Z'
[2024-12-08T09:01:36.769+0000] {logging_mixin.py:190} INFO - Uploaded file: 0_20241208090134.avro
[2024-12-08T09:01:36.772+0000] {logging_mixin.py:190} INFO - <class 'cimpl.Message'>
[2024-12-08T09:01:36.775+0000] {logging_mixin.py:190} INFO - Avro message: b'\x00\x00\x00\x00\x0b0674f9ba0d7721aa60ab76f71L\x02\xd8\xdb\t\x06DXB\x06FRA\x08\x08\x16Zoe Barnaby\x141993-09-24\x14Ruth Denis\x141965-08-19\x1aBecky Hawkins\x141953-09-27\x1aMarcus Leroux\x141950-04-30\x0002024-12-04T00:00:26.642Z'
[2024-12-08T09:01:36.778+0000] {logging_mixin.py:190} INFO - <class 'bytes'>
[2024-12-08T09:01:36.781+0000] {logging_mixin.py:190} INFO - b'\x00\x00\x00\x00\x0b0674f9ba0d7721aa60ab76f71L\x02\xd8\xdb\t\x06DXB\x06FRA\x08\x08\x16Zoe Barnaby\x141993-09-24\x14Ruth Denis\x141965-08-19\x1aBecky Hawkins\x141953-09-27\x1aMarcus Leroux\x141950-04-30\x0002024-12-04T00:00:26.642Z'
[2024-12-08T09:01:37.914+0000] {logging_mixin.py:190} INFO - Uploaded file: 0_20241208090136.avro
[2024-12-08T09:01:37.918+0000] {logging_mixin.py:190} INFO - <class 'cimpl.Message'>
[2024-12-08T09:01:37.920+0000] {logging_mixin.py:190} INFO - Avro message: b'\x00\x00\x00\x00\x0b0674f9ba0d7721aa60ab76f72\x06\x04\xce\xfd\x03\x06SIN\x06ICN\n\n Vitomir Moskalci\x141998-09-29\x1cEevi Koistinen\x141973-02-22\x1cTeodora Tasi\xc4\x87\x141953-06-14\x1cRolando Vieira\x141966-11-17\x14Laurie Roy\x141987-01-24\x0002024-12-04T00:00:30.330Z'
[2024-12-08T09:01:37.923+0000] {logging_mixin.py:190} INFO - <class 'bytes'>
[2024-12-08T09:01:37.925+0000] {logging_mixin.py:190} INFO - b'\x00\x00\x00\x00\x0b0674f9ba0d7721aa60ab76f72\x06\x04\xce\xfd\x03\x06SIN\x06ICN\n\n Vitomir Moskalci\x141998-09-29\x1cEevi Koistinen\x141973-02-22\x1cTeodora Tasi\xc4\x87\x141953-06-14\x1cRolando Vieira\x141966-11-17\x14Laurie Roy\x141987-01-24\x0002024-12-04T00:00:30.330Z'
[2024-12-08T09:01:39.139+0000] {logging_mixin.py:190} INFO - Uploaded file: 0_20241208090137.avro
[2024-12-08T09:01:39.148+0000] {logging_mixin.py:190} INFO - <class 'cimpl.Message'>
[2024-12-08T09:01:39.152+0000] {logging_mixin.py:190} INFO - Avro message: b'\x00\x00\x00\x00\x0b067523f0c579d83f10892c49dL\x02\xce\x92\x0c\x06DXB\x06FRA\n\n\x16Zoe Barnaby\x141993-09-24\x1e\xd8\xb1\xd9\x87\xd8\xa7 \xda\xa9\xd9\x88\xd8\xaa\xdb\x8c\x141953-05-29\x1eKristin Steward\x141974-01-29\x18Summer Patel\x141961-11-07\x18Ryan Stenvik\x141959-07-04\x0002024-12-06T00:02:20.255Z'
[2024-12-08T09:01:39.155+0000] {logging_mixin.py:190} INFO - <class 'bytes'>
[2024-12-08T09:01:39.158+0000] {logging_mixin.py:190} INFO - b'\x00\x00\x00\x00\x0b067523f0c579d83f10892c49dL\x02\xce\x92\x0c\x06DXB\x06FRA\n\n\x16Zoe Barnaby\x141993-09-24\x1e\xd8\xb1\xd9\x87\xd8\xa7 \xda\xa9\xd9\x88\xd8\xaa\xdb\x8c\x141953-05-29\x1eKristin Steward\x141974-01-29\x18Summer Patel\x141961-11-07\x18Ryan Stenvik\x141959-07-04\x0002024-12-06T00:02:20.255Z'
[2024-12-08T09:01:40.094+0000] {logging_mixin.py:190} INFO - Uploaded file: 0_20241208090139.avro
[2024-12-08T09:01:40.096+0000] {logging_mixin.py:190} INFO - <class 'cimpl.Message'>
[2024-12-08T09:01:40.098+0000] {logging_mixin.py:190} INFO - Avro message: b'\x00\x00\x00\x00\x0b06752e5b2a92f47e38e6bcfb9L\x02\xd8\xdb\t\x06DXB\x06FRA\x08\x08\x16Zoe Barnaby\x141993-09-24\x16Noelle Aden\x141990-02-03\x1aBojan Gautier\x141991-04-25\x1eRamon Fernandez\x141995-10-02\x0002024-12-06T11:53:22.709Z'
[2024-12-08T09:01:40.099+0000] {logging_mixin.py:190} INFO - <class 'bytes'>
[2024-12-08T09:01:40.100+0000] {logging_mixin.py:190} INFO - b'\x00\x00\x00\x00\x0b06752e5b2a92f47e38e6bcfb9L\x02\xd8\xdb\t\x06DXB\x06FRA\x08\x08\x16Zoe Barnaby\x141993-09-24\x16Noelle Aden\x141990-02-03\x1aBojan Gautier\x141991-04-25\x1eRamon Fernandez\x141995-10-02\x0002024-12-06T11:53:22.709Z'
[2024-12-08T09:01:41.013+0000] {logging_mixin.py:190} INFO - Uploaded file: 0_20241208090140.avro
[2024-12-08T09:01:41.015+0000] {logging_mixin.py:190} INFO - <class 'cimpl.Message'>
[2024-12-08T09:01:41.017+0000] {logging_mixin.py:190} INFO - Avro message: b'\x00\x00\x00\x00\x0b0675390d4882d22e1546ea170\x06\x04\xd8\x97\x03\x06SIN\x06ICN\x08\x08 Vitomir Moskalci\x141998-09-29\x1eDiedrich Faller\x141956-02-01\x1cSara Mortensen\x141988-03-22 Federico Collazo\x141985-03-25\x0002024-12-07T00:03:25.837Z'
[2024-12-08T09:01:41.018+0000] {logging_mixin.py:190} INFO - <class 'bytes'>
[2024-12-08T09:01:41.019+0000] {logging_mixin.py:190} INFO - b'\x00\x00\x00\x00\x0b0675390d4882d22e1546ea170\x06\x04\xd8\x97\x03\x06SIN\x06ICN\x08\x08 Vitomir Moskalci\x141998-09-29\x1eDiedrich Faller\x141956-02-01\x1cSara Mortensen\x141988-03-22 Federico Collazo\x141985-03-25\x0002024-12-07T00:03:25.837Z'
[2024-12-08T09:01:42.017+0000] {logging_mixin.py:190} INFO - Uploaded file: 0_20241208090141.avro
[2024-12-08T09:01:42.019+0000] {logging_mixin.py:190} INFO - <class 'cimpl.Message'>
[2024-12-08T09:01:42.020+0000] {logging_mixin.py:190} INFO - Avro message: b'\x00\x00\x00\x00\x0b0675390d4882d22e1546ea172\x08\x08\x90\xb8\x04\x06SYD\x06LIS\n\n\x1cCarla Jim\xc3\xa9nez\x141982-03-11$Chaitanya Tipparti\x141945-04-07&Ratimir Mihajlovi\xc4\x87\x141986-08-02\x12Barb Neal\x141978-11-27&Hermelinda Saldivar\x141968-04-03\x0002024-12-07T00:03:32.363Z'
[2024-12-08T09:01:42.021+0000] {logging_mixin.py:190} INFO - <class 'bytes'>
[2024-12-08T09:01:42.022+0000] {logging_mixin.py:190} INFO - b'\x00\x00\x00\x00\x0b0675390d4882d22e1546ea172\x08\x08\x90\xb8\x04\x06SYD\x06LIS\n\n\x1cCarla Jim\xc3\xa9nez\x141982-03-11$Chaitanya Tipparti\x141945-04-07&Ratimir Mihajlovi\xc4\x87\x141986-08-02\x12Barb Neal\x141978-11-27&Hermelinda Saldivar\x141968-04-03\x0002024-12-07T00:03:32.363Z'
[2024-12-08T09:01:43.029+0000] {logging_mixin.py:190} INFO - Uploaded file: 0_20241208090142.avro
[2024-12-08T09:01:43.031+0000] {logging_mixin.py:190} INFO - <class 'cimpl.Message'>
[2024-12-08T09:01:43.032+0000] {logging_mixin.py:190} INFO - Avro message: b'\x00\x00\x00\x00\x0b06754e1f4d01bf1edff1b98e3\x04\x06\xce\xce\x03\x06BOM\x06LAX\x06\x06\x18Jayden Slawa\x141962-09-16\x1aOmelyan Kmita\x141960-07-06\x1eOliver Johansen\x141994-09-23\x0002024-12-08T00:01:55.233Z'
[2024-12-08T09:01:43.033+0000] {logging_mixin.py:190} INFO - <class 'bytes'>
[2024-12-08T09:01:43.034+0000] {logging_mixin.py:190} INFO - b'\x00\x00\x00\x00\x0b06754e1f4d01bf1edff1b98e3\x04\x06\xce\xce\x03\x06BOM\x06LAX\x06\x06\x18Jayden Slawa\x141962-09-16\x1aOmelyan Kmita\x141960-07-06\x1eOliver Johansen\x141994-09-23\x0002024-12-08T00:01:55.233Z'
[2024-12-08T09:01:43.943+0000] {logging_mixin.py:190} INFO - Uploaded file: 0_20241208090143.avro
[2024-12-08T09:01:43.945+0000] {logging_mixin.py:190} INFO - <class 'cimpl.Message'>
[2024-12-08T09:01:43.947+0000] {logging_mixin.py:190} INFO - Avro message: b'\x00\x00\x00\x00\x0b06754e1f4d01bf1edff1b98e4\x08\x08\xf0\xd4\x02\x06SYD\x06LIS\x06\x06\x1cCarla Jim\xc3\xa9nez\x141982-03-11\x1aElla Jennings\x141948-04-23\x12Anna Wood\x141960-06-17\x0002024-12-08T00:01:56.160Z'
[2024-12-08T09:01:43.948+0000] {logging_mixin.py:190} INFO - <class 'bytes'>
[2024-12-08T09:01:43.949+0000] {logging_mixin.py:190} INFO - b'\x00\x00\x00\x00\x0b06754e1f4d01bf1edff1b98e4\x08\x08\xf0\xd4\x02\x06SYD\x06LIS\x06\x06\x1cCarla Jim\xc3\xa9nez\x141982-03-11\x1aElla Jennings\x141948-04-23\x12Anna Wood\x141960-06-17\x0002024-12-08T00:01:56.160Z'
[2024-12-08T09:01:44.848+0000] {logging_mixin.py:190} INFO - Uploaded file: 0_20241208090143.avro
[2024-12-08T09:01:50.850+0000] {logging_mixin.py:190} INFO - <class 'NoneType'>
[2024-12-08T09:01:50.852+0000] {logging_mixin.py:190} INFO - No message received
[2024-12-08T09:01:56.855+0000] {logging_mixin.py:190} INFO - <class 'NoneType'>
[2024-12-08T09:01:56.858+0000] {logging_mixin.py:190} INFO - No message received
[2024-12-08T09:02:02.861+0000] {logging_mixin.py:190} INFO - <class 'NoneType'>
[2024-12-08T09:02:02.864+0000] {logging_mixin.py:190} INFO - No message received
[2024-12-08T09:02:08.868+0000] {logging_mixin.py:190} INFO - <class 'NoneType'>
[2024-12-08T09:02:08.870+0000] {logging_mixin.py:190} INFO - No message received
[2024-12-08T09:02:14.873+0000] {logging_mixin.py:190} INFO - <class 'NoneType'>
[2024-12-08T09:02:14.874+0000] {logging_mixin.py:190} INFO - No message received
[2024-12-08T09:02:20.876+0000] {logging_mixin.py:190} INFO - <class 'NoneType'>
[2024-12-08T09:02:20.877+0000] {logging_mixin.py:190} INFO - No message received
[2024-12-08T09:02:26.879+0000] {logging_mixin.py:190} INFO - <class 'NoneType'>
[2024-12-08T09:02:26.880+0000] {logging_mixin.py:190} INFO - No message received
[2024-12-08T09:02:32.882+0000] {logging_mixin.py:190} INFO - <class 'NoneType'>
[2024-12-08T09:02:32.884+0000] {logging_mixin.py:190} INFO - No message received
[2024-12-08T09:02:38.887+0000] {logging_mixin.py:190} INFO - <class 'NoneType'>
[2024-12-08T09:02:38.889+0000] {logging_mixin.py:190} INFO - No message received
[2024-12-08T09:02:44.892+0000] {logging_mixin.py:190} INFO - <class 'NoneType'>
[2024-12-08T09:02:44.893+0000] {logging_mixin.py:190} INFO - No message received
[2024-12-08T09:02:50.895+0000] {logging_mixin.py:190} INFO - <class 'NoneType'>
[2024-12-08T09:02:50.897+0000] {logging_mixin.py:190} INFO - No message received
[2024-12-08T09:02:56.900+0000] {logging_mixin.py:190} INFO - <class 'NoneType'>
[2024-12-08T09:02:56.901+0000] {logging_mixin.py:190} INFO - No message received
[2024-12-08T09:03:02.902+0000] {logging_mixin.py:190} INFO - <class 'NoneType'>
[2024-12-08T09:03:02.904+0000] {logging_mixin.py:190} INFO - No message received
[2024-12-08T09:03:08.905+0000] {logging_mixin.py:190} INFO - <class 'NoneType'>
[2024-12-08T09:03:08.908+0000] {logging_mixin.py:190} INFO - No message received
[2024-12-08T09:03:14.910+0000] {logging_mixin.py:190} INFO - <class 'NoneType'>
[2024-12-08T09:03:14.912+0000] {logging_mixin.py:190} INFO - No message received
[2024-12-08T09:03:20.914+0000] {logging_mixin.py:190} INFO - <class 'NoneType'>
[2024-12-08T09:03:20.916+0000] {logging_mixin.py:190} INFO - No message received
[2024-12-08T09:03:26.919+0000] {logging_mixin.py:190} INFO - <class 'NoneType'>
[2024-12-08T09:03:26.921+0000] {logging_mixin.py:190} INFO - No message received
[2024-12-08T09:03:32.924+0000] {logging_mixin.py:190} INFO - <class 'NoneType'>
[2024-12-08T09:03:32.925+0000] {logging_mixin.py:190} INFO - No message received
[2024-12-08T09:03:38.926+0000] {logging_mixin.py:190} INFO - <class 'NoneType'>
[2024-12-08T09:03:38.927+0000] {logging_mixin.py:190} INFO - No message received
[2024-12-08T09:03:44.929+0000] {logging_mixin.py:190} INFO - <class 'NoneType'>
[2024-12-08T09:03:44.931+0000] {logging_mixin.py:190} INFO - No message received
[2024-12-08T09:03:50.933+0000] {logging_mixin.py:190} INFO - <class 'NoneType'>
[2024-12-08T09:03:50.935+0000] {logging_mixin.py:190} INFO - No message received
[2024-12-08T09:03:56.936+0000] {logging_mixin.py:190} INFO - <class 'NoneType'>
[2024-12-08T09:03:56.938+0000] {logging_mixin.py:190} INFO - No message received
[2024-12-08T09:04:02.939+0000] {logging_mixin.py:190} INFO - <class 'NoneType'>
[2024-12-08T09:04:02.941+0000] {logging_mixin.py:190} INFO - No message received
[2024-12-08T09:04:08.944+0000] {logging_mixin.py:190} INFO - <class 'NoneType'>
[2024-12-08T09:04:08.945+0000] {logging_mixin.py:190} INFO - No message received
[2024-12-08T09:04:14.946+0000] {logging_mixin.py:190} INFO - <class 'NoneType'>
[2024-12-08T09:04:14.948+0000] {logging_mixin.py:190} INFO - No message received
[2024-12-08T09:04:20.950+0000] {logging_mixin.py:190} INFO - <class 'NoneType'>
[2024-12-08T09:04:20.952+0000] {logging_mixin.py:190} INFO - No message received
[2024-12-08T09:04:26.956+0000] {logging_mixin.py:190} INFO - <class 'NoneType'>
[2024-12-08T09:04:26.958+0000] {logging_mixin.py:190} INFO - No message received
[2024-12-08T09:04:32.960+0000] {logging_mixin.py:190} INFO - <class 'NoneType'>
[2024-12-08T09:04:32.961+0000] {logging_mixin.py:190} INFO - No message received
[2024-12-08T09:04:38.962+0000] {logging_mixin.py:190} INFO - <class 'NoneType'>
[2024-12-08T09:04:38.965+0000] {logging_mixin.py:190} INFO - No message received
[2024-12-08T09:04:44.968+0000] {logging_mixin.py:190} INFO - <class 'NoneType'>
[2024-12-08T09:04:44.969+0000] {logging_mixin.py:190} INFO - No message received
[2024-12-08T09:04:50.971+0000] {logging_mixin.py:190} INFO - <class 'NoneType'>
[2024-12-08T09:04:50.973+0000] {logging_mixin.py:190} INFO - No message received
[2024-12-08T09:04:56.975+0000] {logging_mixin.py:190} INFO - <class 'NoneType'>
[2024-12-08T09:04:56.977+0000] {logging_mixin.py:190} INFO - No message received
[2024-12-08T09:05:02.981+0000] {logging_mixin.py:190} INFO - <class 'NoneType'>
[2024-12-08T09:05:02.984+0000] {logging_mixin.py:190} INFO - No message received
[2024-12-08T09:05:08.987+0000] {logging_mixin.py:190} INFO - <class 'NoneType'>
[2024-12-08T09:05:08.990+0000] {logging_mixin.py:190} INFO - No message received
[2024-12-08T09:05:14.993+0000] {logging_mixin.py:190} INFO - <class 'NoneType'>
[2024-12-08T09:05:14.994+0000] {logging_mixin.py:190} INFO - No message received
[2024-12-08T09:05:20.996+0000] {logging_mixin.py:190} INFO - <class 'NoneType'>
[2024-12-08T09:05:20.997+0000] {logging_mixin.py:190} INFO - No message received
[2024-12-08T09:05:26.999+0000] {logging_mixin.py:190} INFO - <class 'NoneType'>
[2024-12-08T09:05:27.000+0000] {logging_mixin.py:190} INFO - No message received
[2024-12-08T09:05:33.001+0000] {logging_mixin.py:190} INFO - <class 'NoneType'>
[2024-12-08T09:05:33.003+0000] {logging_mixin.py:190} INFO - No message received
[2024-12-08T09:05:39.004+0000] {logging_mixin.py:190} INFO - <class 'NoneType'>
[2024-12-08T09:05:39.006+0000] {logging_mixin.py:190} INFO - No message received
[2024-12-08T09:05:45.018+0000] {logging_mixin.py:190} INFO - <class 'NoneType'>
[2024-12-08T09:05:45.022+0000] {logging_mixin.py:190} INFO - No message received
[2024-12-08T09:05:51.024+0000] {logging_mixin.py:190} INFO - <class 'NoneType'>
[2024-12-08T09:05:51.030+0000] {logging_mixin.py:190} INFO - No message received
[2024-12-08T09:05:57.033+0000] {logging_mixin.py:190} INFO - <class 'NoneType'>
[2024-12-08T09:05:57.034+0000] {logging_mixin.py:190} INFO - No message received
[2024-12-08T09:06:03.035+0000] {logging_mixin.py:190} INFO - <class 'NoneType'>
[2024-12-08T09:06:03.037+0000] {logging_mixin.py:190} INFO - No message received
[2024-12-08T09:06:09.038+0000] {logging_mixin.py:190} INFO - <class 'NoneType'>
[2024-12-08T09:06:09.040+0000] {logging_mixin.py:190} INFO - No message received
[2024-12-08T09:06:15.041+0000] {logging_mixin.py:190} INFO - <class 'NoneType'>
[2024-12-08T09:06:15.042+0000] {logging_mixin.py:190} INFO - No message received
[2024-12-08T09:06:21.043+0000] {logging_mixin.py:190} INFO - <class 'NoneType'>
[2024-12-08T09:06:21.044+0000] {logging_mixin.py:190} INFO - No message received
[2024-12-08T09:06:27.046+0000] {logging_mixin.py:190} INFO - <class 'NoneType'>
[2024-12-08T09:06:27.047+0000] {logging_mixin.py:190} INFO - No message received
[2024-12-08T09:06:33.048+0000] {logging_mixin.py:190} INFO - <class 'NoneType'>
[2024-12-08T09:06:33.050+0000] {logging_mixin.py:190} INFO - No message received
[2024-12-08T09:06:39.051+0000] {logging_mixin.py:190} INFO - <class 'NoneType'>
[2024-12-08T09:06:39.052+0000] {logging_mixin.py:190} INFO - No message received
[2024-12-08T09:06:45.053+0000] {logging_mixin.py:190} INFO - <class 'NoneType'>
[2024-12-08T09:06:45.055+0000] {logging_mixin.py:190} INFO - No message received
[2024-12-08T09:06:51.057+0000] {logging_mixin.py:190} INFO - <class 'NoneType'>
[2024-12-08T09:06:51.060+0000] {logging_mixin.py:190} INFO - No message received
[2024-12-08T09:06:57.062+0000] {logging_mixin.py:190} INFO - <class 'NoneType'>
[2024-12-08T09:06:57.064+0000] {logging_mixin.py:190} INFO - No message received
[2024-12-08T09:07:03.068+0000] {logging_mixin.py:190} INFO - <class 'NoneType'>
[2024-12-08T09:07:03.071+0000] {logging_mixin.py:190} INFO - No message received
[2024-12-08T09:07:09.075+0000] {logging_mixin.py:190} INFO - <class 'NoneType'>
[2024-12-08T09:07:09.078+0000] {logging_mixin.py:190} INFO - No message received
[2024-12-08T09:07:15.080+0000] {logging_mixin.py:190} INFO - <class 'NoneType'>
[2024-12-08T09:07:15.081+0000] {logging_mixin.py:190} INFO - No message received
[2024-12-08T09:07:21.081+0000] {logging_mixin.py:190} INFO - <class 'NoneType'>
[2024-12-08T09:07:21.082+0000] {logging_mixin.py:190} INFO - No message received
[2024-12-08T09:07:27.084+0000] {logging_mixin.py:190} INFO - <class 'NoneType'>
[2024-12-08T09:07:27.086+0000] {logging_mixin.py:190} INFO - No message received
[2024-12-08T09:07:33.088+0000] {logging_mixin.py:190} INFO - <class 'NoneType'>
[2024-12-08T09:07:33.092+0000] {logging_mixin.py:190} INFO - No message received
[2024-12-08T09:07:39.095+0000] {logging_mixin.py:190} INFO - <class 'NoneType'>
[2024-12-08T09:07:39.098+0000] {logging_mixin.py:190} INFO - No message received
[2024-12-08T09:07:45.100+0000] {logging_mixin.py:190} INFO - <class 'NoneType'>
[2024-12-08T09:07:45.101+0000] {logging_mixin.py:190} INFO - No message received
[2024-12-08T09:07:51.103+0000] {logging_mixin.py:190} INFO - <class 'NoneType'>
[2024-12-08T09:07:51.104+0000] {logging_mixin.py:190} INFO - No message received
[2024-12-08T09:07:57.106+0000] {logging_mixin.py:190} INFO - <class 'NoneType'>
[2024-12-08T09:07:57.107+0000] {logging_mixin.py:190} INFO - No message received
[2024-12-08T09:08:03.108+0000] {logging_mixin.py:190} INFO - <class 'NoneType'>
[2024-12-08T09:08:03.110+0000] {logging_mixin.py:190} INFO - No message received
[2024-12-08T09:08:09.113+0000] {logging_mixin.py:190} INFO - <class 'NoneType'>
[2024-12-08T09:08:09.115+0000] {logging_mixin.py:190} INFO - No message received
[2024-12-08T09:08:15.119+0000] {logging_mixin.py:190} INFO - <class 'NoneType'>
[2024-12-08T09:08:15.120+0000] {logging_mixin.py:190} INFO - No message received
[2024-12-08T09:08:21.122+0000] {logging_mixin.py:190} INFO - <class 'NoneType'>
[2024-12-08T09:08:21.125+0000] {logging_mixin.py:190} INFO - No message received
[2024-12-08T09:08:27.127+0000] {logging_mixin.py:190} INFO - <class 'NoneType'>
[2024-12-08T09:08:27.128+0000] {logging_mixin.py:190} INFO - No message received
[2024-12-08T09:08:33.129+0000] {logging_mixin.py:190} INFO - <class 'NoneType'>
[2024-12-08T09:08:33.130+0000] {logging_mixin.py:190} INFO - No message received
[2024-12-08T09:08:39.132+0000] {logging_mixin.py:190} INFO - <class 'NoneType'>
[2024-12-08T09:08:39.134+0000] {logging_mixin.py:190} INFO - No message received
[2024-12-08T09:08:45.137+0000] {logging_mixin.py:190} INFO - <class 'NoneType'>
[2024-12-08T09:08:45.138+0000] {logging_mixin.py:190} INFO - No message received
[2024-12-08T09:08:51.140+0000] {logging_mixin.py:190} INFO - <class 'NoneType'>
[2024-12-08T09:08:51.142+0000] {logging_mixin.py:190} INFO - No message received
[2024-12-08T09:08:57.144+0000] {logging_mixin.py:190} INFO - <class 'NoneType'>
[2024-12-08T09:08:57.147+0000] {logging_mixin.py:190} INFO - No message received
[2024-12-08T09:09:03.149+0000] {logging_mixin.py:190} INFO - <class 'NoneType'>
[2024-12-08T09:09:03.150+0000] {logging_mixin.py:190} INFO - No message received
[2024-12-08T09:09:09.152+0000] {logging_mixin.py:190} INFO - <class 'NoneType'>
[2024-12-08T09:09:09.153+0000] {logging_mixin.py:190} INFO - No message received
[2024-12-08T09:09:15.155+0000] {logging_mixin.py:190} INFO - <class 'NoneType'>
[2024-12-08T09:09:15.157+0000] {logging_mixin.py:190} INFO - No message received
[2024-12-08T09:09:21.158+0000] {logging_mixin.py:190} INFO - <class 'NoneType'>
[2024-12-08T09:09:21.160+0000] {logging_mixin.py:190} INFO - No message received
[2024-12-08T09:09:27.163+0000] {logging_mixin.py:190} INFO - <class 'NoneType'>
[2024-12-08T09:09:27.165+0000] {logging_mixin.py:190} INFO - No message received
[2024-12-08T09:09:33.168+0000] {logging_mixin.py:190} INFO - <class 'NoneType'>
[2024-12-08T09:09:33.169+0000] {logging_mixin.py:190} INFO - No message received
[2024-12-08T09:09:39.171+0000] {logging_mixin.py:190} INFO - <class 'NoneType'>
[2024-12-08T09:09:39.172+0000] {logging_mixin.py:190} INFO - No message received
[2024-12-08T09:09:45.173+0000] {logging_mixin.py:190} INFO - <class 'NoneType'>
[2024-12-08T09:09:45.175+0000] {logging_mixin.py:190} INFO - No message received
[2024-12-08T09:09:51.176+0000] {logging_mixin.py:190} INFO - <class 'NoneType'>
[2024-12-08T09:09:51.178+0000] {logging_mixin.py:190} INFO - No message received
[2024-12-08T09:09:57.180+0000] {logging_mixin.py:190} INFO - <class 'NoneType'>
[2024-12-08T09:09:57.183+0000] {logging_mixin.py:190} INFO - No message received
[2024-12-08T09:10:03.186+0000] {logging_mixin.py:190} INFO - <class 'NoneType'>
[2024-12-08T09:10:03.190+0000] {logging_mixin.py:190} INFO - No message received
[2024-12-08T09:10:09.193+0000] {logging_mixin.py:190} INFO - <class 'NoneType'>
[2024-12-08T09:10:09.197+0000] {logging_mixin.py:190} INFO - No message received
[2024-12-08T09:10:15.200+0000] {logging_mixin.py:190} INFO - <class 'NoneType'>
[2024-12-08T09:10:15.201+0000] {logging_mixin.py:190} INFO - No message received
[2024-12-08T09:10:21.202+0000] {logging_mixin.py:190} INFO - <class 'NoneType'>
[2024-12-08T09:10:21.204+0000] {logging_mixin.py:190} INFO - No message received
[2024-12-08T09:10:27.205+0000] {logging_mixin.py:190} INFO - <class 'NoneType'>
[2024-12-08T09:10:27.207+0000] {logging_mixin.py:190} INFO - No message received
[2024-12-08T09:10:33.209+0000] {logging_mixin.py:190} INFO - <class 'NoneType'>
[2024-12-08T09:10:33.214+0000] {logging_mixin.py:190} INFO - No message received
[2024-12-08T09:10:39.218+0000] {logging_mixin.py:190} INFO - <class 'NoneType'>
[2024-12-08T09:10:39.221+0000] {logging_mixin.py:190} INFO - No message received
[2024-12-08T09:10:45.226+0000] {logging_mixin.py:190} INFO - <class 'NoneType'>
[2024-12-08T09:10:45.227+0000] {logging_mixin.py:190} INFO - No message received
[2024-12-08T09:10:51.229+0000] {logging_mixin.py:190} INFO - <class 'NoneType'>
[2024-12-08T09:10:51.230+0000] {logging_mixin.py:190} INFO - No message received
[2024-12-08T09:10:57.232+0000] {logging_mixin.py:190} INFO - <class 'NoneType'>
[2024-12-08T09:10:57.239+0000] {logging_mixin.py:190} INFO - No message received
[2024-12-08T09:11:03.245+0000] {logging_mixin.py:190} INFO - <class 'NoneType'>
[2024-12-08T09:11:03.247+0000] {logging_mixin.py:190} INFO - No message received
[2024-12-08T09:11:09.250+0000] {logging_mixin.py:190} INFO - <class 'NoneType'>
[2024-12-08T09:11:09.253+0000] {logging_mixin.py:190} INFO - No message received
[2024-12-08T09:11:15.256+0000] {logging_mixin.py:190} INFO - <class 'NoneType'>
[2024-12-08T09:11:15.257+0000] {logging_mixin.py:190} INFO - No message received
[2024-12-08T09:11:21.259+0000] {logging_mixin.py:190} INFO - <class 'NoneType'>
[2024-12-08T09:11:21.262+0000] {logging_mixin.py:190} INFO - No message received
[2024-12-08T09:11:27.265+0000] {logging_mixin.py:190} INFO - <class 'NoneType'>
[2024-12-08T09:11:27.266+0000] {logging_mixin.py:190} INFO - No message received
[2024-12-08T09:11:33.267+0000] {logging_mixin.py:190} INFO - <class 'NoneType'>
[2024-12-08T09:11:33.270+0000] {logging_mixin.py:190} INFO - No message received
[2024-12-08T09:11:39.273+0000] {logging_mixin.py:190} INFO - <class 'NoneType'>
[2024-12-08T09:11:39.275+0000] {logging_mixin.py:190} INFO - No message received
[2024-12-08T09:11:45.276+0000] {logging_mixin.py:190} INFO - <class 'NoneType'>
[2024-12-08T09:11:45.278+0000] {logging_mixin.py:190} INFO - No message received
[2024-12-08T09:11:51.280+0000] {logging_mixin.py:190} INFO - <class 'NoneType'>
[2024-12-08T09:11:51.282+0000] {logging_mixin.py:190} INFO - No message received
[2024-12-08T09:11:57.285+0000] {logging_mixin.py:190} INFO - <class 'NoneType'>
[2024-12-08T09:11:57.288+0000] {logging_mixin.py:190} INFO - No message received
[2024-12-08T09:12:03.290+0000] {logging_mixin.py:190} INFO - <class 'NoneType'>
[2024-12-08T09:12:03.292+0000] {logging_mixin.py:190} INFO - No message received
[2024-12-08T09:12:09.293+0000] {logging_mixin.py:190} INFO - <class 'NoneType'>
[2024-12-08T09:12:09.294+0000] {logging_mixin.py:190} INFO - No message received
[2024-12-08T09:12:15.296+0000] {logging_mixin.py:190} INFO - <class 'NoneType'>
[2024-12-08T09:12:15.297+0000] {logging_mixin.py:190} INFO - No message received
[2024-12-08T09:12:21.299+0000] {logging_mixin.py:190} INFO - <class 'NoneType'>
[2024-12-08T09:12:21.301+0000] {logging_mixin.py:190} INFO - No message received
[2024-12-08T09:12:27.305+0000] {logging_mixin.py:190} INFO - <class 'NoneType'>
[2024-12-08T09:12:27.307+0000] {logging_mixin.py:190} INFO - No message received
[2024-12-08T09:12:33.309+0000] {logging_mixin.py:190} INFO - <class 'NoneType'>
[2024-12-08T09:12:33.312+0000] {logging_mixin.py:190} INFO - No message received
[2024-12-08T09:12:39.315+0000] {logging_mixin.py:190} INFO - <class 'NoneType'>
[2024-12-08T09:12:39.316+0000] {logging_mixin.py:190} INFO - No message received
[2024-12-08T09:12:45.317+0000] {logging_mixin.py:190} INFO - <class 'NoneType'>
[2024-12-08T09:12:45.318+0000] {logging_mixin.py:190} INFO - No message received
[2024-12-08T09:12:51.319+0000] {logging_mixin.py:190} INFO - <class 'NoneType'>
[2024-12-08T09:12:51.320+0000] {logging_mixin.py:190} INFO - No message received
[2024-12-08T09:12:57.322+0000] {logging_mixin.py:190} INFO - <class 'NoneType'>
[2024-12-08T09:12:57.324+0000] {logging_mixin.py:190} INFO - No message received
[2024-12-08T09:13:03.326+0000] {logging_mixin.py:190} INFO - <class 'NoneType'>
[2024-12-08T09:13:03.328+0000] {logging_mixin.py:190} INFO - No message received
[2024-12-08T09:13:09.329+0000] {logging_mixin.py:190} INFO - <class 'NoneType'>
[2024-12-08T09:13:09.332+0000] {logging_mixin.py:190} INFO - No message received
[2024-12-08T09:13:15.334+0000] {logging_mixin.py:190} INFO - <class 'NoneType'>
[2024-12-08T09:13:15.334+0000] {logging_mixin.py:190} INFO - No message received
[2024-12-08T09:13:21.335+0000] {logging_mixin.py:190} INFO - <class 'NoneType'>
[2024-12-08T09:13:21.337+0000] {logging_mixin.py:190} INFO - No message received
[2024-12-08T09:13:27.338+0000] {logging_mixin.py:190} INFO - <class 'NoneType'>
[2024-12-08T09:13:27.340+0000] {logging_mixin.py:190} INFO - No message received
[2024-12-08T09:13:33.341+0000] {logging_mixin.py:190} INFO - <class 'NoneType'>
[2024-12-08T09:13:33.344+0000] {logging_mixin.py:190} INFO - No message received
[2024-12-08T09:13:39.348+0000] {logging_mixin.py:190} INFO - <class 'NoneType'>
[2024-12-08T09:13:39.351+0000] {logging_mixin.py:190} INFO - No message received
[2024-12-08T09:13:45.354+0000] {logging_mixin.py:190} INFO - <class 'NoneType'>
[2024-12-08T09:13:45.355+0000] {logging_mixin.py:190} INFO - No message received
[2024-12-08T09:13:51.357+0000] {logging_mixin.py:190} INFO - <class 'NoneType'>
[2024-12-08T09:13:51.358+0000] {logging_mixin.py:190} INFO - No message received
[2024-12-08T09:13:57.360+0000] {logging_mixin.py:190} INFO - <class 'NoneType'>
[2024-12-08T09:13:57.362+0000] {logging_mixin.py:190} INFO - No message received
[2024-12-08T09:14:03.364+0000] {logging_mixin.py:190} INFO - <class 'NoneType'>
[2024-12-08T09:14:03.365+0000] {logging_mixin.py:190} INFO - No message received
[2024-12-08T09:14:09.366+0000] {logging_mixin.py:190} INFO - <class 'NoneType'>
[2024-12-08T09:14:09.367+0000] {logging_mixin.py:190} INFO - No message received
[2024-12-08T09:14:15.369+0000] {logging_mixin.py:190} INFO - <class 'NoneType'>
[2024-12-08T09:14:15.370+0000] {logging_mixin.py:190} INFO - No message received
[2024-12-08T09:14:21.371+0000] {logging_mixin.py:190} INFO - <class 'NoneType'>
[2024-12-08T09:14:21.373+0000] {logging_mixin.py:190} INFO - No message received
[2024-12-08T09:14:27.374+0000] {logging_mixin.py:190} INFO - <class 'NoneType'>
[2024-12-08T09:14:27.375+0000] {logging_mixin.py:190} INFO - No message received
[2024-12-08T09:14:33.376+0000] {logging_mixin.py:190} INFO - <class 'NoneType'>
[2024-12-08T09:14:33.378+0000] {logging_mixin.py:190} INFO - No message received
[2024-12-08T09:14:39.379+0000] {logging_mixin.py:190} INFO - <class 'NoneType'>
[2024-12-08T09:14:39.382+0000] {logging_mixin.py:190} INFO - No message received
[2024-12-08T09:14:45.384+0000] {logging_mixin.py:190} INFO - <class 'NoneType'>
[2024-12-08T09:14:45.386+0000] {logging_mixin.py:190} INFO - No message received
[2024-12-08T09:14:51.388+0000] {logging_mixin.py:190} INFO - <class 'NoneType'>
[2024-12-08T09:14:51.391+0000] {logging_mixin.py:190} INFO - No message received
[2024-12-08T09:14:57.394+0000] {logging_mixin.py:190} INFO - <class 'NoneType'>
[2024-12-08T09:14:57.396+0000] {logging_mixin.py:190} INFO - No message received
[2024-12-08T09:15:03.399+0000] {logging_mixin.py:190} INFO - <class 'NoneType'>
[2024-12-08T09:15:03.400+0000] {logging_mixin.py:190} INFO - No message received
[2024-12-08T09:15:09.401+0000] {logging_mixin.py:190} INFO - <class 'NoneType'>
[2024-12-08T09:15:09.403+0000] {logging_mixin.py:190} INFO - No message received
[2024-12-08T09:15:15.405+0000] {logging_mixin.py:190} INFO - <class 'NoneType'>
[2024-12-08T09:15:15.407+0000] {logging_mixin.py:190} INFO - No message received
[2024-12-08T09:15:21.409+0000] {logging_mixin.py:190} INFO - <class 'NoneType'>
[2024-12-08T09:15:21.410+0000] {logging_mixin.py:190} INFO - No message received
[2024-12-08T09:15:27.412+0000] {logging_mixin.py:190} INFO - <class 'NoneType'>
[2024-12-08T09:15:27.415+0000] {logging_mixin.py:190} INFO - No message received
[2024-12-08T09:15:33.417+0000] {logging_mixin.py:190} INFO - <class 'NoneType'>
[2024-12-08T09:15:33.418+0000] {logging_mixin.py:190} INFO - No message received
[2024-12-08T09:15:39.420+0000] {logging_mixin.py:190} INFO - <class 'NoneType'>
[2024-12-08T09:15:39.421+0000] {logging_mixin.py:190} INFO - No message received
[2024-12-08T09:15:45.422+0000] {logging_mixin.py:190} INFO - <class 'NoneType'>
[2024-12-08T09:15:45.423+0000] {logging_mixin.py:190} INFO - No message received
[2024-12-08T09:15:53.495+0000] {logging_mixin.py:190} INFO - <class 'NoneType'>
[2024-12-08T09:15:53.632+0000] {logging_mixin.py:190} INFO - No message received
[2024-12-08T09:41:58.717+0000] {logging_mixin.py:190} INFO - <class 'NoneType'>
[2024-12-08T09:41:58.773+0000] {logging_mixin.py:190} INFO - No message received
[2024-12-08T09:42:02.869+0000] {job.py:229} INFO - Heartbeat recovered after 1569.35 seconds
[2024-12-08T09:42:04.843+0000] {logging_mixin.py:190} INFO - <class 'NoneType'>
[2024-12-08T09:42:04.845+0000] {logging_mixin.py:190} INFO - No message received
[2024-12-08T09:42:10.846+0000] {logging_mixin.py:190} INFO - <class 'NoneType'>
[2024-12-08T09:42:10.847+0000] {logging_mixin.py:190} INFO - No message received
[2024-12-08T09:42:13.043+0000] {local_task_job_runner.py:346} WARNING - State of this instance has been externally set to failed. Terminating instance.
[2024-12-08T09:42:13.094+0000] {local_task_job_runner.py:245} INFO - ::endgroup::
[2024-12-08T09:42:13.109+0000] {process_utils.py:132} INFO - Sending 15 to group 259. PIDs of all processes in the group: [259]
[2024-12-08T09:42:13.114+0000] {process_utils.py:87} INFO - Sending the signal 15 to group 259
[2024-12-08T09:42:16.848+0000] {taskinstance.py:3093} ERROR - Received SIGTERM. Terminating subprocesses.
[2024-12-08T09:42:16.883+0000] {taskinstance.py:340} INFO - ::group::Post task execution logs
[2024-12-08T09:42:16.910+0000] {process_utils.py:80} INFO - Process psutil.Process(pid=259, status='terminated', exitcode=0, started='09:01:05') (259) terminated with exit code 0
[2024-12-09T06:30:39.528+0000] {local_task_job_runner.py:123} INFO - ::group::Pre task execution logs
[2024-12-09T06:30:39.565+0000] {taskinstance.py:2603} INFO - Dependencies not met for <TaskInstance: dag2_kafka_s3.consume_from_kafka manual__2024-12-07T22:25:03.875491+00:00 [failed]>, dependency 'Task Instance State' FAILED: Task is in the 'failed' state.
[2024-12-09T06:30:39.568+0000] {local_task_job_runner.py:166} INFO - Task is not able to be run
