[2024-12-05T12:55:41.694+0000] {local_task_job_runner.py:123} INFO - ::group::Pre task execution logs
[2024-12-05T12:55:41.713+0000] {taskinstance.py:2613} INFO - Dependencies all met for dep_context=non-requeueable deps ti=<TaskInstance: producer_dag.fetch_mongo_data scheduled__2024-12-04T00:00:00+00:00 [queued]>
[2024-12-05T12:55:41.722+0000] {taskinstance.py:2613} INFO - Dependencies all met for dep_context=requeueable deps ti=<TaskInstance: producer_dag.fetch_mongo_data scheduled__2024-12-04T00:00:00+00:00 [queued]>
[2024-12-05T12:55:41.722+0000] {taskinstance.py:2866} INFO - Starting attempt 1 of 2
[2024-12-05T12:55:41.735+0000] {taskinstance.py:2889} INFO - Executing <Task(PythonOperator): fetch_mongo_data> on 2024-12-04 00:00:00+00:00
[2024-12-05T12:55:41.741+0000] {warnings.py:112} WARNING - /home/***/.local/lib/python3.12/site-packages/***/task/task_runner/standard_task_runner.py:70: DeprecationWarning: This process (pid=3926) is multi-threaded, use of fork() may lead to deadlocks in the child.
  pid = os.fork()

[2024-12-05T12:55:41.743+0000] {standard_task_runner.py:72} INFO - Started process 3928 to run task
[2024-12-05T12:55:41.743+0000] {standard_task_runner.py:104} INFO - Running: ['***', 'tasks', 'run', 'producer_dag', 'fetch_mongo_data', 'scheduled__2024-12-04T00:00:00+00:00', '--job-id', '354', '--raw', '--subdir', 'DAGS_FOLDER/dag_producer_mongo.py', '--cfg-path', '/tmp/tmp7r1egraa']
[2024-12-05T12:55:41.746+0000] {standard_task_runner.py:105} INFO - Job 354: Subtask fetch_mongo_data
[2024-12-05T12:55:41.795+0000] {task_command.py:467} INFO - Running <TaskInstance: producer_dag.fetch_mongo_data scheduled__2024-12-04T00:00:00+00:00 [running]> on host bc436253e42c
[2024-12-05T12:55:41.874+0000] {taskinstance.py:3132} INFO - Exporting env vars: AIRFLOW_CTX_DAG_OWNER='***' AIRFLOW_CTX_DAG_ID='producer_dag' AIRFLOW_CTX_TASK_ID='fetch_mongo_data' AIRFLOW_CTX_EXECUTION_DATE='2024-12-04T00:00:00+00:00' AIRFLOW_CTX_TRY_NUMBER='1' AIRFLOW_CTX_DAG_RUN_ID='scheduled__2024-12-04T00:00:00+00:00'
[2024-12-05T12:55:41.876+0000] {taskinstance.py:731} INFO - ::endgroup::
[2024-12-05T12:55:43.811+0000] {logging_mixin.py:190} INFO - Извлечено 2 документов из MongoDB
[2024-12-05T12:55:43.811+0000] {logging_mixin.py:190} INFO - Обработанные документы: [{'_id': '6707fa42840c437097f7b593', 'travel': 3, 'payer': 1, 'amount': 26092, 'code_departure': 'SIN', 'code_arrival': 'ICN', 'number_of_passengers': 4, 'passengers': [{'passenger': 'Zoe Barnaby', 'birth_date': '1993-09-24'}, {'name': 'Ružica Ivančević', 'birth_date': '1995-09-02'}, {'name': 'Timm Raabe', 'birth_date': '1976-11-19'}, {'name': 'Greta Oorschot', 'birth_date': '1993-08-19'}], 'created': '2024-10-10T16:01:06.102000'}, {'_id': '6707fa469a6e091126308054', 'travel': 1, 'payer': 4, 'amount': 9835, 'code_departure': 'DUB', 'code_arrival': 'BKK', 'number_of_passengers': 1, 'passengers': [{'passenger': 'Carla Jiménez', 'birth_date': '1982-03-11'}], 'created': '2024-10-10T16:01:10.152000'}]
[2024-12-05T12:55:43.901+0000] {python.py:240} INFO - Done. Returned value was: [{'_id': '6707fa42840c437097f7b593', 'travel': 3, 'payer': 1, 'amount': 26092, 'code_departure': 'SIN', 'code_arrival': 'ICN', 'number_of_passengers': 4, 'passengers': [{'passenger': 'Zoe Barnaby', 'birth_date': '1993-09-24'}, {'name': 'Ružica Ivančević', 'birth_date': '1995-09-02'}, {'name': 'Timm Raabe', 'birth_date': '1976-11-19'}, {'name': 'Greta Oorschot', 'birth_date': '1993-08-19'}], 'created': '2024-10-10T16:01:06.102000'}, {'_id': '6707fa469a6e091126308054', 'travel': 1, 'payer': 4, 'amount': 9835, 'code_departure': 'DUB', 'code_arrival': 'BKK', 'number_of_passengers': 1, 'passengers': [{'passenger': 'Carla Jiménez', 'birth_date': '1982-03-11'}], 'created': '2024-10-10T16:01:10.152000'}]
[2024-12-05T12:55:44.113+0000] {taskinstance.py:340} INFO - ::group::Post task execution logs
[2024-12-05T12:55:44.114+0000] {taskinstance.py:352} INFO - Marking task as SUCCESS. dag_id=producer_dag, task_id=fetch_mongo_data, run_id=scheduled__2024-12-04T00:00:00+00:00, execution_date=20241204T000000, start_date=20241205T125541, end_date=20241205T125544
[2024-12-05T12:55:44.169+0000] {local_task_job_runner.py:266} INFO - Task exited with return code 0
[2024-12-05T12:55:44.187+0000] {taskinstance.py:3895} INFO - 1 downstream tasks scheduled from follow-on schedule check
[2024-12-05T12:55:44.189+0000] {local_task_job_runner.py:245} INFO - ::endgroup::
