[2024-12-07T12:51:30.668+0000] {local_task_job_runner.py:123} INFO - ::group::Pre task execution logs
[2024-12-07T12:51:30.724+0000] {taskinstance.py:2613} INFO - Dependencies all met for dep_context=non-requeueable deps ti=<TaskInstance: dag2_Kafkas3.consume_from_kafka manual__2024-12-07T12:51:29.594302+00:00 [queued]>
[2024-12-07T12:51:30.763+0000] {taskinstance.py:2613} INFO - Dependencies all met for dep_context=requeueable deps ti=<TaskInstance: dag2_Kafkas3.consume_from_kafka manual__2024-12-07T12:51:29.594302+00:00 [queued]>
[2024-12-07T12:51:30.769+0000] {taskinstance.py:2866} INFO - Starting attempt 1 of 2
[2024-12-07T12:51:30.853+0000] {taskinstance.py:2889} INFO - Executing <Task(PythonOperator): consume_from_kafka> on 2024-12-07 12:51:29.594302+00:00
[2024-12-07T12:51:30.871+0000] {standard_task_runner.py:104} INFO - Running: ['***', 'tasks', 'run', 'dag2_Kafkas3', 'consume_from_kafka', 'manual__2024-12-07T12:51:29.594302+00:00', '--job-id', '584', '--raw', '--subdir', 'DAGS_FOLDER/dag2_Kafkas3.py', '--cfg-path', '/tmp/tmp1hfdlrmc']
[2024-12-07T12:51:30.867+0000] {warnings.py:112} WARNING - /home/***/.local/lib/python3.12/site-packages/***/task/task_runner/standard_task_runner.py:70: DeprecationWarning: This process (pid=753) is multi-threaded, use of fork() may lead to deadlocks in the child.
  pid = os.fork()

[2024-12-07T12:51:30.891+0000] {standard_task_runner.py:105} INFO - Job 584: Subtask consume_from_kafka
[2024-12-07T12:51:30.907+0000] {standard_task_runner.py:72} INFO - Started process 754 to run task
[2024-12-07T12:51:30.974+0000] {task_command.py:467} INFO - Running <TaskInstance: dag2_Kafkas3.consume_from_kafka manual__2024-12-07T12:51:29.594302+00:00 [running]> on host d7d86e3077c3
[2024-12-07T12:51:31.099+0000] {taskinstance.py:3132} INFO - Exporting env vars: AIRFLOW_CTX_DAG_OWNER='***' AIRFLOW_CTX_DAG_ID='dag2_Kafkas3' AIRFLOW_CTX_TASK_ID='consume_from_kafka' AIRFLOW_CTX_EXECUTION_DATE='2024-12-07T12:51:29.594302+00:00' AIRFLOW_CTX_TRY_NUMBER='1' AIRFLOW_CTX_DAG_RUN_ID='manual__2024-12-07T12:51:29.594302+00:00'
[2024-12-07T12:51:31.100+0000] {taskinstance.py:731} INFO - ::endgroup::
[2024-12-07T12:51:36.118+0000] {logging_mixin.py:190} INFO - No message received
[2024-12-07T12:51:41.080+0000] {logging_mixin.py:190} INFO - No message received
[2024-12-07T12:51:46.081+0000] {logging_mixin.py:190} INFO - No message received
[2024-12-07T12:51:51.097+0000] {logging_mixin.py:190} INFO - No message received
[2024-12-07T12:51:56.098+0000] {logging_mixin.py:190} INFO - No message received
[2024-12-07T12:52:01.099+0000] {logging_mixin.py:190} INFO - No message received
[2024-12-07T12:52:06.100+0000] {logging_mixin.py:190} INFO - No message received
[2024-12-07T12:52:11.101+0000] {logging_mixin.py:190} INFO - No message received
[2024-12-07T12:52:16.104+0000] {logging_mixin.py:190} INFO - No message received
[2024-12-07T12:52:21.106+0000] {logging_mixin.py:190} INFO - No message received
[2024-12-07T12:52:21.572+0000] {local_task_job_runner.py:346} WARNING - State of this instance has been externally set to success. Terminating instance.
[2024-12-07T12:52:21.574+0000] {local_task_job_runner.py:245} INFO - ::endgroup::
[2024-12-07T12:52:21.576+0000] {process_utils.py:132} INFO - Sending 15 to group 754. PIDs of all processes in the group: [754]
[2024-12-07T12:52:21.577+0000] {process_utils.py:87} INFO - Sending the signal 15 to group 754
[2024-12-07T12:52:26.107+0000] {taskinstance.py:3093} ERROR - Received SIGTERM. Terminating subprocesses.
[2024-12-07T12:52:26.126+0000] {taskinstance.py:340} INFO - ::group::Post task execution logs
[2024-12-07T12:52:26.173+0000] {process_utils.py:80} INFO - Process psutil.Process(pid=754, status='terminated', exitcode=0, started='12:51:30') (754) terminated with exit code 0
