[2024-12-05T07:32:03.886+0000] {local_task_job_runner.py:123} INFO - ::group::Pre task execution logs
[2024-12-05T07:32:03.905+0000] {taskinstance.py:2613} INFO - Dependencies all met for dep_context=non-requeueable deps ti=<TaskInstance: dag1_mongo_to_kafka.fetch_mongo_data manual__2024-12-05T07:32:01.872076+00:00 [queued]>
[2024-12-05T07:32:03.915+0000] {taskinstance.py:2613} INFO - Dependencies all met for dep_context=requeueable deps ti=<TaskInstance: dag1_mongo_to_kafka.fetch_mongo_data manual__2024-12-05T07:32:01.872076+00:00 [queued]>
[2024-12-05T07:32:03.916+0000] {taskinstance.py:2866} INFO - Starting attempt 1 of 2
[2024-12-05T07:32:03.930+0000] {taskinstance.py:2889} INFO - Executing <Task(PythonOperator): fetch_mongo_data> on 2024-12-05 07:32:01.872076+00:00
[2024-12-05T07:32:03.936+0000] {warnings.py:112} WARNING - /home/***/.local/lib/python3.12/site-packages/***/task/task_runner/standard_task_runner.py:70: DeprecationWarning: This process (pid=637) is multi-threaded, use of fork() may lead to deadlocks in the child.
  pid = os.fork()

[2024-12-05T07:32:03.937+0000] {standard_task_runner.py:72} INFO - Started process 638 to run task
[2024-12-05T07:32:03.938+0000] {standard_task_runner.py:104} INFO - Running: ['***', 'tasks', 'run', 'dag1_mongo_to_kafka', 'fetch_mongo_data', 'manual__2024-12-05T07:32:01.872076+00:00', '--job-id', '339', '--raw', '--subdir', 'DAGS_FOLDER/dag1_MongoKafka.py', '--cfg-path', '/tmp/tmpe4uobgbb']
[2024-12-05T07:32:03.939+0000] {standard_task_runner.py:105} INFO - Job 339: Subtask fetch_mongo_data
[2024-12-05T07:32:03.986+0000] {task_command.py:467} INFO - Running <TaskInstance: dag1_mongo_to_kafka.fetch_mongo_data manual__2024-12-05T07:32:01.872076+00:00 [running]> on host bc436253e42c
[2024-12-05T07:32:04.081+0000] {taskinstance.py:3132} INFO - Exporting env vars: AIRFLOW_CTX_DAG_OWNER='***' AIRFLOW_CTX_DAG_ID='dag1_mongo_to_kafka' AIRFLOW_CTX_TASK_ID='fetch_mongo_data' AIRFLOW_CTX_EXECUTION_DATE='2024-12-05T07:32:01.872076+00:00' AIRFLOW_CTX_TRY_NUMBER='1' AIRFLOW_CTX_DAG_RUN_ID='manual__2024-12-05T07:32:01.872076+00:00'
[2024-12-05T07:32:04.083+0000] {taskinstance.py:731} INFO - ::endgroup::
[2024-12-05T07:32:05.635+0000] {logging_mixin.py:190} INFO - Извлечено 2 документов из MongoDB
[2024-12-05T07:32:05.636+0000] {logging_mixin.py:190} INFO - Обработанные документы: [{'_id': '6707fa42840c437097f7b593', 'travel': 3, 'payer': 1, 'amount': 26092, 'code_departure': 'SIN', 'code_arrival': 'ICN', 'number_of_passengers': 4, 'passengers': [{'passenger': 'Zoe Barnaby', 'birth_date': '1993-09-24'}, {'name': 'Ružica Ivančević', 'birth_date': '1995-09-02'}, {'name': 'Timm Raabe', 'birth_date': '1976-11-19'}, {'name': 'Greta Oorschot', 'birth_date': '1993-08-19'}], 'created': '2024-10-10T16:01:06.102000'}, {'_id': '6707fa469a6e091126308054', 'travel': 1, 'payer': 4, 'amount': 9835, 'code_departure': 'DUB', 'code_arrival': 'BKK', 'number_of_passengers': 1, 'passengers': [{'passenger': 'Carla Jiménez', 'birth_date': '1982-03-11'}], 'created': '2024-10-10T16:01:10.152000'}]
[2024-12-05T07:32:05.737+0000] {python.py:240} INFO - Done. Returned value was: [{'_id': '6707fa42840c437097f7b593', 'travel': 3, 'payer': 1, 'amount': 26092, 'code_departure': 'SIN', 'code_arrival': 'ICN', 'number_of_passengers': 4, 'passengers': [{'passenger': 'Zoe Barnaby', 'birth_date': '1993-09-24'}, {'name': 'Ružica Ivančević', 'birth_date': '1995-09-02'}, {'name': 'Timm Raabe', 'birth_date': '1976-11-19'}, {'name': 'Greta Oorschot', 'birth_date': '1993-08-19'}], 'created': '2024-10-10T16:01:06.102000'}, {'_id': '6707fa469a6e091126308054', 'travel': 1, 'payer': 4, 'amount': 9835, 'code_departure': 'DUB', 'code_arrival': 'BKK', 'number_of_passengers': 1, 'passengers': [{'passenger': 'Carla Jiménez', 'birth_date': '1982-03-11'}], 'created': '2024-10-10T16:01:10.152000'}]
[2024-12-05T07:32:05.782+0000] {taskinstance.py:340} INFO - ::group::Post task execution logs
[2024-12-05T07:32:05.783+0000] {taskinstance.py:352} INFO - Marking task as SUCCESS. dag_id=dag1_mongo_to_kafka, task_id=fetch_mongo_data, run_id=manual__2024-12-05T07:32:01.872076+00:00, execution_date=20241205T073201, start_date=20241205T073203, end_date=20241205T073205
[2024-12-05T07:32:05.824+0000] {local_task_job_runner.py:266} INFO - Task exited with return code 0
[2024-12-05T07:32:05.863+0000] {taskinstance.py:3895} INFO - 1 downstream tasks scheduled from follow-on schedule check
[2024-12-05T07:32:05.868+0000] {local_task_job_runner.py:245} INFO - ::endgroup::
