[2024-12-05T22:58:48.082+0000] {local_task_job_runner.py:123} INFO - ::group::Pre task execution logs
[2024-12-05T22:58:48.098+0000] {taskinstance.py:2613} INFO - Dependencies all met for dep_context=non-requeueable deps ti=<TaskInstance: dag1.send_to_kafka manual__2024-12-05T22:58:44.260228+00:00 [queued]>
[2024-12-05T22:58:48.106+0000] {taskinstance.py:2613} INFO - Dependencies all met for dep_context=requeueable deps ti=<TaskInstance: dag1.send_to_kafka manual__2024-12-05T22:58:44.260228+00:00 [queued]>
[2024-12-05T22:58:48.107+0000] {taskinstance.py:2866} INFO - Starting attempt 1 of 2
[2024-12-05T22:58:48.119+0000] {taskinstance.py:2889} INFO - Executing <Task(PythonOperator): send_to_kafka> on 2024-12-05 22:58:44.260228+00:00
[2024-12-05T22:58:48.123+0000] {warnings.py:112} WARNING - /home/***/.local/lib/python3.12/site-packages/***/task/task_runner/standard_task_runner.py:70: DeprecationWarning: This process (pid=10601) is multi-threaded, use of fork() may lead to deadlocks in the child.
  pid = os.fork()

[2024-12-05T22:58:48.125+0000] {standard_task_runner.py:72} INFO - Started process 10602 to run task
[2024-12-05T22:58:48.125+0000] {standard_task_runner.py:104} INFO - Running: ['***', 'tasks', 'run', 'dag1', 'send_to_kafka', 'manual__2024-12-05T22:58:44.260228+00:00', '--job-id', '366', '--raw', '--subdir', 'DAGS_FOLDER/dag1_producer_mongo.py', '--cfg-path', '/tmp/tmpj7e7djmz']
[2024-12-05T22:58:48.128+0000] {standard_task_runner.py:105} INFO - Job 366: Subtask send_to_kafka
[2024-12-05T22:58:48.166+0000] {task_command.py:467} INFO - Running <TaskInstance: dag1.send_to_kafka manual__2024-12-05T22:58:44.260228+00:00 [running]> on host bc436253e42c
[2024-12-05T22:58:48.235+0000] {taskinstance.py:3132} INFO - Exporting env vars: AIRFLOW_CTX_DAG_OWNER='***' AIRFLOW_CTX_DAG_ID='dag1' AIRFLOW_CTX_TASK_ID='send_to_kafka' AIRFLOW_CTX_EXECUTION_DATE='2024-12-05T22:58:44.260228+00:00' AIRFLOW_CTX_TRY_NUMBER='1' AIRFLOW_CTX_DAG_RUN_ID='manual__2024-12-05T22:58:44.260228+00:00'
[2024-12-05T22:58:48.236+0000] {taskinstance.py:731} INFO - ::endgroup::
[2024-12-05T22:58:51.126+0000] {dag1_producer_mongo.py:141} INFO - create data.travelagency.avro.receipt
[2024-12-05T22:59:43.677+0000] {python.py:240} INFO - Done. Returned value was: None
[2024-12-05T22:59:43.931+0000] {taskinstance.py:340} INFO - ::group::Post task execution logs
[2024-12-05T22:59:43.932+0000] {taskinstance.py:352} INFO - Marking task as SUCCESS. dag_id=dag1, task_id=send_to_kafka, run_id=manual__2024-12-05T22:58:44.260228+00:00, execution_date=20241205T225844, start_date=20241205T225848, end_date=20241205T225943
[2024-12-05T22:59:43.985+0000] {local_task_job_runner.py:266} INFO - Task exited with return code 0
[2024-12-05T22:59:44.001+0000] {taskinstance.py:3895} INFO - 0 downstream tasks scheduled from follow-on schedule check
[2024-12-05T22:59:44.003+0000] {local_task_job_runner.py:245} INFO - ::endgroup::
