[2024-12-07T12:45:10.147+0000] {local_task_job_runner.py:123} INFO - ::group::Pre task execution logs
[2024-12-07T12:45:10.162+0000] {taskinstance.py:2613} INFO - Dependencies all met for dep_context=non-requeueable deps ti=<TaskInstance: dag2_Kafkas3.consume_from_kafka scheduled__2024-12-06T00:00:00+00:00 [queued]>
[2024-12-07T12:45:10.172+0000] {taskinstance.py:2613} INFO - Dependencies all met for dep_context=requeueable deps ti=<TaskInstance: dag2_Kafkas3.consume_from_kafka scheduled__2024-12-06T00:00:00+00:00 [queued]>
[2024-12-07T12:45:10.174+0000] {taskinstance.py:2866} INFO - Starting attempt 2 of 2
[2024-12-07T12:45:10.187+0000] {taskinstance.py:2889} INFO - Executing <Task(PythonOperator): consume_from_kafka> on 2024-12-06 00:00:00+00:00
[2024-12-07T12:45:10.192+0000] {warnings.py:112} WARNING - /home/***/.local/lib/python3.12/site-packages/***/task/task_runner/standard_task_runner.py:70: DeprecationWarning: This process (pid=668) is multi-threaded, use of fork() may lead to deadlocks in the child.
  pid = os.fork()

[2024-12-07T12:45:10.193+0000] {standard_task_runner.py:72} INFO - Started process 669 to run task
[2024-12-07T12:45:10.194+0000] {standard_task_runner.py:104} INFO - Running: ['***', 'tasks', 'run', 'dag2_Kafkas3', 'consume_from_kafka', 'scheduled__2024-12-06T00:00:00+00:00', '--job-id', '583', '--raw', '--subdir', 'DAGS_FOLDER/dag2_Kafkas3.py', '--cfg-path', '/tmp/tmpy7359gxf']
[2024-12-07T12:45:10.196+0000] {standard_task_runner.py:105} INFO - Job 583: Subtask consume_from_kafka
[2024-12-07T12:45:10.238+0000] {task_command.py:467} INFO - Running <TaskInstance: dag2_Kafkas3.consume_from_kafka scheduled__2024-12-06T00:00:00+00:00 [running]> on host d7d86e3077c3
[2024-12-07T12:45:10.324+0000] {taskinstance.py:3132} INFO - Exporting env vars: AIRFLOW_CTX_DAG_OWNER='***' AIRFLOW_CTX_DAG_ID='dag2_Kafkas3' AIRFLOW_CTX_TASK_ID='consume_from_kafka' AIRFLOW_CTX_EXECUTION_DATE='2024-12-06T00:00:00+00:00' AIRFLOW_CTX_TRY_NUMBER='2' AIRFLOW_CTX_DAG_RUN_ID='scheduled__2024-12-06T00:00:00+00:00'
[2024-12-07T12:45:10.325+0000] {taskinstance.py:731} INFO - ::endgroup::
[2024-12-07T12:45:15.342+0000] {logging_mixin.py:190} INFO - No message received
[2024-12-07T12:45:20.344+0000] {logging_mixin.py:190} INFO - No message received
[2024-12-07T12:45:25.346+0000] {logging_mixin.py:190} INFO - No message received
[2024-12-07T12:45:30.347+0000] {logging_mixin.py:190} INFO - No message received
[2024-12-07T12:45:35.349+0000] {logging_mixin.py:190} INFO - No message received
[2024-12-07T12:45:40.350+0000] {logging_mixin.py:190} INFO - No message received
[2024-12-07T12:45:45.351+0000] {logging_mixin.py:190} INFO - No message received
[2024-12-07T12:45:50.352+0000] {logging_mixin.py:190} INFO - No message received
[2024-12-07T12:45:55.355+0000] {logging_mixin.py:190} INFO - No message received
[2024-12-07T12:46:00.356+0000] {logging_mixin.py:190} INFO - No message received
[2024-12-07T12:46:05.357+0000] {logging_mixin.py:190} INFO - No message received
[2024-12-07T12:46:10.359+0000] {logging_mixin.py:190} INFO - No message received
[2024-12-07T12:46:15.361+0000] {logging_mixin.py:190} INFO - No message received
[2024-12-07T12:46:20.362+0000] {logging_mixin.py:190} INFO - No message received
[2024-12-07T12:46:25.365+0000] {logging_mixin.py:190} INFO - No message received
[2024-12-07T12:46:30.368+0000] {logging_mixin.py:190} INFO - No message received
[2024-12-07T12:46:35.371+0000] {logging_mixin.py:190} INFO - No message received
[2024-12-07T12:46:40.374+0000] {logging_mixin.py:190} INFO - No message received
[2024-12-07T12:46:45.376+0000] {logging_mixin.py:190} INFO - No message received
[2024-12-07T12:46:50.377+0000] {logging_mixin.py:190} INFO - No message received
[2024-12-07T12:46:55.380+0000] {logging_mixin.py:190} INFO - No message received
[2024-12-07T12:47:00.383+0000] {logging_mixin.py:190} INFO - No message received
[2024-12-07T12:47:05.386+0000] {logging_mixin.py:190} INFO - No message received
[2024-12-07T12:47:10.387+0000] {logging_mixin.py:190} INFO - No message received
[2024-12-07T12:47:15.389+0000] {logging_mixin.py:190} INFO - No message received
[2024-12-07T12:47:20.390+0000] {logging_mixin.py:190} INFO - No message received
[2024-12-07T12:47:25.391+0000] {logging_mixin.py:190} INFO - No message received
[2024-12-07T12:47:30.392+0000] {logging_mixin.py:190} INFO - No message received
[2024-12-07T12:47:35.395+0000] {logging_mixin.py:190} INFO - No message received
[2024-12-07T12:47:40.398+0000] {logging_mixin.py:190} INFO - No message received
[2024-12-07T12:47:45.400+0000] {logging_mixin.py:190} INFO - No message received
[2024-12-07T12:47:50.403+0000] {logging_mixin.py:190} INFO - No message received
[2024-12-07T12:47:55.406+0000] {logging_mixin.py:190} INFO - No message received
[2024-12-07T12:48:00.410+0000] {logging_mixin.py:190} INFO - No message received
[2024-12-07T12:48:05.413+0000] {logging_mixin.py:190} INFO - No message received
[2024-12-07T12:48:10.416+0000] {logging_mixin.py:190} INFO - No message received
[2024-12-07T12:48:15.417+0000] {logging_mixin.py:190} INFO - No message received
[2024-12-07T12:48:20.418+0000] {logging_mixin.py:190} INFO - No message received
[2024-12-07T12:48:25.419+0000] {logging_mixin.py:190} INFO - No message received
[2024-12-07T12:48:30.420+0000] {logging_mixin.py:190} INFO - No message received
[2024-12-07T12:48:35.421+0000] {logging_mixin.py:190} INFO - No message received
[2024-12-07T12:48:40.424+0000] {logging_mixin.py:190} INFO - No message received
[2024-12-07T12:48:45.425+0000] {logging_mixin.py:190} INFO - No message received
[2024-12-07T12:48:50.426+0000] {logging_mixin.py:190} INFO - No message received
[2024-12-07T12:48:55.429+0000] {logging_mixin.py:190} INFO - No message received
[2024-12-07T12:49:00.429+0000] {logging_mixin.py:190} INFO - No message received
[2024-12-07T12:49:05.431+0000] {logging_mixin.py:190} INFO - No message received
[2024-12-07T12:49:10.433+0000] {logging_mixin.py:190} INFO - No message received
[2024-12-07T12:49:15.435+0000] {logging_mixin.py:190} INFO - No message received
[2024-12-07T12:49:20.437+0000] {logging_mixin.py:190} INFO - No message received
[2024-12-07T12:49:25.438+0000] {logging_mixin.py:190} INFO - No message received
[2024-12-07T12:49:30.440+0000] {logging_mixin.py:190} INFO - No message received
[2024-12-07T12:49:35.441+0000] {logging_mixin.py:190} INFO - No message received
[2024-12-07T12:49:40.442+0000] {logging_mixin.py:190} INFO - No message received
[2024-12-07T12:49:45.445+0000] {logging_mixin.py:190} INFO - No message received
[2024-12-07T12:49:50.447+0000] {logging_mixin.py:190} INFO - No message received
[2024-12-07T12:49:55.457+0000] {logging_mixin.py:190} INFO - No message received
[2024-12-07T12:50:00.459+0000] {logging_mixin.py:190} INFO - No message received
[2024-12-07T12:50:05.461+0000] {logging_mixin.py:190} INFO - No message received
[2024-12-07T12:50:10.464+0000] {logging_mixin.py:190} INFO - No message received
[2024-12-07T12:50:15.464+0000] {logging_mixin.py:190} INFO - No message received
[2024-12-07T12:50:20.466+0000] {logging_mixin.py:190} INFO - No message received
[2024-12-07T12:50:25.468+0000] {logging_mixin.py:190} INFO - No message received
[2024-12-07T12:50:30.469+0000] {logging_mixin.py:190} INFO - No message received
[2024-12-07T12:50:35.472+0000] {logging_mixin.py:190} INFO - No message received
[2024-12-07T12:50:40.474+0000] {logging_mixin.py:190} INFO - No message received
[2024-12-07T12:50:45.476+0000] {logging_mixin.py:190} INFO - No message received
[2024-12-07T12:50:50.478+0000] {logging_mixin.py:190} INFO - No message received
[2024-12-07T12:50:55.481+0000] {logging_mixin.py:190} INFO - No message received
[2024-12-07T12:51:00.484+0000] {logging_mixin.py:190} INFO - No message received
[2024-12-07T12:51:05.491+0000] {logging_mixin.py:190} INFO - No message received
[2024-12-07T12:51:10.493+0000] {logging_mixin.py:190} INFO - No message received
[2024-12-07T12:51:15.495+0000] {logging_mixin.py:190} INFO - No message received
[2024-12-07T12:51:20.495+0000] {logging_mixin.py:190} INFO - No message received
[2024-12-07T12:51:25.497+0000] {logging_mixin.py:190} INFO - No message received
[2024-12-07T12:51:30.499+0000] {logging_mixin.py:190} INFO - No message received
[2024-12-07T12:51:35.501+0000] {logging_mixin.py:190} INFO - No message received
[2024-12-07T12:51:40.462+0000] {logging_mixin.py:190} INFO - No message received
[2024-12-07T12:51:44.258+0000] {local_task_job_runner.py:346} WARNING - State of this instance has been externally set to success. Terminating instance.
[2024-12-07T12:51:44.260+0000] {local_task_job_runner.py:245} INFO - ::endgroup::
[2024-12-07T12:51:44.262+0000] {process_utils.py:132} INFO - Sending 15 to group 669. PIDs of all processes in the group: [669]
[2024-12-07T12:51:44.262+0000] {process_utils.py:87} INFO - Sending the signal 15 to group 669
[2024-12-07T12:51:45.465+0000] {taskinstance.py:3093} ERROR - Received SIGTERM. Terminating subprocesses.
[2024-12-07T12:51:45.486+0000] {taskinstance.py:340} INFO - ::group::Post task execution logs
[2024-12-07T12:51:45.496+0000] {process_utils.py:80} INFO - Process psutil.Process(pid=669, status='terminated', exitcode=0, started='12:45:09') (669) terminated with exit code 0
