[2024-12-07T10:45:38.451+0000] {local_task_job_runner.py:123} INFO - ::group::Pre task execution logs
[2024-12-07T10:45:38.487+0000] {taskinstance.py:2613} INFO - Dependencies all met for dep_context=non-requeueable deps ti=<TaskInstance: dag2_Kafkas3.consume_from_kafka scheduled__2024-12-06T00:00:00+00:00 [queued]>
[2024-12-07T10:45:38.508+0000] {taskinstance.py:2613} INFO - Dependencies all met for dep_context=requeueable deps ti=<TaskInstance: dag2_Kafkas3.consume_from_kafka scheduled__2024-12-06T00:00:00+00:00 [queued]>
[2024-12-07T10:45:38.510+0000] {taskinstance.py:2866} INFO - Starting attempt 1 of 2
[2024-12-07T10:45:38.536+0000] {taskinstance.py:2889} INFO - Executing <Task(PythonOperator): consume_from_kafka> on 2024-12-06 00:00:00+00:00
[2024-12-07T10:45:38.546+0000] {warnings.py:112} WARNING - /home/***/.local/lib/python3.12/site-packages/***/task/task_runner/standard_task_runner.py:70: DeprecationWarning: This process (pid=81) is multi-threaded, use of fork() may lead to deadlocks in the child.
  pid = os.fork()

[2024-12-07T10:45:38.550+0000] {standard_task_runner.py:72} INFO - Started process 82 to run task
[2024-12-07T10:45:38.549+0000] {standard_task_runner.py:104} INFO - Running: ['***', 'tasks', 'run', 'dag2_Kafkas3', 'consume_from_kafka', 'scheduled__2024-12-06T00:00:00+00:00', '--job-id', '579', '--raw', '--subdir', 'DAGS_FOLDER/dag2_Kafkas3.py', '--cfg-path', '/tmp/tmp1a96lqav']
[2024-12-07T10:45:38.553+0000] {standard_task_runner.py:105} INFO - Job 579: Subtask consume_from_kafka
[2024-12-07T10:45:38.651+0000] {task_command.py:467} INFO - Running <TaskInstance: dag2_Kafkas3.consume_from_kafka scheduled__2024-12-06T00:00:00+00:00 [running]> on host d7d86e3077c3
[2024-12-07T10:45:38.893+0000] {taskinstance.py:3132} INFO - Exporting env vars: AIRFLOW_CTX_DAG_OWNER='***' AIRFLOW_CTX_DAG_ID='dag2_Kafkas3' AIRFLOW_CTX_TASK_ID='consume_from_kafka' AIRFLOW_CTX_EXECUTION_DATE='2024-12-06T00:00:00+00:00' AIRFLOW_CTX_TRY_NUMBER='1' AIRFLOW_CTX_DAG_RUN_ID='scheduled__2024-12-06T00:00:00+00:00'
[2024-12-07T10:45:38.895+0000] {taskinstance.py:731} INFO - ::endgroup::
[2024-12-07T10:45:43.969+0000] {logging_mixin.py:190} INFO - No message received
[2024-12-07T10:45:48.971+0000] {logging_mixin.py:190} INFO - No message received
[2024-12-07T10:45:53.974+0000] {logging_mixin.py:190} INFO - No message received
[2024-12-07T10:45:58.975+0000] {logging_mixin.py:190} INFO - No message received
[2024-12-07T10:46:03.977+0000] {logging_mixin.py:190} INFO - No message received
[2024-12-07T10:46:08.979+0000] {logging_mixin.py:190} INFO - No message received
[2024-12-07T10:46:13.983+0000] {logging_mixin.py:190} INFO - No message received
[2024-12-07T10:46:18.986+0000] {logging_mixin.py:190} INFO - No message received
[2024-12-07T10:46:23.989+0000] {logging_mixin.py:190} INFO - No message received
[2024-12-07T10:46:28.991+0000] {logging_mixin.py:190} INFO - No message received
[2024-12-07T10:46:33.993+0000] {logging_mixin.py:190} INFO - No message received
[2024-12-07T10:46:38.996+0000] {logging_mixin.py:190} INFO - No message received
[2024-12-07T10:46:43.998+0000] {logging_mixin.py:190} INFO - No message received
[2024-12-07T10:46:49.000+0000] {logging_mixin.py:190} INFO - No message received
[2024-12-07T10:46:54.002+0000] {logging_mixin.py:190} INFO - No message received
[2024-12-07T10:46:59.005+0000] {logging_mixin.py:190} INFO - No message received
[2024-12-07T10:47:04.007+0000] {logging_mixin.py:190} INFO - No message received
[2024-12-07T10:47:09.008+0000] {logging_mixin.py:190} INFO - No message received
[2024-12-07T10:47:14.010+0000] {logging_mixin.py:190} INFO - No message received
[2024-12-07T10:47:19.013+0000] {logging_mixin.py:190} INFO - No message received
[2024-12-07T10:47:24.015+0000] {logging_mixin.py:190} INFO - No message received
[2024-12-07T10:47:29.018+0000] {logging_mixin.py:190} INFO - No message received
[2024-12-07T10:47:34.019+0000] {logging_mixin.py:190} INFO - No message received
[2024-12-07T10:47:39.022+0000] {logging_mixin.py:190} INFO - No message received
[2024-12-07T10:47:44.023+0000] {logging_mixin.py:190} INFO - No message received
[2024-12-07T10:47:49.025+0000] {logging_mixin.py:190} INFO - No message received
[2024-12-07T10:47:54.026+0000] {logging_mixin.py:190} INFO - No message received
[2024-12-07T10:47:59.029+0000] {logging_mixin.py:190} INFO - No message received
[2024-12-07T10:48:04.031+0000] {logging_mixin.py:190} INFO - No message received
[2024-12-07T10:48:09.034+0000] {logging_mixin.py:190} INFO - No message received
[2024-12-07T10:48:14.037+0000] {logging_mixin.py:190} INFO - No message received
[2024-12-07T10:48:19.038+0000] {logging_mixin.py:190} INFO - No message received
[2024-12-07T10:48:24.039+0000] {logging_mixin.py:190} INFO - No message received
[2024-12-07T10:48:29.043+0000] {logging_mixin.py:190} INFO - No message received
[2024-12-07T10:48:34.047+0000] {logging_mixin.py:190} INFO - No message received
[2024-12-07T10:48:39.050+0000] {logging_mixin.py:190} INFO - No message received
[2024-12-07T10:48:44.051+0000] {logging_mixin.py:190} INFO - No message received
[2024-12-07T10:48:49.054+0000] {logging_mixin.py:190} INFO - No message received
[2024-12-07T10:48:54.057+0000] {logging_mixin.py:190} INFO - No message received
[2024-12-07T10:48:59.058+0000] {logging_mixin.py:190} INFO - No message received
[2024-12-07T10:49:04.060+0000] {logging_mixin.py:190} INFO - No message received
[2024-12-07T10:49:09.063+0000] {logging_mixin.py:190} INFO - No message received
[2024-12-07T10:49:14.067+0000] {logging_mixin.py:190} INFO - No message received
[2024-12-07T10:49:19.070+0000] {logging_mixin.py:190} INFO - No message received
[2024-12-07T10:49:24.072+0000] {logging_mixin.py:190} INFO - No message received
[2024-12-07T10:49:29.075+0000] {logging_mixin.py:190} INFO - No message received
[2024-12-07T10:49:34.077+0000] {logging_mixin.py:190} INFO - No message received
[2024-12-07T10:49:39.080+0000] {logging_mixin.py:190} INFO - No message received
[2024-12-07T10:49:44.082+0000] {logging_mixin.py:190} INFO - No message received
[2024-12-07T10:49:49.085+0000] {logging_mixin.py:190} INFO - No message received
[2024-12-07T10:49:54.087+0000] {logging_mixin.py:190} INFO - No message received
[2024-12-07T10:49:59.089+0000] {logging_mixin.py:190} INFO - No message received
[2024-12-07T10:50:04.091+0000] {logging_mixin.py:190} INFO - No message received
[2024-12-07T10:50:09.092+0000] {logging_mixin.py:190} INFO - No message received
[2024-12-07T10:50:14.093+0000] {logging_mixin.py:190} INFO - No message received
[2024-12-07T10:50:19.096+0000] {logging_mixin.py:190} INFO - No message received
[2024-12-07T10:50:24.100+0000] {logging_mixin.py:190} INFO - No message received
[2024-12-07T10:50:29.102+0000] {logging_mixin.py:190} INFO - No message received
[2024-12-07T10:50:34.105+0000] {logging_mixin.py:190} INFO - No message received
[2024-12-07T10:50:39.108+0000] {logging_mixin.py:190} INFO - No message received
[2024-12-07T10:50:44.109+0000] {logging_mixin.py:190} INFO - No message received
[2024-12-07T10:50:49.110+0000] {logging_mixin.py:190} INFO - No message received
[2024-12-07T10:50:54.112+0000] {logging_mixin.py:190} INFO - No message received
[2024-12-07T10:50:59.113+0000] {logging_mixin.py:190} INFO - No message received
[2024-12-07T10:51:04.115+0000] {logging_mixin.py:190} INFO - No message received
[2024-12-07T10:51:09.119+0000] {logging_mixin.py:190} INFO - No message received
[2024-12-07T10:51:14.121+0000] {logging_mixin.py:190} INFO - No message received
[2024-12-07T10:51:19.124+0000] {logging_mixin.py:190} INFO - No message received
[2024-12-07T10:51:24.125+0000] {logging_mixin.py:190} INFO - No message received
[2024-12-07T10:51:29.128+0000] {logging_mixin.py:190} INFO - No message received
[2024-12-07T10:51:34.133+0000] {logging_mixin.py:190} INFO - No message received
[2024-12-07T10:51:39.135+0000] {logging_mixin.py:190} INFO - No message received
[2024-12-07T10:51:44.137+0000] {logging_mixin.py:190} INFO - No message received
[2024-12-07T10:51:49.140+0000] {logging_mixin.py:190} INFO - No message received
[2024-12-07T10:51:54.142+0000] {logging_mixin.py:190} INFO - No message received
[2024-12-07T10:51:59.144+0000] {logging_mixin.py:190} INFO - No message received
[2024-12-07T10:52:04.146+0000] {logging_mixin.py:190} INFO - No message received
[2024-12-07T10:52:09.149+0000] {logging_mixin.py:190} INFO - No message received
[2024-12-07T10:52:14.152+0000] {logging_mixin.py:190} INFO - No message received
[2024-12-07T10:52:19.156+0000] {logging_mixin.py:190} INFO - No message received
[2024-12-07T10:52:24.158+0000] {logging_mixin.py:190} INFO - No message received
[2024-12-07T10:52:29.161+0000] {logging_mixin.py:190} INFO - No message received
[2024-12-07T10:52:34.163+0000] {logging_mixin.py:190} INFO - No message received
[2024-12-07T10:52:39.165+0000] {logging_mixin.py:190} INFO - No message received
[2024-12-07T10:52:44.168+0000] {logging_mixin.py:190} INFO - No message received
[2024-12-07T10:52:49.170+0000] {logging_mixin.py:190} INFO - No message received
[2024-12-07T10:52:54.172+0000] {logging_mixin.py:190} INFO - No message received
[2024-12-07T10:52:59.175+0000] {logging_mixin.py:190} INFO - No message received
[2024-12-07T10:53:04.176+0000] {logging_mixin.py:190} INFO - No message received
[2024-12-07T10:53:09.178+0000] {logging_mixin.py:190} INFO - No message received
[2024-12-07T10:53:14.181+0000] {logging_mixin.py:190} INFO - No message received
[2024-12-07T10:53:19.183+0000] {logging_mixin.py:190} INFO - No message received
[2024-12-07T10:53:24.185+0000] {logging_mixin.py:190} INFO - No message received
[2024-12-07T10:53:29.187+0000] {logging_mixin.py:190} INFO - No message received
[2024-12-07T10:53:34.189+0000] {logging_mixin.py:190} INFO - No message received
[2024-12-07T10:53:39.192+0000] {logging_mixin.py:190} INFO - No message received
[2024-12-07T10:53:44.193+0000] {logging_mixin.py:190} INFO - No message received
[2024-12-07T10:53:49.195+0000] {logging_mixin.py:190} INFO - No message received
[2024-12-07T10:53:54.198+0000] {logging_mixin.py:190} INFO - No message received
[2024-12-07T10:53:59.201+0000] {logging_mixin.py:190} INFO - No message received
[2024-12-07T10:54:04.203+0000] {logging_mixin.py:190} INFO - No message received
[2024-12-07T10:54:09.205+0000] {logging_mixin.py:190} INFO - No message received
[2024-12-07T10:54:14.207+0000] {logging_mixin.py:190} INFO - No message received
[2024-12-07T10:54:19.208+0000] {logging_mixin.py:190} INFO - No message received
[2024-12-07T10:54:24.210+0000] {logging_mixin.py:190} INFO - No message received
[2024-12-07T10:54:29.212+0000] {logging_mixin.py:190} INFO - No message received
[2024-12-07T10:54:34.215+0000] {logging_mixin.py:190} INFO - No message received
[2024-12-07T10:54:39.218+0000] {logging_mixin.py:190} INFO - No message received
[2024-12-07T10:54:44.220+0000] {logging_mixin.py:190} INFO - No message received
[2024-12-07T10:54:49.222+0000] {logging_mixin.py:190} INFO - No message received
[2024-12-07T10:54:54.224+0000] {logging_mixin.py:190} INFO - No message received
[2024-12-07T10:54:59.225+0000] {logging_mixin.py:190} INFO - No message received
[2024-12-07T10:55:04.228+0000] {logging_mixin.py:190} INFO - No message received
[2024-12-07T10:55:09.231+0000] {logging_mixin.py:190} INFO - No message received
[2024-12-07T10:55:14.234+0000] {logging_mixin.py:190} INFO - No message received
[2024-12-07T10:55:19.237+0000] {logging_mixin.py:190} INFO - No message received
[2024-12-07T10:55:24.238+0000] {logging_mixin.py:190} INFO - No message received
[2024-12-07T10:55:29.239+0000] {logging_mixin.py:190} INFO - No message received
[2024-12-07T10:55:34.241+0000] {logging_mixin.py:190} INFO - No message received
[2024-12-07T10:55:39.242+0000] {logging_mixin.py:190} INFO - No message received
[2024-12-07T10:55:44.243+0000] {logging_mixin.py:190} INFO - No message received
[2024-12-07T10:55:49.245+0000] {logging_mixin.py:190} INFO - No message received
[2024-12-07T10:55:54.247+0000] {logging_mixin.py:190} INFO - No message received
[2024-12-07T10:55:59.249+0000] {logging_mixin.py:190} INFO - No message received
[2024-12-07T10:56:04.250+0000] {logging_mixin.py:190} INFO - No message received
[2024-12-07T10:56:09.251+0000] {logging_mixin.py:190} INFO - No message received
[2024-12-07T10:56:14.252+0000] {logging_mixin.py:190} INFO - No message received
[2024-12-07T10:56:19.254+0000] {logging_mixin.py:190} INFO - No message received
[2024-12-07T10:56:24.256+0000] {logging_mixin.py:190} INFO - No message received
[2024-12-07T10:56:29.258+0000] {logging_mixin.py:190} INFO - No message received
[2024-12-07T10:56:34.259+0000] {logging_mixin.py:190} INFO - No message received
[2024-12-07T10:56:39.261+0000] {logging_mixin.py:190} INFO - No message received
[2024-12-07T10:56:44.262+0000] {logging_mixin.py:190} INFO - No message received
[2024-12-07T10:56:49.264+0000] {logging_mixin.py:190} INFO - No message received
[2024-12-07T10:56:54.265+0000] {logging_mixin.py:190} INFO - No message received
[2024-12-07T10:56:59.267+0000] {logging_mixin.py:190} INFO - No message received
[2024-12-07T10:57:04.270+0000] {logging_mixin.py:190} INFO - No message received
[2024-12-07T10:57:09.273+0000] {logging_mixin.py:190} INFO - No message received
[2024-12-07T10:57:14.274+0000] {logging_mixin.py:190} INFO - No message received
[2024-12-07T10:57:19.275+0000] {logging_mixin.py:190} INFO - No message received
[2024-12-07T10:57:24.296+0000] {logging_mixin.py:190} INFO - No message received
[2024-12-07T10:57:29.298+0000] {logging_mixin.py:190} INFO - No message received
[2024-12-07T10:57:34.300+0000] {logging_mixin.py:190} INFO - No message received
[2024-12-07T10:57:39.303+0000] {logging_mixin.py:190} INFO - No message received
[2024-12-07T10:57:44.306+0000] {logging_mixin.py:190} INFO - No message received
[2024-12-07T10:57:49.308+0000] {logging_mixin.py:190} INFO - No message received
[2024-12-07T10:57:54.310+0000] {logging_mixin.py:190} INFO - No message received
[2024-12-07T10:57:59.312+0000] {logging_mixin.py:190} INFO - No message received
[2024-12-07T10:58:04.315+0000] {logging_mixin.py:190} INFO - No message received
[2024-12-07T10:58:09.319+0000] {logging_mixin.py:190} INFO - No message received
[2024-12-07T10:58:14.321+0000] {logging_mixin.py:190} INFO - No message received
[2024-12-07T10:58:19.324+0000] {logging_mixin.py:190} INFO - No message received
[2024-12-07T10:58:24.325+0000] {logging_mixin.py:190} INFO - No message received
[2024-12-07T10:58:29.327+0000] {logging_mixin.py:190} INFO - No message received
[2024-12-07T10:58:34.329+0000] {logging_mixin.py:190} INFO - No message received
[2024-12-07T10:58:39.331+0000] {logging_mixin.py:190} INFO - No message received
[2024-12-07T10:58:44.337+0000] {logging_mixin.py:190} INFO - No message received
[2024-12-07T10:58:49.341+0000] {logging_mixin.py:190} INFO - No message received
[2024-12-07T10:58:54.343+0000] {logging_mixin.py:190} INFO - No message received
[2024-12-07T10:58:59.344+0000] {logging_mixin.py:190} INFO - No message received
[2024-12-07T10:59:04.345+0000] {logging_mixin.py:190} INFO - No message received
[2024-12-07T10:59:09.347+0000] {logging_mixin.py:190} INFO - No message received
[2024-12-07T10:59:14.349+0000] {logging_mixin.py:190} INFO - No message received
[2024-12-07T10:59:19.350+0000] {logging_mixin.py:190} INFO - No message received
[2024-12-07T10:59:24.352+0000] {logging_mixin.py:190} INFO - No message received
[2024-12-07T10:59:29.354+0000] {logging_mixin.py:190} INFO - No message received
[2024-12-07T10:59:34.356+0000] {logging_mixin.py:190} INFO - No message received
[2024-12-07T10:59:39.358+0000] {logging_mixin.py:190} INFO - No message received
[2024-12-07T10:59:44.360+0000] {logging_mixin.py:190} INFO - No message received
[2024-12-07T10:59:49.363+0000] {logging_mixin.py:190} INFO - No message received
[2024-12-07T10:59:54.364+0000] {logging_mixin.py:190} INFO - No message received
[2024-12-07T10:59:59.367+0000] {logging_mixin.py:190} INFO - No message received
[2024-12-07T11:00:04.368+0000] {logging_mixin.py:190} INFO - No message received
[2024-12-07T11:00:09.371+0000] {logging_mixin.py:190} INFO - No message received
[2024-12-07T11:00:14.373+0000] {logging_mixin.py:190} INFO - No message received
[2024-12-07T11:00:19.374+0000] {logging_mixin.py:190} INFO - No message received
[2024-12-07T11:00:24.375+0000] {logging_mixin.py:190} INFO - No message received
[2024-12-07T11:00:29.380+0000] {logging_mixin.py:190} INFO - No message received
[2024-12-07T11:00:34.381+0000] {logging_mixin.py:190} INFO - No message received
[2024-12-07T11:00:39.383+0000] {logging_mixin.py:190} INFO - No message received
[2024-12-07T11:00:44.385+0000] {logging_mixin.py:190} INFO - No message received
[2024-12-07T11:00:49.388+0000] {logging_mixin.py:190} INFO - No message received
[2024-12-07T11:00:54.389+0000] {logging_mixin.py:190} INFO - No message received
[2024-12-07T11:00:59.391+0000] {logging_mixin.py:190} INFO - No message received
[2024-12-07T11:01:04.394+0000] {logging_mixin.py:190} INFO - No message received
[2024-12-07T11:01:09.395+0000] {logging_mixin.py:190} INFO - No message received
[2024-12-07T11:01:14.398+0000] {logging_mixin.py:190} INFO - No message received
[2024-12-07T11:01:19.400+0000] {logging_mixin.py:190} INFO - No message received
[2024-12-07T11:01:24.402+0000] {logging_mixin.py:190} INFO - No message received
[2024-12-07T11:01:29.405+0000] {logging_mixin.py:190} INFO - No message received
[2024-12-07T11:01:34.406+0000] {logging_mixin.py:190} INFO - No message received
[2024-12-07T11:01:39.409+0000] {logging_mixin.py:190} INFO - No message received
[2024-12-07T11:01:44.410+0000] {logging_mixin.py:190} INFO - No message received
[2024-12-07T11:01:49.412+0000] {logging_mixin.py:190} INFO - No message received
[2024-12-07T11:01:54.414+0000] {logging_mixin.py:190} INFO - No message received
[2024-12-07T11:01:59.417+0000] {logging_mixin.py:190} INFO - No message received
[2024-12-07T11:02:04.418+0000] {logging_mixin.py:190} INFO - No message received
[2024-12-07T11:02:09.419+0000] {logging_mixin.py:190} INFO - No message received
[2024-12-07T11:02:14.421+0000] {logging_mixin.py:190} INFO - No message received
[2024-12-07T11:02:19.424+0000] {logging_mixin.py:190} INFO - No message received
[2024-12-07T11:02:24.426+0000] {logging_mixin.py:190} INFO - No message received
[2024-12-07T11:02:29.429+0000] {logging_mixin.py:190} INFO - No message received
[2024-12-07T11:02:34.431+0000] {logging_mixin.py:190} INFO - No message received
[2024-12-07T11:02:39.434+0000] {logging_mixin.py:190} INFO - No message received
[2024-12-07T11:02:44.435+0000] {logging_mixin.py:190} INFO - No message received
[2024-12-07T11:02:49.437+0000] {logging_mixin.py:190} INFO - No message received
[2024-12-07T11:02:54.439+0000] {logging_mixin.py:190} INFO - No message received
[2024-12-07T11:02:59.440+0000] {logging_mixin.py:190} INFO - No message received
[2024-12-07T11:03:04.442+0000] {logging_mixin.py:190} INFO - No message received
[2024-12-07T11:03:09.445+0000] {logging_mixin.py:190} INFO - No message received
[2024-12-07T11:03:14.447+0000] {logging_mixin.py:190} INFO - No message received
[2024-12-07T11:03:19.450+0000] {logging_mixin.py:190} INFO - No message received
[2024-12-07T11:03:24.451+0000] {logging_mixin.py:190} INFO - No message received
[2024-12-07T11:03:29.454+0000] {logging_mixin.py:190} INFO - No message received
[2024-12-07T11:03:34.456+0000] {logging_mixin.py:190} INFO - No message received
[2024-12-07T11:03:39.457+0000] {logging_mixin.py:190} INFO - No message received
[2024-12-07T11:03:44.458+0000] {logging_mixin.py:190} INFO - No message received
[2024-12-07T11:03:49.459+0000] {logging_mixin.py:190} INFO - No message received
[2024-12-07T11:03:54.461+0000] {logging_mixin.py:190} INFO - No message received
[2024-12-07T11:03:59.462+0000] {logging_mixin.py:190} INFO - No message received
[2024-12-07T11:04:04.464+0000] {logging_mixin.py:190} INFO - No message received
[2024-12-07T11:04:09.466+0000] {logging_mixin.py:190} INFO - No message received
[2024-12-07T11:04:14.468+0000] {logging_mixin.py:190} INFO - No message received
[2024-12-07T11:04:19.471+0000] {logging_mixin.py:190} INFO - No message received
[2024-12-07T11:04:24.473+0000] {logging_mixin.py:190} INFO - No message received
[2024-12-07T11:04:29.475+0000] {logging_mixin.py:190} INFO - No message received
[2024-12-07T11:04:34.477+0000] {logging_mixin.py:190} INFO - No message received
[2024-12-07T11:04:39.479+0000] {logging_mixin.py:190} INFO - No message received
[2024-12-07T11:04:44.480+0000] {logging_mixin.py:190} INFO - No message received
[2024-12-07T11:04:49.482+0000] {logging_mixin.py:190} INFO - No message received
[2024-12-07T11:04:54.484+0000] {logging_mixin.py:190} INFO - No message received
[2024-12-07T11:04:59.486+0000] {logging_mixin.py:190} INFO - No message received
[2024-12-07T11:05:04.488+0000] {logging_mixin.py:190} INFO - No message received
[2024-12-07T11:05:09.491+0000] {logging_mixin.py:190} INFO - No message received
[2024-12-07T11:05:14.492+0000] {logging_mixin.py:190} INFO - No message received
[2024-12-07T11:05:19.494+0000] {logging_mixin.py:190} INFO - No message received
[2024-12-07T11:05:24.496+0000] {logging_mixin.py:190} INFO - No message received
[2024-12-07T11:05:29.497+0000] {logging_mixin.py:190} INFO - No message received
[2024-12-07T11:05:34.503+0000] {logging_mixin.py:190} INFO - No message received
[2024-12-07T11:05:39.506+0000] {logging_mixin.py:190} INFO - No message received
[2024-12-07T11:05:44.508+0000] {logging_mixin.py:190} INFO - No message received
[2024-12-07T11:05:49.509+0000] {logging_mixin.py:190} INFO - No message received
[2024-12-07T11:05:54.511+0000] {logging_mixin.py:190} INFO - No message received
[2024-12-07T11:05:59.514+0000] {logging_mixin.py:190} INFO - No message received
[2024-12-07T11:06:04.516+0000] {logging_mixin.py:190} INFO - No message received
[2024-12-07T11:06:09.519+0000] {logging_mixin.py:190} INFO - No message received
[2024-12-07T11:06:14.521+0000] {logging_mixin.py:190} INFO - No message received
[2024-12-07T11:06:19.523+0000] {logging_mixin.py:190} INFO - No message received
[2024-12-07T11:06:24.525+0000] {logging_mixin.py:190} INFO - No message received
[2024-12-07T11:06:29.527+0000] {logging_mixin.py:190} INFO - No message received
[2024-12-07T11:06:34.529+0000] {logging_mixin.py:190} INFO - No message received
[2024-12-07T11:06:39.532+0000] {logging_mixin.py:190} INFO - No message received
[2024-12-07T11:06:44.534+0000] {logging_mixin.py:190} INFO - No message received
[2024-12-07T11:06:49.536+0000] {logging_mixin.py:190} INFO - No message received
[2024-12-07T11:06:54.538+0000] {logging_mixin.py:190} INFO - No message received
[2024-12-07T11:06:59.539+0000] {logging_mixin.py:190} INFO - No message received
[2024-12-07T11:07:04.541+0000] {logging_mixin.py:190} INFO - No message received
[2024-12-07T11:07:09.544+0000] {logging_mixin.py:190} INFO - No message received
[2024-12-07T11:07:14.546+0000] {logging_mixin.py:190} INFO - No message received
[2024-12-07T11:07:19.548+0000] {logging_mixin.py:190} INFO - No message received
[2024-12-07T11:07:24.550+0000] {logging_mixin.py:190} INFO - No message received
[2024-12-07T11:07:29.553+0000] {logging_mixin.py:190} INFO - No message received
[2024-12-07T11:07:34.554+0000] {logging_mixin.py:190} INFO - No message received
[2024-12-07T11:07:39.556+0000] {logging_mixin.py:190} INFO - No message received
[2024-12-07T11:07:44.558+0000] {logging_mixin.py:190} INFO - No message received
[2024-12-07T11:07:49.561+0000] {logging_mixin.py:190} INFO - No message received
[2024-12-07T11:07:54.563+0000] {logging_mixin.py:190} INFO - No message received
[2024-12-07T11:07:59.565+0000] {logging_mixin.py:190} INFO - No message received
[2024-12-07T11:08:04.568+0000] {logging_mixin.py:190} INFO - No message received
[2024-12-07T11:08:09.570+0000] {logging_mixin.py:190} INFO - No message received
[2024-12-07T11:08:14.572+0000] {logging_mixin.py:190} INFO - No message received
[2024-12-07T11:08:19.575+0000] {logging_mixin.py:190} INFO - No message received
[2024-12-07T11:08:24.577+0000] {logging_mixin.py:190} INFO - No message received
[2024-12-07T11:08:29.578+0000] {logging_mixin.py:190} INFO - No message received
[2024-12-07T11:08:34.580+0000] {logging_mixin.py:190} INFO - No message received
[2024-12-07T11:08:39.583+0000] {logging_mixin.py:190} INFO - No message received
[2024-12-07T11:08:44.585+0000] {logging_mixin.py:190} INFO - No message received
[2024-12-07T11:08:49.586+0000] {logging_mixin.py:190} INFO - No message received
[2024-12-07T11:08:54.588+0000] {logging_mixin.py:190} INFO - No message received
[2024-12-07T11:08:59.591+0000] {logging_mixin.py:190} INFO - No message received
[2024-12-07T11:09:04.592+0000] {logging_mixin.py:190} INFO - No message received
[2024-12-07T11:09:09.593+0000] {logging_mixin.py:190} INFO - No message received
[2024-12-07T11:09:14.595+0000] {logging_mixin.py:190} INFO - No message received
[2024-12-07T11:09:19.598+0000] {logging_mixin.py:190} INFO - No message received
[2024-12-07T11:09:24.599+0000] {logging_mixin.py:190} INFO - No message received
[2024-12-07T11:09:29.601+0000] {logging_mixin.py:190} INFO - No message received
[2024-12-07T11:09:34.603+0000] {logging_mixin.py:190} INFO - No message received
[2024-12-07T11:09:39.606+0000] {logging_mixin.py:190} INFO - No message received
[2024-12-07T11:09:44.608+0000] {logging_mixin.py:190} INFO - No message received
[2024-12-07T11:09:49.609+0000] {logging_mixin.py:190} INFO - No message received
[2024-12-07T11:09:54.611+0000] {logging_mixin.py:190} INFO - No message received
[2024-12-07T11:09:59.613+0000] {logging_mixin.py:190} INFO - No message received
[2024-12-07T11:10:04.616+0000] {logging_mixin.py:190} INFO - No message received
[2024-12-07T11:10:09.619+0000] {logging_mixin.py:190} INFO - No message received
[2024-12-07T11:10:14.621+0000] {logging_mixin.py:190} INFO - No message received
[2024-12-07T11:10:19.624+0000] {logging_mixin.py:190} INFO - No message received
[2024-12-07T11:10:24.626+0000] {logging_mixin.py:190} INFO - No message received
[2024-12-07T11:10:29.628+0000] {logging_mixin.py:190} INFO - No message received
[2024-12-07T11:10:34.630+0000] {logging_mixin.py:190} INFO - No message received
[2024-12-07T11:10:39.631+0000] {logging_mixin.py:190} INFO - No message received
[2024-12-07T11:10:44.633+0000] {logging_mixin.py:190} INFO - No message received
[2024-12-07T11:10:49.636+0000] {logging_mixin.py:190} INFO - No message received
[2024-12-07T11:10:54.638+0000] {logging_mixin.py:190} INFO - No message received
[2024-12-07T11:10:59.639+0000] {logging_mixin.py:190} INFO - No message received
[2024-12-07T11:11:04.641+0000] {logging_mixin.py:190} INFO - No message received
[2024-12-07T11:11:09.644+0000] {logging_mixin.py:190} INFO - No message received
[2024-12-07T11:11:14.645+0000] {logging_mixin.py:190} INFO - No message received
[2024-12-07T11:11:19.648+0000] {logging_mixin.py:190} INFO - No message received
[2024-12-07T11:11:24.650+0000] {logging_mixin.py:190} INFO - No message received
[2024-12-07T11:11:29.652+0000] {logging_mixin.py:190} INFO - No message received
[2024-12-07T11:11:34.654+0000] {logging_mixin.py:190} INFO - No message received
[2024-12-07T11:11:39.655+0000] {logging_mixin.py:190} INFO - No message received
[2024-12-07T11:11:44.656+0000] {logging_mixin.py:190} INFO - No message received
[2024-12-07T11:11:49.658+0000] {logging_mixin.py:190} INFO - No message received
[2024-12-07T11:11:54.660+0000] {logging_mixin.py:190} INFO - No message received
[2024-12-07T11:11:59.662+0000] {logging_mixin.py:190} INFO - No message received
[2024-12-07T11:12:04.665+0000] {logging_mixin.py:190} INFO - No message received
[2024-12-07T11:12:09.668+0000] {logging_mixin.py:190} INFO - No message received
[2024-12-07T11:12:14.669+0000] {logging_mixin.py:190} INFO - No message received
[2024-12-07T11:12:19.672+0000] {logging_mixin.py:190} INFO - No message received
[2024-12-07T11:12:24.674+0000] {logging_mixin.py:190} INFO - No message received
[2024-12-07T11:12:29.676+0000] {logging_mixin.py:190} INFO - No message received
[2024-12-07T11:12:34.678+0000] {logging_mixin.py:190} INFO - No message received
[2024-12-07T11:12:39.680+0000] {logging_mixin.py:190} INFO - No message received
[2024-12-07T11:12:44.682+0000] {logging_mixin.py:190} INFO - No message received
[2024-12-07T11:12:49.683+0000] {logging_mixin.py:190} INFO - No message received
[2024-12-07T11:12:54.685+0000] {logging_mixin.py:190} INFO - No message received
[2024-12-07T11:12:59.688+0000] {logging_mixin.py:190} INFO - No message received
[2024-12-07T11:13:04.689+0000] {logging_mixin.py:190} INFO - No message received
[2024-12-07T11:13:09.691+0000] {logging_mixin.py:190} INFO - No message received
[2024-12-07T11:13:14.692+0000] {logging_mixin.py:190} INFO - No message received
[2024-12-07T11:13:19.694+0000] {logging_mixin.py:190} INFO - No message received
[2024-12-07T11:13:24.695+0000] {logging_mixin.py:190} INFO - No message received
[2024-12-07T11:13:29.697+0000] {logging_mixin.py:190} INFO - No message received
[2024-12-07T11:13:34.699+0000] {logging_mixin.py:190} INFO - No message received
[2024-12-07T11:13:39.700+0000] {logging_mixin.py:190} INFO - No message received
[2024-12-07T11:13:44.702+0000] {logging_mixin.py:190} INFO - No message received
[2024-12-07T11:13:49.704+0000] {logging_mixin.py:190} INFO - No message received
[2024-12-07T11:13:54.706+0000] {logging_mixin.py:190} INFO - No message received
[2024-12-07T11:13:59.709+0000] {logging_mixin.py:190} INFO - No message received
[2024-12-07T11:14:04.711+0000] {logging_mixin.py:190} INFO - No message received
[2024-12-07T11:14:09.713+0000] {logging_mixin.py:190} INFO - No message received
[2024-12-07T11:14:14.715+0000] {logging_mixin.py:190} INFO - No message received
[2024-12-07T11:14:19.716+0000] {logging_mixin.py:190} INFO - No message received
[2024-12-07T11:14:24.718+0000] {logging_mixin.py:190} INFO - No message received
[2024-12-07T11:14:29.720+0000] {logging_mixin.py:190} INFO - No message received
[2024-12-07T11:14:34.722+0000] {logging_mixin.py:190} INFO - No message received
[2024-12-07T11:14:39.724+0000] {logging_mixin.py:190} INFO - No message received
[2024-12-07T11:14:44.726+0000] {logging_mixin.py:190} INFO - No message received
[2024-12-07T11:14:49.729+0000] {logging_mixin.py:190} INFO - No message received
[2024-12-07T11:14:54.731+0000] {logging_mixin.py:190} INFO - No message received
[2024-12-07T11:14:59.734+0000] {logging_mixin.py:190} INFO - No message received
[2024-12-07T11:15:04.737+0000] {logging_mixin.py:190} INFO - No message received
[2024-12-07T11:15:09.738+0000] {logging_mixin.py:190} INFO - No message received
[2024-12-07T11:15:14.740+0000] {logging_mixin.py:190} INFO - No message received
[2024-12-07T11:15:19.742+0000] {logging_mixin.py:190} INFO - No message received
[2024-12-07T11:15:24.743+0000] {logging_mixin.py:190} INFO - No message received
[2024-12-07T11:15:29.745+0000] {logging_mixin.py:190} INFO - No message received
[2024-12-07T11:15:34.747+0000] {logging_mixin.py:190} INFO - No message received
[2024-12-07T11:15:39.749+0000] {logging_mixin.py:190} INFO - No message received
[2024-12-07T11:15:44.751+0000] {logging_mixin.py:190} INFO - No message received
[2024-12-07T11:15:49.753+0000] {logging_mixin.py:190} INFO - No message received
[2024-12-07T11:15:54.756+0000] {logging_mixin.py:190} INFO - No message received
[2024-12-07T11:15:59.758+0000] {logging_mixin.py:190} INFO - No message received
[2024-12-07T11:16:04.759+0000] {logging_mixin.py:190} INFO - No message received
[2024-12-07T11:16:09.762+0000] {logging_mixin.py:190} INFO - No message received
[2024-12-07T11:16:14.764+0000] {logging_mixin.py:190} INFO - No message received
[2024-12-07T11:16:19.767+0000] {logging_mixin.py:190} INFO - No message received
[2024-12-07T11:16:24.769+0000] {logging_mixin.py:190} INFO - No message received
[2024-12-07T11:16:29.771+0000] {logging_mixin.py:190} INFO - No message received
[2024-12-07T11:16:34.773+0000] {logging_mixin.py:190} INFO - No message received
[2024-12-07T11:16:39.775+0000] {logging_mixin.py:190} INFO - No message received
[2024-12-07T11:16:44.777+0000] {logging_mixin.py:190} INFO - No message received
[2024-12-07T11:16:49.779+0000] {logging_mixin.py:190} INFO - No message received
[2024-12-07T11:16:54.782+0000] {logging_mixin.py:190} INFO - No message received
[2024-12-07T11:16:59.785+0000] {logging_mixin.py:190} INFO - No message received
[2024-12-07T11:17:04.786+0000] {logging_mixin.py:190} INFO - No message received
[2024-12-07T11:17:09.788+0000] {logging_mixin.py:190} INFO - No message received
[2024-12-07T11:17:14.791+0000] {logging_mixin.py:190} INFO - No message received
[2024-12-07T11:17:19.794+0000] {logging_mixin.py:190} INFO - No message received
[2024-12-07T11:17:24.796+0000] {logging_mixin.py:190} INFO - No message received
[2024-12-07T11:17:29.798+0000] {logging_mixin.py:190} INFO - No message received
[2024-12-07T11:17:34.801+0000] {logging_mixin.py:190} INFO - No message received
[2024-12-07T11:17:39.803+0000] {logging_mixin.py:190} INFO - No message received
[2024-12-07T11:17:44.805+0000] {logging_mixin.py:190} INFO - No message received
[2024-12-07T11:17:49.806+0000] {logging_mixin.py:190} INFO - No message received
[2024-12-07T11:17:54.807+0000] {logging_mixin.py:190} INFO - No message received
[2024-12-07T11:17:59.810+0000] {logging_mixin.py:190} INFO - No message received
[2024-12-07T11:18:04.812+0000] {logging_mixin.py:190} INFO - No message received
[2024-12-07T11:18:09.815+0000] {logging_mixin.py:190} INFO - No message received
[2024-12-07T11:18:14.817+0000] {logging_mixin.py:190} INFO - No message received
[2024-12-07T11:18:19.820+0000] {logging_mixin.py:190} INFO - No message received
[2024-12-07T11:18:24.821+0000] {logging_mixin.py:190} INFO - No message received
[2024-12-07T11:18:29.824+0000] {logging_mixin.py:190} INFO - No message received
[2024-12-07T11:18:34.827+0000] {logging_mixin.py:190} INFO - No message received
[2024-12-07T11:18:39.829+0000] {logging_mixin.py:190} INFO - No message received
[2024-12-07T11:18:44.831+0000] {logging_mixin.py:190} INFO - No message received
[2024-12-07T11:18:49.833+0000] {logging_mixin.py:190} INFO - No message received
[2024-12-07T11:18:54.835+0000] {logging_mixin.py:190} INFO - No message received
[2024-12-07T11:18:59.837+0000] {logging_mixin.py:190} INFO - No message received
[2024-12-07T11:19:04.840+0000] {logging_mixin.py:190} INFO - No message received
[2024-12-07T11:19:09.843+0000] {logging_mixin.py:190} INFO - No message received
[2024-12-07T11:19:14.845+0000] {logging_mixin.py:190} INFO - No message received
[2024-12-07T11:19:19.847+0000] {logging_mixin.py:190} INFO - No message received
[2024-12-07T11:19:24.849+0000] {logging_mixin.py:190} INFO - No message received
[2024-12-07T11:19:29.850+0000] {logging_mixin.py:190} INFO - No message received
[2024-12-07T11:19:34.852+0000] {logging_mixin.py:190} INFO - No message received
[2024-12-07T11:19:39.853+0000] {logging_mixin.py:190} INFO - No message received
[2024-12-07T11:19:44.855+0000] {logging_mixin.py:190} INFO - No message received
[2024-12-07T11:19:49.857+0000] {logging_mixin.py:190} INFO - No message received
[2024-12-07T11:19:54.859+0000] {logging_mixin.py:190} INFO - No message received
[2024-12-07T11:19:59.861+0000] {logging_mixin.py:190} INFO - No message received
[2024-12-07T11:20:04.863+0000] {logging_mixin.py:190} INFO - No message received
[2024-12-07T11:20:09.866+0000] {logging_mixin.py:190} INFO - No message received
[2024-12-07T11:20:14.867+0000] {logging_mixin.py:190} INFO - No message received
[2024-12-07T11:20:19.868+0000] {logging_mixin.py:190} INFO - No message received
[2024-12-07T11:20:24.870+0000] {logging_mixin.py:190} INFO - No message received
[2024-12-07T11:20:29.873+0000] {logging_mixin.py:190} INFO - No message received
[2024-12-07T11:20:34.875+0000] {logging_mixin.py:190} INFO - No message received
[2024-12-07T11:20:39.877+0000] {logging_mixin.py:190} INFO - No message received
[2024-12-07T11:20:44.879+0000] {logging_mixin.py:190} INFO - No message received
[2024-12-07T11:20:49.880+0000] {logging_mixin.py:190} INFO - No message received
[2024-12-07T11:20:54.882+0000] {logging_mixin.py:190} INFO - No message received
[2024-12-07T11:20:59.885+0000] {logging_mixin.py:190} INFO - No message received
[2024-12-07T11:21:04.887+0000] {logging_mixin.py:190} INFO - No message received
[2024-12-07T11:21:09.890+0000] {logging_mixin.py:190} INFO - No message received
[2024-12-07T11:21:14.892+0000] {logging_mixin.py:190} INFO - No message received
[2024-12-07T11:21:19.894+0000] {logging_mixin.py:190} INFO - No message received
[2024-12-07T11:21:24.896+0000] {logging_mixin.py:190} INFO - No message received
[2024-12-07T11:21:29.897+0000] {logging_mixin.py:190} INFO - No message received
[2024-12-07T11:21:34.899+0000] {logging_mixin.py:190} INFO - No message received
[2024-12-07T11:21:39.900+0000] {logging_mixin.py:190} INFO - No message received
[2024-12-07T11:21:44.902+0000] {logging_mixin.py:190} INFO - No message received
[2024-12-07T11:21:49.905+0000] {logging_mixin.py:190} INFO - No message received
[2024-12-07T11:21:54.907+0000] {logging_mixin.py:190} INFO - No message received
[2024-12-07T11:21:59.909+0000] {logging_mixin.py:190} INFO - No message received
[2024-12-07T11:22:04.911+0000] {logging_mixin.py:190} INFO - No message received
[2024-12-07T11:22:09.914+0000] {logging_mixin.py:190} INFO - No message received
[2024-12-07T11:22:14.917+0000] {logging_mixin.py:190} INFO - No message received
[2024-12-07T11:22:19.920+0000] {logging_mixin.py:190} INFO - No message received
[2024-12-07T11:22:24.922+0000] {logging_mixin.py:190} INFO - No message received
[2024-12-07T11:22:29.924+0000] {logging_mixin.py:190} INFO - No message received
[2024-12-07T11:22:34.926+0000] {logging_mixin.py:190} INFO - No message received
[2024-12-07T11:22:39.927+0000] {logging_mixin.py:190} INFO - No message received
[2024-12-07T11:22:44.929+0000] {logging_mixin.py:190} INFO - No message received
[2024-12-07T11:22:49.932+0000] {logging_mixin.py:190} INFO - No message received
[2024-12-07T11:22:54.934+0000] {logging_mixin.py:190} INFO - No message received
[2024-12-07T11:22:59.937+0000] {logging_mixin.py:190} INFO - No message received
[2024-12-07T11:23:04.939+0000] {logging_mixin.py:190} INFO - No message received
[2024-12-07T11:23:09.942+0000] {logging_mixin.py:190} INFO - No message received
[2024-12-07T11:23:14.943+0000] {logging_mixin.py:190} INFO - No message received
[2024-12-07T11:23:19.945+0000] {logging_mixin.py:190} INFO - No message received
[2024-12-07T11:23:24.946+0000] {logging_mixin.py:190} INFO - No message received
[2024-12-07T11:23:29.948+0000] {logging_mixin.py:190} INFO - No message received
[2024-12-07T11:23:34.950+0000] {logging_mixin.py:190} INFO - No message received
[2024-12-07T11:23:39.951+0000] {logging_mixin.py:190} INFO - No message received
[2024-12-07T11:23:44.953+0000] {logging_mixin.py:190} INFO - No message received
[2024-12-07T11:23:49.955+0000] {logging_mixin.py:190} INFO - No message received
[2024-12-07T11:23:54.957+0000] {logging_mixin.py:190} INFO - No message received
[2024-12-07T11:23:59.959+0000] {logging_mixin.py:190} INFO - No message received
[2024-12-07T11:24:04.961+0000] {logging_mixin.py:190} INFO - No message received
[2024-12-07T11:24:09.964+0000] {logging_mixin.py:190} INFO - No message received
[2024-12-07T11:24:14.966+0000] {logging_mixin.py:190} INFO - No message received
[2024-12-07T11:24:19.969+0000] {logging_mixin.py:190} INFO - No message received
[2024-12-07T11:24:24.971+0000] {logging_mixin.py:190} INFO - No message received
[2024-12-07T11:24:29.972+0000] {logging_mixin.py:190} INFO - No message received
[2024-12-07T11:24:34.974+0000] {logging_mixin.py:190} INFO - No message received
[2024-12-07T11:24:39.976+0000] {logging_mixin.py:190} INFO - No message received
[2024-12-07T11:24:44.978+0000] {logging_mixin.py:190} INFO - No message received
[2024-12-07T11:24:49.981+0000] {logging_mixin.py:190} INFO - No message received
[2024-12-07T11:24:54.983+0000] {logging_mixin.py:190} INFO - No message received
[2024-12-07T11:24:59.985+0000] {logging_mixin.py:190} INFO - No message received
[2024-12-07T11:25:04.986+0000] {logging_mixin.py:190} INFO - No message received
[2024-12-07T11:25:09.988+0000] {logging_mixin.py:190} INFO - No message received
[2024-12-07T11:25:14.989+0000] {logging_mixin.py:190} INFO - No message received
[2024-12-07T11:25:19.991+0000] {logging_mixin.py:190} INFO - No message received
[2024-12-07T11:25:24.993+0000] {logging_mixin.py:190} INFO - No message received
[2024-12-07T11:25:29.994+0000] {logging_mixin.py:190} INFO - No message received
[2024-12-07T11:25:34.996+0000] {logging_mixin.py:190} INFO - No message received
[2024-12-07T11:25:39.997+0000] {logging_mixin.py:190} INFO - No message received
[2024-12-07T11:25:44.999+0000] {logging_mixin.py:190} INFO - No message received
[2024-12-07T11:25:50.001+0000] {logging_mixin.py:190} INFO - No message received
[2024-12-07T11:25:55.003+0000] {logging_mixin.py:190} INFO - No message received
[2024-12-07T11:26:00.005+0000] {logging_mixin.py:190} INFO - No message received
[2024-12-07T11:26:05.007+0000] {logging_mixin.py:190} INFO - No message received
[2024-12-07T11:26:10.010+0000] {logging_mixin.py:190} INFO - No message received
[2024-12-07T11:26:15.011+0000] {logging_mixin.py:190} INFO - No message received
[2024-12-07T11:26:20.013+0000] {logging_mixin.py:190} INFO - No message received
[2024-12-07T11:26:25.014+0000] {logging_mixin.py:190} INFO - No message received
[2024-12-07T11:26:30.017+0000] {logging_mixin.py:190} INFO - No message received
[2024-12-07T11:26:35.019+0000] {logging_mixin.py:190} INFO - No message received
[2024-12-07T11:26:40.022+0000] {logging_mixin.py:190} INFO - No message received
[2024-12-07T11:26:45.023+0000] {logging_mixin.py:190} INFO - No message received
[2024-12-07T11:26:50.025+0000] {logging_mixin.py:190} INFO - No message received
[2024-12-07T11:26:55.027+0000] {logging_mixin.py:190} INFO - No message received
[2024-12-07T11:27:00.029+0000] {logging_mixin.py:190} INFO - No message received
[2024-12-07T11:27:05.031+0000] {logging_mixin.py:190} INFO - No message received
[2024-12-07T11:27:10.034+0000] {logging_mixin.py:190} INFO - No message received
[2024-12-07T11:27:15.037+0000] {logging_mixin.py:190} INFO - No message received
[2024-12-07T11:27:20.039+0000] {logging_mixin.py:190} INFO - No message received
[2024-12-07T11:27:25.042+0000] {logging_mixin.py:190} INFO - No message received
[2024-12-07T11:27:30.043+0000] {logging_mixin.py:190} INFO - No message received
[2024-12-07T11:27:35.045+0000] {logging_mixin.py:190} INFO - No message received
[2024-12-07T11:27:40.047+0000] {logging_mixin.py:190} INFO - No message received
[2024-12-07T11:27:45.050+0000] {logging_mixin.py:190} INFO - No message received
[2024-12-07T11:27:50.052+0000] {logging_mixin.py:190} INFO - No message received
[2024-12-07T11:27:55.054+0000] {logging_mixin.py:190} INFO - No message received
[2024-12-07T11:28:00.057+0000] {logging_mixin.py:190} INFO - No message received
[2024-12-07T11:28:05.058+0000] {logging_mixin.py:190} INFO - No message received
[2024-12-07T11:28:10.060+0000] {logging_mixin.py:190} INFO - No message received
[2024-12-07T11:28:15.063+0000] {logging_mixin.py:190} INFO - No message received
[2024-12-07T11:28:20.066+0000] {logging_mixin.py:190} INFO - No message received
[2024-12-07T11:28:25.069+0000] {logging_mixin.py:190} INFO - No message received
[2024-12-07T11:28:30.071+0000] {logging_mixin.py:190} INFO - No message received
[2024-12-07T11:28:35.074+0000] {logging_mixin.py:190} INFO - No message received
[2024-12-07T11:28:40.881+0000] {logging_mixin.py:190} INFO - No message received
[2024-12-07T11:28:45.983+0000] {logging_mixin.py:190} INFO - No message received
[2024-12-07T11:28:51.241+0000] {job.py:229} INFO - Heartbeat recovered after 15.90 seconds
[2024-12-07T12:40:04.180+0000] {local_task_job_runner.py:228} ERROR - Heartbeat time limit exceeded!
[2024-12-07T12:40:04.182+0000] {local_task_job_runner.py:245} INFO - ::endgroup::
[2024-12-07T12:40:04.198+0000] {process_utils.py:132} INFO - Sending 15 to group 82. PIDs of all processes in the group: [82]
[2024-12-07T12:40:04.206+0000] {process_utils.py:87} INFO - Sending the signal 15 to group 82
[2024-12-07T12:40:09.162+0000] {taskinstance.py:3093} ERROR - Received SIGTERM. Terminating subprocesses.
[2024-12-07T12:40:09.182+0000] {taskinstance.py:3311} ERROR - Task failed with exception
Traceback (most recent call last):
  File "/home/airflow/.local/lib/python3.12/site-packages/airflow/models/taskinstance.py", line 767, in _execute_task
    result = _execute_callable(context=context, **execute_callable_kwargs)
             ^^^^^^^^^^^^^^^^^^^^^^^^^^^^^^^^^^^^^^^^^^^^^^^^^^^^^^^^^^^^^
  File "/home/airflow/.local/lib/python3.12/site-packages/airflow/models/taskinstance.py", line 733, in _execute_callable
    return ExecutionCallableRunner(
           ^^^^^^^^^^^^^^^^^^^^^^^^
  File "/home/airflow/.local/lib/python3.12/site-packages/airflow/utils/operator_helpers.py", line 252, in run
    return self.func(*args, **kwargs)
           ^^^^^^^^^^^^^^^^^^^^^^^^^^
  File "/home/airflow/.local/lib/python3.12/site-packages/airflow/models/baseoperator.py", line 417, in wrapper
    return func(self, *args, **kwargs)
           ^^^^^^^^^^^^^^^^^^^^^^^^^^^
  File "/home/airflow/.local/lib/python3.12/site-packages/airflow/operators/python.py", line 238, in execute
    return_value = self.execute_callable()
                   ^^^^^^^^^^^^^^^^^^^^^^^
  File "/home/airflow/.local/lib/python3.12/site-packages/airflow/operators/python.py", line 256, in execute_callable
    return runner.run(*self.op_args, **self.op_kwargs)
           ^^^^^^^^^^^^^^^^^^^^^^^^^^^^^^^^^^^^^^^^^^^
  File "/home/airflow/.local/lib/python3.12/site-packages/airflow/utils/operator_helpers.py", line 252, in run
    return self.func(*args, **kwargs)
           ^^^^^^^^^^^^^^^^^^^^^^^^^^
  File "/opt/airflow/dags/dag2_Kafkas3.py", line 41, in consume_kafka
    msg = consumer.poll(5.0)  # Wait for a message for 3 seconds
          ^^^^^^^^^^^^^^^^^^
  File "/home/airflow/.local/lib/python3.12/site-packages/airflow/models/taskinstance.py", line 3095, in signal_handler
    raise AirflowTaskTerminated("Task received SIGTERM signal")
airflow.exceptions.AirflowTaskTerminated: Task received SIGTERM signal
[2024-12-07T12:40:09.203+0000] {taskinstance.py:1225} INFO - Marking task as UP_FOR_RETRY. dag_id=dag2_Kafkas3, task_id=consume_from_kafka, run_id=scheduled__2024-12-06T00:00:00+00:00, execution_date=20241206T000000, start_date=20241207T104538, end_date=20241207T124009
[2024-12-07T12:40:09.242+0000] {taskinstance.py:340} INFO - ::group::Post task execution logs
[2024-12-07T12:40:09.291+0000] {process_utils.py:80} INFO - Process psutil.Process(pid=82, status='terminated', exitcode=2, started='10:45:37') (82) terminated with exit code 2
