[2024-12-04T22:13:07.114+0000] {local_task_job_runner.py:123} INFO - ::group::Pre task execution logs
[2024-12-04T22:13:07.134+0000] {taskinstance.py:2613} INFO - Dependencies all met for dep_context=non-requeueable deps ti=<TaskInstance: dag1_mongo_to_kafka.mongo_to_kafka manual__2024-12-04T22:13:00.521476+00:00 [queued]>
[2024-12-04T22:13:07.145+0000] {taskinstance.py:2613} INFO - Dependencies all met for dep_context=requeueable deps ti=<TaskInstance: dag1_mongo_to_kafka.mongo_to_kafka manual__2024-12-04T22:13:00.521476+00:00 [queued]>
[2024-12-04T22:13:07.146+0000] {taskinstance.py:2866} INFO - Starting attempt 1 of 2
[2024-12-04T22:13:07.161+0000] {taskinstance.py:2889} INFO - Executing <Task(ProduceToTopicOperator): mongo_to_kafka> on 2024-12-04 22:13:00.521476+00:00
[2024-12-04T22:13:07.166+0000] {warnings.py:112} WARNING - /home/***/.local/lib/python3.12/site-packages/***/task/task_runner/standard_task_runner.py:70: DeprecationWarning: This process (pid=3460) is multi-threaded, use of fork() may lead to deadlocks in the child.
  pid = os.fork()

[2024-12-04T22:13:07.168+0000] {standard_task_runner.py:72} INFO - Started process 3461 to run task
[2024-12-04T22:13:07.169+0000] {standard_task_runner.py:104} INFO - Running: ['***', 'tasks', 'run', 'dag1_mongo_to_kafka', 'mongo_to_kafka', 'manual__2024-12-04T22:13:00.521476+00:00', '--job-id', '309', '--raw', '--subdir', 'DAGS_FOLDER/dag1_MongoKafka.py', '--cfg-path', '/tmp/tmp5uv6t1fr']
[2024-12-04T22:13:07.170+0000] {standard_task_runner.py:105} INFO - Job 309: Subtask mongo_to_kafka
[2024-12-04T22:13:07.223+0000] {task_command.py:467} INFO - Running <TaskInstance: dag1_mongo_to_kafka.mongo_to_kafka manual__2024-12-04T22:13:00.521476+00:00 [running]> on host bc436253e42c
[2024-12-04T22:13:07.312+0000] {taskinstance.py:3132} INFO - Exporting env vars: AIRFLOW_CTX_DAG_OWNER='***' AIRFLOW_CTX_DAG_ID='dag1_mongo_to_kafka' AIRFLOW_CTX_TASK_ID='mongo_to_kafka' AIRFLOW_CTX_EXECUTION_DATE='2024-12-04T22:13:00.521476+00:00' AIRFLOW_CTX_TRY_NUMBER='1' AIRFLOW_CTX_DAG_RUN_ID='manual__2024-12-04T22:13:00.521476+00:00'
[2024-12-04T22:13:07.315+0000] {taskinstance.py:731} INFO - ::endgroup::
[2024-12-04T22:13:07.339+0000] {base.py:84} INFO - Retrieving connection 'kafka_connection'
[2024-12-04T22:13:07.342+0000] {produce.py:41} INFO - Producer <cimpl.Producer object at 0x7fe5636e1620>
[2024-12-04T22:13:08.691+0000] {logging_mixin.py:190} INFO - Извлечено 2 документов из MongoDB
[2024-12-04T22:13:08.693+0000] {logging_mixin.py:190} INFO - {'_id': '6707fa42840c437097f7b593', 'travel': 3, 'payer': 1, 'amount': 26092, 'code_departure': 'SIN', 'code_arrival': 'ICN', 'number_of_passengers': 4, 'passengers': [{'passenger': 'Zoe Barnaby', 'birth_date': '1993-09-24'}, {'name': 'Ružica Ivančević', 'birth_date': '1995-09-02'}, {'name': 'Timm Raabe', 'birth_date': '1976-11-19'}, {'name': 'Greta Oorschot', 'birth_date': '1993-08-19'}], 'created': '2024-10-10T16:01:06.102000'}
[2024-12-04T22:13:08.695+0000] {logging_mixin.py:190} INFO - {'_id': '6707fa469a6e091126308054', 'travel': 1, 'payer': 4, 'amount': 9835, 'code_departure': 'DUB', 'code_arrival': 'BKK', 'number_of_passengers': 1, 'passengers': [{'passenger': 'Carla Jiménez', 'birth_date': '1982-03-11'}], 'created': '2024-10-10T16:01:10.152000'}
[2024-12-04T22:13:08.785+0000] {logging_mixin.py:190} INFO - {'_id': '6707fa42840c437097f7b593', 'travel': 3, 'payer': 1, 'amount': 26092, 'code_departure': 'SIN', 'code_arrival': 'ICN', 'number_of_passengers': 4, 'passengers': [{'passenger': 'Zoe Barnaby', 'birth_date': '1993-09-24'}, {'name': 'Ružica Ivančević', 'birth_date': '1995-09-02'}, {'name': 'Timm Raabe', 'birth_date': '1976-11-19'}, {'name': 'Greta Oorschot', 'birth_date': '1993-08-19'}], 'created': '2024-10-10T16:01:06.102000'}
[2024-12-04T22:13:08.789+0000] {logging_mixin.py:190} INFO - {'_id': '6707fa42840c437097f7b593', 'travel': 3, 'payer': 1, 'amount': 26092, 'code_departure': 'SIN', 'code_arrival': 'ICN', 'number_of_passengers': 4, 'passengers': [{'name': 'Zoe Barnaby', 'birth_date': '1993-09-24'}, {'name': 'Ružica Ivančević', 'birth_date': '1995-09-02'}, {'name': 'Timm Raabe', 'birth_date': '1976-11-19'}, {'name': 'Greta Oorschot', 'birth_date': '1993-08-19'}], 'created': '2024-10-10T16:01:06.102000'}
[2024-12-04T22:13:09.078+0000] {logging_mixin.py:190} INFO - b'\x00\x00\x00\x00\x0706707fa42840c437097f7b593\x06\x02\xd8\x97\x03\x06SIN\x06ICN\x08\x08\x16Zoe Barnaby\x141993-09-24&Ru\xc5\xbeica Ivan\xc4\x8devi\xc4\x87\x141995-09-02\x14Timm Raabe\x141976-11-19\x1cGreta Oorschot\x141993-08-19\x0042024-10-10T16:01:06.102000'
[2024-12-04T22:13:09.860+0000] {produce.py:35} INFO - Produced record to topic data.travelagency.avro.receipt, partition [2] @ offset 3
[2024-12-04T22:13:09.863+0000] {logging_mixin.py:190} INFO - {'_id': '6707fa469a6e091126308054', 'travel': 1, 'payer': 4, 'amount': 9835, 'code_departure': 'DUB', 'code_arrival': 'BKK', 'number_of_passengers': 1, 'passengers': [{'passenger': 'Carla Jiménez', 'birth_date': '1982-03-11'}], 'created': '2024-10-10T16:01:10.152000'}
[2024-12-04T22:13:09.865+0000] {logging_mixin.py:190} INFO - {'_id': '6707fa42840c437097f7b593', 'travel': 3, 'payer': 1, 'amount': 26092, 'code_departure': 'SIN', 'code_arrival': 'ICN', 'number_of_passengers': 4, 'passengers': [{'name': 'Zoe Barnaby', 'birth_date': '1993-09-24'}, {'name': 'Ružica Ivančević', 'birth_date': '1995-09-02'}, {'name': 'Timm Raabe', 'birth_date': '1976-11-19'}, {'name': 'Greta Oorschot', 'birth_date': '1993-08-19'}], 'created': '2024-10-10T16:01:06.102000'}
[2024-12-04T22:13:09.868+0000] {logging_mixin.py:190} INFO - b'\x00\x00\x00\x00\x0706707fa42840c437097f7b593\x06\x02\xd8\x97\x03\x06SIN\x06ICN\x08\x08\x16Zoe Barnaby\x141993-09-24&Ru\xc5\xbeica Ivan\xc4\x8devi\xc4\x87\x141995-09-02\x14Timm Raabe\x141976-11-19\x1cGreta Oorschot\x141993-08-19\x0042024-10-10T16:01:06.102000'
[2024-12-04T22:13:10.130+0000] {produce.py:35} INFO - Produced record to topic data.travelagency.avro.receipt, partition [0] @ offset 2
[2024-12-04T22:13:10.158+0000] {taskinstance.py:340} INFO - ::group::Post task execution logs
[2024-12-04T22:13:10.159+0000] {taskinstance.py:352} INFO - Marking task as SUCCESS. dag_id=dag1_mongo_to_kafka, task_id=mongo_to_kafka, run_id=manual__2024-12-04T22:13:00.521476+00:00, execution_date=20241204T221300, start_date=20241204T221307, end_date=20241204T221310
[2024-12-04T22:13:10.202+0000] {local_task_job_runner.py:266} INFO - Task exited with return code 0
[2024-12-04T22:13:10.217+0000] {taskinstance.py:3895} INFO - 0 downstream tasks scheduled from follow-on schedule check
[2024-12-04T22:13:10.220+0000] {local_task_job_runner.py:245} INFO - ::endgroup::
