[2024-12-03T12:42:48.054+0000] {local_task_job_runner.py:123} INFO - ::group::Pre task execution logs
[2024-12-03T12:42:48.081+0000] {taskinstance.py:2613} INFO - Dependencies all met for dep_context=non-requeueable deps ti=<TaskInstance: kafka_to_minio.consume_kafka_to_minio scheduled__2024-12-02T00:00:00+00:00 [queued]>
[2024-12-03T12:42:48.096+0000] {taskinstance.py:2613} INFO - Dependencies all met for dep_context=requeueable deps ti=<TaskInstance: kafka_to_minio.consume_kafka_to_minio scheduled__2024-12-02T00:00:00+00:00 [queued]>
[2024-12-03T12:42:48.097+0000] {taskinstance.py:2866} INFO - Starting attempt 1 of 2
[2024-12-03T12:42:48.118+0000] {taskinstance.py:2889} INFO - Executing <Task(PythonOperator): consume_kafka_to_minio> on 2024-12-02 00:00:00+00:00
[2024-12-03T12:42:48.126+0000] {warnings.py:112} WARNING - /home/***/.local/lib/python3.12/site-packages/***/task/task_runner/standard_task_runner.py:70: DeprecationWarning: This process (pid=943) is multi-threaded, use of fork() may lead to deadlocks in the child.
  pid = os.fork()

[2024-12-03T12:42:48.128+0000] {standard_task_runner.py:72} INFO - Started process 946 to run task
[2024-12-03T12:42:48.128+0000] {standard_task_runner.py:104} INFO - Running: ['***', 'tasks', 'run', 'kafka_to_minio', 'consume_kafka_to_minio', 'scheduled__2024-12-02T00:00:00+00:00', '--job-id', '17', '--raw', '--subdir', 'DAGS_FOLDER/dag2_Kafkas3.py', '--cfg-path', '/tmp/tmpgb_lu_px']
[2024-12-03T12:42:48.132+0000] {standard_task_runner.py:105} INFO - Job 17: Subtask consume_kafka_to_minio
[2024-12-03T12:42:48.207+0000] {task_command.py:467} INFO - Running <TaskInstance: kafka_to_minio.consume_kafka_to_minio scheduled__2024-12-02T00:00:00+00:00 [running]> on host 31ac0cc6adcb
[2024-12-03T12:42:48.346+0000] {taskinstance.py:3132} INFO - Exporting env vars: AIRFLOW_CTX_DAG_OWNER='***' AIRFLOW_CTX_DAG_ID='kafka_to_minio' AIRFLOW_CTX_TASK_ID='consume_kafka_to_minio' AIRFLOW_CTX_EXECUTION_DATE='2024-12-02T00:00:00+00:00' AIRFLOW_CTX_TRY_NUMBER='1' AIRFLOW_CTX_DAG_RUN_ID='scheduled__2024-12-02T00:00:00+00:00'
[2024-12-03T12:42:48.348+0000] {taskinstance.py:731} INFO - ::endgroup::
[2024-12-03T12:42:49.385+0000] {logging_mixin.py:190} INFO - нет сообщений
[2024-12-03T12:42:50.387+0000] {logging_mixin.py:190} INFO - нет сообщений
[2024-12-03T12:42:51.428+0000] {logging_mixin.py:190} INFO - нет сообщений
[2024-12-03T12:42:52.430+0000] {logging_mixin.py:190} INFO - нет сообщений
[2024-12-03T12:42:53.432+0000] {logging_mixin.py:190} INFO - нет сообщений
[2024-12-03T12:42:54.433+0000] {logging_mixin.py:190} INFO - нет сообщений
[2024-12-03T12:42:55.435+0000] {logging_mixin.py:190} INFO - нет сообщений
[2024-12-03T12:42:56.437+0000] {logging_mixin.py:190} INFO - нет сообщений
[2024-12-03T12:42:57.440+0000] {logging_mixin.py:190} INFO - нет сообщений
[2024-12-03T12:42:58.442+0000] {logging_mixin.py:190} INFO - нет сообщений
[2024-12-03T12:42:59.445+0000] {logging_mixin.py:190} INFO - нет сообщений
[2024-12-03T12:43:00.447+0000] {logging_mixin.py:190} INFO - нет сообщений
[2024-12-03T12:43:01.449+0000] {logging_mixin.py:190} INFO - нет сообщений
[2024-12-03T12:43:02.455+0000] {logging_mixin.py:190} INFO - нет сообщений
[2024-12-03T12:43:03.456+0000] {logging_mixin.py:190} INFO - нет сообщений
[2024-12-03T12:43:04.458+0000] {logging_mixin.py:190} INFO - нет сообщений
[2024-12-03T12:43:05.479+0000] {logging_mixin.py:190} INFO - нет сообщений
[2024-12-03T12:43:06.481+0000] {logging_mixin.py:190} INFO - нет сообщений
[2024-12-03T12:43:07.484+0000] {logging_mixin.py:190} INFO - нет сообщений
[2024-12-03T12:43:08.486+0000] {logging_mixin.py:190} INFO - нет сообщений
[2024-12-03T12:43:09.489+0000] {logging_mixin.py:190} INFO - нет сообщений
[2024-12-03T12:43:10.495+0000] {logging_mixin.py:190} INFO - нет сообщений
[2024-12-03T12:43:11.497+0000] {logging_mixin.py:190} INFO - нет сообщений
[2024-12-03T12:43:12.499+0000] {logging_mixin.py:190} INFO - нет сообщений
[2024-12-03T12:43:13.501+0000] {logging_mixin.py:190} INFO - нет сообщений
[2024-12-03T12:43:14.504+0000] {logging_mixin.py:190} INFO - нет сообщений
[2024-12-03T12:43:15.507+0000] {logging_mixin.py:190} INFO - нет сообщений
[2024-12-03T12:43:16.511+0000] {logging_mixin.py:190} INFO - нет сообщений
[2024-12-03T12:43:17.515+0000] {logging_mixin.py:190} INFO - нет сообщений
[2024-12-03T12:43:18.518+0000] {logging_mixin.py:190} INFO - нет сообщений
[2024-12-03T12:43:19.519+0000] {logging_mixin.py:190} INFO - нет сообщений
[2024-12-03T12:43:20.521+0000] {logging_mixin.py:190} INFO - нет сообщений
[2024-12-03T12:43:21.538+0000] {logging_mixin.py:190} INFO - нет сообщений
[2024-12-03T12:43:22.540+0000] {logging_mixin.py:190} INFO - нет сообщений
[2024-12-03T12:43:23.542+0000] {logging_mixin.py:190} INFO - нет сообщений
[2024-12-03T12:43:24.544+0000] {logging_mixin.py:190} INFO - нет сообщений
[2024-12-03T12:43:25.546+0000] {logging_mixin.py:190} INFO - нет сообщений
[2024-12-03T12:43:26.547+0000] {logging_mixin.py:190} INFO - нет сообщений
[2024-12-03T12:43:27.550+0000] {logging_mixin.py:190} INFO - нет сообщений
[2024-12-03T12:43:28.553+0000] {logging_mixin.py:190} INFO - нет сообщений
[2024-12-03T12:43:29.555+0000] {logging_mixin.py:190} INFO - нет сообщений
[2024-12-03T12:43:30.557+0000] {logging_mixin.py:190} INFO - нет сообщений
[2024-12-03T12:43:31.562+0000] {logging_mixin.py:190} INFO - нет сообщений
[2024-12-03T12:43:32.565+0000] {logging_mixin.py:190} INFO - нет сообщений
[2024-12-03T12:43:33.568+0000] {logging_mixin.py:190} INFO - нет сообщений
[2024-12-03T12:43:34.575+0000] {logging_mixin.py:190} INFO - нет сообщений
[2024-12-03T12:43:35.606+0000] {logging_mixin.py:190} INFO - нет сообщений
[2024-12-03T12:43:36.608+0000] {logging_mixin.py:190} INFO - нет сообщений
[2024-12-03T12:43:37.610+0000] {logging_mixin.py:190} INFO - нет сообщений
[2024-12-03T12:43:38.611+0000] {logging_mixin.py:190} INFO - нет сообщений
[2024-12-03T12:43:39.669+0000] {logging_mixin.py:190} INFO - нет сообщений
[2024-12-03T12:43:40.675+0000] {logging_mixin.py:190} INFO - нет сообщений
[2024-12-03T12:43:41.677+0000] {logging_mixin.py:190} INFO - нет сообщений
[2024-12-03T12:43:42.679+0000] {logging_mixin.py:190} INFO - нет сообщений
[2024-12-03T12:43:43.681+0000] {logging_mixin.py:190} INFO - нет сообщений
[2024-12-03T12:43:44.683+0000] {logging_mixin.py:190} INFO - нет сообщений
[2024-12-03T12:43:45.687+0000] {logging_mixin.py:190} INFO - нет сообщений
[2024-12-03T12:43:46.690+0000] {logging_mixin.py:190} INFO - нет сообщений
[2024-12-03T12:43:47.691+0000] {logging_mixin.py:190} INFO - нет сообщений
[2024-12-03T12:43:48.626+0000] {local_task_job_runner.py:346} WARNING - State of this instance has been externally set to success. Terminating instance.
[2024-12-03T12:43:48.629+0000] {local_task_job_runner.py:245} INFO - ::endgroup::
[2024-12-03T12:43:48.631+0000] {process_utils.py:132} INFO - Sending 15 to group 946. PIDs of all processes in the group: [946]
[2024-12-03T12:43:48.632+0000] {process_utils.py:87} INFO - Sending the signal 15 to group 946
[2024-12-03T12:43:48.692+0000] {taskinstance.py:3093} ERROR - Received SIGTERM. Terminating subprocesses.
[2024-12-03T12:43:48.736+0000] {taskinstance.py:340} INFO - ::group::Post task execution logs
[2024-12-03T12:43:48.769+0000] {process_utils.py:80} INFO - Process psutil.Process(pid=946, status='terminated', exitcode=0, started='12:42:47') (946) terminated with exit code 0
