[2024-12-04T22:30:01.800+0000] {local_task_job_runner.py:123} INFO - ::group::Pre task execution logs
[2024-12-04T22:30:01.817+0000] {taskinstance.py:2613} INFO - Dependencies all met for dep_context=non-requeueable deps ti=<TaskInstance: dag1_mongo_to_kafka.mongo_to_kafka manual__2024-12-04T22:29:57.225206+00:00 [queued]>
[2024-12-04T22:30:01.826+0000] {taskinstance.py:2613} INFO - Dependencies all met for dep_context=requeueable deps ti=<TaskInstance: dag1_mongo_to_kafka.mongo_to_kafka manual__2024-12-04T22:29:57.225206+00:00 [queued]>
[2024-12-04T22:30:01.827+0000] {taskinstance.py:2866} INFO - Starting attempt 1 of 2
[2024-12-04T22:30:01.840+0000] {taskinstance.py:2889} INFO - Executing <Task(ProduceToTopicOperator): mongo_to_kafka> on 2024-12-04 22:29:57.225206+00:00
[2024-12-04T22:30:01.846+0000] {warnings.py:112} WARNING - /home/***/.local/lib/python3.12/site-packages/***/task/task_runner/standard_task_runner.py:70: DeprecationWarning: This process (pid=3710) is multi-threaded, use of fork() may lead to deadlocks in the child.
  pid = os.fork()

[2024-12-04T22:30:01.848+0000] {standard_task_runner.py:72} INFO - Started process 3711 to run task
[2024-12-04T22:30:01.849+0000] {standard_task_runner.py:104} INFO - Running: ['***', 'tasks', 'run', 'dag1_mongo_to_kafka', 'mongo_to_kafka', 'manual__2024-12-04T22:29:57.225206+00:00', '--job-id', '313', '--raw', '--subdir', 'DAGS_FOLDER/dag1_MongoKafka.py', '--cfg-path', '/tmp/tmplfapc85x']
[2024-12-04T22:30:01.850+0000] {standard_task_runner.py:105} INFO - Job 313: Subtask mongo_to_kafka
[2024-12-04T22:30:01.891+0000] {task_command.py:467} INFO - Running <TaskInstance: dag1_mongo_to_kafka.mongo_to_kafka manual__2024-12-04T22:29:57.225206+00:00 [running]> on host bc436253e42c
[2024-12-04T22:30:01.988+0000] {taskinstance.py:3132} INFO - Exporting env vars: AIRFLOW_CTX_DAG_OWNER='***' AIRFLOW_CTX_DAG_ID='dag1_mongo_to_kafka' AIRFLOW_CTX_TASK_ID='mongo_to_kafka' AIRFLOW_CTX_EXECUTION_DATE='2024-12-04T22:29:57.225206+00:00' AIRFLOW_CTX_TRY_NUMBER='1' AIRFLOW_CTX_DAG_RUN_ID='manual__2024-12-04T22:29:57.225206+00:00'
[2024-12-04T22:30:01.990+0000] {taskinstance.py:731} INFO - ::endgroup::
[2024-12-04T22:30:02.022+0000] {base.py:84} INFO - Retrieving connection 'kafka_connection'
[2024-12-04T22:30:02.027+0000] {produce.py:41} INFO - Producer <cimpl.Producer object at 0x7fe5636f1bc0>
[2024-12-04T22:30:03.298+0000] {logging_mixin.py:190} INFO - Извлечено 2 документов из MongoDB
[2024-12-04T22:30:03.300+0000] {logging_mixin.py:190} INFO - {'_id': '6707fa42840c437097f7b593', 'travel': 3, 'payer': 1, 'amount': 26092, 'code_departure': 'SIN', 'code_arrival': 'ICN', 'number_of_passengers': 4, 'passengers': [{'passenger': 'Zoe Barnaby', 'birth_date': '1993-09-24'}, {'name': 'Ružica Ivančević', 'birth_date': '1995-09-02'}, {'name': 'Timm Raabe', 'birth_date': '1976-11-19'}, {'name': 'Greta Oorschot', 'birth_date': '1993-08-19'}], 'created': '2024-10-10T16:01:06.102000'}
[2024-12-04T22:30:03.301+0000] {logging_mixin.py:190} INFO - {'_id': '6707fa469a6e091126308054', 'travel': 1, 'payer': 4, 'amount': 9835, 'code_departure': 'DUB', 'code_arrival': 'BKK', 'number_of_passengers': 1, 'passengers': [{'passenger': 'Carla Jiménez', 'birth_date': '1982-03-11'}], 'created': '2024-10-10T16:01:10.152000'}
[2024-12-04T22:30:03.400+0000] {logging_mixin.py:190} INFO - Преобразованное сообщение: {
                    "_id": "6707fa42840c437097f7b593",
                    "travel": 3,
                    "payer": 1,
                    "amount": 26092,
                    "code_departure": "SIN",
                    "code_arrival": "ICN",
                    "number_of_passengers": 4,
                    "passengers": [
                        {"name": "Zoe Barnaby", "birth_date": "1993-09-24"},
                        {"name": "Ružica Ivančević", "birth_date": "1995-09-02"},
                        {"name": "Timm Raabe", "birth_date": "1976-11-19"},
                        {"name": "Greta Oorschot", "birth_date": "1993-08-19"}
                    ],
                    "created": "2024-10-10T16:01:06.102000"
                }
[2024-12-04T22:30:03.578+0000] {logging_mixin.py:190} INFO - Ошибка сериализации: 'str' object has no attribute 'get'
[2024-12-04T22:30:03.579+0000] {logging_mixin.py:190} INFO - Преобразованное сообщение: {
                    "_id": "6707fa42840c437097f7b593",
                    "travel": 3,
                    "payer": 1,
                    "amount": 26092,
                    "code_departure": "SIN",
                    "code_arrival": "ICN",
                    "number_of_passengers": 4,
                    "passengers": [
                        {"name": "Zoe Barnaby", "birth_date": "1993-09-24"},
                        {"name": "Ružica Ivančević", "birth_date": "1995-09-02"},
                        {"name": "Timm Raabe", "birth_date": "1976-11-19"},
                        {"name": "Greta Oorschot", "birth_date": "1993-08-19"}
                    ],
                    "created": "2024-10-10T16:01:06.102000"
                }
[2024-12-04T22:30:03.580+0000] {logging_mixin.py:190} INFO - Ошибка сериализации: 'str' object has no attribute 'get'
[2024-12-04T22:30:03.594+0000] {taskinstance.py:340} INFO - ::group::Post task execution logs
[2024-12-04T22:30:03.594+0000] {taskinstance.py:352} INFO - Marking task as SUCCESS. dag_id=dag1_mongo_to_kafka, task_id=mongo_to_kafka, run_id=manual__2024-12-04T22:29:57.225206+00:00, execution_date=20241204T222957, start_date=20241204T223001, end_date=20241204T223003
[2024-12-04T22:30:03.632+0000] {local_task_job_runner.py:266} INFO - Task exited with return code 0
[2024-12-04T22:30:03.648+0000] {taskinstance.py:3895} INFO - 0 downstream tasks scheduled from follow-on schedule check
[2024-12-04T22:30:03.650+0000] {local_task_job_runner.py:245} INFO - ::endgroup::
