[2024-12-03T14:27:44.081+0000] {local_task_job_runner.py:123} INFO - ::group::Pre task execution logs
[2024-12-03T14:27:44.114+0000] {taskinstance.py:2613} INFO - Dependencies all met for dep_context=non-requeueable deps ti=<TaskInstance: kafka_to_minio.consume_kafka_to_minio manual__2024-12-03T14:27:40.226073+00:00 [queued]>
[2024-12-03T14:27:44.135+0000] {taskinstance.py:2613} INFO - Dependencies all met for dep_context=requeueable deps ti=<TaskInstance: kafka_to_minio.consume_kafka_to_minio manual__2024-12-03T14:27:40.226073+00:00 [queued]>
[2024-12-03T14:27:44.136+0000] {taskinstance.py:2866} INFO - Starting attempt 1 of 2
[2024-12-03T14:27:44.159+0000] {taskinstance.py:2889} INFO - Executing <Task(PythonOperator): consume_kafka_to_minio> on 2024-12-03 14:27:40.226073+00:00
[2024-12-03T14:27:44.166+0000] {warnings.py:112} WARNING - /home/***/.local/lib/python3.12/site-packages/***/task/task_runner/standard_task_runner.py:70: DeprecationWarning: This process (pid=2640) is multi-threaded, use of fork() may lead to deadlocks in the child.
  pid = os.fork()

[2024-12-03T14:27:44.169+0000] {standard_task_runner.py:72} INFO - Started process 2641 to run task
[2024-12-03T14:27:44.169+0000] {standard_task_runner.py:104} INFO - Running: ['***', 'tasks', 'run', 'kafka_to_minio', 'consume_kafka_to_minio', 'manual__2024-12-03T14:27:40.226073+00:00', '--job-id', '47', '--raw', '--subdir', 'DAGS_FOLDER/dag2_Kafkas3.py', '--cfg-path', '/tmp/tmpdq3thu1q']
[2024-12-03T14:27:44.173+0000] {standard_task_runner.py:105} INFO - Job 47: Subtask consume_kafka_to_minio
[2024-12-03T14:27:44.236+0000] {task_command.py:467} INFO - Running <TaskInstance: kafka_to_minio.consume_kafka_to_minio manual__2024-12-03T14:27:40.226073+00:00 [running]> on host 31ac0cc6adcb
[2024-12-03T14:27:44.359+0000] {taskinstance.py:3132} INFO - Exporting env vars: AIRFLOW_CTX_DAG_OWNER='***' AIRFLOW_CTX_DAG_ID='kafka_to_minio' AIRFLOW_CTX_TASK_ID='consume_kafka_to_minio' AIRFLOW_CTX_EXECUTION_DATE='2024-12-03T14:27:40.226073+00:00' AIRFLOW_CTX_TRY_NUMBER='1' AIRFLOW_CTX_DAG_RUN_ID='manual__2024-12-03T14:27:40.226073+00:00'
[2024-12-03T14:27:44.361+0000] {taskinstance.py:731} INFO - ::endgroup::
[2024-12-03T14:27:46.160+0000] {logging_mixin.py:190} INFO - нет сообщений
[2024-12-03T14:27:49.166+0000] {logging_mixin.py:190} INFO - нет сообщений
[2024-12-03T14:27:52.168+0000] {logging_mixin.py:190} INFO - нет сообщений
[2024-12-03T14:27:55.170+0000] {logging_mixin.py:190} INFO - нет сообщений
[2024-12-03T14:27:58.171+0000] {logging_mixin.py:190} INFO - нет сообщений
[2024-12-03T14:28:01.173+0000] {logging_mixin.py:190} INFO - нет сообщений
[2024-12-03T14:28:04.183+0000] {logging_mixin.py:190} INFO - нет сообщений
[2024-12-03T14:28:07.191+0000] {logging_mixin.py:190} INFO - нет сообщений
[2024-12-03T14:28:10.195+0000] {logging_mixin.py:190} INFO - нет сообщений
[2024-12-03T14:28:13.197+0000] {logging_mixin.py:190} INFO - нет сообщений
[2024-12-03T14:28:16.199+0000] {logging_mixin.py:190} INFO - нет сообщений
[2024-12-03T14:28:19.237+0000] {logging_mixin.py:190} INFO - нет сообщений
[2024-12-03T14:28:22.244+0000] {logging_mixin.py:190} INFO - нет сообщений
[2024-12-03T14:28:25.245+0000] {logging_mixin.py:190} INFO - нет сообщений
[2024-12-03T14:28:28.247+0000] {logging_mixin.py:190} INFO - нет сообщений
[2024-12-03T14:28:31.248+0000] {logging_mixin.py:190} INFO - нет сообщений
[2024-12-03T14:28:34.253+0000] {logging_mixin.py:190} INFO - нет сообщений
[2024-12-03T14:28:37.259+0000] {logging_mixin.py:190} INFO - нет сообщений
[2024-12-03T14:28:40.262+0000] {logging_mixin.py:190} INFO - нет сообщений
[2024-12-03T14:28:43.266+0000] {logging_mixin.py:190} INFO - нет сообщений
[2024-12-03T14:28:46.270+0000] {logging_mixin.py:190} INFO - нет сообщений
[2024-12-03T14:28:49.277+0000] {logging_mixin.py:190} INFO - нет сообщений
[2024-12-03T14:28:52.280+0000] {logging_mixin.py:190} INFO - нет сообщений
[2024-12-03T14:28:55.282+0000] {logging_mixin.py:190} INFO - нет сообщений
[2024-12-03T14:28:58.283+0000] {logging_mixin.py:190} INFO - нет сообщений
[2024-12-03T14:29:01.285+0000] {logging_mixin.py:190} INFO - нет сообщений
[2024-12-03T14:29:04.291+0000] {logging_mixin.py:190} INFO - нет сообщений
[2024-12-03T14:29:07.293+0000] {logging_mixin.py:190} INFO - нет сообщений
[2024-12-03T14:29:10.295+0000] {logging_mixin.py:190} INFO - нет сообщений
[2024-12-03T14:29:13.298+0000] {logging_mixin.py:190} INFO - нет сообщений
[2024-12-03T14:29:16.301+0000] {logging_mixin.py:190} INFO - нет сообщений
[2024-12-03T14:29:19.305+0000] {logging_mixin.py:190} INFO - нет сообщений
[2024-12-03T14:29:22.309+0000] {logging_mixin.py:190} INFO - нет сообщений
[2024-12-03T14:29:25.310+0000] {logging_mixin.py:190} INFO - нет сообщений
[2024-12-03T14:29:28.312+0000] {logging_mixin.py:190} INFO - нет сообщений
[2024-12-03T14:29:31.317+0000] {logging_mixin.py:190} INFO - нет сообщений
[2024-12-03T14:29:34.318+0000] {logging_mixin.py:190} INFO - нет сообщений
[2024-12-03T14:29:34.858+0000] {local_task_job_runner.py:346} WARNING - State of this instance has been externally set to success. Terminating instance.
[2024-12-03T14:29:34.860+0000] {local_task_job_runner.py:245} INFO - ::endgroup::
[2024-12-03T14:29:34.862+0000] {process_utils.py:132} INFO - Sending 15 to group 2641. PIDs of all processes in the group: [2641]
[2024-12-03T14:29:34.863+0000] {process_utils.py:87} INFO - Sending the signal 15 to group 2641
[2024-12-03T14:29:37.319+0000] {taskinstance.py:3093} ERROR - Received SIGTERM. Terminating subprocesses.
[2024-12-03T14:29:37.343+0000] {taskinstance.py:340} INFO - ::group::Post task execution logs
[2024-12-03T14:29:37.368+0000] {process_utils.py:80} INFO - Process psutil.Process(pid=2641, status='terminated', exitcode=0, started='14:27:43') (2641) terminated with exit code 0
