[2024-12-05T23:37:29.527+0000] {local_task_job_runner.py:123} INFO - ::group::Pre task execution logs
[2024-12-05T23:37:29.549+0000] {taskinstance.py:2613} INFO - Dependencies all met for dep_context=non-requeueable deps ti=<TaskInstance: dag2.consume_from_kafka manual__2024-12-05T23:37:27.436251+00:00 [queued]>
[2024-12-05T23:37:29.559+0000] {taskinstance.py:2613} INFO - Dependencies all met for dep_context=requeueable deps ti=<TaskInstance: dag2.consume_from_kafka manual__2024-12-05T23:37:27.436251+00:00 [queued]>
[2024-12-05T23:37:29.562+0000] {taskinstance.py:2866} INFO - Starting attempt 1 of 2
[2024-12-05T23:37:29.586+0000] {taskinstance.py:2889} INFO - Executing <Task(PythonOperator): consume_from_kafka> on 2024-12-05 23:37:27.436251+00:00
[2024-12-05T23:37:29.591+0000] {warnings.py:112} WARNING - /home/***/.local/lib/python3.12/site-packages/***/task/task_runner/standard_task_runner.py:70: DeprecationWarning: This process (pid=11330) is multi-threaded, use of fork() may lead to deadlocks in the child.
  pid = os.fork()

[2024-12-05T23:37:29.594+0000] {standard_task_runner.py:72} INFO - Started process 11331 to run task
[2024-12-05T23:37:29.594+0000] {standard_task_runner.py:104} INFO - Running: ['***', 'tasks', 'run', 'dag2', 'consume_from_kafka', 'manual__2024-12-05T23:37:27.436251+00:00', '--job-id', '377', '--raw', '--subdir', 'DAGS_FOLDER/dag2_Kafkas3.py', '--cfg-path', '/tmp/tmp__6qcu5z']
[2024-12-05T23:37:29.597+0000] {standard_task_runner.py:105} INFO - Job 377: Subtask consume_from_kafka
[2024-12-05T23:37:29.638+0000] {task_command.py:467} INFO - Running <TaskInstance: dag2.consume_from_kafka manual__2024-12-05T23:37:27.436251+00:00 [running]> on host bc436253e42c
[2024-12-05T23:37:29.744+0000] {taskinstance.py:3132} INFO - Exporting env vars: AIRFLOW_CTX_DAG_OWNER='***' AIRFLOW_CTX_DAG_ID='dag2' AIRFLOW_CTX_TASK_ID='consume_from_kafka' AIRFLOW_CTX_EXECUTION_DATE='2024-12-05T23:37:27.436251+00:00' AIRFLOW_CTX_TRY_NUMBER='1' AIRFLOW_CTX_DAG_RUN_ID='manual__2024-12-05T23:37:27.436251+00:00'
[2024-12-05T23:37:29.746+0000] {taskinstance.py:731} INFO - ::endgroup::
[2024-12-05T23:37:33.130+0000] {logging_mixin.py:190} INFO - No message received
[2024-12-05T23:37:33.134+0000] {python.py:240} INFO - Done. Returned value was: None
[2024-12-05T23:37:33.150+0000] {taskinstance.py:340} INFO - ::group::Post task execution logs
[2024-12-05T23:37:33.151+0000] {taskinstance.py:352} INFO - Marking task as SUCCESS. dag_id=dag2, task_id=consume_from_kafka, run_id=manual__2024-12-05T23:37:27.436251+00:00, execution_date=20241205T233727, start_date=20241205T233729, end_date=20241205T233733
[2024-12-05T23:37:33.192+0000] {local_task_job_runner.py:266} INFO - Task exited with return code 0
[2024-12-05T23:37:33.208+0000] {taskinstance.py:3895} INFO - 0 downstream tasks scheduled from follow-on schedule check
[2024-12-05T23:37:33.210+0000] {local_task_job_runner.py:245} INFO - ::endgroup::
