[2024-12-07T22:35:19.860+0000] {local_task_job_runner.py:123} INFO - ::group::Pre task execution logs
[2024-12-07T22:35:19.878+0000] {taskinstance.py:2613} INFO - Dependencies all met for dep_context=non-requeueable deps ti=<TaskInstance: dag2_kafka_s3.stop_dag manual__2024-12-07T22:25:03.875491+00:00 [queued]>
[2024-12-07T22:35:19.888+0000] {taskinstance.py:2613} INFO - Dependencies all met for dep_context=requeueable deps ti=<TaskInstance: dag2_kafka_s3.stop_dag manual__2024-12-07T22:25:03.875491+00:00 [queued]>
[2024-12-07T22:35:19.889+0000] {taskinstance.py:2866} INFO - Starting attempt 1 of 2
[2024-12-07T22:35:19.905+0000] {taskinstance.py:2889} INFO - Executing <Task(PythonOperator): stop_dag> on 2024-12-07 22:25:03.875491+00:00
[2024-12-07T22:35:19.911+0000] {warnings.py:112} WARNING - /home/***/.local/lib/python3.12/site-packages/***/task/task_runner/standard_task_runner.py:70: DeprecationWarning: This process (pid=2329) is multi-threaded, use of fork() may lead to deadlocks in the child.
  pid = os.fork()

[2024-12-07T22:35:19.912+0000] {standard_task_runner.py:72} INFO - Started process 2331 to run task
[2024-12-07T22:35:19.913+0000] {standard_task_runner.py:104} INFO - Running: ['***', 'tasks', 'run', 'dag2_kafka_s3', 'stop_dag', 'manual__2024-12-07T22:25:03.875491+00:00', '--job-id', '628', '--raw', '--subdir', 'DAGS_FOLDER/dag2_kafka_s3.py', '--cfg-path', '/tmp/tmpgzoho7j4']
[2024-12-07T22:35:19.915+0000] {standard_task_runner.py:105} INFO - Job 628: Subtask stop_dag
[2024-12-07T22:35:19.961+0000] {task_command.py:467} INFO - Running <TaskInstance: dag2_kafka_s3.stop_dag manual__2024-12-07T22:25:03.875491+00:00 [running]> on host d7d86e3077c3
[2024-12-07T22:35:20.058+0000] {taskinstance.py:3132} INFO - Exporting env vars: AIRFLOW_CTX_DAG_OWNER='***' AIRFLOW_CTX_DAG_ID='dag2_kafka_s3' AIRFLOW_CTX_TASK_ID='stop_dag' AIRFLOW_CTX_EXECUTION_DATE='2024-12-07T22:25:03.875491+00:00' AIRFLOW_CTX_TRY_NUMBER='1' AIRFLOW_CTX_DAG_RUN_ID='manual__2024-12-07T22:25:03.875491+00:00'
[2024-12-07T22:35:20.060+0000] {taskinstance.py:731} INFO - ::endgroup::
[2024-12-07T22:35:20.078+0000] {logging_mixin.py:190} INFO - No more messages. Stopping DAG.
[2024-12-07T22:35:20.079+0000] {python.py:240} INFO - Done. Returned value was: None
[2024-12-07T22:35:20.090+0000] {taskinstance.py:340} INFO - ::group::Post task execution logs
[2024-12-07T22:35:20.091+0000] {taskinstance.py:352} INFO - Marking task as SUCCESS. dag_id=dag2_kafka_s3, task_id=stop_dag, run_id=manual__2024-12-07T22:25:03.875491+00:00, execution_date=20241207T222503, start_date=20241207T223519, end_date=20241207T223520
[2024-12-07T22:35:20.128+0000] {local_task_job_runner.py:266} INFO - Task exited with return code 0
[2024-12-07T22:35:20.146+0000] {taskinstance.py:3895} INFO - 0 downstream tasks scheduled from follow-on schedule check
[2024-12-07T22:35:20.148+0000] {local_task_job_runner.py:245} INFO - ::endgroup::
