[2024-12-09T08:52:14.015+0000] {local_task_job_runner.py:123} INFO - ::group::Pre task execution logs
[2024-12-09T08:52:14.037+0000] {taskinstance.py:2613} INFO - Dependencies all met for dep_context=non-requeueable deps ti=<TaskInstance: s3_to_kafka_avro.read_from_minio manual__2024-12-09T08:52:10.818179+00:00 [queued]>
[2024-12-09T08:52:14.051+0000] {taskinstance.py:2613} INFO - Dependencies all met for dep_context=requeueable deps ti=<TaskInstance: s3_to_kafka_avro.read_from_minio manual__2024-12-09T08:52:10.818179+00:00 [queued]>
[2024-12-09T08:52:14.052+0000] {taskinstance.py:2866} INFO - Starting attempt 1 of 2
[2024-12-09T08:52:14.077+0000] {taskinstance.py:2889} INFO - Executing <Task(PythonOperator): read_from_minio> on 2024-12-09 08:52:10.818179+00:00
[2024-12-09T08:52:14.085+0000] {warnings.py:112} WARNING - /home/***/.local/lib/python3.12/site-packages/***/task/task_runner/standard_task_runner.py:70: DeprecationWarning: This process (pid=1116) is multi-threaded, use of fork() may lead to deadlocks in the child.
  pid = os.fork()

[2024-12-09T08:52:14.088+0000] {standard_task_runner.py:72} INFO - Started process 1117 to run task
[2024-12-09T08:52:14.089+0000] {standard_task_runner.py:104} INFO - Running: ['***', 'tasks', 'run', 's3_to_kafka_avro', 'read_from_minio', 'manual__2024-12-09T08:52:10.818179+00:00', '--job-id', '44', '--raw', '--subdir', 'DAGS_FOLDER/dag3_s3_kafka.py', '--cfg-path', '/tmp/tmpxefrlt1o']
[2024-12-09T08:52:14.093+0000] {standard_task_runner.py:105} INFO - Job 44: Subtask read_from_minio
[2024-12-09T08:52:14.168+0000] {task_command.py:467} INFO - Running <TaskInstance: s3_to_kafka_avro.read_from_minio manual__2024-12-09T08:52:10.818179+00:00 [running]> on host c23cf8b5bd6f
[2024-12-09T08:52:14.311+0000] {taskinstance.py:3132} INFO - Exporting env vars: AIRFLOW_CTX_DAG_OWNER='***' AIRFLOW_CTX_DAG_ID='s3_to_kafka_avro' AIRFLOW_CTX_TASK_ID='read_from_minio' AIRFLOW_CTX_EXECUTION_DATE='2024-12-09T08:52:10.818179+00:00' AIRFLOW_CTX_TRY_NUMBER='1' AIRFLOW_CTX_DAG_RUN_ID='manual__2024-12-09T08:52:10.818179+00:00'
[2024-12-09T08:52:14.313+0000] {taskinstance.py:731} INFO - ::endgroup::
[2024-12-09T08:52:14.746+0000] {logging_mixin.py:190} INFO - Подключение успешно. Найдено 7 бакетов: ['levs-test', 'mybucket', 'reciept-bucket', 'spark', 'test-bucket', 'travel', 'users-add']
[2024-12-09T08:52:14.819+0000] {logging_mixin.py:190} INFO - Содержимое бакета reciept-bucket:
[2024-12-09T08:52:14.819+0000] {logging_mixin.py:190} INFO - {'Key': '0_20241207222514.avro', 'LastModified': datetime.datetime(2024, 12, 7, 22, 25, 15, 660000, tzinfo=tzlocal()), 'ETag': '"d4200cc41204de3f2b02de5eb1d6e48b"', 'Size': 174, 'StorageClass': 'STANDARD'}
[2024-12-09T08:52:14.820+0000] {logging_mixin.py:190} INFO - {'Key': '0_20241207222515.avro', 'LastModified': datetime.datetime(2024, 12, 7, 22, 25, 16, 519000, tzinfo=tzlocal()), 'ETag': '"1f41f9c7baf68da32f3bb37619f610ff"', 'Size': 116, 'StorageClass': 'STANDARD'}
[2024-12-09T08:52:14.821+0000] {logging_mixin.py:190} INFO - {'Key': '0_20241207222516.avro', 'LastModified': datetime.datetime(2024, 12, 7, 22, 25, 17, 406000, tzinfo=tzlocal()), 'ETag': '"99225d668101315b8e2c45a7e8f0e3b4"', 'Size': 149, 'StorageClass': 'STANDARD'}
[2024-12-09T08:52:14.822+0000] {logging_mixin.py:190} INFO - {'Key': '0_20241207222517.avro', 'LastModified': datetime.datetime(2024, 12, 7, 22, 25, 18, 321000, tzinfo=tzlocal()), 'ETag': '"ff5fbd6d2e10b8e50386f88e44792361"', 'Size': 122, 'StorageClass': 'STANDARD'}
[2024-12-09T08:52:14.823+0000] {logging_mixin.py:190} INFO - {'Key': '0_20241207222518.avro', 'LastModified': datetime.datetime(2024, 12, 7, 22, 25, 20, 75000, tzinfo=tzlocal()), 'ETag': '"3de04b6d9d9482c037a90e5c7a2e41d2"', 'Size': 122, 'StorageClass': 'STANDARD'}
[2024-12-09T08:52:14.823+0000] {logging_mixin.py:190} INFO - {'Key': '0_20241207222519.avro', 'LastModified': datetime.datetime(2024, 12, 7, 22, 25, 20, 964000, tzinfo=tzlocal()), 'ETag': '"6a690dc757717dc95081bc02e673262f"', 'Size': 98, 'StorageClass': 'STANDARD'}
[2024-12-09T08:52:14.824+0000] {logging_mixin.py:190} INFO - {'Key': '0_20241207222520.avro', 'LastModified': datetime.datetime(2024, 12, 7, 22, 25, 21, 891000, tzinfo=tzlocal()), 'ETag': '"5d73fa960ce222b3d7900b1672bcd6f3"', 'Size': 169, 'StorageClass': 'STANDARD'}
[2024-12-09T08:52:14.825+0000] {logging_mixin.py:190} INFO - {'Key': '0_20241207222521.avro', 'LastModified': datetime.datetime(2024, 12, 7, 22, 25, 22, 797000, tzinfo=tzlocal()), 'ETag': '"bc392f4aa06da83a8770e3bb1596f1b6"', 'Size': 94, 'StorageClass': 'STANDARD'}
[2024-12-09T08:52:14.825+0000] {logging_mixin.py:190} INFO - {'Key': '0_20241207222522.avro', 'LastModified': datetime.datetime(2024, 12, 7, 22, 25, 23, 690000, tzinfo=tzlocal()), 'ETag': '"9cfe46ca914df547a1049a48a921e6bb"', 'Size': 189, 'StorageClass': 'STANDARD'}
[2024-12-09T08:52:14.826+0000] {logging_mixin.py:190} INFO - {'Key': '0_20241207222523.avro', 'LastModified': datetime.datetime(2024, 12, 7, 22, 25, 24, 975000, tzinfo=tzlocal()), 'ETag': '"0ae5a73891290dce4820c8a225a6aff6"', 'Size': 176, 'StorageClass': 'STANDARD'}
[2024-12-09T08:52:14.828+0000] {logging_mixin.py:190} INFO - {'Key': '0_20241207222524.avro', 'LastModified': datetime.datetime(2024, 12, 7, 22, 25, 25, 849000, tzinfo=tzlocal()), 'ETag': '"9a0355ada15e978669e6df781c7b4f95"', 'Size': 166, 'StorageClass': 'STANDARD'}
[2024-12-09T08:52:14.829+0000] {logging_mixin.py:190} INFO - {'Key': '0_20241207222525.avro', 'LastModified': datetime.datetime(2024, 12, 7, 22, 25, 26, 745000, tzinfo=tzlocal()), 'ETag': '"29ec74e95bb75694f2b0b2dc94891235"', 'Size': 199, 'StorageClass': 'STANDARD'}
[2024-12-09T08:52:14.829+0000] {logging_mixin.py:190} INFO - {'Key': '0_20241207222526.avro', 'LastModified': datetime.datetime(2024, 12, 7, 22, 25, 27, 630000, tzinfo=tzlocal()), 'ETag': '"2b4b799b307ed2e9323d1b517e908627"', 'Size': 154, 'StorageClass': 'STANDARD'}
[2024-12-09T08:52:14.830+0000] {logging_mixin.py:190} INFO - {'Key': '0_20241207222527.avro', 'LastModified': datetime.datetime(2024, 12, 7, 22, 25, 29, 29000, tzinfo=tzlocal()), 'ETag': '"848ad01f08be7337609fcf45892c2cfc"', 'Size': 194, 'StorageClass': 'STANDARD'}
[2024-12-09T08:52:14.830+0000] {logging_mixin.py:190} INFO - {'Key': '0_20241207222528.avro', 'LastModified': datetime.datetime(2024, 12, 7, 22, 25, 29, 953000, tzinfo=tzlocal()), 'ETag': '"05f07a9dc28c7091aeca05eff1d1cd3e"', 'Size': 180, 'StorageClass': 'STANDARD'}
[2024-12-09T08:52:14.831+0000] {logging_mixin.py:190} INFO - {'Key': '0_20241207222529.avro', 'LastModified': datetime.datetime(2024, 12, 7, 22, 25, 30, 866000, tzinfo=tzlocal()), 'ETag': '"cc8fdba5921cf96372eea3660bdaf33d"', 'Size': 212, 'StorageClass': 'STANDARD'}
[2024-12-09T08:52:14.831+0000] {logging_mixin.py:190} INFO - {'Key': '0_20241207222530.avro', 'LastModified': datetime.datetime(2024, 12, 7, 22, 25, 31, 779000, tzinfo=tzlocal()), 'ETag': '"1f41f9c7baf68da32f3bb37619f610ff"', 'Size': 116, 'StorageClass': 'STANDARD'}
[2024-12-09T08:52:14.832+0000] {logging_mixin.py:190} INFO - {'Key': '0_20241207222531.avro', 'LastModified': datetime.datetime(2024, 12, 7, 22, 25, 32, 683000, tzinfo=tzlocal()), 'ETag': '"05f07a9dc28c7091aeca05eff1d1cd3e"', 'Size': 180, 'StorageClass': 'STANDARD'}
[2024-12-09T08:52:14.833+0000] {logging_mixin.py:190} INFO - {'Key': '0_20241207222532.avro', 'LastModified': datetime.datetime(2024, 12, 7, 22, 25, 33, 570000, tzinfo=tzlocal()), 'ETag': '"e3fe9b98863d847440ac59663962d611"', 'Size': 175, 'StorageClass': 'STANDARD'}
[2024-12-09T08:52:14.833+0000] {logging_mixin.py:190} INFO - {'Key': '0_20241207222533.avro', 'LastModified': datetime.datetime(2024, 12, 7, 22, 25, 34, 466000, tzinfo=tzlocal()), 'ETag': '"9cfe46ca914df547a1049a48a921e6bb"', 'Size': 189, 'StorageClass': 'STANDARD'}
[2024-12-09T08:52:14.834+0000] {logging_mixin.py:190} INFO - {'Key': '0_20241207222534.avro', 'LastModified': datetime.datetime(2024, 12, 7, 22, 25, 35, 357000, tzinfo=tzlocal()), 'ETag': '"dffe15a36b5aee4efe61ba484c9ec346"', 'Size': 98, 'StorageClass': 'STANDARD'}
[2024-12-09T08:52:14.834+0000] {logging_mixin.py:190} INFO - {'Key': '0_20241207222535.avro', 'LastModified': datetime.datetime(2024, 12, 7, 22, 25, 37, 153000, tzinfo=tzlocal()), 'ETag': '"f6709718f0bae2717b1e836c7df30c2e"', 'Size': 118, 'StorageClass': 'STANDARD'}
[2024-12-09T08:52:14.835+0000] {logging_mixin.py:190} INFO - {'Key': '0_20241207222537.avro', 'LastModified': datetime.datetime(2024, 12, 7, 22, 25, 38, 966000, tzinfo=tzlocal()), 'ETag': '"848ad01f08be7337609fcf45892c2cfc"', 'Size': 194, 'StorageClass': 'STANDARD'}
[2024-12-09T08:52:14.836+0000] {logging_mixin.py:190} INFO - {'Key': '0_20241207222538.avro', 'LastModified': datetime.datetime(2024, 12, 7, 22, 25, 39, 822000, tzinfo=tzlocal()), 'ETag': '"05f07a9dc28c7091aeca05eff1d1cd3e"', 'Size': 180, 'StorageClass': 'STANDARD'}
[2024-12-09T08:52:14.836+0000] {logging_mixin.py:190} INFO - {'Key': '0_20241207222539.avro', 'LastModified': datetime.datetime(2024, 12, 7, 22, 25, 40, 662000, tzinfo=tzlocal()), 'ETag': '"cc8fdba5921cf96372eea3660bdaf33d"', 'Size': 212, 'StorageClass': 'STANDARD'}
[2024-12-09T08:52:14.837+0000] {logging_mixin.py:190} INFO - {'Key': '0_20241207222540.avro', 'LastModified': datetime.datetime(2024, 12, 7, 22, 25, 41, 555000, tzinfo=tzlocal()), 'ETag': '"d888da892ca92985d6dfd1359e6762f8"', 'Size': 210, 'StorageClass': 'STANDARD'}
[2024-12-09T08:52:14.837+0000] {logging_mixin.py:190} INFO - {'Key': '0_20241207222541.avro', 'LastModified': datetime.datetime(2024, 12, 7, 22, 25, 42, 450000, tzinfo=tzlocal()), 'ETag': '"d4200cc41204de3f2b02de5eb1d6e48b"', 'Size': 174, 'StorageClass': 'STANDARD'}
[2024-12-09T08:52:14.840+0000] {logging_mixin.py:190} INFO - {'Key': '0_20241207222542.avro', 'LastModified': datetime.datetime(2024, 12, 7, 22, 25, 43, 364000, tzinfo=tzlocal()), 'ETag': '"0ff66136f6e3ca3429b4ff11510d600d"', 'Size': 204, 'StorageClass': 'STANDARD'}
[2024-12-09T08:52:14.841+0000] {logging_mixin.py:190} INFO - {'Key': '0_20241207222543.avro', 'LastModified': datetime.datetime(2024, 12, 7, 22, 25, 44, 705000, tzinfo=tzlocal()), 'ETag': '"dffe15a36b5aee4efe61ba484c9ec346"', 'Size': 98, 'StorageClass': 'STANDARD'}
[2024-12-09T08:52:14.841+0000] {logging_mixin.py:190} INFO - {'Key': '0_20241207222544.avro', 'LastModified': datetime.datetime(2024, 12, 7, 22, 25, 45, 722000, tzinfo=tzlocal()), 'ETag': '"f6709718f0bae2717b1e836c7df30c2e"', 'Size': 118, 'StorageClass': 'STANDARD'}
[2024-12-09T08:52:14.842+0000] {logging_mixin.py:190} INFO - {'Key': '0_20241207222545.avro', 'LastModified': datetime.datetime(2024, 12, 7, 22, 25, 46, 574000, tzinfo=tzlocal()), 'ETag': '"99225d668101315b8e2c45a7e8f0e3b4"', 'Size': 149, 'StorageClass': 'STANDARD'}
[2024-12-09T08:52:14.843+0000] {logging_mixin.py:190} INFO - {'Key': '0_20241207222546.avro', 'LastModified': datetime.datetime(2024, 12, 7, 22, 25, 47, 504000, tzinfo=tzlocal()), 'ETag': '"ff5fbd6d2e10b8e50386f88e44792361"', 'Size': 122, 'StorageClass': 'STANDARD'}
[2024-12-09T08:52:14.843+0000] {logging_mixin.py:190} INFO - {'Key': '0_20241207222547.avro', 'LastModified': datetime.datetime(2024, 12, 7, 22, 25, 48, 395000, tzinfo=tzlocal()), 'ETag': '"b9b7a19da78b6bca4c6c0e8d227cbe1a"', 'Size': 94, 'StorageClass': 'STANDARD'}
[2024-12-09T08:52:14.844+0000] {logging_mixin.py:190} INFO - {'Key': '0_20241207222548.avro', 'LastModified': datetime.datetime(2024, 12, 7, 22, 25, 49, 282000, tzinfo=tzlocal()), 'ETag': '"3de04b6d9d9482c037a90e5c7a2e41d2"', 'Size': 122, 'StorageClass': 'STANDARD'}
[2024-12-09T08:52:14.845+0000] {logging_mixin.py:190} INFO - {'Key': '0_20241207222549.avro', 'LastModified': datetime.datetime(2024, 12, 7, 22, 25, 51, 31000, tzinfo=tzlocal()), 'ETag': '"5d73fa960ce222b3d7900b1672bcd6f3"', 'Size': 169, 'StorageClass': 'STANDARD'}
[2024-12-09T08:52:14.845+0000] {logging_mixin.py:190} INFO - {'Key': '0_20241207222550.avro', 'LastModified': datetime.datetime(2024, 12, 7, 22, 25, 51, 884000, tzinfo=tzlocal()), 'ETag': '"e3fe9b98863d847440ac59663962d611"', 'Size': 175, 'StorageClass': 'STANDARD'}
[2024-12-09T08:52:14.846+0000] {logging_mixin.py:190} INFO - {'Key': '0_20241207222551.avro', 'LastModified': datetime.datetime(2024, 12, 7, 22, 25, 52, 804000, tzinfo=tzlocal()), 'ETag': '"9cfe46ca914df547a1049a48a921e6bb"', 'Size': 189, 'StorageClass': 'STANDARD'}
[2024-12-09T08:52:14.846+0000] {logging_mixin.py:190} INFO - {'Key': '0_20241207222552.avro', 'LastModified': datetime.datetime(2024, 12, 7, 22, 25, 53, 687000, tzinfo=tzlocal()), 'ETag': '"99225d668101315b8e2c45a7e8f0e3b4"', 'Size': 149, 'StorageClass': 'STANDARD'}
[2024-12-09T08:52:14.847+0000] {logging_mixin.py:190} INFO - {'Key': '0_20241207222553.avro', 'LastModified': datetime.datetime(2024, 12, 7, 22, 25, 54, 649000, tzinfo=tzlocal()), 'ETag': '"0ae5a73891290dce4820c8a225a6aff6"', 'Size': 176, 'StorageClass': 'STANDARD'}
[2024-12-09T08:52:14.848+0000] {logging_mixin.py:190} INFO - {'Key': '0_20241207222554.avro', 'LastModified': datetime.datetime(2024, 12, 7, 22, 25, 55, 542000, tzinfo=tzlocal()), 'ETag': '"9a0355ada15e978669e6df781c7b4f95"', 'Size': 166, 'StorageClass': 'STANDARD'}
[2024-12-09T08:52:14.849+0000] {logging_mixin.py:190} INFO - {'Key': '0_20241207222555.avro', 'LastModified': datetime.datetime(2024, 12, 7, 22, 25, 56, 813000, tzinfo=tzlocal()), 'ETag': '"29ec74e95bb75694f2b0b2dc94891235"', 'Size': 199, 'StorageClass': 'STANDARD'}
[2024-12-09T08:52:14.849+0000] {logging_mixin.py:190} INFO - {'Key': '0_20241207222556.avro', 'LastModified': datetime.datetime(2024, 12, 7, 22, 25, 57, 671000, tzinfo=tzlocal()), 'ETag': '"b9b7a19da78b6bca4c6c0e8d227cbe1a"', 'Size': 94, 'StorageClass': 'STANDARD'}
[2024-12-09T08:52:14.850+0000] {logging_mixin.py:190} INFO - {'Key': '0_20241207222557.avro', 'LastModified': datetime.datetime(2024, 12, 7, 22, 25, 59, 78000, tzinfo=tzlocal()), 'ETag': '"848ad01f08be7337609fcf45892c2cfc"', 'Size': 194, 'StorageClass': 'STANDARD'}
[2024-12-09T08:52:14.850+0000] {logging_mixin.py:190} INFO - {'Key': '0_20241207222558.avro', 'LastModified': datetime.datetime(2024, 12, 7, 22, 25, 59, 962000, tzinfo=tzlocal()), 'ETag': '"9f2f2604840df942c573ec8d85b3bd65"', 'Size': 196, 'StorageClass': 'STANDARD'}
[2024-12-09T08:52:14.851+0000] {logging_mixin.py:190} INFO - {'Key': '0_20241207222559.avro', 'LastModified': datetime.datetime(2024, 12, 7, 22, 26, 0, 824000, tzinfo=tzlocal()), 'ETag': '"6a690dc757717dc95081bc02e673262f"', 'Size': 98, 'StorageClass': 'STANDARD'}
[2024-12-09T08:52:14.852+0000] {logging_mixin.py:190} INFO - {'Key': '0_20241207222600.avro', 'LastModified': datetime.datetime(2024, 12, 7, 22, 26, 1, 731000, tzinfo=tzlocal()), 'ETag': '"cc8fdba5921cf96372eea3660bdaf33d"', 'Size': 212, 'StorageClass': 'STANDARD'}
[2024-12-09T08:52:14.852+0000] {logging_mixin.py:190} INFO - {'Key': '0_20241207222601.avro', 'LastModified': datetime.datetime(2024, 12, 7, 22, 26, 2, 631000, tzinfo=tzlocal()), 'ETag': '"7ae69c7b25697694e2a9f0547ad1f7f4"', 'Size': 124, 'StorageClass': 'STANDARD'}
[2024-12-09T08:52:14.853+0000] {logging_mixin.py:190} INFO - {'Key': '0_20241207222602.avro', 'LastModified': datetime.datetime(2024, 12, 7, 22, 26, 3, 504000, tzinfo=tzlocal()), 'ETag': '"0ff66136f6e3ca3429b4ff11510d600d"', 'Size': 204, 'StorageClass': 'STANDARD'}
[2024-12-09T08:52:14.854+0000] {logging_mixin.py:190} INFO - {'Key': '0_20241207222603.avro', 'LastModified': datetime.datetime(2024, 12, 7, 22, 26, 4, 348000, tzinfo=tzlocal()), 'ETag': '"0ae5a73891290dce4820c8a225a6aff6"', 'Size': 176, 'StorageClass': 'STANDARD'}
[2024-12-09T08:52:14.856+0000] {logging_mixin.py:190} INFO - {'Key': '0_20241207222604.avro', 'LastModified': datetime.datetime(2024, 12, 7, 22, 26, 5, 421000, tzinfo=tzlocal()), 'ETag': '"9a0355ada15e978669e6df781c7b4f95"', 'Size': 166, 'StorageClass': 'STANDARD'}
[2024-12-09T08:52:14.857+0000] {logging_mixin.py:190} INFO - {'Key': '0_20241207222605.avro', 'LastModified': datetime.datetime(2024, 12, 7, 22, 26, 6, 295000, tzinfo=tzlocal()), 'ETag': '"b9b7a19da78b6bca4c6c0e8d227cbe1a"', 'Size': 94, 'StorageClass': 'STANDARD'}
[2024-12-09T08:52:14.858+0000] {logging_mixin.py:190} INFO - {'Key': '0_20241207222606.avro', 'LastModified': datetime.datetime(2024, 12, 7, 22, 26, 8, 53000, tzinfo=tzlocal()), 'ETag': '"e3fe9b98863d847440ac59663962d611"', 'Size': 175, 'StorageClass': 'STANDARD'}
[2024-12-09T08:52:14.859+0000] {logging_mixin.py:190} INFO - {'Key': '0_20241207222607.avro', 'LastModified': datetime.datetime(2024, 12, 7, 22, 26, 8, 993000, tzinfo=tzlocal()), 'ETag': '"7ae69c7b25697694e2a9f0547ad1f7f4"', 'Size': 124, 'StorageClass': 'STANDARD'}
[2024-12-09T08:52:14.859+0000] {logging_mixin.py:190} INFO - {'Key': '0_20241207222608.avro', 'LastModified': datetime.datetime(2024, 12, 7, 22, 26, 9, 902000, tzinfo=tzlocal()), 'ETag': '"1f41f9c7baf68da32f3bb37619f610ff"', 'Size': 116, 'StorageClass': 'STANDARD'}
[2024-12-09T08:52:14.860+0000] {logging_mixin.py:190} INFO - {'Key': '0_20241207222609.avro', 'LastModified': datetime.datetime(2024, 12, 7, 22, 26, 10, 788000, tzinfo=tzlocal()), 'ETag': '"30f70607ee5812239b66651975483fa3"', 'Size': 191, 'StorageClass': 'STANDARD'}
[2024-12-09T08:52:14.861+0000] {logging_mixin.py:190} INFO - {'Key': '0_20241207222610.avro', 'LastModified': datetime.datetime(2024, 12, 7, 22, 26, 11, 662000, tzinfo=tzlocal()), 'ETag': '"9f2f2604840df942c573ec8d85b3bd65"', 'Size': 196, 'StorageClass': 'STANDARD'}
[2024-12-09T08:52:14.861+0000] {logging_mixin.py:190} INFO - {'Key': '0_20241207222611.avro', 'LastModified': datetime.datetime(2024, 12, 7, 22, 26, 12, 539000, tzinfo=tzlocal()), 'ETag': '"bc392f4aa06da83a8770e3bb1596f1b6"', 'Size': 94, 'StorageClass': 'STANDARD'}
[2024-12-09T08:52:14.862+0000] {logging_mixin.py:190} INFO - {'Key': '0_20241207222612.avro', 'LastModified': datetime.datetime(2024, 12, 7, 22, 26, 13, 430000, tzinfo=tzlocal()), 'ETag': '"d888da892ca92985d6dfd1359e6762f8"', 'Size': 210, 'StorageClass': 'STANDARD'}
[2024-12-09T08:52:14.862+0000] {logging_mixin.py:190} INFO - {'Key': '0_20241207222613.avro', 'LastModified': datetime.datetime(2024, 12, 7, 22, 26, 15, 307000, tzinfo=tzlocal()), 'ETag': '"d4200cc41204de3f2b02de5eb1d6e48b"', 'Size': 174, 'StorageClass': 'STANDARD'}
[2024-12-09T08:52:14.863+0000] {logging_mixin.py:190} INFO - {'Key': '0_20241207222615.avro', 'LastModified': datetime.datetime(2024, 12, 7, 22, 26, 17, 88000, tzinfo=tzlocal()), 'ETag': '"0ff66136f6e3ca3429b4ff11510d600d"', 'Size': 204, 'StorageClass': 'STANDARD'}
[2024-12-09T08:52:14.864+0000] {logging_mixin.py:190} INFO - {'Key': '0_20241207222616.avro', 'LastModified': datetime.datetime(2024, 12, 7, 22, 26, 17, 999000, tzinfo=tzlocal()), 'ETag': '"dffe15a36b5aee4efe61ba484c9ec346"', 'Size': 98, 'StorageClass': 'STANDARD'}
[2024-12-09T08:52:14.864+0000] {logging_mixin.py:190} INFO - {'Key': '0_20241207222617.avro', 'LastModified': datetime.datetime(2024, 12, 7, 22, 26, 18, 852000, tzinfo=tzlocal()), 'ETag': '"30f70607ee5812239b66651975483fa3"', 'Size': 191, 'StorageClass': 'STANDARD'}
[2024-12-09T08:52:14.865+0000] {logging_mixin.py:190} INFO - {'Key': '0_20241207222618.avro', 'LastModified': datetime.datetime(2024, 12, 7, 22, 26, 19, 719000, tzinfo=tzlocal()), 'ETag': '"f6709718f0bae2717b1e836c7df30c2e"', 'Size': 118, 'StorageClass': 'STANDARD'}
[2024-12-09T08:52:14.865+0000] {logging_mixin.py:190} INFO - {'Key': '0_20241207222619.avro', 'LastModified': datetime.datetime(2024, 12, 7, 22, 26, 20, 621000, tzinfo=tzlocal()), 'ETag': '"ff5fbd6d2e10b8e50386f88e44792361"', 'Size': 122, 'StorageClass': 'STANDARD'}
[2024-12-09T08:52:14.866+0000] {logging_mixin.py:190} INFO - {'Key': '0_20241207222620.avro', 'LastModified': datetime.datetime(2024, 12, 7, 22, 26, 21, 483000, tzinfo=tzlocal()), 'ETag': '"2b4b799b307ed2e9323d1b517e908627"', 'Size': 154, 'StorageClass': 'STANDARD'}
[2024-12-09T08:52:14.867+0000] {logging_mixin.py:190} INFO - {'Key': '0_20241207222621.avro', 'LastModified': datetime.datetime(2024, 12, 7, 22, 26, 22, 337000, tzinfo=tzlocal()), 'ETag': '"3de04b6d9d9482c037a90e5c7a2e41d2"', 'Size': 122, 'StorageClass': 'STANDARD'}
[2024-12-09T08:52:14.867+0000] {logging_mixin.py:190} INFO - {'Key': '0_20241207222622.avro', 'LastModified': datetime.datetime(2024, 12, 7, 22, 26, 24, 151000, tzinfo=tzlocal()), 'ETag': '"bc392f4aa06da83a8770e3bb1596f1b6"', 'Size': 94, 'StorageClass': 'STANDARD'}
[2024-12-09T08:52:14.868+0000] {logging_mixin.py:190} INFO - {'Key': '0_20241207222623.avro', 'LastModified': datetime.datetime(2024, 12, 7, 22, 26, 25, 110000, tzinfo=tzlocal()), 'ETag': '"d888da892ca92985d6dfd1359e6762f8"', 'Size': 210, 'StorageClass': 'STANDARD'}
[2024-12-09T08:52:14.869+0000] {logging_mixin.py:190} INFO - {'Key': '0_20241208090113.avro', 'LastModified': datetime.datetime(2024, 12, 8, 9, 1, 14, 717000, tzinfo=tzlocal()), 'ETag': '"d4200cc41204de3f2b02de5eb1d6e48b"', 'Size': 174, 'StorageClass': 'STANDARD'}
[2024-12-09T08:52:14.869+0000] {logging_mixin.py:190} INFO - {'Key': '0_20241208090114.avro', 'LastModified': datetime.datetime(2024, 12, 8, 9, 1, 15, 679000, tzinfo=tzlocal()), 'ETag': '"9cfe46ca914df547a1049a48a921e6bb"', 'Size': 189, 'StorageClass': 'STANDARD'}
[2024-12-09T08:52:14.870+0000] {logging_mixin.py:190} INFO - {'Key': '0_20241208090115.avro', 'LastModified': datetime.datetime(2024, 12, 8, 9, 1, 17, 57000, tzinfo=tzlocal()), 'ETag': '"30f70607ee5812239b66651975483fa3"', 'Size': 191, 'StorageClass': 'STANDARD'}
[2024-12-09T08:52:14.871+0000] {logging_mixin.py:190} INFO - {'Key': '0_20241208090117.avro', 'LastModified': datetime.datetime(2024, 12, 8, 9, 1, 18, 36000, tzinfo=tzlocal()), 'ETag': '"ff5fbd6d2e10b8e50386f88e44792361"', 'Size': 122, 'StorageClass': 'STANDARD'}
[2024-12-09T08:52:14.872+0000] {logging_mixin.py:190} INFO - {'Key': '0_20241208090118.avro', 'LastModified': datetime.datetime(2024, 12, 8, 9, 1, 19, 3000, tzinfo=tzlocal()), 'ETag': '"b9b7a19da78b6bca4c6c0e8d227cbe1a"', 'Size': 94, 'StorageClass': 'STANDARD'}
[2024-12-09T08:52:14.874+0000] {logging_mixin.py:190} INFO - {'Key': '0_20241208090119.avro', 'LastModified': datetime.datetime(2024, 12, 8, 9, 1, 21, 44000, tzinfo=tzlocal()), 'ETag': '"3de04b6d9d9482c037a90e5c7a2e41d2"', 'Size': 122, 'StorageClass': 'STANDARD'}
[2024-12-09T08:52:14.875+0000] {logging_mixin.py:190} INFO - {'Key': '0_20241208090121.avro', 'LastModified': datetime.datetime(2024, 12, 8, 9, 1, 21, 957000, tzinfo=tzlocal()), 'ETag': '"848ad01f08be7337609fcf45892c2cfc"', 'Size': 194, 'StorageClass': 'STANDARD'}
[2024-12-09T08:52:14.876+0000] {logging_mixin.py:190} INFO - {'Key': '0_20241208090122.avro', 'LastModified': datetime.datetime(2024, 12, 8, 9, 1, 22, 922000, tzinfo=tzlocal()), 'ETag': '"bc392f4aa06da83a8770e3bb1596f1b6"', 'Size': 94, 'StorageClass': 'STANDARD'}
[2024-12-09T08:52:14.876+0000] {logging_mixin.py:190} INFO - {'Key': '0_20241208090123.avro', 'LastModified': datetime.datetime(2024, 12, 8, 9, 1, 23, 918000, tzinfo=tzlocal()), 'ETag': '"6c430a278c14a5ef175b53a4195e8507"', 'Size': 212, 'StorageClass': 'STANDARD'}
[2024-12-09T08:52:14.877+0000] {logging_mixin.py:190} INFO - {'Key': '0_20241208090124.avro', 'LastModified': datetime.datetime(2024, 12, 8, 9, 1, 24, 829000, tzinfo=tzlocal()), 'ETag': '"0ff66136f6e3ca3429b4ff11510d600d"', 'Size': 204, 'StorageClass': 'STANDARD'}
[2024-12-09T08:52:14.877+0000] {logging_mixin.py:190} INFO - {'Key': '0_20241208090125.avro', 'LastModified': datetime.datetime(2024, 12, 8, 9, 1, 26, 755000, tzinfo=tzlocal()), 'ETag': '"99225d668101315b8e2c45a7e8f0e3b4"', 'Size': 149, 'StorageClass': 'STANDARD'}
[2024-12-09T08:52:14.878+0000] {logging_mixin.py:190} INFO - {'Key': '0_20241208090126.avro', 'LastModified': datetime.datetime(2024, 12, 8, 9, 1, 27, 691000, tzinfo=tzlocal()), 'ETag': '"2b4b799b307ed2e9323d1b517e908627"', 'Size': 154, 'StorageClass': 'STANDARD'}
[2024-12-09T08:52:14.879+0000] {logging_mixin.py:190} INFO - {'Key': '0_20241208090127.avro', 'LastModified': datetime.datetime(2024, 12, 8, 9, 1, 28, 683000, tzinfo=tzlocal()), 'ETag': '"6a690dc757717dc95081bc02e673262f"', 'Size': 98, 'StorageClass': 'STANDARD'}
[2024-12-09T08:52:14.879+0000] {logging_mixin.py:190} INFO - {'Key': '0_20241208090128.avro', 'LastModified': datetime.datetime(2024, 12, 8, 9, 1, 29, 675000, tzinfo=tzlocal()), 'ETag': '"cc8fdba5921cf96372eea3660bdaf33d"', 'Size': 212, 'StorageClass': 'STANDARD'}
[2024-12-09T08:52:14.880+0000] {logging_mixin.py:190} INFO - {'Key': '0_20241208090129.avro', 'LastModified': datetime.datetime(2024, 12, 8, 9, 1, 30, 668000, tzinfo=tzlocal()), 'ETag': '"38dc944a620047bdc48f1f57198b13d7"', 'Size': 94, 'StorageClass': 'STANDARD'}
[2024-12-09T08:52:14.880+0000] {logging_mixin.py:190} INFO - {'Key': '0_20241208090130.avro', 'LastModified': datetime.datetime(2024, 12, 8, 9, 1, 31, 710000, tzinfo=tzlocal()), 'ETag': '"e3fe9b98863d847440ac59663962d611"', 'Size': 175, 'StorageClass': 'STANDARD'}
[2024-12-09T08:52:14.881+0000] {logging_mixin.py:190} INFO - {'Key': '0_20241208090131.avro', 'LastModified': datetime.datetime(2024, 12, 8, 9, 1, 32, 669000, tzinfo=tzlocal()), 'ETag': '"7ae69c7b25697694e2a9f0547ad1f7f4"', 'Size': 124, 'StorageClass': 'STANDARD'}
[2024-12-09T08:52:14.882+0000] {logging_mixin.py:190} INFO - {'Key': '0_20241208090132.avro', 'LastModified': datetime.datetime(2024, 12, 8, 9, 1, 33, 669000, tzinfo=tzlocal()), 'ETag': '"dffe15a36b5aee4efe61ba484c9ec346"', 'Size': 98, 'StorageClass': 'STANDARD'}
[2024-12-09T08:52:14.882+0000] {logging_mixin.py:190} INFO - {'Key': '0_20241208090133.avro', 'LastModified': datetime.datetime(2024, 12, 8, 9, 1, 34, 649000, tzinfo=tzlocal()), 'ETag': '"f6709718f0bae2717b1e836c7df30c2e"', 'Size': 118, 'StorageClass': 'STANDARD'}
[2024-12-09T08:52:14.883+0000] {logging_mixin.py:190} INFO - {'Key': '0_20241208090134.avro', 'LastModified': datetime.datetime(2024, 12, 8, 9, 1, 36, 636000, tzinfo=tzlocal()), 'ETag': '"0ae5a73891290dce4820c8a225a6aff6"', 'Size': 176, 'StorageClass': 'STANDARD'}
[2024-12-09T08:52:14.884+0000] {logging_mixin.py:190} INFO - {'Key': '0_20241208090136.avro', 'LastModified': datetime.datetime(2024, 12, 8, 9, 1, 37, 777000, tzinfo=tzlocal()), 'ETag': '"9a0355ada15e978669e6df781c7b4f95"', 'Size': 166, 'StorageClass': 'STANDARD'}
[2024-12-09T08:52:14.884+0000] {logging_mixin.py:190} INFO - {'Key': '0_20241208090137.avro', 'LastModified': datetime.datetime(2024, 12, 8, 9, 1, 38, 833000, tzinfo=tzlocal()), 'ETag': '"29ec74e95bb75694f2b0b2dc94891235"', 'Size': 199, 'StorageClass': 'STANDARD'}
[2024-12-09T08:52:14.885+0000] {logging_mixin.py:190} INFO - {'Key': '0_20241208090139.avro', 'LastModified': datetime.datetime(2024, 12, 8, 9, 1, 39, 958000, tzinfo=tzlocal()), 'ETag': '"9f2f2604840df942c573ec8d85b3bd65"', 'Size': 196, 'StorageClass': 'STANDARD'}
[2024-12-09T08:52:14.886+0000] {logging_mixin.py:190} INFO - {'Key': '0_20241208090140.avro', 'LastModified': datetime.datetime(2024, 12, 8, 9, 1, 40, 880000, tzinfo=tzlocal()), 'ETag': '"5d73fa960ce222b3d7900b1672bcd6f3"', 'Size': 169, 'StorageClass': 'STANDARD'}
[2024-12-09T08:52:14.886+0000] {logging_mixin.py:190} INFO - {'Key': '0_20241208090141.avro', 'LastModified': datetime.datetime(2024, 12, 8, 9, 1, 41, 842000, tzinfo=tzlocal()), 'ETag': '"05f07a9dc28c7091aeca05eff1d1cd3e"', 'Size': 180, 'StorageClass': 'STANDARD'}
[2024-12-09T08:52:14.887+0000] {logging_mixin.py:190} INFO - {'Key': '0_20241208090142.avro', 'LastModified': datetime.datetime(2024, 12, 8, 9, 1, 42, 886000, tzinfo=tzlocal()), 'ETag': '"d888da892ca92985d6dfd1359e6762f8"', 'Size': 210, 'StorageClass': 'STANDARD'}
[2024-12-09T08:52:14.888+0000] {logging_mixin.py:190} INFO - {'Key': '0_20241208090143.avro', 'LastModified': datetime.datetime(2024, 12, 8, 9, 1, 44, 712000, tzinfo=tzlocal()), 'ETag': '"e5c861f050355c90976556b929e63231"', 'Size': 143, 'StorageClass': 'STANDARD'}
[2024-12-09T08:52:14.891+0000] {logging_mixin.py:190} INFO - {'Key': '1_20241208150022.parquet', 'LastModified': datetime.datetime(2024, 12, 8, 15, 0, 23, 115000, tzinfo=tzlocal()), 'ETag': '"7454de1a711a23acfa9a10446802363a"', 'Size': 7528, 'StorageClass': 'STANDARD'}
[2024-12-09T08:52:14.892+0000] {logging_mixin.py:190} INFO - {'Key': '2_20241208150023.parquet', 'LastModified': datetime.datetime(2024, 12, 8, 15, 0, 23, 185000, tzinfo=tzlocal()), 'ETag': '"76305af82e96c2a4abf02fd334479da1"', 'Size': 8104, 'StorageClass': 'STANDARD'}
[2024-12-09T08:52:14.892+0000] {logging_mixin.py:190} INFO - {'Key': '3_20241208150023.parquet', 'LastModified': datetime.datetime(2024, 12, 8, 15, 0, 23, 219000, tzinfo=tzlocal()), 'ETag': '"e142d6e268a5e42b91fb85b5da71d1ec"', 'Size': 7982, 'StorageClass': 'STANDARD'}
[2024-12-09T08:52:14.893+0000] {logging_mixin.py:190} INFO - {'Key': '4_20241208150023.parquet', 'LastModified': datetime.datetime(2024, 12, 8, 15, 0, 23, 255000, tzinfo=tzlocal()), 'ETag': '"fbfab78a293ed13b9ac8214226d0274b"', 'Size': 7974, 'StorageClass': 'STANDARD'}
[2024-12-09T08:52:14.894+0000] {python.py:240} INFO - Done. Returned value was: None
[2024-12-09T08:52:14.911+0000] {taskinstance.py:340} INFO - ::group::Post task execution logs
[2024-12-09T08:52:14.912+0000] {taskinstance.py:352} INFO - Marking task as SUCCESS. dag_id=s3_to_kafka_avro, task_id=read_from_minio, run_id=manual__2024-12-09T08:52:10.818179+00:00, execution_date=20241209T085210, start_date=20241209T085214, end_date=20241209T085214
[2024-12-09T08:52:14.948+0000] {local_task_job_runner.py:266} INFO - Task exited with return code 0
[2024-12-09T08:52:14.973+0000] {taskinstance.py:3895} INFO - 0 downstream tasks scheduled from follow-on schedule check
[2024-12-09T08:52:14.975+0000] {local_task_job_runner.py:245} INFO - ::endgroup::
