[2024-12-03T13:11:18.630+0000] {local_task_job_runner.py:123} INFO - ::group::Pre task execution logs
[2024-12-03T13:11:18.653+0000] {taskinstance.py:2613} INFO - Dependencies all met for dep_context=non-requeueable deps ti=<TaskInstance: kafka_to_minio.consume_kafka_to_minio manual__2024-12-03T13:11:14.279503+00:00 [queued]>
[2024-12-03T13:11:18.667+0000] {taskinstance.py:2613} INFO - Dependencies all met for dep_context=requeueable deps ti=<TaskInstance: kafka_to_minio.consume_kafka_to_minio manual__2024-12-03T13:11:14.279503+00:00 [queued]>
[2024-12-03T13:11:18.669+0000] {taskinstance.py:2866} INFO - Starting attempt 1 of 2
[2024-12-03T13:11:18.687+0000] {taskinstance.py:2889} INFO - Executing <Task(PythonOperator): consume_kafka_to_minio> on 2024-12-03 13:11:14.279503+00:00
[2024-12-03T13:11:18.694+0000] {warnings.py:112} WARNING - /home/***/.local/lib/python3.12/site-packages/***/task/task_runner/standard_task_runner.py:70: DeprecationWarning: This process (pid=1355) is multi-threaded, use of fork() may lead to deadlocks in the child.
  pid = os.fork()

[2024-12-03T13:11:18.696+0000] {standard_task_runner.py:72} INFO - Started process 1356 to run task
[2024-12-03T13:11:18.696+0000] {standard_task_runner.py:104} INFO - Running: ['***', 'tasks', 'run', 'kafka_to_minio', 'consume_kafka_to_minio', 'manual__2024-12-03T13:11:14.279503+00:00', '--job-id', '21', '--raw', '--subdir', 'DAGS_FOLDER/dag2_Kafkas3.py', '--cfg-path', '/tmp/tmp81113t3e']
[2024-12-03T13:11:18.700+0000] {standard_task_runner.py:105} INFO - Job 21: Subtask consume_kafka_to_minio
[2024-12-03T13:11:18.757+0000] {task_command.py:467} INFO - Running <TaskInstance: kafka_to_minio.consume_kafka_to_minio manual__2024-12-03T13:11:14.279503+00:00 [running]> on host 31ac0cc6adcb
[2024-12-03T13:11:18.871+0000] {taskinstance.py:3132} INFO - Exporting env vars: AIRFLOW_CTX_DAG_OWNER='***' AIRFLOW_CTX_DAG_ID='kafka_to_minio' AIRFLOW_CTX_TASK_ID='consume_kafka_to_minio' AIRFLOW_CTX_EXECUTION_DATE='2024-12-03T13:11:14.279503+00:00' AIRFLOW_CTX_TRY_NUMBER='1' AIRFLOW_CTX_DAG_RUN_ID='manual__2024-12-03T13:11:14.279503+00:00'
[2024-12-03T13:11:18.873+0000] {taskinstance.py:731} INFO - ::endgroup::
[2024-12-03T13:11:21.897+0000] {logging_mixin.py:190} INFO - нет сообщений
[2024-12-03T13:11:23.179+0000] {logging_mixin.py:190} INFO - msg= b'\x00\x00\x00\x00\x0606707fa42840c437097f7b593\x06\x02\xd8\x97\x03\x06SIN\x06ICN\x08\x08\x16Zoe Barnaby\x141993-09-24&Ru\xc5\xbeica Ivan\xc4\x8devi\xc4\x87\x141995-09-02\x14Timm Raabe\x141976-11-19\x1cGreta Oorschot\x141993-08-19\x0042024-10-10T16:01:06.102000'
[2024-12-03T13:11:23.179+0000] {logging_mixin.py:190} INFO - key= b'730390414084'
[2024-12-03T13:11:23.214+0000] {logging_mixin.py:190} INFO - {'_id': '6707fa42840c437097f7b593', 'travel': 3, 'payer': 1, 'amount': 26092, 'code_departure': 'SIN', 'code_arrival': 'ICN', 'number_of_passengers': 4, 'passengers': [{'name': 'Zoe Barnaby', 'birth_date': '1993-09-24'}, {'name': 'Ružica Ivančević', 'birth_date': '1995-09-02'}, {'name': 'Timm Raabe', 'birth_date': '1976-11-19'}, {'name': 'Greta Oorschot', 'birth_date': '1993-08-19'}], 'created': '2024-10-10T16:01:06.102000'}
[2024-12-03T13:11:26.216+0000] {logging_mixin.py:190} INFO - нет сообщений
[2024-12-03T13:11:29.220+0000] {logging_mixin.py:190} INFO - нет сообщений
[2024-12-03T13:11:32.222+0000] {logging_mixin.py:190} INFO - нет сообщений
[2024-12-03T13:11:35.227+0000] {logging_mixin.py:190} INFO - нет сообщений
[2024-12-03T13:11:38.237+0000] {logging_mixin.py:190} INFO - нет сообщений
[2024-12-03T13:11:41.241+0000] {logging_mixin.py:190} INFO - нет сообщений
[2024-12-03T13:11:44.245+0000] {logging_mixin.py:190} INFO - нет сообщений
[2024-12-03T13:11:47.252+0000] {logging_mixin.py:190} INFO - нет сообщений
[2024-12-03T13:11:50.256+0000] {logging_mixin.py:190} INFO - нет сообщений
[2024-12-03T13:11:53.258+0000] {logging_mixin.py:190} INFO - нет сообщений
[2024-12-03T13:11:56.260+0000] {logging_mixin.py:190} INFO - нет сообщений
[2024-12-03T13:11:59.261+0000] {logging_mixin.py:190} INFO - нет сообщений
[2024-12-03T13:12:02.263+0000] {logging_mixin.py:190} INFO - нет сообщений
[2024-12-03T13:12:05.266+0000] {logging_mixin.py:190} INFO - нет сообщений
[2024-12-03T13:12:08.268+0000] {logging_mixin.py:190} INFO - нет сообщений
[2024-12-03T13:12:11.270+0000] {logging_mixin.py:190} INFO - нет сообщений
[2024-12-03T13:12:14.271+0000] {logging_mixin.py:190} INFO - нет сообщений
[2024-12-03T13:12:17.272+0000] {logging_mixin.py:190} INFO - нет сообщений
[2024-12-03T13:12:20.273+0000] {logging_mixin.py:190} INFO - нет сообщений
[2024-12-03T13:12:23.275+0000] {logging_mixin.py:190} INFO - нет сообщений
[2024-12-03T13:12:26.276+0000] {logging_mixin.py:190} INFO - нет сообщений
[2024-12-03T13:12:29.279+0000] {logging_mixin.py:190} INFO - нет сообщений
[2024-12-03T13:12:32.313+0000] {logging_mixin.py:190} INFO - нет сообщений
[2024-12-03T13:12:35.316+0000] {logging_mixin.py:190} INFO - нет сообщений
[2024-12-03T13:12:38.318+0000] {logging_mixin.py:190} INFO - нет сообщений
[2024-12-03T13:12:41.319+0000] {logging_mixin.py:190} INFO - нет сообщений
[2024-12-03T13:12:44.321+0000] {logging_mixin.py:190} INFO - нет сообщений
[2024-12-03T13:12:47.324+0000] {logging_mixin.py:190} INFO - нет сообщений
[2024-12-03T13:12:50.330+0000] {logging_mixin.py:190} INFO - нет сообщений
[2024-12-03T13:12:53.332+0000] {logging_mixin.py:190} INFO - нет сообщений
[2024-12-03T13:12:56.334+0000] {logging_mixin.py:190} INFO - нет сообщений
[2024-12-03T13:12:59.336+0000] {logging_mixin.py:190} INFO - нет сообщений
[2024-12-03T13:13:02.341+0000] {logging_mixin.py:190} INFO - нет сообщений
[2024-12-03T13:13:05.342+0000] {logging_mixin.py:190} INFO - нет сообщений
[2024-12-03T13:13:08.344+0000] {logging_mixin.py:190} INFO - нет сообщений
[2024-12-03T13:13:11.346+0000] {logging_mixin.py:190} INFO - нет сообщений
[2024-12-03T13:13:14.347+0000] {logging_mixin.py:190} INFO - нет сообщений
[2024-12-03T13:13:17.352+0000] {logging_mixin.py:190} INFO - нет сообщений
[2024-12-03T13:13:19.694+0000] {local_task_job_runner.py:346} WARNING - State of this instance has been externally set to success. Terminating instance.
[2024-12-03T13:13:19.697+0000] {local_task_job_runner.py:245} INFO - ::endgroup::
[2024-12-03T13:13:19.699+0000] {process_utils.py:132} INFO - Sending 15 to group 1356. PIDs of all processes in the group: [1356]
[2024-12-03T13:13:19.700+0000] {process_utils.py:87} INFO - Sending the signal 15 to group 1356
[2024-12-03T13:13:20.355+0000] {taskinstance.py:3093} ERROR - Received SIGTERM. Terminating subprocesses.
[2024-12-03T13:13:20.383+0000] {taskinstance.py:340} INFO - ::group::Post task execution logs
[2024-12-03T13:13:20.407+0000] {process_utils.py:80} INFO - Process psutil.Process(pid=1356, status='terminated', exitcode=0, started='13:11:18') (1356) terminated with exit code 0
