[2024-12-04T22:35:55.591+0000] {local_task_job_runner.py:123} INFO - ::group::Pre task execution logs
[2024-12-04T22:35:55.607+0000] {taskinstance.py:2613} INFO - Dependencies all met for dep_context=non-requeueable deps ti=<TaskInstance: dag1_mongo_to_kafka.mongo_to_kafka manual__2024-12-04T22:35:49.975155+00:00 [queued]>
[2024-12-04T22:35:55.616+0000] {taskinstance.py:2613} INFO - Dependencies all met for dep_context=requeueable deps ti=<TaskInstance: dag1_mongo_to_kafka.mongo_to_kafka manual__2024-12-04T22:35:49.975155+00:00 [queued]>
[2024-12-04T22:35:55.617+0000] {taskinstance.py:2866} INFO - Starting attempt 1 of 2
[2024-12-04T22:35:55.630+0000] {taskinstance.py:2889} INFO - Executing <Task(ProduceToTopicOperator): mongo_to_kafka> on 2024-12-04 22:35:49.975155+00:00
[2024-12-04T22:35:55.636+0000] {warnings.py:112} WARNING - /home/***/.local/lib/python3.12/site-packages/***/task/task_runner/standard_task_runner.py:70: DeprecationWarning: This process (pid=3803) is multi-threaded, use of fork() may lead to deadlocks in the child.
  pid = os.fork()

[2024-12-04T22:35:55.637+0000] {standard_task_runner.py:72} INFO - Started process 3804 to run task
[2024-12-04T22:35:55.637+0000] {standard_task_runner.py:104} INFO - Running: ['***', 'tasks', 'run', 'dag1_mongo_to_kafka', 'mongo_to_kafka', 'manual__2024-12-04T22:35:49.975155+00:00', '--job-id', '315', '--raw', '--subdir', 'DAGS_FOLDER/dag1_MongoKafka.py', '--cfg-path', '/tmp/tmpk1a2c06g']
[2024-12-04T22:35:55.638+0000] {standard_task_runner.py:105} INFO - Job 315: Subtask mongo_to_kafka
[2024-12-04T22:35:55.680+0000] {task_command.py:467} INFO - Running <TaskInstance: dag1_mongo_to_kafka.mongo_to_kafka manual__2024-12-04T22:35:49.975155+00:00 [running]> on host bc436253e42c
[2024-12-04T22:35:55.797+0000] {taskinstance.py:3132} INFO - Exporting env vars: AIRFLOW_CTX_DAG_OWNER='***' AIRFLOW_CTX_DAG_ID='dag1_mongo_to_kafka' AIRFLOW_CTX_TASK_ID='mongo_to_kafka' AIRFLOW_CTX_EXECUTION_DATE='2024-12-04T22:35:49.975155+00:00' AIRFLOW_CTX_TRY_NUMBER='1' AIRFLOW_CTX_DAG_RUN_ID='manual__2024-12-04T22:35:49.975155+00:00'
[2024-12-04T22:35:55.801+0000] {taskinstance.py:731} INFO - ::endgroup::
[2024-12-04T22:35:55.834+0000] {base.py:84} INFO - Retrieving connection 'kafka_connection'
[2024-12-04T22:35:55.839+0000] {produce.py:41} INFO - Producer <cimpl.Producer object at 0x7fe563649d00>
[2024-12-04T22:35:57.096+0000] {logging_mixin.py:190} INFO - Извлечено 2 документов из MongoDB
[2024-12-04T22:35:57.097+0000] {logging_mixin.py:190} INFO - {'_id': '6707fa42840c437097f7b593', 'travel': 3, 'payer': 1, 'amount': 26092, 'code_departure': 'SIN', 'code_arrival': 'ICN', 'number_of_passengers': 4, 'passengers': [{'passenger': 'Zoe Barnaby', 'birth_date': '1993-09-24'}, {'name': 'Ružica Ivančević', 'birth_date': '1995-09-02'}, {'name': 'Timm Raabe', 'birth_date': '1976-11-19'}, {'name': 'Greta Oorschot', 'birth_date': '1993-08-19'}], 'created': '2024-10-10T16:01:06.102000'}
[2024-12-04T22:35:57.098+0000] {logging_mixin.py:190} INFO - {'_id': '6707fa469a6e091126308054', 'travel': 1, 'payer': 4, 'amount': 9835, 'code_departure': 'DUB', 'code_arrival': 'BKK', 'number_of_passengers': 1, 'passengers': [{'passenger': 'Carla Jiménez', 'birth_date': '1982-03-11'}], 'created': '2024-10-10T16:01:10.152000'}
[2024-12-04T22:35:57.195+0000] {logging_mixin.py:190} INFO - Преобразованное сообщение: {'_id': '6707fa42840c437097f7b593', 'travel': 3, 'payer': 1, 'amount': 26092, 'code_departure': 'SIN', 'code_arrival': 'ICN', 'number_of_passengers': 4, 'passengers': [{'name': 'Zoe Barnaby', 'birth_date': '1993-09-24'}, {'name': 'Ružica Ivančević', 'birth_date': '1995-09-02'}, {'name': 'Timm Raabe', 'birth_date': '1976-11-19'}, {'name': 'Greta Oorschot', 'birth_date': '1993-08-19'}], 'created': '2024-10-10T16:01:06.102000'}
[2024-12-04T22:35:57.375+0000] {logging_mixin.py:190} INFO - Сериализованное сообщение: b'\x00\x00\x00\x00\x0706707fa42840c437097f7b593\x06\x02\xd8\x97\x03\x06SIN\x06ICN\x08\x08\x16Zoe Barnaby\x141993-09-24&Ru\xc5\xbeica Ivan\xc4\x8devi\xc4\x87\x141995-09-02\x14Timm Raabe\x141976-11-19\x1cGreta Oorschot\x141993-08-19\x0042024-10-10T16:01:06.102000'
[2024-12-04T22:35:58.156+0000] {produce.py:35} INFO - Produced record to topic data.travelagency.avro.receipt, partition [1] @ offset 1
[2024-12-04T22:35:58.161+0000] {logging_mixin.py:190} INFO - Преобразованное сообщение: {'_id': '6707fa42840c437097f7b593', 'travel': 3, 'payer': 1, 'amount': 26092, 'code_departure': 'SIN', 'code_arrival': 'ICN', 'number_of_passengers': 4, 'passengers': [{'name': 'Zoe Barnaby', 'birth_date': '1993-09-24'}, {'name': 'Ružica Ivančević', 'birth_date': '1995-09-02'}, {'name': 'Timm Raabe', 'birth_date': '1976-11-19'}, {'name': 'Greta Oorschot', 'birth_date': '1993-08-19'}], 'created': '2024-10-10T16:01:06.102000'}
[2024-12-04T22:35:58.163+0000] {logging_mixin.py:190} INFO - Сериализованное сообщение: b'\x00\x00\x00\x00\x0706707fa42840c437097f7b593\x06\x02\xd8\x97\x03\x06SIN\x06ICN\x08\x08\x16Zoe Barnaby\x141993-09-24&Ru\xc5\xbeica Ivan\xc4\x8devi\xc4\x87\x141995-09-02\x14Timm Raabe\x141976-11-19\x1cGreta Oorschot\x141993-08-19\x0042024-10-10T16:01:06.102000'
[2024-12-04T22:35:58.322+0000] {produce.py:35} INFO - Produced record to topic data.travelagency.avro.receipt, partition [0] @ offset 3
[2024-12-04T22:35:58.338+0000] {taskinstance.py:340} INFO - ::group::Post task execution logs
[2024-12-04T22:35:58.339+0000] {taskinstance.py:352} INFO - Marking task as SUCCESS. dag_id=dag1_mongo_to_kafka, task_id=mongo_to_kafka, run_id=manual__2024-12-04T22:35:49.975155+00:00, execution_date=20241204T223549, start_date=20241204T223555, end_date=20241204T223558
[2024-12-04T22:35:58.386+0000] {local_task_job_runner.py:266} INFO - Task exited with return code 0
[2024-12-04T22:35:58.404+0000] {taskinstance.py:3895} INFO - 0 downstream tasks scheduled from follow-on schedule check
[2024-12-04T22:35:58.406+0000] {local_task_job_runner.py:245} INFO - ::endgroup::
