[2024-12-04T06:19:19.732+0000] {local_task_job_runner.py:123} INFO - ::group::Pre task execution logs
[2024-12-04T06:19:19.749+0000] {taskinstance.py:2613} INFO - Dependencies all met for dep_context=non-requeueable deps ti=<TaskInstance: kafka_to_minio.consume_kafka_to_minio scheduled__2024-12-03T00:00:00+00:00 [queued]>
[2024-12-04T06:19:19.760+0000] {taskinstance.py:2613} INFO - Dependencies all met for dep_context=requeueable deps ti=<TaskInstance: kafka_to_minio.consume_kafka_to_minio scheduled__2024-12-03T00:00:00+00:00 [queued]>
[2024-12-04T06:19:19.761+0000] {taskinstance.py:2866} INFO - Starting attempt 1 of 2
[2024-12-04T06:19:19.776+0000] {taskinstance.py:2889} INFO - Executing <Task(PythonOperator): consume_kafka_to_minio> on 2024-12-03 00:00:00+00:00
[2024-12-04T06:19:19.781+0000] {warnings.py:112} WARNING - /home/***/.local/lib/python3.12/site-packages/***/task/task_runner/standard_task_runner.py:70: DeprecationWarning: This process (pid=91) is multi-threaded, use of fork() may lead to deadlocks in the child.
  pid = os.fork()

[2024-12-04T06:19:19.783+0000] {standard_task_runner.py:72} INFO - Started process 95 to run task
[2024-12-04T06:19:19.783+0000] {standard_task_runner.py:104} INFO - Running: ['***', 'tasks', 'run', 'kafka_to_minio', 'consume_kafka_to_minio', 'scheduled__2024-12-03T00:00:00+00:00', '--job-id', '167', '--raw', '--subdir', 'DAGS_FOLDER/dag2_Kafkas3.py', '--cfg-path', '/tmp/tmps0o8lg7b']
[2024-12-04T06:19:19.785+0000] {standard_task_runner.py:105} INFO - Job 167: Subtask consume_kafka_to_minio
[2024-12-04T06:19:19.834+0000] {task_command.py:467} INFO - Running <TaskInstance: kafka_to_minio.consume_kafka_to_minio scheduled__2024-12-03T00:00:00+00:00 [running]> on host 31ac0cc6adcb
[2024-12-04T06:19:19.924+0000] {taskinstance.py:3132} INFO - Exporting env vars: AIRFLOW_CTX_DAG_OWNER='***' AIRFLOW_CTX_DAG_ID='kafka_to_minio' AIRFLOW_CTX_TASK_ID='consume_kafka_to_minio' AIRFLOW_CTX_EXECUTION_DATE='2024-12-03T00:00:00+00:00' AIRFLOW_CTX_TRY_NUMBER='1' AIRFLOW_CTX_DAG_RUN_ID='scheduled__2024-12-03T00:00:00+00:00'
[2024-12-04T06:19:19.926+0000] {taskinstance.py:731} INFO - ::endgroup::
[2024-12-04T06:19:22.944+0000] {logging_mixin.py:190} INFO - нет сообщений
[2024-12-04T06:19:22.977+0000] {logging_mixin.py:190} INFO - msg= b'\x00\x00\x00\x00\x0706707fa42840c437097f7b593\x06\x02\xd8\x97\x03\x06SIN\x06ICN\x08\x08\x16Zoe Barnaby\x141993-09-24&Ru\xc5\xbeica Ivan\xc4\x8devi\xc4\x87\x141995-09-02\x14Timm Raabe\x141976-11-19\x1cGreta Oorschot\x141993-08-19\x0042024-10-10T16:01:06.102000'
[2024-12-04T06:19:22.978+0000] {logging_mixin.py:190} INFO - key= b'airlines:0:1730390414000'
[2024-12-04T06:19:23.029+0000] {logging_mixin.py:190} INFO - {'_id': '6707fa42840c437097f7b593', 'travel': 3, 'payer': 1, 'amount': 26092, 'code_departure': 'SIN', 'code_arrival': 'ICN', 'number_of_passengers': 4, 'passengers': [{'name': 'Zoe Barnaby', 'birth_date': '1993-09-24'}, {'name': 'Ružica Ivančević', 'birth_date': '1995-09-02'}, {'name': 'Timm Raabe', 'birth_date': '1976-11-19'}, {'name': 'Greta Oorschot', 'birth_date': '1993-08-19'}], 'created': '2024-10-10T16:01:06.102000'}
[2024-12-04T06:19:26.031+0000] {logging_mixin.py:190} INFO - нет сообщений
[2024-12-04T06:19:29.034+0000] {logging_mixin.py:190} INFO - нет сообщений
[2024-12-04T06:19:32.036+0000] {logging_mixin.py:190} INFO - нет сообщений
[2024-12-04T06:19:35.040+0000] {logging_mixin.py:190} INFO - нет сообщений
[2024-12-04T06:19:38.041+0000] {logging_mixin.py:190} INFO - нет сообщений
[2024-12-04T06:19:41.042+0000] {logging_mixin.py:190} INFO - нет сообщений
[2024-12-04T06:19:44.043+0000] {logging_mixin.py:190} INFO - нет сообщений
[2024-12-04T06:19:47.044+0000] {logging_mixin.py:190} INFO - нет сообщений
[2024-12-04T06:19:50.046+0000] {logging_mixin.py:190} INFO - нет сообщений
[2024-12-04T06:19:53.048+0000] {logging_mixin.py:190} INFO - нет сообщений
[2024-12-04T06:19:56.050+0000] {logging_mixin.py:190} INFO - нет сообщений
[2024-12-04T06:19:59.052+0000] {logging_mixin.py:190} INFO - нет сообщений
[2024-12-04T06:20:02.053+0000] {logging_mixin.py:190} INFO - нет сообщений
[2024-12-04T06:20:05.054+0000] {logging_mixin.py:190} INFO - нет сообщений
[2024-12-04T06:20:08.055+0000] {logging_mixin.py:190} INFO - нет сообщений
[2024-12-04T06:20:11.056+0000] {logging_mixin.py:190} INFO - нет сообщений
[2024-12-04T06:20:14.064+0000] {logging_mixin.py:190} INFO - нет сообщений
[2024-12-04T06:20:17.074+0000] {logging_mixin.py:190} INFO - нет сообщений
[2024-12-04T06:20:20.078+0000] {logging_mixin.py:190} INFO - нет сообщений
[2024-12-04T06:20:23.083+0000] {logging_mixin.py:190} INFO - нет сообщений
[2024-12-04T06:20:26.092+0000] {logging_mixin.py:190} INFO - нет сообщений
[2024-12-04T06:20:29.093+0000] {logging_mixin.py:190} INFO - нет сообщений
[2024-12-04T06:20:32.098+0000] {logging_mixin.py:190} INFO - нет сообщений
[2024-12-04T06:20:35.138+0000] {logging_mixin.py:190} INFO - нет сообщений
[2024-12-04T06:20:38.204+0000] {logging_mixin.py:190} INFO - нет сообщений
[2024-12-04T06:20:41.208+0000] {logging_mixin.py:190} INFO - нет сообщений
[2024-12-04T06:20:44.209+0000] {logging_mixin.py:190} INFO - нет сообщений
[2024-12-04T06:20:47.211+0000] {logging_mixin.py:190} INFO - нет сообщений
[2024-12-04T06:20:50.212+0000] {logging_mixin.py:190} INFO - нет сообщений
[2024-12-04T06:20:53.213+0000] {logging_mixin.py:190} INFO - нет сообщений
[2024-12-04T06:20:56.214+0000] {logging_mixin.py:190} INFO - нет сообщений
[2024-12-04T06:20:59.215+0000] {logging_mixin.py:190} INFO - нет сообщений
[2024-12-04T06:21:02.217+0000] {logging_mixin.py:190} INFO - нет сообщений
[2024-12-04T06:21:05.218+0000] {logging_mixin.py:190} INFO - нет сообщений
[2024-12-04T06:21:08.219+0000] {logging_mixin.py:190} INFO - нет сообщений
[2024-12-04T06:21:11.219+0000] {logging_mixin.py:190} INFO - нет сообщений
[2024-12-04T06:21:14.220+0000] {logging_mixin.py:190} INFO - нет сообщений
[2024-12-04T06:21:17.222+0000] {logging_mixin.py:190} INFO - нет сообщений
[2024-12-04T06:21:20.223+0000] {logging_mixin.py:190} INFO - нет сообщений
[2024-12-04T06:21:23.224+0000] {logging_mixin.py:190} INFO - нет сообщений
[2024-12-04T06:21:26.225+0000] {logging_mixin.py:190} INFO - нет сообщений
[2024-12-04T06:21:29.226+0000] {logging_mixin.py:190} INFO - нет сообщений
[2024-12-04T06:21:32.229+0000] {logging_mixin.py:190} INFO - нет сообщений
[2024-12-04T06:21:35.230+0000] {logging_mixin.py:190} INFO - нет сообщений
[2024-12-04T06:21:38.231+0000] {logging_mixin.py:190} INFO - нет сообщений
[2024-12-04T06:21:41.232+0000] {logging_mixin.py:190} INFO - нет сообщений
[2024-12-04T06:21:44.233+0000] {logging_mixin.py:190} INFO - нет сообщений
[2024-12-04T06:21:47.234+0000] {logging_mixin.py:190} INFO - нет сообщений
[2024-12-04T06:21:50.258+0000] {logging_mixin.py:190} INFO - нет сообщений
[2024-12-04T06:21:53.260+0000] {logging_mixin.py:190} INFO - нет сообщений
[2024-12-04T06:21:56.261+0000] {logging_mixin.py:190} INFO - нет сообщений
[2024-12-04T06:21:59.263+0000] {logging_mixin.py:190} INFO - нет сообщений
[2024-12-04T06:22:02.264+0000] {logging_mixin.py:190} INFO - нет сообщений
[2024-12-04T06:22:05.265+0000] {logging_mixin.py:190} INFO - нет сообщений
[2024-12-04T06:22:08.266+0000] {logging_mixin.py:190} INFO - нет сообщений
[2024-12-04T06:22:11.268+0000] {logging_mixin.py:190} INFO - нет сообщений
[2024-12-04T06:22:14.269+0000] {logging_mixin.py:190} INFO - нет сообщений
[2024-12-04T06:22:17.270+0000] {logging_mixin.py:190} INFO - нет сообщений
[2024-12-04T06:22:20.273+0000] {logging_mixin.py:190} INFO - нет сообщений
[2024-12-04T06:22:23.274+0000] {logging_mixin.py:190} INFO - нет сообщений
[2024-12-04T06:22:26.275+0000] {logging_mixin.py:190} INFO - нет сообщений
[2024-12-04T06:22:29.276+0000] {logging_mixin.py:190} INFO - нет сообщений
[2024-12-04T06:22:32.277+0000] {logging_mixin.py:190} INFO - нет сообщений
[2024-12-04T06:22:35.325+0000] {logging_mixin.py:190} INFO - нет сообщений
[2024-12-04T06:22:38.326+0000] {logging_mixin.py:190} INFO - нет сообщений
[2024-12-04T06:22:41.328+0000] {logging_mixin.py:190} INFO - нет сообщений
[2024-12-04T06:22:44.330+0000] {logging_mixin.py:190} INFO - нет сообщений
[2024-12-04T06:22:47.331+0000] {logging_mixin.py:190} INFO - нет сообщений
[2024-12-04T06:22:50.333+0000] {logging_mixin.py:190} INFO - нет сообщений
[2024-12-04T06:22:53.334+0000] {logging_mixin.py:190} INFO - нет сообщений
[2024-12-04T06:22:56.335+0000] {logging_mixin.py:190} INFO - нет сообщений
[2024-12-04T06:22:57.872+0000] {local_task_job_runner.py:346} WARNING - State of this instance has been externally set to success. Terminating instance.
[2024-12-04T06:22:57.873+0000] {local_task_job_runner.py:245} INFO - ::endgroup::
[2024-12-04T06:22:57.875+0000] {process_utils.py:132} INFO - Sending 15 to group 95. PIDs of all processes in the group: [95]
[2024-12-04T06:22:57.876+0000] {process_utils.py:87} INFO - Sending the signal 15 to group 95
[2024-12-04T06:22:59.336+0000] {taskinstance.py:3093} ERROR - Received SIGTERM. Terminating subprocesses.
[2024-12-04T06:22:59.367+0000] {taskinstance.py:340} INFO - ::group::Post task execution logs
[2024-12-04T06:22:59.410+0000] {process_utils.py:80} INFO - Process psutil.Process(pid=95, status='terminated', exitcode=0, started='06:19:19') (95) terminated with exit code 0
